<?xml version="1.0" encoding="UTF-8"?>
<testsuites>
  <testsuite name="ContentBlock" timestamp="2025-05-29T15:19:49Z" hostname="5934781ce8c4" tests="11" skipped="0" failures="0" errors="0" time="0.126">
    <testcase time="0.011" classname="ContentBlock" name="ContentBlock_object_can_be_created"/>
    <testcase time="0.044" classname="ContentBlock" name="new_returns_an_object_of_type_ContentBlock"/>
    <testcase time="0.012" classname="ContentBlock" name="set_content_accepts_a_character_object"/>
    <testcase time="0.004" classname="ContentBlock" name="set_content_accepts_a_list_object"/>
    <testcase time="0.004" classname="ContentBlock" name="set_content_returns_the_ContentBlock_object"/>
    <testcase time="0.005" classname="ContentBlock" name="get_content_returns_NULL_on_a_newly_initialized_ContentBlock"/>
    <testcase time="0.0269999999999999" classname="ContentBlock" name="The_deep_copy_constructor_copies_the_content_file_to_a_new_file"/>
    <testcase time="0.004" classname="ContentBlock" name="The_deep_copy_constructor_preserves_the_file_extension_of_the_copied_file"/>
    <testcase time="0.005" classname="ContentBlock" name="The_deep_copy_constructor_does_not_find_an_extension_of_a_file_name_like_.gitignore"/>
    <testcase time="0.005" classname="ContentBlock" name="The_deep_copy_constructor_finds_an_extension_of_a_file_name_like_.gitignore.txt"/>
    <testcase time="0.005" classname="ContentBlock" name="The_shallow_copy_constructor_does_not_copy_the_content_file_to_a_new_file"/>
  </testsuite>
  <testsuite name="DownloadReportModule" timestamp="2025-05-29T15:19:50Z" hostname="5934781ce8c4" tests="21" skipped="0" failures="1" errors="0" time="2.251">
    <testcase time="1.222" classname="DownloadReportModule" name="download_report_button_srv_render_and_downlaod_a_document"/>
    <testcase time="0.0089999999999999" classname="DownloadReportModule" name="download_report_button_srv_render_and_downlaod_a_document"/>
    <testcase time="0.00300000000000011" classname="DownloadReportModule" name="download_report_button_srv_render_and_downlaod_a_document"/>
    <testcase time="0.00299999999999989" classname="DownloadReportModule" name="download_report_button_srv_render_and_downlaod_a_document"/>
    <testcase time="0.014" classname="DownloadReportModule" name="download_report_button_srv_subset_of_rmd_yaml_args"/>
    <testcase time="0.01" classname="DownloadReportModule" name="download_report_button_srv_subset_of_rmd_yaml_args"/>
    <testcase time="0.00900000000000012" classname="DownloadReportModule" name="download_report_button_srv_subset_of_rmd_yaml_args"/>
    <testcase time="0.0249999999999999" classname="DownloadReportModule" name="download_report_button_srv_subset_of_rmd_yaml_args"/>
    <testcase time="0.0150000000000001" classname="DownloadReportModule" name="download_report_button_srv_subset_of_rmd_yaml_args"/>
    <testcase time="0.0149999999999999" classname="DownloadReportModule" name="download_report_button_srv_subset_of_rmd_yaml_args"/>
    <testcase time="0.237" classname="DownloadReportModule" name="download_report_button_ui_returns_a_tagList">
      <failure type="failure" message="inherits(...) is not TRUE ('test-DownloadReportModule.R:97:3')">inherits(...) is not TRUE

`actual`:   FALSE
`expected`: TRUE </failure>
    </testcase>
    <testcase time="0.39" classname="DownloadReportModule" name="report_render_and_compress_valid_arguments"/>
    <testcase time="0.00700000000000012" classname="DownloadReportModule" name="report_render_and_compress_invalid_arguments"/>
    <testcase time="0.00599999999999978" classname="DownloadReportModule" name="report_render_and_compress_invalid_arguments"/>
    <testcase time="0.00499999999999989" classname="DownloadReportModule" name="report_render_and_compress_invalid_arguments"/>
    <testcase time="0.248" classname="DownloadReportModule" name="report_render_and_compress_render_an_html_document"/>
    <testcase time="0.004" classname="DownloadReportModule" name="report_render_and_compress_render_an_html_document"/>
    <testcase time="0.00300000000000011" classname="DownloadReportModule" name="report_render_and_compress_render_an_html_document"/>
    <testcase time="0.00199999999999978" classname="DownloadReportModule" name="report_render_and_compress_render_an_html_document"/>
    <testcase time="0.00700000000000012" classname="DownloadReportModule" name="any_rcode_block"/>
    <testcase time="0.0169999999999999" classname="DownloadReportModule" name="any_rcode_block"/>
  </testsuite>
  <testsuite name="FileBlock" timestamp="2025-05-29T15:19:52Z" hostname="5934781ce8c4" tests="8" skipped="0" failures="0" errors="0" time="0.185">
    <testcase time="0.016" classname="FileBlock" name="FileBlock_object_can_be_created"/>
    <testcase time="0.00600000000000023" classname="FileBlock" name="new_returns_an_object_of_type_FileBlock"/>
    <testcase time="0.00599999999999978" classname="FileBlock" name="destructor_removes_the_file"/>
    <testcase time="0.136" classname="FileBlock" name="destructor_removes_the_file"/>
    <testcase time="0.004" classname="FileBlock" name="to_list_returns_a_named_list_with_a_one_field"/>
    <testcase time="0.00499999999999989" classname="FileBlock" name="to_list_with_base_path_arg"/>
    <testcase time="0.00600000000000023" classname="FileBlock" name="to_list_copies_a_file_to_a_target_directory"/>
    <testcase time="0.00599999999999978" classname="FileBlock" name="from_list_copies_a_file_from_a_target_directory"/>
  </testsuite>
  <testsuite name="HTMLBlock" timestamp="2025-05-29T15:19:52Z" hostname="5934781ce8c4" tests="8" skipped="0" failures="0" errors="0" time="0.037">
    <testcase time="0.00700000000000012" classname="HTMLBlock" name="HTMLBlock_object_can_be_created"/>
    <testcase time="0.00499999999999989" classname="HTMLBlock" name="new_returns_an_object_of_type_HTMLBlock"/>
    <testcase time="0.004" classname="HTMLBlock" name="new_accepts_a_shiny.tag"/>
    <testcase time="0.00300000000000011" classname="HTMLBlock" name="new_accepts_a_shiny.tag.list"/>
    <testcase time="0.00700000000000012" classname="HTMLBlock" name="new_doesn_t_accept_character"/>
    <testcase time="0.004" classname="HTMLBlock" name="get_content_returns_a_html_content_asis"/>
    <testcase time="0.004" classname="HTMLBlock" name="to_list_returns_a_list_containing_a_content_asis_"/>
    <testcase time="0.00299999999999967" classname="HTMLBlock" name="from_list_creates_a_HTMLBlock"/>
  </testsuite>
  <testsuite name="LoadReporterModule" timestamp="2025-05-29T15:19:52Z" hostname="5934781ce8c4" tests="3" skipped="0" failures="1" errors="2" time="0.246">
    <testcase time="0.138" classname="LoadReporterModule" name="report_load_srv_loading_reporter_restores_saved_content">
      <error type="error" message="Error in `reporter$reset()`: attempt to apply non-function ('test-LoadReporterModule.R:29:7')">Error in `reporter$reset()`: attempt to apply non-function
Backtrace:
     ▆
  1. ├─shiny::testServer(...) at test-LoadReporterModule.R:25:3
  2. │ ├─shiny:::withMockContext(...)
  3. │ │ ├─shiny::isolate(...)
  4. │ │ │ ├─shiny::..stacktraceoff..(...)
  5. │ │ │ └─ctx$run(...)
  6. │ │ │   ├─promises::with_promise_domain(...)
  7. │ │ │   │ └─domain$wrapSync(expr)
  8. │ │ │   ├─shiny::withReactiveDomain(...)
  9. │ │ │   │ └─promises::with_promise_domain(...)
 10. │ │ │   │   └─domain$wrapSync(expr)
 11. │ │ │   │     └─base::force(expr)
 12. │ │ │   ├─shiny::captureStackTraces(...)
 13. │ │ │   │ └─promises::with_promise_domain(...)
 14. │ │ │   │   └─domain$wrapSync(expr)
 15. │ │ │   │     └─base::withCallingHandlers(expr, error = doCaptureStack)
 16. │ │ │   └─env$runWith(self, func)
 17. │ │ │     └─shiny (local) contextFunc()
 18. │ │ │       └─shiny::..stacktraceon..(expr)
 19. │ │ ├─shiny::withReactiveDomain(...)
 20. │ │ │ └─promises::with_promise_domain(...)
 21. │ │ │   └─domain$wrapSync(expr)
 22. │ │ │     └─base::force(expr)
 23. │ │ └─withr::with_options(...)
 24. │ │   └─base::force(code)
 25. │ └─rlang::eval_tidy(quosure, mask, rlang::caller_env())
 26. ├─reporter$reset() at test-LoadReporterModule.R:29:7
 27. └─base::.handleSimpleError(...)
 28.   └─shiny (local) h(simpleError(msg, call))</error>
    </testcase>
    <testcase time="0.0680000000000001" classname="LoadReporterModule" name="report_load_srv_fail_to_load_a_reporter_because_of_different_id">
      <error type="error" message="Error in `reporter$reset()`: attempt to apply non-function ('test-LoadReporterModule.R:68:7')">Error in `reporter$reset()`: attempt to apply non-function
Backtrace:
     ▆
  1. ├─testthat::capture_output(...) at test-LoadReporterModule.R:64:3
  2. │ └─testthat::capture_output_lines(code, print, width = width)
  3. │   └─testthat:::eval_with_output(code, print = print, width = width)
  4. │     ├─withr::with_output_sink(path, withVisible(code))
  5. │     │ └─base::force(code)
  6. │     └─base::withVisible(code)
  7. ├─shiny::testServer(...)
  8. │ ├─shiny:::withMockContext(...)
  9. │ │ ├─shiny::isolate(...)
 10. │ │ │ ├─shiny::..stacktraceoff..(...)
 11. │ │ │ └─ctx$run(...)
 12. │ │ │   ├─promises::with_promise_domain(...)
 13. │ │ │   │ └─domain$wrapSync(expr)
 14. │ │ │   ├─shiny::withReactiveDomain(...)
 15. │ │ │   │ └─promises::with_promise_domain(...)
 16. │ │ │   │   └─domain$wrapSync(expr)
 17. │ │ │   │     └─base::force(expr)
 18. │ │ │   ├─shiny::captureStackTraces(...)
 19. │ │ │   │ └─promises::with_promise_domain(...)
 20. │ │ │   │   └─domain$wrapSync(expr)
 21. │ │ │   │     └─base::withCallingHandlers(expr, error = doCaptureStack)
 22. │ │ │   └─env$runWith(self, func)
 23. │ │ │     └─shiny (local) contextFunc()
 24. │ │ │       └─shiny::..stacktraceon..(expr)
 25. │ │ ├─shiny::withReactiveDomain(...)
 26. │ │ │ └─promises::with_promise_domain(...)
 27. │ │ │   └─domain$wrapSync(expr)
 28. │ │ │     └─base::force(expr)
 29. │ │ └─withr::with_options(...)
 30. │ │   └─base::force(code)
 31. │ └─rlang::eval_tidy(quosure, mask, rlang::caller_env())
 32. ├─reporter$reset() at test-LoadReporterModule.R:68:7
 33. └─base::.handleSimpleError(...)
 34.   └─shiny (local) h(simpleError(msg, call))</error>
    </testcase>
    <testcase time="0.04" classname="LoadReporterModule" name="report_load_ui_returns_a_tagList">
      <failure type="failure" message="report_load_ui(&quot;sth&quot;) inherits from 'shiny.tag' not 'shiny.tag.list'/'list'. ('test-LoadReporterModule.R:84:3')">report_load_ui("sth") inherits from 'shiny.tag' not 'shiny.tag.list'/'list'.</failure>
    </testcase>
  </testsuite>
  <testsuite name="NewpageBlock" timestamp="2025-05-29T15:19:52Z" hostname="5934781ce8c4" tests="3" skipped="0" failures="0" errors="0" time="0.028">
    <testcase time="0.0190000000000001" classname="NewpageBlock" name="NewpageBlock_object_can_be_created"/>
    <testcase time="0.00499999999999989" classname="NewpageBlock" name="new_returns_an_object_of_type_NewpageBlock"/>
    <testcase time="0.004" classname="NewpageBlock" name="set_content_accepts_a_string"/>
  </testsuite>
  <testsuite name="PictureBlock" timestamp="2025-05-29T15:19:52Z" hostname="5934781ce8c4" tests="23" skipped="0" failures="0" errors="0" time="0.581">
    <testcase time="0.00600000000000023" classname="PictureBlock" name="PictureBlock_object_can_be_created"/>
    <testcase time="0.00499999999999989" classname="PictureBlock" name="new_returns_an_object_of_type_PictureBlock"/>
    <testcase time="0.0459999999999998" classname="PictureBlock" name="set_content_accepts_a_plot_object"/>
    <testcase time="0.00800000000000001" classname="PictureBlock" name="set_content_asserts_the_argument_is_a_plot"/>
    <testcase time="0.052" classname="PictureBlock" name="set_content_returns_the_PictureBlock_object"/>
    <testcase time="0.0529999999999999" classname="PictureBlock" name="set_content_catches_a_file_with_the_600x800_size"/>
    <testcase time="0.0510000000000002" classname="PictureBlock" name="set_content_catches_a_file_with_a_custom_size"/>
    <testcase time="0.004" classname="PictureBlock" name="get_content_returns_character_0_on_a_newly_initialized_PictureBlock"/>
    <testcase time="0.004" classname="PictureBlock" name="set_title_accepts_a_string"/>
    <testcase time="0.00700000000000012" classname="PictureBlock" name="set_title_asserts_the_argument_is_string"/>
    <testcase time="0.004" classname="PictureBlock" name="set_title_returns_self"/>
    <testcase time="0.00299999999999967" classname="PictureBlock" name="get_title_returns_the_set_title"/>
    <testcase time="0.00200000000000022" classname="PictureBlock" name="get_title_returns_the_set_title"/>
    <testcase time="0.004" classname="PictureBlock" name="set_dim_accepts_an_array_of_two_numeric_values"/>
    <testcase time="0.00800000000000001" classname="PictureBlock" name="set_dim_asserts_the_argument_is_an_array_of_two_numeric_values"/>
    <testcase time="0.00499999999999989" classname="PictureBlock" name="set_dim_asserts_the_argument_is_an_array_of_two_numeric_values"/>
    <testcase time="0.004" classname="PictureBlock" name="set_dim_returns_self"/>
    <testcase time="0.00700000000000012" classname="PictureBlock" name="set_content_raises_error_if_the_content_is_not_of_the_supported_type"/>
    <testcase time="0.052" classname="PictureBlock" name="set_content_accepts_a_ggplot_object"/>
    <testcase time="0.0459999999999998" classname="PictureBlock" name="set_content_accepts_a_grob_object"/>
    <testcase time="0.11" classname="PictureBlock" name="set_content_accepts_a_trellis_object"/>
    <testcase time="0.0459999999999998" classname="PictureBlock" name="to_list_returns_a_named_list_with_a_one_field_a_proper_path"/>
    <testcase time="0.0539999999999998" classname="PictureBlock" name="from_list_after_to_list_to_save_and_retrive"/>
  </testsuite>
  <testsuite name="PreviewerReportModule-shinytest2" timestamp="2025-05-29T15:19:53Z" hostname="5934781ce8c4" tests="4" skipped="4" failures="0" errors="0" time="0.057">
    <testcase time="0.00700000000000012" classname="PreviewerReportModule_shinytest2" name="reporter_previewer_card_reordering_works">
      <skipped message="Reason: testing depth 3 is below current testing specification 5 ('test-PreviewerReportModule-shinytest2.R:2:3')"/>
    </testcase>
    <testcase time="0.0209999999999999" classname="PreviewerReportModule_shinytest2" name="reporter_previewer_card_removal_works">
      <skipped message="Reason: testing depth 3 is below current testing specification 5 ('test-PreviewerReportModule-shinytest2.R:15:3')"/>
    </testcase>
    <testcase time="0.0150000000000001" classname="PreviewerReportModule_shinytest2" name="reporter_previewer_card_editing_works">
      <skipped message="Reason: testing depth 3 is below current testing specification 5 ('test-PreviewerReportModule-shinytest2.R:34:3')"/>
    </testcase>
    <testcase time="0.0139999999999998" classname="PreviewerReportModule_shinytest2" name="reporter_previewer_download_functionality_works">
      <skipped message="Reason: testing depth 3 is below current testing specification 5 ('test-PreviewerReportModule-shinytest2.R:53:3')"/>
    </testcase>
  </testsuite>
  <testsuite name="PreviewerReportModule" timestamp="2025-05-29T15:19:53Z" hostname="5934781ce8c4" tests="10" skipped="0" failures="0" errors="0" time="0.352">
    <testcase time="0.146" classname="PreviewerReportModule" name="reporter_previewer_srv_subset_of_rmd_yaml_args"/>
    <testcase time="0.0190000000000001" classname="PreviewerReportModule" name="reporter_previewer_srv_subset_of_rmd_yaml_args"/>
    <testcase time="0.0190000000000001" classname="PreviewerReportModule" name="reporter_previewer_srv_subset_of_rmd_yaml_args"/>
    <testcase time="0.0150000000000006" classname="PreviewerReportModule" name="reporter_previewer_srv_subset_of_rmd_yaml_args"/>
    <testcase time="0.0149999999999997" classname="PreviewerReportModule" name="reporter_previewer_srv_subset_of_rmd_yaml_args"/>
    <testcase time="0.0149999999999997" classname="PreviewerReportModule" name="reporter_previewer_srv_subset_of_rmd_yaml_args"/>
    <testcase time="0.0609999999999999" classname="PreviewerReportModule" name="reporter_previewer_ui_returns_a_shiny_tag_list"/>
    <testcase time="0.0220000000000002" classname="PreviewerReportModule" name="reporter_previewer_srv_previewer_buttons_parameter"/>
    <testcase time="0.0259999999999998" classname="PreviewerReportModule" name="reporter_previewer_srv_previewer_buttons_parameter"/>
    <testcase time="0.0140000000000002" classname="PreviewerReportModule" name="reporter_previewer_srv_previewer_buttons_parameter"/>
  </testsuite>
  <testsuite name="RcodeBlock" timestamp="2025-05-29T15:19:53Z" hostname="5934781ce8c4" tests="65" skipped="0" failures="0" errors="0" time="0.161">
    <testcase time="0.00900000000000034" classname="RcodeBlock" name="RcodeBlock_object_can_be_created"/>
    <testcase time="0.00499999999999989" classname="RcodeBlock" name="new_returns_an_object_of_type_RcodeBlock"/>
    <testcase time="0.00399999999999956" classname="RcodeBlock" name="set_content_accepts_a_string"/>
    <testcase time="0.00700000000000056" classname="RcodeBlock" name="set_content_asserts_the_argument_is_a_string"/>
    <testcase time="0.00399999999999956" classname="RcodeBlock" name="set_content_returns_the_RcodeBlock_object"/>
    <testcase time="0.00300000000000011" classname="RcodeBlock" name="get_content_returns_character_0_on_a_newly_initialized_RcodeBlock"/>
    <testcase time="0.00499999999999989" classname="RcodeBlock" name="get_content_returns_previously_set_string"/>
    <testcase time="0.00499999999999989" classname="RcodeBlock" name="get_available_params_returns_an_array_of_character"/>
    <testcase time="0.00499999999999989" classname="RcodeBlock" name="set_params_accepts_one_of_the_styles_returned_by_get_available_params"/>
    <testcase time="0.00100000000000033" classname="RcodeBlock" name="set_params_accepts_one_of_the_styles_returned_by_get_available_params"/>
    <testcase time="0.00199999999999978" classname="RcodeBlock" name="set_params_accepts_one_of_the_styles_returned_by_get_available_params"/>
    <testcase time="0.00100000000000033" classname="RcodeBlock" name="set_params_accepts_one_of_the_styles_returned_by_get_available_params"/>
    <testcase time="0.00199999999999978" classname="RcodeBlock" name="set_params_accepts_one_of_the_styles_returned_by_get_available_params"/>
    <testcase time="0.00100000000000033" classname="RcodeBlock" name="set_params_accepts_one_of_the_styles_returned_by_get_available_params"/>
    <testcase time="0.00100000000000033" classname="RcodeBlock" name="set_params_accepts_one_of_the_styles_returned_by_get_available_params"/>
    <testcase time="0.00199999999999978" classname="RcodeBlock" name="set_params_accepts_one_of_the_styles_returned_by_get_available_params"/>
    <testcase time="0.00100000000000033" classname="RcodeBlock" name="set_params_accepts_one_of_the_styles_returned_by_get_available_params"/>
    <testcase time="0.00199999999999978" classname="RcodeBlock" name="set_params_accepts_one_of_the_styles_returned_by_get_available_params"/>
    <testcase time="0.00100000000000033" classname="RcodeBlock" name="set_params_accepts_one_of_the_styles_returned_by_get_available_params"/>
    <testcase time="0.00199999999999978" classname="RcodeBlock" name="set_params_accepts_one_of_the_styles_returned_by_get_available_params"/>
    <testcase time="0.00100000000000033" classname="RcodeBlock" name="set_params_accepts_one_of_the_styles_returned_by_get_available_params"/>
    <testcase time="0.00199999999999978" classname="RcodeBlock" name="set_params_accepts_one_of_the_styles_returned_by_get_available_params"/>
    <testcase time="0.000999999999999446" classname="RcodeBlock" name="set_params_accepts_one_of_the_styles_returned_by_get_available_params"/>
    <testcase time="0.00200000000000067" classname="RcodeBlock" name="set_params_accepts_one_of_the_styles_returned_by_get_available_params"/>
    <testcase time="0.00199999999999978" classname="RcodeBlock" name="set_params_accepts_one_of_the_styles_returned_by_get_available_params"/>
    <testcase time="0.00100000000000033" classname="RcodeBlock" name="set_params_accepts_one_of_the_styles_returned_by_get_available_params"/>
    <testcase time="0.00199999999999978" classname="RcodeBlock" name="set_params_accepts_one_of_the_styles_returned_by_get_available_params"/>
    <testcase time="0.00199999999999978" classname="RcodeBlock" name="set_params_accepts_one_of_the_styles_returned_by_get_available_params"/>
    <testcase time="0.00100000000000033" classname="RcodeBlock" name="set_params_accepts_one_of_the_styles_returned_by_get_available_params"/>
    <testcase time="0.00199999999999978" classname="RcodeBlock" name="set_params_accepts_one_of_the_styles_returned_by_get_available_params"/>
    <testcase time="0.00199999999999978" classname="RcodeBlock" name="set_params_accepts_one_of_the_styles_returned_by_get_available_params"/>
    <testcase time="0.00100000000000033" classname="RcodeBlock" name="set_params_accepts_one_of_the_styles_returned_by_get_available_params"/>
    <testcase time="0.00199999999999978" classname="RcodeBlock" name="set_params_accepts_one_of_the_styles_returned_by_get_available_params"/>
    <testcase time="0.00100000000000033" classname="RcodeBlock" name="set_params_accepts_one_of_the_styles_returned_by_get_available_params"/>
    <testcase time="0.00199999999999978" classname="RcodeBlock" name="set_params_accepts_one_of_the_styles_returned_by_get_available_params"/>
    <testcase time="0.00199999999999978" classname="RcodeBlock" name="set_params_accepts_one_of_the_styles_returned_by_get_available_params"/>
    <testcase time="0.00100000000000033" classname="RcodeBlock" name="set_params_accepts_one_of_the_styles_returned_by_get_available_params"/>
    <testcase time="0.00199999999999978" classname="RcodeBlock" name="set_params_accepts_one_of_the_styles_returned_by_get_available_params"/>
    <testcase time="0.00100000000000033" classname="RcodeBlock" name="set_params_accepts_one_of_the_styles_returned_by_get_available_params"/>
    <testcase time="0.00199999999999978" classname="RcodeBlock" name="set_params_accepts_one_of_the_styles_returned_by_get_available_params"/>
    <testcase time="0.00199999999999978" classname="RcodeBlock" name="set_params_accepts_one_of_the_styles_returned_by_get_available_params"/>
    <testcase time="0.00199999999999978" classname="RcodeBlock" name="set_params_accepts_one_of_the_styles_returned_by_get_available_params"/>
    <testcase time="0.00100000000000033" classname="RcodeBlock" name="set_params_accepts_one_of_the_styles_returned_by_get_available_params"/>
    <testcase time="0.00199999999999978" classname="RcodeBlock" name="set_params_accepts_one_of_the_styles_returned_by_get_available_params"/>
    <testcase time="0.00200000000000067" classname="RcodeBlock" name="set_params_accepts_one_of_the_styles_returned_by_get_available_params"/>
    <testcase time="0.000999999999999446" classname="RcodeBlock" name="set_params_accepts_one_of_the_styles_returned_by_get_available_params"/>
    <testcase time="0.00199999999999978" classname="RcodeBlock" name="set_params_accepts_one_of_the_styles_returned_by_get_available_params"/>
    <testcase time="0.00100000000000033" classname="RcodeBlock" name="set_params_accepts_one_of_the_styles_returned_by_get_available_params"/>
    <testcase time="0.00199999999999978" classname="RcodeBlock" name="set_params_accepts_one_of_the_styles_returned_by_get_available_params"/>
    <testcase time="0.00200000000000067" classname="RcodeBlock" name="set_params_accepts_one_of_the_styles_returned_by_get_available_params"/>
    <testcase time="0.000999999999999446" classname="RcodeBlock" name="set_params_accepts_one_of_the_styles_returned_by_get_available_params"/>
    <testcase time="0.00199999999999978" classname="RcodeBlock" name="set_params_accepts_one_of_the_styles_returned_by_get_available_params"/>
    <testcase time="0.00200000000000067" classname="RcodeBlock" name="set_params_accepts_one_of_the_styles_returned_by_get_available_params"/>
    <testcase time="0.000999999999999446" classname="RcodeBlock" name="set_params_accepts_one_of_the_styles_returned_by_get_available_params"/>
    <testcase time="0.00200000000000067" classname="RcodeBlock" name="set_params_accepts_one_of_the_styles_returned_by_get_available_params"/>
    <testcase time="0.00199999999999978" classname="RcodeBlock" name="set_params_accepts_one_of_the_styles_returned_by_get_available_params"/>
    <testcase time="0.00199999999999978" classname="RcodeBlock" name="set_params_accepts_one_of_the_styles_returned_by_get_available_params"/>
    <testcase time="0.00100000000000033" classname="RcodeBlock" name="set_params_accepts_one_of_the_styles_returned_by_get_available_params"/>
    <testcase time="0.00199999999999978" classname="RcodeBlock" name="set_params_accepts_one_of_the_styles_returned_by_get_available_params"/>
    <testcase time="0.00199999999999978" classname="RcodeBlock" name="set_params_accepts_one_of_the_styles_returned_by_get_available_params"/>
    <testcase time="0.00100000000000033" classname="RcodeBlock" name="set_params_accepts_one_of_the_styles_returned_by_get_available_params"/>
    <testcase time="0.00499999999999989" classname="RcodeBlock" name="set_params_returns_the_RcodeBlock_object"/>
    <testcase time="0.00800000000000001" classname="RcodeBlock" name="to_list_returns_a_two_field_named_list"/>
    <testcase time="0.00899999999999945" classname="RcodeBlock" name="from_list_returns_a_similar_output_to_set_content"/>
    <testcase time="0.00900000000000034" classname="RcodeBlock" name="from_list_after_to_list_to_save_and_retrive"/>
  </testsuite>
  <testsuite name="ReportCard" timestamp="2025-05-29T15:19:53Z" hostname="5934781ce8c4" tests="31" skipped="0" failures="0" errors="0" time="4.369">
    <testcase time="0.00800000000000001" classname="ReportCard" name="ReportCard_object_can_be_created"/>
    <testcase time="0.00600000000000023" classname="ReportCard" name="new_returns_an_object_of_type_ReportCard"/>
    <testcase time="0.00399999999999956" classname="ReportCard" name="append_text_accepts_a_character"/>
    <testcase time="0.00300000000000011" classname="ReportCard" name="append_text_returns_self"/>
    <testcase time="2.163" classname="ReportCard" name="append_table_accepts_a_data.frame"/>
    <testcase time="1.644" classname="ReportCard" name="append_table_returns_self"/>
    <testcase time="0.048" classname="ReportCard" name="append_plot_returns_self"/>
    <testcase time="0.0470000000000006" classname="ReportCard" name="append_plot_accepts_a_ggplot"/>
    <testcase time="0.0470000000000006" classname="ReportCard" name="append_plot_accepts_a_ggplot_with_a_dim"/>
    <testcase time="0.00600000000000023" classname="ReportCard" name="append_rcode_accepts_a_character"/>
    <testcase time="0.00399999999999956" classname="ReportCard" name="append_rcode_returns_self"/>
    <testcase time="0.0499999999999989" classname="ReportCard" name="get_content_returns_a_list_of_ContentBlock_objects"/>
    <testcase time="0.00700000000000145" classname="ReportCard" name="get_metadata_returns_a_list_of_mixed_objects"/>
    <testcase time="0.00399999999999956" classname="ReportCard" name="get_metadata_returns_a_named_list"/>
    <testcase time="0.00399999999999956" classname="ReportCard" name="append_metadata_returns_an_object_of_type_ReportCard"/>
    <testcase time="0.00300000000000011" classname="ReportCard" name="append_metadata_accepts_a_character_key_and_a_character_or_list_value"/>
    <testcase time="0.00200000000000067" classname="ReportCard" name="append_metadata_accepts_a_character_key_and_a_character_or_list_value"/>
    <testcase time="0.00699999999999967" classname="ReportCard" name="append_metadata_throws_error_if_key_is_not_character"/>
    <testcase time="0.0139999999999993" classname="ReportCard" name="append_metadata_throws_error_if_key_is_not_character"/>
    <testcase time="0.0080000000000009" classname="ReportCard" name="append_metadata_throws_error_if_value_if_missing"/>
    <testcase time="0.00699999999999967" classname="ReportCard" name="append_metadata_throws_error_if_key_is_missing"/>
    <testcase time="0.00799999999999912" classname="ReportCard" name="append_metadata_throws_error_if_keys_are_duplicated"/>
    <testcase time="0.0820000000000007" classname="ReportCard" name="The_deep_copy_constructor_copies_the_file_in_the_content_blocks"/>
    <testcase time="0.0559999999999992" classname="ReportCard" name="The_deep_copy_constructor_copies_the_non_ContentBlock_objects"/>
    <testcase time="0.00200000000000067" classname="ReportCard" name="The_deep_copy_constructor_copies_the_non_ContentBlock_objects"/>
    <testcase time="0.00399999999999956" classname="ReportCard" name="setting_and_getting_a_name_to_the_ReportCard"/>
    <testcase time="0.00100000000000122" classname="ReportCard" name="setting_and_getting_a_name_to_the_ReportCard"/>
    <testcase time="0.116999999999999" classname="ReportCard" name="to_list_internally_triggers_to_list_on_each_Block"/>
    <testcase time="0.00399999999999956" classname="ReportCard" name="to_list_internally_triggers_to_list_on_each_Block"/>
    <testcase time="0.0080000000000009" classname="ReportCard" name="from_list"/>
    <testcase time="0.000999999999999446" classname="ReportCard" name="from_list"/>
  </testsuite>
  <testsuite name="ReportDocument" timestamp="2025-05-29T15:19:58Z" hostname="5934781ce8c4" tests="57" skipped="0" failures="0" errors="0" time="0.136">
    <testcase time="0.0080000000000009" classname="ReportDocument" name="report_document_creates_an_empty_ReportDocument"/>
    <testcase time="0.000999999999999446" classname="ReportDocument" name="report_document_creates_an_empty_ReportDocument"/>
    <testcase time="0.00300000000000011" classname="ReportDocument" name="report_document_creates_a_ReportDocument_with_initial_elements"/>
    <testcase time="0.00200000000000067" classname="ReportDocument" name="report_document_creates_a_ReportDocument_with_initial_elements"/>
    <testcase time="0.000999999999999446" classname="ReportDocument" name="report_document_creates_a_ReportDocument_with_initial_elements"/>
    <testcase time="0.000999999999999446" classname="ReportDocument" name="report_document_creates_a_ReportDocument_with_initial_elements"/>
    <testcase time="0.00399999999999956" classname="ReportDocument" name="c.ReportDocument_combines_with_character_element_and_retains_class"/>
    <testcase time="0.00100000000000122" classname="ReportDocument" name="c.ReportDocument_combines_with_character_element_and_retains_class"/>
    <testcase time="0.000999999999999446" classname="ReportDocument" name="c.ReportDocument_combines_with_character_element_and_retains_class"/>
    <testcase time="0.00300000000000011" classname="ReportDocument" name="c.ReportDocument_combines_with_multiple_character_elements_and_retains_class"/>
    <testcase time="0.000999999999999446" classname="ReportDocument" name="c.ReportDocument_combines_with_multiple_character_elements_and_retains_class"/>
    <testcase time="0.00200000000000067" classname="ReportDocument" name="c.ReportDocument_combines_with_multiple_character_elements_and_retains_class"/>
    <testcase time="0.00300000000000011" classname="ReportDocument" name="c.ReportDocument_combines_with_multiple_character_elements_and_retains_class"/>
    <testcase time="0.000999999999999446" classname="ReportDocument" name="c.ReportDocument_combines_with_multiple_character_elements_and_retains_class"/>
    <testcase time="0.00200000000000067" classname="ReportDocument" name="c.ReportDocument_combines_with_multiple_character_elements_and_retains_class"/>
    <testcase time="0.00399999999999956" classname="ReportDocument" name="c.ReportDocument_combines_with_doc_with_multiple_elements_and_retains_class"/>
    <testcase time="0.000999999999999446" classname="ReportDocument" name="c.ReportDocument_combines_with_doc_with_multiple_elements_and_retains_class"/>
    <testcase time="0.00100000000000122" classname="ReportDocument" name="c.ReportDocument_combines_with_doc_with_multiple_elements_and_retains_class"/>
    <testcase time="0.00699999999999967" classname="ReportDocument" name="c.ReportDocument_combines_with_with_single_ggplot2_element_and_retains_class"/>
    <testcase time="0.000999999999999446" classname="ReportDocument" name="c.ReportDocument_combines_with_with_single_ggplot2_element_and_retains_class"/>
    <testcase time="0.00200000000000067" classname="ReportDocument" name="c.ReportDocument_combines_with_with_single_ggplot2_element_and_retains_class"/>
    <testcase time="0.0129999999999999" classname="ReportDocument" name="c.ReportDocument_combines_with_ggplot2_section_and_retains_class"/>
    <testcase time="0.000999999999999446" classname="ReportDocument" name="c.ReportDocument_combines_with_ggplot2_section_and_retains_class"/>
    <testcase time="0.00200000000000067" classname="ReportDocument" name="c.ReportDocument_combines_with_ggplot2_section_and_retains_class"/>
    <testcase time="0.00399999999999956" classname="ReportDocument" name="_.ReportDocument_subsets_and_retains_class"/>
    <testcase time="0.000999999999999446" classname="ReportDocument" name="_.ReportDocument_subsets_and_retains_class"/>
    <testcase time="0.00200000000000067" classname="ReportDocument" name="_.ReportDocument_subsets_and_retains_class"/>
    <testcase time="0.000999999999999446" classname="ReportDocument" name="_.ReportDocument_subsets_and_retains_class"/>
    <testcase time="0.00200000000000067" classname="ReportDocument" name="_.ReportDocument_subsets_and_retains_class"/>
    <testcase time="0.000999999999999446" classname="ReportDocument" name="_.ReportDocument_subsets_and_retains_class"/>
    <testcase time="0.00400000000000134" classname="ReportDocument" name="edit_report_document_modifies_elements"/>
    <testcase time="0.00199999999999889" classname="ReportDocument" name="edit_report_document_modifies_elements"/>
    <testcase time="0.000999999999999446" classname="ReportDocument" name="edit_report_document_modifies_elements"/>
    <testcase time="0.00100000000000122" classname="ReportDocument" name="edit_report_document_modifies_elements"/>
    <testcase time="0.00399999999999956" classname="ReportDocument" name="edit_report_document_appends_elements"/>
    <testcase time="0.000999999999999446" classname="ReportDocument" name="edit_report_document_appends_elements"/>
    <testcase time="0.00200000000000067" classname="ReportDocument" name="edit_report_document_appends_elements"/>
    <testcase time="0.000999999999999446" classname="ReportDocument" name="edit_report_document_appends_elements"/>
    <testcase time="0.00100000000000122" classname="ReportDocument" name="edit_report_document_appends_elements"/>
    <testcase time="0.00199999999999889" classname="ReportDocument" name="edit_report_document_appends_elements"/>
    <testcase time="0.000999999999999446" classname="ReportDocument" name="edit_report_document_appends_elements"/>
    <testcase time="0.00200000000000067" classname="ReportDocument" name="edit_report_document_appends_elements"/>
    <testcase time="0.00300000000000011" classname="ReportDocument" name="edit_report_document_modifies_and_appends"/>
    <testcase time="0.00200000000000067" classname="ReportDocument" name="edit_report_document_modifies_and_appends"/>
    <testcase time="0.000999999999999446" classname="ReportDocument" name="edit_report_document_modifies_and_appends"/>
    <testcase time="0.000999999999999446" classname="ReportDocument" name="edit_report_document_modifies_and_appends"/>
    <testcase time="0.00200000000000067" classname="ReportDocument" name="edit_report_document_modifies_and_appends"/>
    <testcase time="0.00300000000000011" classname="ReportDocument" name="edit_report_document_preserves_attributes"/>
    <testcase time="0.00199999999999889" classname="ReportDocument" name="edit_report_document_preserves_attributes"/>
    <testcase time="0.00400000000000134" classname="ReportDocument" name="code_chunk_creates_a_code_chunk_object_with_params"/>
    <testcase time="0.000999999999999446" classname="ReportDocument" name="code_chunk_creates_a_code_chunk_object_with_params"/>
    <testcase time="0.00200000000000067" classname="ReportDocument" name="code_chunk_creates_a_code_chunk_object_with_params"/>
    <testcase time="0.00300000000000011" classname="ReportDocument" name="code_output_formats_code_as_markdown_string"/>
    <testcase time="0.00199999999999889" classname="ReportDocument" name="code_output_formats_code_as_markdown_string"/>
    <testcase time="0.00500000000000078" classname="ReportDocument" name="keep_in_report_sets_the_keep_attribute"/>
    <testcase time="0.00300000000000011" classname="ReportDocument" name="keep_in_report_sets_the_keep_attribute"/>
    <testcase time="0.00300000000000011" classname="ReportDocument" name="keep_in_report_sets_the_keep_attribute"/>
  </testsuite>
  <testsuite name="Reporter" timestamp="2025-05-29T15:19:58Z" hostname="5934781ce8c4" tests="41" skipped="0" failures="2" errors="15" time="3.534">
    <testcase time="0.00799999999999912" classname="Reporter" name="Reporter_object_can_be_created"/>
    <testcase time="0.00600000000000023" classname="Reporter" name="new_returns_an_object_of_type_Reporter"/>
    <testcase time="2.787" classname="Reporter" name="default_reporter_id"/>
    <testcase time="0.00300000000000011" classname="Reporter" name="set_id_sets_the_reporter_id_and_returns_reporter"/>
    <testcase time="0.00199999999999889" classname="Reporter" name="set_id_sets_the_reporter_id_and_returns_reporter"/>
    <testcase time="0.00600000000000023" classname="Reporter" name="get_cards_returns_the_same_cards_which_was_added_to_reporter"/>
    <testcase time="0.00500000000000078" classname="Reporter" name="get_blocks_returns_the_same_blocks_which_was_added_to_reporter_sep_NULL"/>
    <testcase time="0.00899999999999856" classname="Reporter" name="get_blocks_by_default_adds_NewpageBlock_new_between_cards">
      <failure type="failure" message="reporter$get_blocks() not equal to `reporter_blocks2`. ('test-Reporter.R:60:3')">reporter$get_blocks() not equal to `reporter_blocks2`.
Component 4: Modes: character, environment
Component 4: Lengths: 1, 7
Component 4: names for current but not for target
Component 4: Attributes: &lt; target is NULL, current is list &gt;
Component 4: target is character, current is NewpageBlock</failure>
    </testcase>
    <testcase time="0.0170000000000012" classname="Reporter" name="get_blocks_and_get_cards_return_empty_list_by_default"/>
    <testcase time="0.00499999999999901" classname="Reporter" name="get_blocks_and_get_cards_return_empty_list_by_default">
      <failure type="failure" message="reporter2$get_cards() not identical to list(). ('test-Reporter.R:67:3')">reporter2$get_cards() not identical to list().
Attributes: &lt; Modes: list, NULL &gt;
Attributes: &lt; Lengths: 1, 0 &gt;
Attributes: &lt; names for target but not for current &gt;
Attributes: &lt; current is not list-like &gt;</failure>
    </testcase>
    <testcase time="0.0780000000000012" classname="Reporter" name="The_deep_copy_constructor_copies_the_content_files_to_new_files"/>
    <testcase time="0.00799999999999912" classname="Reporter" name="reactive_add_card"/>
    <testcase time="0.00699999999999967" classname="Reporter" name="reactive_add_card">
      <error type="error" message="Error in `..stacktraceon..(expr)`: attempt to apply non-function ('test-Reporter.R:84:3')">Error in `..stacktraceon..(expr)`: attempt to apply non-function
Backtrace:
     ▆
  1. ├─testthat::expect_identical(...) at test-Reporter.R:84:3
  2. │ └─testthat::quasi_label(enquo(object), label, arg = "object")
  3. │   └─rlang::eval_bare(expr, quo_get_env(quo))
  4. ├─shiny::isolate(reporter$get_reactive_add_card())
  5. │ ├─shiny::..stacktraceoff..(...)
  6. │ └─ctx$run(...)
  7. │   ├─promises::with_promise_domain(...)
  8. │   │ └─domain$wrapSync(expr)
  9. │   ├─shiny::withReactiveDomain(...)
 10. │   │ └─promises::with_promise_domain(...)
 11. │   │   └─domain$wrapSync(expr)
 12. │   │     └─base::force(expr)
 13. │   ├─shiny::captureStackTraces(...)
 14. │   │ └─promises::with_promise_domain(...)
 15. │   │   └─domain$wrapSync(expr)
 16. │   │     └─base::withCallingHandlers(expr, error = doCaptureStack)
 17. │   └─env$runWith(self, func)
 18. │     └─shiny (local) contextFunc()
 19. │       └─shiny::..stacktraceon..(expr)
 20. └─base::.handleSimpleError(...)
 21.   └─shiny (local) h(simpleError(msg, call))</error>
    </testcase>
    <testcase time="0.0250000000000004" classname="Reporter" name="append_metadata_accept_only_named_list"/>
    <testcase time="0.00500000000000078" classname="Reporter" name="append_metadata_accept_only_named_list"/>
    <testcase time="0.00399999999999956" classname="Reporter" name="append_metadata_accept_only_named_list"/>
    <testcase time="0.00799999999999912" classname="Reporter" name="append_metadata_accept_only_unique_names_which_could_not_be_repeated"/>
    <testcase time="0.00200000000000067" classname="Reporter" name="append_metadata_accept_only_unique_names_which_could_not_be_repeated"/>
    <testcase time="0.00399999999999956" classname="Reporter" name="append_metadata_accept_only_unique_names_which_could_not_be_repeated"/>
    <testcase time="0.00500000000000078" classname="Reporter" name="get_metadata"/>
    <testcase time="0.000999999999999446" classname="Reporter" name="get_metadata"/>
    <testcase time="0.0080000000000009" classname="Reporter" name="from_reporter_returns_identical_equal_object_from_the_same_reporter">
      <error type="error" message="Error in `.getReactiveEnvironment()$currentContext()`: Operation not allowed without an active reactive context. ('test-Reporter.R:111:3')">Error in `.getReactiveEnvironment()$currentContext()`: Operation not allowed without an active reactive context.
• You tried to do something that can only be done from inside a reactive consumer.
Backtrace:
     ▆
  1. ├─testthat::expect_identical(reporter, reporter$from_reporter(reporter)) at test-Reporter.R:111:3
  2. │ └─testthat::quasi_label(enquo(expected), expected.label, arg = "expected")
  3. │   └─rlang::eval_bare(expr, quo_get_env(quo))
  4. └─reporter$from_reporter(reporter)
  5.   └─self$reset()
  6.     ├─base::names(private$cards)
  7.     └─shiny:::names.reactivevalues(private$cards)
  8.       └─.subset2(x, "impl")$names()
  9.         └─.namesDeps$register()
 10.           └─shiny:::getCurrentContext()
 11.             └─.getReactiveEnvironment()$currentContext()
 12.               └─rlang::abort(...)</error>
    </testcase>
    <testcase time="0.0409999999999986" classname="Reporter" name="from_reporter_does_not_return_identical_equal_object_form_other_reporter">
      <error type="error" message="Error in `.getReactiveEnvironment()$currentContext()`: Operation not allowed without an active reactive context. ('test-Reporter.R:118:3')">Error in `.getReactiveEnvironment()$currentContext()`: Operation not allowed without an active reactive context.
• You tried to do something that can only be done from inside a reactive consumer.
Backtrace:
     ▆
  1. ├─testthat::expect_false(identical(reporter1, reporter2$from_reporter(reporter1))) at test-Reporter.R:118:3
  2. │ └─testthat::quasi_label(enquo(object), label, arg = "object")
  3. │   └─rlang::eval_bare(expr, quo_get_env(quo))
  4. ├─base::identical(reporter1, reporter2$from_reporter(reporter1))
  5. └─reporter2$from_reporter(reporter1)
  6.   └─self$reset()
  7.     ├─base::names(private$cards)
  8.     └─shiny:::names.reactivevalues(private$cards)
  9.       └─.subset2(x, "impl")$names()
 10.         └─.namesDeps$register()
 11.           └─shiny:::getCurrentContext()
 12.             └─.getReactiveEnvironment()$currentContext()
 13.               └─rlang::abort(...)</error>
    </testcase>
    <testcase time="0.0440000000000005" classname="Reporter" name="from_reporter_persists_the_cards_structure">
      <error type="error" message="Error in `.getReactiveEnvironment()$currentContext()`: Operation not allowed without an active reactive context. ('test-Reporter.R:122:3')">Error in `.getReactiveEnvironment()$currentContext()`: Operation not allowed without an active reactive context.
• You tried to do something that can only be done from inside a reactive consumer.
Backtrace:
     ▆
  1. ├─testthat::expect_identical(reporter1$get_cards(), reporter2$from_reporter(reporter1)$get_cards()) at test-Reporter.R:122:3
  2. │ └─testthat::quasi_label(enquo(expected), expected.label, arg = "expected")
  3. │   └─rlang::eval_bare(expr, quo_get_env(quo))
  4. └─reporter2$from_reporter(reporter1)
  5.   └─self$reset()
  6.     ├─base::names(private$cards)
  7.     └─shiny:::names.reactivevalues(private$cards)
  8.       └─.subset2(x, "impl")$names()
  9.         └─.namesDeps$register()
 10.           └─shiny:::getCurrentContext()
 11.             └─.getReactiveEnvironment()$currentContext()
 12.               └─rlang::abort(...)</error>
    </testcase>
    <testcase time="0.0460000000000012" classname="Reporter" name="from_reporter_persists_the_reactive_add_card_count">
      <error type="error" message="Error in `..stacktraceon..(expr)`: attempt to apply non-function ('test-Reporter.R:126:3')">Error in `..stacktraceon..(expr)`: attempt to apply non-function
Backtrace:
     ▆
  1. ├─testthat::expect_identical(...) at test-Reporter.R:126:3
  2. │ └─testthat::quasi_label(enquo(object), label, arg = "object")
  3. │   └─rlang::eval_bare(expr, quo_get_env(quo))
  4. ├─shiny::isolate(reporter1$get_reactive_add_card())
  5. │ ├─shiny::..stacktraceoff..(...)
  6. │ └─ctx$run(...)
  7. │   ├─promises::with_promise_domain(...)
  8. │   │ └─domain$wrapSync(expr)
  9. │   ├─shiny::withReactiveDomain(...)
 10. │   │ └─promises::with_promise_domain(...)
 11. │   │   └─domain$wrapSync(expr)
 12. │   │     └─base::force(expr)
 13. │   ├─shiny::captureStackTraces(...)
 14. │   │ └─promises::with_promise_domain(...)
 15. │   │   └─domain$wrapSync(expr)
 16. │   │     └─base::withCallingHandlers(expr, error = doCaptureStack)
 17. │   └─env$runWith(self, func)
 18. │     └─shiny (local) contextFunc()
 19. │       └─shiny::..stacktraceon..(expr)
 20. └─base::.handleSimpleError(...)
 21.   └─shiny (local) h(simpleError(msg, call))</error>
    </testcase>
    <testcase time="0.0289999999999999" classname="Reporter" name="to_list_require_the_existing_directory_path"/>
    <testcase time="0.00499999999999901" classname="Reporter" name="to_list_require_the_existing_directory_path"/>
    <testcase time="0.00600000000000023" classname="Reporter" name="to_list_returns_a_list."/>
    <testcase time="0.0190000000000001" classname="Reporter" name="to_list_and_from_list_could_be_used_to_save_and_retrive_a_Reporter_">
      <error type="error" message="Error in `.getReactiveEnvironment()$currentContext()`: Operation not allowed without an active reactive context. ('test-Reporter.R:149:3')">Error in `.getReactiveEnvironment()$currentContext()`: Operation not allowed without an active reactive context.
• You tried to do something that can only be done from inside a reactive consumer.
Backtrace:
     ▆
  1. ├─testthat::expect_identical(...) at test-Reporter.R:149:3
  2. │ └─testthat::quasi_label(enquo(expected), expected.label, arg = "expected")
  3. │   └─rlang::eval_bare(expr, quo_get_env(quo))
  4. └─Reporter$new()$from_list(reporter1$to_list(temp_dir), temp_dir)
  5.   └─self$reset()
  6.     ├─base::names(private$cards)
  7.     └─shiny:::names.reactivevalues(private$cards)
  8.       └─.subset2(x, "impl")$names()
  9.         └─.namesDeps$register()
 10.           └─shiny:::getCurrentContext()
 11.             └─.getReactiveEnvironment()$currentContext()
 12.               └─rlang::abort(...)</error>
    </testcase>
    <testcase time="0.0389999999999997" classname="Reporter" name="from_reporter_returns_identical_equal_object_from_the_same_reporter">
      <error type="error" message="Error in `.getReactiveEnvironment()$currentContext()`: Operation not allowed without an active reactive context. ('test-Reporter.R:161:3')">Error in `.getReactiveEnvironment()$currentContext()`: Operation not allowed without an active reactive context.
• You tried to do something that can only be done from inside a reactive consumer.
Backtrace:
     ▆
  1. ├─testthat::expect_identical(reporter, reporter$from_reporter(reporter)) at test-Reporter.R:161:3
  2. │ └─testthat::quasi_label(enquo(expected), expected.label, arg = "expected")
  3. │   └─rlang::eval_bare(expr, quo_get_env(quo))
  4. └─reporter$from_reporter(reporter)
  5.   └─self$reset()
  6.     ├─base::names(private$cards)
  7.     └─shiny:::names.reactivevalues(private$cards)
  8.       └─.subset2(x, "impl")$names()
  9.         └─.namesDeps$register()
 10.           └─shiny:::getCurrentContext()
 11.             └─.getReactiveEnvironment()$currentContext()
 12.               └─rlang::abort(...)</error>
    </testcase>
    <testcase time="0.0419999999999998" classname="Reporter" name="from_reporter_does_not_return_identical_equal_object_form_other_reporter">
      <error type="error" message="Error in `.getReactiveEnvironment()$currentContext()`: Operation not allowed without an active reactive context. ('test-Reporter.R:169:3')">Error in `.getReactiveEnvironment()$currentContext()`: Operation not allowed without an active reactive context.
• You tried to do something that can only be done from inside a reactive consumer.
Backtrace:
     ▆
  1. ├─testthat::expect_false(identical(reporter1, reporter2$from_reporter(reporter1))) at test-Reporter.R:169:3
  2. │ └─testthat::quasi_label(enquo(object), label, arg = "object")
  3. │   └─rlang::eval_bare(expr, quo_get_env(quo))
  4. ├─base::identical(reporter1, reporter2$from_reporter(reporter1))
  5. └─reporter2$from_reporter(reporter1)
  6.   └─self$reset()
  7.     ├─base::names(private$cards)
  8.     └─shiny:::names.reactivevalues(private$cards)
  9.       └─.subset2(x, "impl")$names()
 10.         └─.namesDeps$register()
 11.           └─shiny:::getCurrentContext()
 12.             └─.getReactiveEnvironment()$currentContext()
 13.               └─rlang::abort(...)</error>
    </testcase>
    <testcase time="0.0400000000000009" classname="Reporter" name="from_reporter_persists_the_cards_structure">
      <error type="error" message="Error in `.getReactiveEnvironment()$currentContext()`: Operation not allowed without an active reactive context. ('test-Reporter.R:173:3')">Error in `.getReactiveEnvironment()$currentContext()`: Operation not allowed without an active reactive context.
• You tried to do something that can only be done from inside a reactive consumer.
Backtrace:
     ▆
  1. ├─testthat::expect_identical(reporter1$get_cards(), reporter2$from_reporter(reporter1)$get_cards()) at test-Reporter.R:173:3
  2. │ └─testthat::quasi_label(enquo(expected), expected.label, arg = "expected")
  3. │   └─rlang::eval_bare(expr, quo_get_env(quo))
  4. └─reporter2$from_reporter(reporter1)
  5.   └─self$reset()
  6.     ├─base::names(private$cards)
  7.     └─shiny:::names.reactivevalues(private$cards)
  8.       └─.subset2(x, "impl")$names()
  9.         └─.namesDeps$register()
 10.           └─shiny:::getCurrentContext()
 11.             └─.getReactiveEnvironment()$currentContext()
 12.               └─rlang::abort(...)</error>
    </testcase>
    <testcase time="0.0449999999999999" classname="Reporter" name="from_reporter_persists_the_reactive_add_card_count">
      <error type="error" message="Error in `..stacktraceon..(expr)`: attempt to apply non-function ('test-Reporter.R:177:3')">Error in `..stacktraceon..(expr)`: attempt to apply non-function
Backtrace:
     ▆
  1. ├─testthat::expect_identical(...) at test-Reporter.R:177:3
  2. │ └─testthat::quasi_label(enquo(object), label, arg = "object")
  3. │   └─rlang::eval_bare(expr, quo_get_env(quo))
  4. ├─shiny::isolate(reporter1$get_reactive_add_card())
  5. │ ├─shiny::..stacktraceoff..(...)
  6. │ └─ctx$run(...)
  7. │   ├─promises::with_promise_domain(...)
  8. │   │ └─domain$wrapSync(expr)
  9. │   ├─shiny::withReactiveDomain(...)
 10. │   │ └─promises::with_promise_domain(...)
 11. │   │   └─domain$wrapSync(expr)
 12. │   │     └─base::force(expr)
 13. │   ├─shiny::captureStackTraces(...)
 14. │   │ └─promises::with_promise_domain(...)
 15. │   │   └─domain$wrapSync(expr)
 16. │   │     └─base::withCallingHandlers(expr, error = doCaptureStack)
 17. │   └─env$runWith(self, func)
 18. │     └─shiny (local) contextFunc()
 19. │       └─shiny::..stacktraceon..(expr)
 20. └─base::.handleSimpleError(...)
 21.   └─shiny (local) h(simpleError(msg, call))</error>
    </testcase>
    <testcase time="0.0279999999999987" classname="Reporter" name="to_jsondir_require_the_existing_directory_path"/>
    <testcase time="0.00500000000000078" classname="Reporter" name="to_jsondir_require_the_existing_directory_path"/>
    <testcase time="0.00600000000000023" classname="Reporter" name="to_jsondir_returns_the_same_dir_it_was_provided_to_it"/>
    <testcase time="0.00900000000000034" classname="Reporter" name="from_jsondir_returns_identical_equal_object">
      <error type="error" message="Error in `.getReactiveEnvironment()$currentContext()`: Operation not allowed without an active reactive context. ('test-Reporter.R:198:3')">Error in `.getReactiveEnvironment()$currentContext()`: Operation not allowed without an active reactive context.
• You tried to do something that can only be done from inside a reactive consumer.
Backtrace:
     ▆
  1. ├─testthat::expect_identical(reporter, reporter$from_jsondir(temp_dir)) at test-Reporter.R:198:3
  2. │ └─testthat::quasi_label(enquo(expected), expected.label, arg = "expected")
  3. │   └─rlang::eval_bare(expr, quo_get_env(quo))
  4. └─reporter$from_jsondir(temp_dir)
  5.   └─self$reset()
  6.     ├─base::names(private$cards)
  7.     └─shiny:::names.reactivevalues(private$cards)
  8.       └─.subset2(x, "impl")$names()
  9.         └─.namesDeps$register()
 10.           └─shiny:::getCurrentContext()
 11.             └─.getReactiveEnvironment()$currentContext()
 12.               └─rlang::abort(...)</error>
    </testcase>
    <testcase time="0.0410000000000004" classname="Reporter" name="to_jsondir_and_from_jsondir_could_be_used_to_save_and_retrive_a_Reporter">
      <error type="error" message="Error in `.getReactiveEnvironment()$currentContext()`: Operation not allowed without an active reactive context. ('test-Reporter.R:202:3')">Error in `.getReactiveEnvironment()$currentContext()`: Operation not allowed without an active reactive context.
• You tried to do something that can only be done from inside a reactive consumer.
Backtrace:
    ▆
 1. └─reporter$from_jsondir(reporter$to_jsondir(temp_dir)) at test-Reporter.R:202:3
 2.   └─self$reset()
 3.     ├─base::names(private$cards)
 4.     └─shiny:::names.reactivevalues(private$cards)
 5.       └─.subset2(x, "impl")$names()
 6.         └─.namesDeps$register()
 7.           └─shiny:::getCurrentContext()
 8.             └─.getReactiveEnvironment()$currentContext()
 9.               └─rlang::abort(...)</error>
    </testcase>
    <testcase time="0.036999999999999" classname="Reporter" name="returns_the_correct_order">
      <error type="error" message="Error in `eval(code, test_env)`: object 'card1' not found ('test-Reporter.R:221:5')">Error in `eval(code, test_env)`: object 'card1' not found
Backtrace:
    ▆
 1. └─reporter$append_cards(list(card1, card2, card3)) at test-Reporter.R:221:5
 2.   └─checkmate::test_multi_class(...)
 3.     ├─base::isTRUE(checkMultiClass(x, classes, null.ok))
 4.     └─checkmate::checkMultiClass(x, classes, null.ok)</error>
    </testcase>
    <testcase time="0.0250000000000004" classname="Reporter" name="returns_the_correct_order_after_removal">
      <error type="error" message="Error in `eval(code, test_env)`: object 'card1' not found ('test-Reporter.R:232:5')">Error in `eval(code, test_env)`: object 'card1' not found
Backtrace:
    ▆
 1. └─reporter$append_cards(list(card1, card2, card3)) at test-Reporter.R:232:5
 2.   └─checkmate::test_multi_class(...)
 3.     ├─base::isTRUE(checkMultiClass(x, classes, null.ok))
 4.     └─checkmate::checkMultiClass(x, classes, null.ok)</error>
    </testcase>
    <testcase time="0.0240000000000009" classname="Reporter" name="returns_the_correct_order_after_adding_new_card_at_the_end_">
      <error type="error" message="Error in `eval(code, test_env)`: object 'card1' not found ('test-Reporter.R:245:5')">Error in `eval(code, test_env)`: object 'card1' not found
Backtrace:
    ▆
 1. └─reporter$append_cards(list(card1, card2, card3)) at test-Reporter.R:245:5
 2.   └─checkmate::test_multi_class(...)
 3.     ├─base::isTRUE(checkMultiClass(x, classes, null.ok))
 4.     └─checkmate::checkMultiClass(x, classes, null.ok)</error>
    </testcase>
  </testsuite>
  <testsuite name="ResetModule" timestamp="2025-05-29T15:20:02Z" hostname="5934781ce8c4" tests="3" skipped="0" failures="0" errors="0" time="0.241">
    <testcase time="0.152999999999999" classname="ResetModule" name="simple_reporter_srv_reset_a_reporter"/>
    <testcase time="0.0690000000000008" classname="ResetModule" name="simple_reporter_srv_reset_a_reporter"/>
    <testcase time="0.0190000000000001" classname="ResetModule" name="simple_reporter_srv_reset_a_reporter"/>
  </testsuite>
  <testsuite name="SimpleReporter" timestamp="2025-05-29T15:20:02Z" hostname="5934781ce8c4" tests="5" skipped="0" failures="1" errors="0" time="0.74">
    <testcase time="0.408999999999999" classname="SimpleReporter" name="simple_reporter_srv_render_and_downlaod_a_document"/>
    <testcase time="0.00900000000000034" classname="SimpleReporter" name="simple_reporter_srv_render_and_downlaod_a_document"/>
    <testcase time="0.00300000000000011" classname="SimpleReporter" name="simple_reporter_srv_render_and_downlaod_a_document"/>
    <testcase time="0.301" classname="SimpleReporter" name="simple_reporter_srv_add_a_Card_to_Reporter"/>
    <testcase time="0.0180000000000007" classname="SimpleReporter" name="simple_reporter_ui_returns_a_shiny.tag">
      <failure type="failure" message="inherits(simple_reporter_ui(&quot;sth&quot;), &quot;shiny.tag.list&quot;) is not TRUE ('test-SimpleReporter.R:63:3')">inherits(simple_reporter_ui("sth"), "shiny.tag.list") is not TRUE

`actual`:   FALSE
`expected`: TRUE </failure>
    </testcase>
  </testsuite>
  <testsuite name="TableBlock" timestamp="2025-05-29T15:20:03Z" hostname="5934781ce8c4" tests="11" skipped="0" failures="0" errors="0" time="9.844">
    <testcase time="0.0250000000000004" classname="TableBlock" name="TableBlock_object_can_be_created"/>
    <testcase time="0.00499999999999901" classname="TableBlock" name="new_returns_an_object_of_type_TableBlock"/>
    <testcase time="1.545" classname="TableBlock" name="set_content_accepts_a_table_object"/>
    <testcase time="0.00900000000000034" classname="TableBlock" name="set_content_asserts_the_argument_is_a_plot"/>
    <testcase time="1.565" classname="TableBlock" name="set_content_returns_the_TableBlock_object"/>
    <testcase time="0.00399999999999778" classname="TableBlock" name="get_content_returns_character_0_on_a_newly_initialized_TableBlock"/>
    <testcase time="1.587" classname="TableBlock" name="to_list_returns_a_named_list_with_a_one_field_a_proper_file_name"/>
    <testcase time="1.636" classname="TableBlock" name="to_list_returns_a_named_list_with_a_one_field_a_proper_path"/>
    <testcase time="1.631" classname="TableBlock" name="from_list_after_to_list_to_save_and_retrive"/>
    <testcase time="1.641" classname="TableBlock" name="set_content_supports_data.frame_object"/>
    <testcase time="0.196000000000002" classname="TableBlock" name="set_content_supports_rtables_object"/>
  </testsuite>
  <testsuite name="TextBlock" timestamp="2025-05-29T15:20:12Z" hostname="5934781ce8c4" tests="18" skipped="0" failures="0" errors="0" time="0.098">
    <testcase time="0.0069999999999979" classname="TextBlock" name="TextBlock_object_can_be_created"/>
    <testcase time="0.00600000000000023" classname="TextBlock" name="new_returns_an_object_of_type_TextBlock"/>
    <testcase time="0.00400000000000134" classname="TextBlock" name="set_content_accepts_a_string"/>
    <testcase time="0.00799999999999912" classname="TextBlock" name="set_content_asserts_the_argument_is_a_string"/>
    <testcase time="0.00400000000000134" classname="TextBlock" name="set_content_returns_the_TextBlock_object"/>
    <testcase time="0.00399999999999778" classname="TextBlock" name="get_content_returns_character_0_on_a_newly_initialized_TextBlock"/>
    <testcase time="0.00400000000000134" classname="TextBlock" name="get_content_returns_previously_set_string"/>
    <testcase time="0.00499999999999901" classname="TextBlock" name="get_available_styles_returns_an_array_of_character"/>
    <testcase time="0.00499999999999901" classname="TextBlock" name="set_style_accepts_one_of_the_styles_returned_by_get_available_styles"/>
    <testcase time="0.00100000000000122" classname="TextBlock" name="set_style_accepts_one_of_the_styles_returned_by_get_available_styles"/>
    <testcase time="0.00199999999999889" classname="TextBlock" name="set_style_accepts_one_of_the_styles_returned_by_get_available_styles"/>
    <testcase time="0.00700000000000145" classname="TextBlock" name="set_style_accepts_one_of_the_styles_returned_by_get_available_styles"/>
    <testcase time="0.0109999999999992" classname="TextBlock" name="set_style_asserts_the_argument_is_one_of_styles_in_get_available_styles"/>
    <testcase time="0.00499999999999901" classname="TextBlock" name="set_style_returns_the_TextBlock_object"/>
    <testcase time="0.00400000000000134" classname="TextBlock" name="get_style_returns_the_set_style"/>
    <testcase time="0.00300000000000011" classname="TextBlock" name="to_list_returns_a_two_field_named_list"/>
    <testcase time="0.00900000000000034" classname="TextBlock" name="from_list_returns_a_similar_output_to_set_content"/>
    <testcase time="0.00900000000000034" classname="TextBlock" name="from_list_after_to_list_to_save_and_retrive"/>
  </testsuite>
  <testsuite name="addCardModule" timestamp="2025-05-29T15:20:12Z" hostname="5934781ce8c4" tests="11" skipped="0" failures="0" errors="0" time="0.345">
    <testcase time="0.0309999999999988" classname="addCardModule" name="add_card_button_srv_add_a_Card_to_the_Reporter"/>
    <testcase time="0.0069999999999979" classname="addCardModule" name="add_card_button_ui_returns_a_tagList"/>
    <testcase time="0.0850000000000009" classname="addCardModule" name="add_card_button_srv_supports_custom_ReportCard_classes"/>
    <testcase time="0.0280000000000022" classname="addCardModule" name="add_card_button_srv_supports_passing_no_default_object_to_the_card"/>
    <testcase time="0.0259999999999998" classname="addCardModule" name="add_card_button_srv_try_the_card_fun"/>
    <testcase time="0.0289999999999999" classname="addCardModule" name="add_card_button_srv_try_the_card_fun"/>
    <testcase time="0.0289999999999999" classname="addCardModule" name="add_card_button_srv_try_the_card_fun"/>
    <testcase time="0.0299999999999976" classname="addCardModule" name="add_card_button_srv_supports_passing_card_fun_with_any_of_the_2_available_arguments"/>
    <testcase time="0.0259999999999998" classname="addCardModule" name="add_card_button_srv_supports_passing_card_fun_with_any_of_the_2_available_arguments"/>
    <testcase time="0.0280000000000022" classname="addCardModule" name="add_card_button_srv_supports_passing_card_fun_with_any_of_the_2_available_arguments"/>
    <testcase time="0.0259999999999998" classname="addCardModule" name="add_card_button_srv_supports_passing_card_fun_with_any_of_the_2_available_arguments"/>
  </testsuite>
  <testsuite name="utils" timestamp="2025-05-29T15:20:13Z" hostname="5934781ce8c4" tests="9" skipped="0" failures="0" errors="0" time="4.276">
    <testcase time="0.00799999999999912" classname="utils" name="panel_item"/>
    <testcase time="0.144000000000002" classname="utils" name="to_flextable_supported_class_data.frame_"/>
    <testcase time="0.117999999999999" classname="utils" name="to_flextable_supported_class_rtables_"/>
    <testcase time="3.989" classname="utils" name="to_flextable_supported_class_listing_df_"/>
    <testcase time="0.00799999999999912" classname="utils" name="to_flextable_unsupported_class"/>
    <testcase time="0.00499999999999901" classname="utils" name="split_text_block_splits_text_block_into_blocks_no_longer_than_n_lines"/>
    <testcase time="0.00100000000000122" classname="utils" name="split_text_block_splits_text_block_into_blocks_no_longer_than_n_lines"/>
    <testcase time="0.00100000000000122" classname="utils" name="split_text_block_splits_text_block_into_blocks_no_longer_than_n_lines"/>
    <testcase time="0.00199999999999889" classname="utils" name="split_text_block_splits_text_block_into_blocks_no_longer_than_n_lines"/>
  </testsuite>
  <testsuite name="yaml_utils" timestamp="2025-05-29T15:20:17Z" hostname="5934781ce8c4" tests="38" skipped="0" failures="0" errors="0" time="0.154">
    <testcase time="0.00600000000000023" classname="yaml_utils" name="yaml_quoted_adds_the_quoted_attribute_equal_to_TRUE_"/>
    <testcase time="0.00399999999999778" classname="yaml_utils" name="yaml_quoted_does_not_modify_the_value_of_the_object"/>
    <testcase time="0.00700000000000145" classname="yaml_utils" name="conv_str_logi_accept_only_a_string"/>
    <testcase time="0.00100000000000122" classname="yaml_utils" name="conv_str_logi_accept_only_a_string"/>
    <testcase time="0.00399999999999778" classname="yaml_utils" name="conv_str_logi_not_influence_the_regular_character"/>
    <testcase time="0.00500000000000256" classname="yaml_utils" name="conv_str_logi_character_TRUE_to_logical"/>
    <testcase time="0.00300000000000011" classname="yaml_utils" name="conv_str_logi_character_TRUE_to_logical"/>
    <testcase time="0.00199999999999889" classname="yaml_utils" name="conv_str_logi_character_TRUE_to_logical"/>
    <testcase time="0.00300000000000011" classname="yaml_utils" name="conv_str_logi_character_TRUE_to_logical"/>
    <testcase time="0.00300000000000011" classname="yaml_utils" name="conv_str_logi_character_TRUE_to_logical"/>
    <testcase time="0.00399999999999778" classname="yaml_utils" name="conv_str_logi_character_TRUE_to_logical"/>
    <testcase time="0.00300000000000011" classname="yaml_utils" name="conv_str_logi_character_TRUE_to_logical"/>
    <testcase time="0.00499999999999901" classname="yaml_utils" name="conv_str_logi_character_FALSE_to_logical"/>
    <testcase time="0.00300000000000011" classname="yaml_utils" name="conv_str_logi_character_FALSE_to_logical"/>
    <testcase time="0.00300000000000011" classname="yaml_utils" name="conv_str_logi_character_FALSE_to_logical"/>
    <testcase time="0.00300000000000011" classname="yaml_utils" name="conv_str_logi_character_FALSE_to_logical"/>
    <testcase time="0.00300000000000011" classname="yaml_utils" name="conv_str_logi_character_FALSE_to_logical"/>
    <testcase time="0.00300000000000011" classname="yaml_utils" name="conv_str_logi_character_FALSE_to_logical"/>
    <testcase time="0.00200000000000244" classname="yaml_utils" name="conv_str_logi_character_FALSE_to_logical"/>
    <testcase time="0.0069999999999979" classname="yaml_utils" name="rmd_outputs_all_returned_out_in_the_rmarkdown_namespace"/>
    <testcase time="0.00799999999999912" classname="yaml_utils" name="rmd_output_arguments_accepts_only_string_from_possible_rmarkdown_outputs"/>
    <testcase time="0.00200000000000244" classname="yaml_utils" name="rmd_output_arguments_accepts_only_string_from_possible_rmarkdown_outputs"/>
    <testcase time="0.00199999999999889" classname="yaml_utils" name="rmd_output_arguments_accepts_only_string_from_possible_rmarkdown_outputs"/>
    <testcase time="0.00300000000000011" classname="yaml_utils" name="rmd_output_arguments_returned_all_pdf_document_arguments"/>
    <testcase time="0.00499999999999901" classname="yaml_utils" name="rmd_output_arguments_returned_all_pdf_document_arguments_and_their_defaults"/>
    <testcase time="0.0100000000000016" classname="yaml_utils" name="as_yaml_auto_accept_a_named_list_optionally_nested_"/>
    <testcase time="0.00499999999999901" classname="yaml_utils" name="as_yaml_auto_accept_a_named_list_optionally_nested_"/>
    <testcase time="0.00199999999999889" classname="yaml_utils" name="as_yaml_auto_accept_a_named_list_optionally_nested_"/>
    <testcase time="0.00300000000000011" classname="yaml_utils" name="as_yaml_auto_accept_a_named_list_optionally_nested_"/>
    <testcase time="0.00400000000000134" classname="yaml_utils" name="as_yaml_auto_works_the_same_as_yaml_as.yaml_for_a_nested_list_when_as_header_is_FALSE"/>
    <testcase time="0.00400000000000134" classname="yaml_utils" name="as_yaml_auto_parse"/>
    <testcase time="0.00499999999999901" classname="yaml_utils" name="as_yaml_auto_warning_for_not_accepted_argument_and_skip_it"/>
    <testcase time="0.00100000000000122" classname="yaml_utils" name="as_yaml_auto_warning_for_not_accepted_argument_and_skip_it"/>
    <testcase time="0.00499999999999901" classname="yaml_utils" name="as_yaml_auto_silent_the_warning_for_not_accepted_argument_and_skip_it"/>
    <testcase time="0.00499999999999901" classname="yaml_utils" name="as_yaml_auto_convert_character_logical_to_logical"/>
    <testcase time="0.00799999999999912" classname="yaml_utils" name="as_yaml_auto_do_not_accept_multi_outputs_without_the_multi_output_argument"/>
    <testcase time="0.00500000000000256" classname="yaml_utils" name="as_yaml_auto_accept_multi_outputs_with_the_multi_output_argument"/>
    <testcase time="0.00300000000000011" classname="yaml_utils" name="get_yaml_field_returns_the_correct_result"/>
  </testsuite>
</testsuites>
