<?xml version="1.0" encoding="UTF-8"?>
<testsuites>
  <testsuite name="DownloadModule" timestamp="2025-09-03T10:09:02Z" hostname="e1f009f012c2" tests="3" skipped="0" failures="0" errors="0" time="1.613">
    <testcase time="1.581" classname="DownloadModule" name="download_report_button_srv_download_a_document"/>
    <testcase time="0.0230000000000001" classname="DownloadModule" name="download_report_button_srv_download_a_document"/>
    <testcase time="0.0089999999999999" classname="DownloadModule" name="download_report_button_srv_download_a_document"/>
  </testsuite>
  <testsuite name="DownloadReportModule" timestamp="2025-09-03T10:09:03Z" hostname="e1f009f012c2" tests="21" skipped="0" failures="0" errors="0" time="2.422">
    <testcase time="0.717" classname="DownloadReportModule" name="download_report_button_srv_render_and_downlaod_a_document"/>
    <testcase time="0.0089999999999999" classname="DownloadReportModule" name="download_report_button_srv_render_and_downlaod_a_document"/>
    <testcase time="0.00300000000000011" classname="DownloadReportModule" name="download_report_button_srv_render_and_downlaod_a_document"/>
    <testcase time="0.00300000000000011" classname="DownloadReportModule" name="download_report_button_srv_render_and_downlaod_a_document"/>
    <testcase time="0.141" classname="DownloadReportModule" name="download_report_button_srv_subset_of_rmd_yaml_args"/>
    <testcase time="0.00999999999999979" classname="DownloadReportModule" name="download_report_button_srv_subset_of_rmd_yaml_args"/>
    <testcase time="0.00900000000000034" classname="DownloadReportModule" name="download_report_button_srv_subset_of_rmd_yaml_args"/>
    <testcase time="0.016" classname="DownloadReportModule" name="download_report_button_srv_subset_of_rmd_yaml_args"/>
    <testcase time="0.0139999999999998" classname="DownloadReportModule" name="download_report_button_srv_subset_of_rmd_yaml_args"/>
    <testcase time="0.0140000000000002" classname="DownloadReportModule" name="download_report_button_srv_subset_of_rmd_yaml_args"/>
    <testcase time="0.0169999999999999" classname="DownloadReportModule" name="download_report_button_ui_returns_a_tagList"/>
    <testcase time="0.548" classname="DownloadReportModule" name="report_render_and_compress_valid_arguments"/>
    <testcase time="0.167" classname="DownloadReportModule" name="report_render_and_compress_invalid_arguments"/>
    <testcase time="0.00500000000000034" classname="DownloadReportModule" name="report_render_and_compress_invalid_arguments"/>
    <testcase time="0.004" classname="DownloadReportModule" name="report_render_and_compress_invalid_arguments"/>
    <testcase time="0.546" classname="DownloadReportModule" name="report_render_and_compress_render_an_html_document"/>
    <testcase time="0.00900000000000034" classname="DownloadReportModule" name="report_render_and_compress_render_an_html_document"/>
    <testcase time="0.00199999999999978" classname="DownloadReportModule" name="report_render_and_compress_render_an_html_document"/>
    <testcase time="0.00300000000000011" classname="DownloadReportModule" name="report_render_and_compress_render_an_html_document"/>
    <testcase time="0.165999999999999" classname="DownloadReportModule" name="any_rcode_block"/>
    <testcase time="0.0190000000000001" classname="DownloadReportModule" name="any_rcode_block"/>
  </testsuite>
  <testsuite name="LoadReporterModule" timestamp="2025-09-03T10:09:05Z" hostname="e1f009f012c2" tests="15" skipped="0" failures="0" errors="0" time="0.585">
    <testcase time="0.26" classname="LoadReporterModule" name="report_load_srv_loading_reporter_restores_saved_content"/>
    <testcase time="0.00199999999999978" classname="LoadReporterModule" name="report_load_srv_loading_reporter_restores_saved_content"/>
    <testcase time="0.00400000000000045" classname="LoadReporterModule" name="report_load_srv_loading_reporter_restores_saved_content"/>
    <testcase time="0.00499999999999989" classname="LoadReporterModule" name="report_load_srv_loading_reporter_restores_saved_content"/>
    <testcase time="0.00399999999999956" classname="LoadReporterModule" name="report_load_srv_loading_reporter_restores_saved_content"/>
    <testcase time="0.00200000000000067" classname="LoadReporterModule" name="report_load_srv_loading_reporter_restores_saved_content"/>
    <testcase time="0.231999999999999" classname="LoadReporterModule" name="report_load_srv_loading_reporter_with_ReportCard_restores_saved_content_with_old_blocks_"/>
    <testcase time="0.00300000000000011" classname="LoadReporterModule" name="report_load_srv_loading_reporter_with_ReportCard_restores_saved_content_with_old_blocks_"/>
    <testcase time="0.00300000000000011" classname="LoadReporterModule" name="report_load_srv_loading_reporter_with_ReportCard_restores_saved_content_with_old_blocks_"/>
    <testcase time="0.00900000000000034" classname="LoadReporterModule" name="report_load_srv_loading_reporter_with_ReportCard_restores_saved_content_with_old_blocks_"/>
    <testcase time="0.00300000000000011" classname="LoadReporterModule" name="report_load_srv_loading_reporter_with_ReportCard_restores_saved_content_with_old_blocks_"/>
    <testcase time="0.00499999999999989" classname="LoadReporterModule" name="report_load_srv_loading_reporter_with_ReportCard_restores_saved_content_with_old_blocks_"/>
    <testcase time="0.00300000000000011" classname="LoadReporterModule" name="report_load_srv_loading_reporter_with_ReportCard_restores_saved_content_with_old_blocks_"/>
    <testcase time="0.0419999999999998" classname="LoadReporterModule" name="report_load_srv_fail_to_load_a_reporter_because_of_different_id"/>
    <testcase time="0.00800000000000001" classname="LoadReporterModule" name="report_load_ui_returns_a_tagList"/>
  </testsuite>
  <testsuite name="PreviewerReportModule-shinytest2" timestamp="2025-09-03T10:09:06Z" hostname="e1f009f012c2" tests="2" skipped="2" failures="0" errors="0" time="0.032">
    <testcase time="0.00800000000000001" classname="PreviewerReportModule_shinytest2" name="reporter_previewer_card_removal_works">
      <skipped message="Reason: testing depth 3 is below current testing specification 5 ('test-PreviewerReportModule-shinytest2.R:4:5')"/>
    </testcase>
    <testcase time="0.024" classname="PreviewerReportModule_shinytest2" name="reporter_previewer_card_editing_modal_is_being_shown">
      <skipped message="Reason: testing depth 3 is below current testing specification 5 ('test-PreviewerReportModule-shinytest2.R:19:5')"/>
    </testcase>
  </testsuite>
  <testsuite name="PreviewerReportModule" timestamp="2025-09-03T10:09:06Z" hostname="e1f009f012c2" tests="13" skipped="0" failures="0" errors="0" time="0.58">
    <testcase time="0.183" classname="PreviewerReportModule" name="reporter_previewer_srv_subset_of_rmd_yaml_args"/>
    <testcase time="0.0220000000000002" classname="PreviewerReportModule" name="reporter_previewer_srv_subset_of_rmd_yaml_args"/>
    <testcase time="0.0220000000000002" classname="PreviewerReportModule" name="reporter_previewer_srv_subset_of_rmd_yaml_args"/>
    <testcase time="0.0149999999999997" classname="PreviewerReportModule" name="reporter_previewer_srv_subset_of_rmd_yaml_args"/>
    <testcase time="0.0149999999999997" classname="PreviewerReportModule" name="reporter_previewer_srv_subset_of_rmd_yaml_args"/>
    <testcase time="0.0140000000000002" classname="PreviewerReportModule" name="reporter_previewer_srv_subset_of_rmd_yaml_args"/>
    <testcase time="0.109" classname="PreviewerReportModule" name="reporter_previewer_ui_returns_a_shiny_tag_list"/>
    <testcase time="0.032" classname="PreviewerReportModule" name="reporter_previewer_srv_previewer_buttons_parameter"/>
    <testcase time="0.0229999999999997" classname="PreviewerReportModule" name="reporter_previewer_srv_previewer_buttons_parameter"/>
    <testcase time="0.0150000000000006" classname="PreviewerReportModule" name="reporter_previewer_srv_previewer_buttons_parameter"/>
    <testcase time="0.0649999999999995" classname="PreviewerReportModule" name="reporter_previewer_srv_up_with_first_card_and_down_with_last_card_does_not_induce_change"/>
    <testcase time="0.00600000000000023" classname="PreviewerReportModule" name="reporter_previewer_srv_up_with_first_card_and_down_with_last_card_does_not_induce_change"/>
    <testcase time="0.0590000000000002" classname="PreviewerReportModule" name="reporter_previewer_srv_card_up_and_down_compensate"/>
  </testsuite>
  <testsuite name="ReportCard" timestamp="2025-09-03T10:09:06Z" hostname="e1f009f012c2" tests="28" skipped="0" failures="0" errors="0" time="0.416">
    <testcase time="0.0119999999999996" classname="ReportCard" name="ReportCard_object_can_be_created"/>
    <testcase time="0.00600000000000023" classname="ReportCard" name="new_returns_an_object_of_type_ReportCard"/>
    <testcase time="0.00499999999999989" classname="ReportCard" name="append_text_accepts_a_character"/>
    <testcase time="0.00600000000000023" classname="ReportCard" name="append_text_returns_self"/>
    <testcase time="0.00499999999999989" classname="ReportCard" name="append_table_accepts_a_data.frame"/>
    <testcase time="0.00600000000000023" classname="ReportCard" name="append_table_returns_self"/>
    <testcase time="0.048" classname="ReportCard" name="append_plot_returns_self"/>
    <testcase time="0.0389999999999997" classname="ReportCard" name="append_plot_accepts_a_ggplot"/>
    <testcase time="0.0449999999999999" classname="ReportCard" name="append_plot_accepts_a_ggplot_with_a_dim"/>
    <testcase time="0.00600000000000023" classname="ReportCard" name="append_rcode_accepts_a_character"/>
    <testcase time="0.00499999999999989" classname="ReportCard" name="append_rcode_returns_self"/>
    <testcase time="0.04" classname="ReportCard" name="get_content_returns_a_list_of_objects"/>
    <testcase time="0.00100000000000033" classname="ReportCard" name="get_content_returns_a_list_of_objects"/>
    <testcase time="0.0109999999999992" classname="ReportCard" name="get_metadata_returns_a_list_of_mixed_objects"/>
    <testcase time="0.00700000000000056" classname="ReportCard" name="get_metadata_returns_a_named_list"/>
    <testcase time="0.0119999999999996" classname="ReportCard" name="append_metadata_returns_an_object_of_type_ReportCard"/>
    <testcase time="0.00600000000000023" classname="ReportCard" name="append_metadata_accepts_a_character_key_and_a_character_or_list_value"/>
    <testcase time="0.00100000000000033" classname="ReportCard" name="append_metadata_accepts_a_character_key_and_a_character_or_list_value"/>
    <testcase time="0.00800000000000001" classname="ReportCard" name="append_metadata_throws_error_if_key_is_not_character"/>
    <testcase time="0.00599999999999934" classname="ReportCard" name="append_metadata_throws_error_if_key_is_not_character"/>
    <testcase time="0.00800000000000001" classname="ReportCard" name="append_metadata_throws_error_if_value_if_missing"/>
    <testcase time="0.00800000000000001" classname="ReportCard" name="append_metadata_throws_error_if_key_is_missing"/>
    <testcase time="0.00900000000000034" classname="ReportCard" name="append_metadata_throws_error_if_keys_are_duplicated"/>
    <testcase time="0.0599999999999996" classname="ReportCard" name="The_deep_copy_constructor_copies_the_plot_object"/>
    <testcase time="0.0430000000000001" classname="ReportCard" name="The_deep_copy_constructor_copies_the_objects"/>
    <testcase time="0.00300000000000011" classname="ReportCard" name="The_deep_copy_constructor_copies_the_objects"/>
    <testcase time="0.00700000000000056" classname="ReportCard" name="setting_and_getting_a_name_to_the_ReportCard"/>
    <testcase time="0.00299999999999923" classname="ReportCard" name="setting_and_getting_a_name_to_the_ReportCard"/>
  </testsuite>
  <testsuite name="Reporter" timestamp="2025-09-03T10:09:07Z" hostname="e1f009f012c2" tests="26" skipped="0" failures="1" errors="2" time="26.981">
    <testcase time="0.0100000000000007" classname="Reporter" name="Reporter_object_can_be_created"/>
    <testcase time="0.00800000000000001" classname="Reporter" name="new_returns_an_object_of_type_Reporter"/>
    <testcase time="0.00800000000000001" classname="Reporter" name="default_reporter_id"/>
    <testcase time="3.658" classname="Reporter" name="set_id_sets_the_reporter_id_and_returns_reporter"/>
    <testcase time="0.00300000000000011" classname="Reporter" name="set_id_sets_the_reporter_id_and_returns_reporter"/>
    <testcase time="7.279" classname="Reporter" name="Reporter_with_ReportCard_get_cards_returns_the_same_cards_which_was_added_to_reporter">
      <failure type="failure" message="unname(reporter$get_cards()) (`actual`) not equal to list(test_card1(), test_card2()) (`expected`). ('test-Reporter.R:24:5')">unname(reporter$get_cards()) (`actual`) not equal to list(test_card1(), test_card2()) (`expected`).

actual[[1]][[3]][[1]][[3]][[2]][[2]][[1]][[1]][[1]][[8]] vs expected[[1]][[3]][[1]][[3]][[2]][[2]][[1]][[1]][[1]][[8]]
- "plot.background..rect.512"
+ "plot.background..rect.548"

actual[[1]][[3]][[1]][[3]][[2]][[2]][[1]][[1]][[3]][[5]] vs expected[[1]][[3]][[1]][[3]][[2]][[2]][[1]][[1]][[3]][[5]]
- "GRID.absoluteGrob.501"
+ "GRID.absoluteGrob.537"

`actual[[1]][[3]][[1]][[3]][[2]][[2]][[1]][[1]][[3]][[7]][[17]]`:   "GRID.VP.26"
`expected[[1]][[3]][[1]][[3]][[2]][[2]][[1]][[1]][[3]][[7]][[17]]`: "GRID.VP.30"

actual[[1]][[3]][[1]][[3]][[2]][[2]][[1]][[1]][[3]][[8]][[2]][[1]][[1]][[6]] vs expected[[1]][[3]][[1]][[3]][[2]][[2]][[1]][[1]][[3]][[8]][[2]][[1]][[1]][[6]]
- "GRID.polyline.498"
+ "GRID.polyline.534"

actual[[1]][[3]][[1]][[3]][[2]][[2]][[1]][[1]][[3]][[8]][[2]][[1]][[2]][[1]][[2]][[2]][[1]][[2]][[9]] vs expected[[1]][[3]][[1]][[3]][[2]][[2]][[1]][[1]][[3]][[8]][[2]][[1]][[2]][[1]][[2]][[2]][[1]][[2]][[9]]
- "GRID.text.499"
+ "GRID.text.535"

actual[[1]][[3]][[1]][[3]][[2]][[2]][[1]][[1]][[3]][[8]][[2]][[1]][[2]][[3]] vs expected[[1]][[3]][[1]][[3]][[2]][[2]][[1]][[1]][[3]][[8]][[2]][[1]][[2]][[3]]
- "GRID.titleGrob.500"
+ "GRID.titleGrob.536"

actual[[1]][[3]][[1]][[3]][[2]][[2]][[1]][[1]][[3]][[8]][[2]][[1]][[2]][[6]][[1]][[9]] vs expected[[1]][[3]][[1]][[3]][[2]][[2]][[1]][[1]][[3]][[8]][[2]][[1]][[2]][[6]][[1]][[9]]
- "GRID.text.499"
+ "GRID.text.535"

actual[[1]][[3]][[1]][[3]][[2]][[2]][[1]][[1]][[3]][[8]][[2]][[1]][[2]][[7]] vs expected[[1]][[3]][[1]][[3]][[2]][[2]][[1]][[1]][[3]][[8]][[2]][[1]][[2]][[7]]
- "GRID.text.499"
+ "GRID.text.535"

actual[[1]][[3]][[1]][[3]][[2]][[2]][[1]][[1]][[6]][[1]] vs expected[[1]][[3]][[1]][[3]][[2]][[2]][[1]][[1]][[6]][[1]]
- "panel-1.gTree.493"
+ "panel-1.gTree.529"

actual[[1]][[3]][[1]][[3]][[2]][[2]][[1]][[1]][[6]][[4]][[1]][[1]] vs expected[[1]][[3]][[1]][[3]][[2]][[2]][[1]][[1]][[6]][[4]][[1]][[1]]
- "grill.gTree.491"
+ "grill.gTree.527"

actual[[1]][[3]][[1]][[3]][[2]][[2]][[1]][[1]][[6]][[4]][[1]][[4]][[1]][[8]] vs expected[[1]][[3]][[1]][[3]][[2]][[2]][[1]][[1]][[6]][[4]][[1]][[4]][[1]][[8]]
- "panel.background..rect.482"
+ "panel.background..rect.518"

actual[[1]][[3]][[1]][[3]][[2]][[2]][[1]][[1]][[6]][[4]][[1]][[4]][[2]][[6]] vs expected[[1]][[3]][[1]][[3]][[2]][[2]][[1]][[1]][[6]][[4]][[1]][[4]][[2]][[6]]
- "panel.grid.minor.y..polyline.484"
+ "panel.grid.minor.y..polyline.520"

actual[[1]][[3]][[1]][[3]][[2]][[2]][[1]][[1]][[6]][[4]][[1]][[4]][[3]][[6]] vs expected[[1]][[3]][[1]][[3]][[2]][[2]][[1]][[1]][[6]][[4]][[1]][[4]][[3]][[6]]
- "panel.grid.minor.x..polyline.486"
+ "panel.grid.minor.x..polyline.522"

actual[[1]][[3]][[1]][[3]][[2]][[2]][[1]][[1]][[6]][[4]][[1]][[4]][[4]][[6]] vs expected[[1]][[3]][[1]][[3]][[2]][[2]][[1]][[1]][[6]][[4]][[1]][[4]][[4]][[6]]
- "panel.grid.major.y..polyline.488"
+ "panel.grid.major.y..polyline.524"

actual[[1]][[3]][[1]][[3]][[2]][[2]][[1]][[1]][[6]][[4]][[1]][[4]][[5]][[6]] vs expected[[1]][[3]][[1]][[3]][[2]][[2]][[1]][[1]][[6]][[4]][[1]][[4]][[5]][[6]]
- "panel.grid.major.x..polyline.490"
+ "panel.grid.major.x..polyline.526"

actual[[1]][[3]][[1]][[3]][[2]][[2]][[1]][[1]][[6]][[4]][[1]][[5]] vs expected[[1]][[3]][[1]][[3]][[2]][[2]][[1]][[1]][[6]][[4]][[1]][[5]]
- "panel.background..rect.482"
+ "panel.background..rect.518"
- "panel.grid.minor.y..polyline.484"
+ "panel.grid.minor.y..polyline.520"
- "panel.grid.minor.x..polyline.486"
+ "panel.grid.minor.x..polyline.522"
- "panel.grid.major.y..polyline.488"
+ "panel.grid.major.y..polyline.524"
- "panel.grid.major.x..polyline.490"
+ "panel.grid.major.x..polyline.526"

actual[[1]][[3]][[1]][[3]][[2]][[2]][[1]][[1]][[6]][[4]][[3]][[8]] vs expected[[1]][[3]][[1]][[3]][[2]][[2]][[1]][[1]][[6]][[4]][[3]][[8]]
- "geom_rect.rect.478"
+ "geom_rect.rect.514"

actual[[1]][[3]][[1]][[3]][[2]][[2]][[1]][[1]][[6]][[4]][[5]][[1]] vs expected[[1]][[3]][[1]][[3]][[2]][[2]][[1]][[1]][[6]][[4]][[5]][[1]]
- "panel.border..zeroGrob.479"
+ "panel.border..zeroGrob.515"

actual[[1]][[3]][[1]][[3]][[2]][[2]][[1]][[1]][[6]][[5]] vs expected[[1]][[3]][[1]][[3]][[2]][[2]][[1]][[1]][[6]][[5]]
- "grill.gTree.491"
+ "grill.gTree.527"
  "NULL"
- "geom_rect.rect.478"
+ "geom_rect.rect.514"
  "NULL"
- "panel.border..zeroGrob.479"
+ "panel.border..zeroGrob.515"

actual[[1]][[3]][[1]][[3]][[2]][[2]][[1]][[1]][[7]][[5]] vs expected[[1]][[3]][[1]][[3]][[2]][[2]][[1]][[1]][[7]][[5]]
- "GRID.absoluteGrob.497"
+ "GRID.absoluteGrob.533"

`actual[[1]][[3]][[1]][[3]][[2]][[2]][[1]][[1]][[7]][[7]][[17]]`:   "GRID.VP.25"
`expected[[1]][[3]][[1]][[3]][[2]][[2]][[1]][[1]][[7]][[7]][[17]]`: "GRID.VP.29"

actual[[1]][[3]][[1]][[3]][[2]][[2]][[1]][[1]][[7]][[8]][[2]][[1]][[1]][[6]] vs expected[[1]][[3]][[1]][[3]][[2]][[2]][[1]][[1]][[7]][[8]][[2]][[1]][[1]][[6]]
- "GRID.polyline.494"
+ "GRID.polyline.530"

actual[[1]][[3]][[1]][[3]][[2]][[2]][[1]][[1]][[7]][[8]][[2]][[1]][[2]][[2]][[2]][[2]][[1]][[2]][[9]] vs expected[[1]][[3]][[1]][[3]][[2]][[2]][[1]][[1]][[7]][[8]][[2]][[1]][[2]][[2]][[2]][[2]][[1]][[2]][[9]]
- "GRID.text.495"
+ "GRID.text.531"

actual[[1]][[3]][[1]][[3]][[2]][[2]][[1]][[1]][[7]][[8]][[2]][[1]][[2]][[3]] vs expected[[1]][[3]][[1]][[3]][[2]][[2]][[1]][[1]][[7]][[8]][[2]][[1]][[2]][[3]]
- "GRID.titleGrob.496"
+ "GRID.titleGrob.532"

actual[[1]][[3]][[1]][[3]][[2]][[2]][[1]][[1]][[7]][[8]][[2]][[1]][[2]][[6]][[1]][[9]] vs expected[[1]][[3]][[1]][[3]][[2]][[2]][[1]][[1]][[7]][[8]][[2]][[1]][[2]][[6]][[1]][[9]]
- "GRID.text.495"
+ "GRID.text.531"

actual[[1]][[3]][[1]][[3]][[2]][[2]][[1]][[1]][[7]][[8]][[2]][[1]][[2]][[7]] vs expected[[1]][[3]][[1]][[3]][[2]][[2]][[1]][[1]][[7]][[8]][[2]][[1]][[2]][[7]]
- "GRID.text.495"
+ "GRID.text.531"

actual[[1]][[3]][[1]][[3]][[2]][[2]][[1]][[1]][[12]][[2]][[2]][[2]][[1]][[2]][[9]] vs expected[[1]][[3]][[1]][[3]][[2]][[2]][[1]][[1]][[12]][[2]][[2]][[2]][[1]][[2]][[9]]
- "GRID.text.502"
+ "GRID.text.538"

actual[[1]][[3]][[1]][[3]][[2]][[2]][[1]][[1]][[12]][[3]] vs expected[[1]][[3]][[1]][[3]][[2]][[2]][[1]][[1]][[12]][[3]]
- "axis.title.x.bottom..titleGrob.504"
+ "axis.title.x.bottom..titleGrob.540"

actual[[1]][[3]][[1]][[3]][[2]][[2]][[1]][[1]][[12]][[6]][[1]][[9]] vs expected[[1]][[3]][[1]][[3]][[2]][[2]][[1]][[1]][[12]][[6]][[1]][[9]]
- "GRID.text.502"
+ "GRID.text.538"

`actual[[1]][[3]][[1]][[3]][[2]][[2]][[1]][[1]][[12]][[7]]`:   "GRID.text.502"
`expected[[1]][[3]][[1]][[3]][[2]][[2]][[1]][[1]][[12]][[7]]`: "GRID.text.538"

actual[[1]][[3]][[1]][[3]][[2]][[2]][[1]][[1]][[13]][[1]][[2]][[2]][[1]][[2]][[9]] vs expected[[1]][[3]][[1]][[3]][[2]][[2]][[1]][[1]][[13]][[1]][[2]][[2]][[1]][[2]][[9]]
- "GRID.text.505"
+ "GRID.text.541"

actual[[1]][[3]][[1]][[3]][[2]][[2]][[1]][[1]][[13]][[3]] vs expected[[1]][[3]][[1]][[3]][[2]][[2]][[1]][[1]][[13]][[3]]
- "axis.title.y.left..titleGrob.507"
+ "axis.title.y.left..titleGrob.543"

actual[[1]][[3]][[1]][[3]][[2]][[2]][[1]][[1]][[13]][[6]][[1]][[9]] vs expected[[1]][[3]][[1]][[3]][[2]][[2]][[1]][[1]][[13]][[6]][[1]][[9]]
- "GRID.text.505"
+ "GRID.text.541"

`actual[[1]][[3]][[1]][[3]][[2]][[2]][[1]][[1]][[13]][[7]]`:   "GRID.text.505"
`expected[[1]][[3]][[1]][[3]][[2]][[2]][[1]][[1]][[13]][[7]]`: "GRID.text.541"

actual[[1]][[3]][[1]][[3]][[2]][[2]][[1]][[1]][[20]][[1]] vs expected[[1]][[3]][[1]][[3]][[2]][[2]][[1]][[1]][[20]][[1]]
- "plot.subtitle..zeroGrob.509"
+ "plot.subtitle..zeroGrob.545"

actual[[1]][[3]][[1]][[3]][[2]][[2]][[1]][[1]][[21]][[1]] vs expected[[1]][[3]][[1]][[3]][[2]][[2]][[1]][[1]][[21]][[1]]
- "plot.title..zeroGrob.508"
+ "plot.title..zeroGrob.544"

actual[[1]][[3]][[1]][[3]][[2]][[2]][[1]][[1]][[22]][[1]] vs expected[[1]][[3]][[1]][[3]][[2]][[2]][[1]][[1]][[22]][[1]]
- "plot.caption..zeroGrob.510"
+ "plot.caption..zeroGrob.546"

actual[[1]][[3]][[1]][[3]][[2]][[2]][[1]][[3]][[5]][[2]][[1]][[2]][[2]][[1]][[2]][[9]] vs expected[[1]][[3]][[1]][[3]][[2]][[2]][[1]][[3]][[5]][[2]][[1]][[2]][[2]][[1]][[2]][[9]]
- "GRID.text.505"
+ "GRID.text.541"

actual[[1]][[3]][[1]][[3]][[2]][[2]][[1]][[3]][[5]][[2]][[3]] vs expected[[1]][[3]][[1]][[3]][[2]][[2]][[1]][[3]][[5]][[2]][[3]]
- "axis.title.y.left..titleGrob.507"
+ "axis.title.y.left..titleGrob.543"

actual[[1]][[3]][[1]][[3]][[2]][[2]][[1]][[3]][[5]][[2]][[6]][[1]][[9]] vs expected[[1]][[3]][[1]][[3]][[2]][[2]][[1]][[3]][[5]][[2]][[6]][[1]][[9]]
- "GRID.text.505"
+ "GRID.text.541"

actual[[1]][[3]][[1]][[3]][[2]][[2]][[1]][[3]][[5]][[2]][[7]] vs expected[[1]][[3]][[1]][[3]][[2]][[2]][[1]][[3]][[5]][[2]][[7]]
- "GRID.text.505"
+ "GRID.text.541"

actual[[1]][[3]][[1]][[3]][[2]][[2]][[1]][[4]][[11]][[2]][[2]][[2]][[2]][[1]][[2]][[9]] vs expected[[1]][[3]][[1]][[3]][[2]][[2]][[1]][[4]][[11]][[2]][[2]][[2]][[2]][[1]][[2]][[9]]
- "GRID.text.502"
+ "GRID.text.538"

actual[[1]][[3]][[1]][[3]][[2]][[2]][[1]][[4]][[11]][[2]][[3]] vs expected[[1]][[3]][[1]][[3]][[2]][[2]][[1]][[4]][[11]][[2]][[3]]
- "axis.title.x.bottom..titleGrob.504"
+ "axis.title.x.bottom..titleGrob.540"

actual[[1]][[3]][[1]][[3]][[2]][[2]][[1]][[4]][[11]][[2]][[6]][[1]][[9]] vs expected[[1]][[3]][[1]][[3]][[2]][[2]][[1]][[4]][[11]][[2]][[6]][[1]][[9]]
- "GRID.text.502"
+ "GRID.text.538"

actual[[1]][[3]][[1]][[3]][[2]][[2]][[1]][[4]][[11]][[2]][[7]] vs expected[[1]][[3]][[1]][[3]][[2]][[2]][[1]][[4]][[11]][[2]][[7]]
- "GRID.text.502"
+ "GRID.text.538"

actual[[1]][[3]][[3]][[1]][[1]][[28]][[1]][[11]][[3]][[5]][[2]][[1]][[2]][[2]][[1]][[2]][[9]] vs expected[[1]][[3]][[3]][[1]][[1]][[28]][[1]][[11]][[3]][[5]][[2]][[1]][[2]][[2]][[1]][[2]][[9]]
- "GRID.text.505"
+ "GRID.text.541"

actual[[1]][[3]][[3]][[1]][[1]][[28]][[1]][[11]][[3]][[5]][[2]][[3]] vs expected[[1]][[3]][[3]][[1]][[1]][[28]][[1]][[11]][[3]][[5]][[2]][[3]]
- "axis.title.y.left..titleGrob.507"
+ "axis.title.y.left..titleGrob.543"

actual[[1]][[3]][[3]][[1]][[1]][[28]][[1]][[11]][[3]][[5]][[2]][[6]][[1]][[9]] vs expected[[1]][[3]][[3]][[1]][[1]][[28]][[1]][[11]][[3]][[5]][[2]][[6]][[1]][[9]]
- "GRID.text.505"
+ "GRID.text.541"

actual[[1]][[3]][[3]][[1]][[1]][[28]][[1]][[11]][[3]][[5]][[2]][[7]] vs expected[[1]][[3]][[3]][[1]][[1]][[28]][[1]][[11]][[3]][[5]][[2]][[7]]
- "GRID.text.505"
+ "GRID.text.541"

actual[[1]][[3]][[3]][[1]][[1]][[28]][[1]][[11]][[4]][[11]][[2]][[2]][[2]][[2]][[1]][[2]][[9]] vs expected[[1]][[3]][[3]][[1]][[1]][[28]][[1]][[11]][[4]][[11]][[2]][[2]][[2]][[2]][[1]][[2]][[9]]
- "GRID.text.502"
+ "GRID.text.538"

actual[[1]][[3]][[3]][[1]][[1]][[28]][[1]][[11]][[4]][[11]][[2]][[3]] vs expected[[1]][[3]][[3]][[1]][[1]][[28]][[1]][[11]][[4]][[11]][[2]][[3]]
- "axis.title.x.bottom..titleGrob.504"
+ "axis.title.x.bottom..titleGrob.540"

actual[[1]][[3]][[3]][[1]][[1]][[28]][[1]][[11]][[4]][[11]][[2]][[6]][[1]][[9]] vs expected[[1]][[3]][[3]][[1]][[1]][[28]][[1]][[11]][[4]][[11]][[2]][[6]][[1]][[9]]
- "GRID.text.502"
+ "GRID.text.538"

actual[[1]][[3]][[3]][[1]][[1]][[28]][[1]][[11]][[4]][[11]][[2]][[7]] vs expected[[1]][[3]][[3]][[1]][[1]][[28]][[1]][[11]][[4]][[11]][[2]][[7]]
- "GRID.text.502"
+ "GRID.text.538"

actual[[1]][[3]][[3]][[1]][[1]][[28]][[1]][[28]][[1]][[27]][[11]][[3]][[5]][[2]][[1]][[2]][[2]][[1]][[2]][[9]] vs expected[[1]][[3]][[3]][[1]][[1]][[28]][[1]][[28]][[1]][[27]][[11]][[3]][[5]][[2]][[1]][[2]][[2]][[1]][[2]][[9]]
- "GRID.text.505"
+ "GRID.text.541"

actual[[1]][[3]][[3]][[1]][[1]][[28]][[1]][[28]][[1]][[27]][[11]][[3]][[5]][[2]][[3]] vs expected[[1]][[3]][[3]][[1]][[1]][[28]][[1]][[28]][[1]][[27]][[11]][[3]][[5]][[2]][[3]]
- "axis.title.y.left..titleGrob.507"
+ "axis.title.y.left..titleGrob.543"

actual[[1]][[3]][[3]][[1]][[1]][[28]][[1]][[28]][[1]][[27]][[11]][[3]][[5]][[2]][[6]][[1]][[9]] vs expected[[1]][[3]][[3]][[1]][[1]][[28]][[1]][[28]][[1]][[27]][[11]][[3]][[5]][[2]][[6]][[1]][[9]]
- "GRID.text.505"
+ "GRID.text.541"

actual[[1]][[3]][[3]][[1]][[1]][[28]][[1]][[28]][[1]][[27]][[11]][[3]][[5]][[2]][[7]] vs expected[[1]][[3]][[3]][[1]][[1]][[28]][[1]][[28]][[1]][[27]][[11]][[3]][[5]][[2]][[7]]
- "GRID.text.505"
+ "GRID.text.541"

actual[[1]][[3]][[3]][[1]][[1]][[28]][[1]][[28]][[1]][[27]][[11]][[4]][[11]][[2]][[2]][[2]][[2]][[1]][[2]][[9]] vs expected[[1]][[3]][[3]][[1]][[1]][[28]][[1]][[28]][[1]][[27]][[11]][[4]][[11]][[2]][[2]][[2]][[2]][[1]][[2]][[9]]
- "GRID.text.502"
+ "GRID.text.538"

actual[[1]][[3]][[3]][[1]][[1]][[28]][[1]][[28]][[1]][[27]][[11]][[4]][[11]][[2]][[3]] vs expected[[1]][[3]][[3]][[1]][[1]][[28]][[1]][[28]][[1]][[27]][[11]][[4]][[11]][[2]][[3]]
- "axis.title.x.bottom..titleGrob.504"
+ "axis.title.x.bottom..titleGrob.540"

actual[[1]][[3]][[3]][[1]][[1]][[28]][[1]][[28]][[1]][[27]][[11]][[4]][[11]][[2]][[6]][[1]][[9]] vs expected[[1]][[3]][[3]][[1]][[1]][[28]][[1]][[28]][[1]][[27]][[11]][[4]][[11]][[2]][[6]][[1]][[9]]
- "GRID.text.502"
+ "GRID.text.538"

actual[[1]][[3]][[3]][[1]][[1]][[28]][[1]][[28]][[1]][[27]][[11]][[4]][[11]][[2]][[7]] vs expected[[1]][[3]][[3]][[1]][[1]][[28]][[1]][[28]][[1]][[27]][[11]][[4]][[11]][[2]][[7]]
- "GRID.text.502"
+ "GRID.text.538"

actual[[1]][[3]][[3]][[1]][[1]][[28]][[1]][[28]][[1]][[28]][[1]][[17]] vs expected[[1]][[3]][[3]][[1]][[1]][[28]][[1]][[28]][[1]][[28]][[1]][[17]]
- "GRID.VP.25"
+ "GRID.VP.29"

actual[[1]][[3]][[3]][[1]][[1]][[28]][[1]][[28]][[1]][[28]][[1]][[27]][[27]][[11]][[3]][[5]][[2]][[1]][[2]][[2]][[1]][[2]][[9]] vs expected[[1]][[3]][[3]][[1]][[1]][[28]][[1]][[28]][[1]][[28]][[1]][[27]][[27]][[11]][[3]][[5]][[2]][[1]][[2]][[2]][[1]][[2]][[9]]
- "GRID.text.505"
+ "GRID.text.541"

actual[[1]][[3]][[3]][[1]][[1]][[28]][[1]][[28]][[1]][[28]][[1]][[27]][[27]][[11]][[3]][[5]][[2]][[3]] vs expected[[1]][[3]][[3]][[1]][[1]][[28]][[1]][[28]][[1]][[28]][[1]][[27]][[27]][[11]][[3]][[5]][[2]][[3]]
- "axis.title.y.left..titleGrob.507"
+ "axis.title.y.left..titleGrob.543"

actual[[1]][[3]][[3]][[1]][[1]][[28]][[1]][[28]][[1]][[28]][[1]][[27]][[27]][[11]][[3]][[5]][[2]][[6]][[1]][[9]] vs expected[[1]][[3]][[3]][[1]][[1]][[28]][[1]][[28]][[1]][[28]][[1]][[27]][[27]][[11]][[3]][[5]][[2]][[6]][[1]][[9]]
- "GRID.text.505"
+ "GRID.text.541"

actual[[1]][[3]][[3]][[1]][[1]][[28]][[1]][[28]][[1]][[28]][[1]][[27]][[27]][[11]][[3]][[5]][[2]][[7]] vs expected[[1]][[3]][[3]][[1]][[1]][[28]][[1]][[28]][[1]][[28]][[1]][[27]][[27]][[11]][[3]][[5]][[2]][[7]]
- "GRID.text.505"
+ "GRID.text.541"

actual[[1]][[3]][[3]][[1]][[1]][[28]][[1]][[28]][[1]][[28]][[1]][[27]][[27]][[11]][[4]][[11]][[2]][[2]][[2]][[2]][[1]][[2]][[9]] vs expected[[1]][[3]][[3]][[1]][[1]][[28]][[1]][[28]][[1]][[28]][[1]][[27]][[27]][[11]][[4]][[11]][[2]][[2]][[2]][[2]][[1]][[2]][[9]]
- "GRID.text.502"
+ "GRID.text.538"

actual[[1]][[3]][[3]][[1]][[1]][[28]][[1]][[28]][[1]][[28]][[1]][[27]][[27]][[11]][[4]][[11]][[2]][[3]] vs expected[[1]][[3]][[3]][[1]][[1]][[28]][[1]][[28]][[1]][[28]][[1]][[27]][[27]][[11]][[4]][[11]][[2]][[3]]
- "axis.title.x.bottom..titleGrob.504"
+ "axis.title.x.bottom..titleGrob.540"

actual[[1]][[3]][[3]][[1]][[1]][[28]][[1]][[28]][[1]][[28]][[1]][[27]][[27]][[11]][[4]][[11]][[2]][[6]][[1]][[9]] vs expected[[1]][[3]][[3]][[1]][[1]][[28]][[1]][[28]][[1]][[28]][[1]][[27]][[27]][[11]][[4]][[11]][[2]][[6]][[1]][[9]]
- "GRID.text.502"
+ "GRID.text.538"

actual[[1]][[3]][[3]][[1]][[1]][[28]][[1]][[28]][[1]][[28]][[1]][[27]][[27]][[11]][[4]][[11]][[2]][[7]] vs expected[[1]][[3]][[3]][[1]][[1]][[28]][[1]][[28]][[1]][[28]][[1]][[27]][[27]][[11]][[4]][[11]][[2]][[7]]
- "GRID.text.502"
+ "GRID.text.538"

actual[[1]][[3]][[3]][[1]][[1]][[28]][[1]][[28]][[1]][[28]][[1]][[28]][[1]][[27]][[17]] vs expected[[1]][[3]][[3]][[1]][[1]][[28]][[1]][[28]][[1]][[28]][[1]][[28]][[1]][[27]][[17]]
- "GRID.VP.25"
+ "GRID.VP.29"

actual[[1]][[3]][[3]][[1]][[1]][[28]][[1]][[28]][[1]][[28]][[1]][[28]][[1]][[27]][[27]][[27]][[11]][[3]][[5]][[2]][[1]][[2]][[2]][[1]][[2]][[9]] vs expected[[1]][[3]][[3]][[1]][[1]][[28]][[1]][[28]][[1]][[28]][[1]][[28]][[1]][[27]][[27]][[27]][[11]][[3]][[5]][[2]][[1]][[2]][[2]][[1]][[2]][[9]]
- "GRID.text.505"
+ "GRID.text.541"

actual[[1]][[3]][[3]][[1]][[1]][[28]][[1]][[28]][[1]][[28]][[1]][[28]][[1]][[27]][[27]][[27]][[11]][[3]][[5]][[2]][[3]] vs expected[[1]][[3]][[3]][[1]][[1]][[28]][[1]][[28]][[1]][[28]][[1]][[28]][[1]][[27]][[27]][[27]][[11]][[3]][[5]][[2]][[3]]
- "axis.title.y.left..titleGrob.507"
+ "axis.title.y.left..titleGrob.543"

actual[[1]][[3]][[3]][[1]][[1]][[28]][[1]][[28]][[1]][[28]][[1]][[28]][[1]][[27]][[27]][[27]][[11]][[3]][[5]][[2]][[6]][[1]][[9]] vs expected[[1]][[3]][[3]][[1]][[1]][[28]][[1]][[28]][[1]][[28]][[1]][[28]][[1]][[27]][[27]][[27]][[11]][[3]][[5]][[2]][[6]][[1]][[9]]
- "GRID.text.505"
+ "GRID.text.541"

actual[[1]][[3]][[3]][[1]][[1]][[28]][[1]][[28]][[1]][[28]][[1]][[28]][[1]][[27]][[27]][[27]][[11]][[3]][[5]][[2]][[7]] vs expected[[1]][[3]][[3]][[1]][[1]][[28]][[1]][[28]][[1]][[28]][[1]][[28]][[1]][[27]][[27]][[27]][[11]][[3]][[5]][[2]][[7]]
- "GRID.text.505"
+ "GRID.text.541"

actual[[1]][[3]][[3]][[1]][[1]][[28]][[1]][[28]][[1]][[28]][[1]][[28]][[1]][[27]][[27]][[27]][[11]][[4]][[11]][[2]][[2]][[2]][[2]][[1]][[2]][[9]] vs expected[[1]][[3]][[3]][[1]][[1]][[28]][[1]][[28]][[1]][[28]][[1]][[28]][[1]][[27]][[27]][[27]][[11]][[4]][[11]][[2]][[2]][[2]][[2]][[1]][[2]][[9]]
- "GRID.text.502"
+ "GRID.text.538"

actual[[1]][[3]][[3]][[1]][[1]][[28]][[1]][[28]][[1]][[28]][[1]][[28]][[1]][[27]][[27]][[27]][[11]][[4]][[11]][[2]][[3]] vs expected[[1]][[3]][[3]][[1]][[1]][[28]][[1]][[28]][[1]][[28]][[1]][[28]][[1]][[27]][[27]][[27]][[11]][[4]][[11]][[2]][[3]]
- "axis.title.x.bottom..titleGrob.504"
+ "axis.title.x.bottom..titleGrob.540"

actual[[1]][[3]][[3]][[1]][[1]][[28]][[1]][[28]][[1]][[28]][[1]][[28]][[1]][[27]][[27]][[27]][[11]][[4]][[11]][[2]][[6]][[1]][[9]] vs expected[[1]][[3]][[3]][[1]][[1]][[28]][[1]][[28]][[1]][[28]][[1]][[28]][[1]][[27]][[27]][[27]][[11]][[4]][[11]][[2]][[6]][[1]][[9]]
- "GRID.text.502"
+ "GRID.text.538"

actual[[1]][[3]][[3]][[1]][[1]][[28]][[1]][[28]][[1]][[28]][[1]][[28]][[1]][[27]][[27]][[27]][[11]][[4]][[11]][[2]][[7]] vs expected[[1]][[3]][[3]][[1]][[1]][[28]][[1]][[28]][[1]][[28]][[1]][[28]][[1]][[27]][[27]][[27]][[11]][[4]][[11]][[2]][[7]]
- "GRID.text.502"
+ "GRID.text.538"

actual[[1]][[3]][[3]][[1]][[1]][[28]][[1]][[28]][[1]][[28]][[1]][[28]][[1]][[28]][[1]][[27]][[27]][[17]] vs expected[[1]][[3]][[3]][[1]][[1]][[28]][[1]][[28]][[1]][[28]][[1]][[28]][[1]][[28]][[1]][[27]][[27]][[17]]
- "GRID.VP.25"
+ "GRID.VP.29"

actual[[1]][[3]][[3]][[1]][[1]][[28]][[1]][[28]][[1]][[28]][[1]][[28]][[1]][[28]][[1]][[27]][[27]][[27]][[27]][[11]][[3]][[5]][[2]][[1]][[2]][[2]][[1]][[2]][[9]] vs expected[[1]][[3]][[3]][[1]][[1]][[28]][[1]][[28]][[1]][[28]][[1]][[28]][[1]][[28]][[1]][[27]][[27]][[27]][[27]][[11]][[3]][[5]][[2]][[1]][[2]][[2]][[1]][[2]][[9]]
- "GRID.text.505"
+ "GRID.text.541"

actual[[1]][[3]][[3]][[1]][[1]][[28]][[1]][[28]][[1]][[28]][[1]][[28]][[1]][[28]][[1]][[27]][[27]][[27]][[27]][[11]][[3]][[5]][[2]][[3]] vs expected[[1]][[3]][[3]][[1]][[1]][[28]][[1]][[28]][[1]][[28]][[1]][[28]][[1]][[28]][[1]][[27]][[27]][[27]][[27]][[11]][[3]][[5]][[2]][[3]]
- "axis.title.y.left..titleGrob.507"
+ "axis.title.y.left..titleGrob.543"

actual[[1]][[3]][[3]][[1]][[1]][[28]][[1]][[28]][[1]][[28]][[1]][[28]][[1]][[28]][[1]][[27]][[27]][[27]][[27]][[11]][[3]][[5]][[2]][[6]][[1]][[9]] vs expected[[1]][[3]][[3]][[1]][[1]][[28]][[1]][[28]][[1]][[28]][[1]][[28]][[1]][[28]][[1]][[27]][[27]][[27]][[27]][[11]][[3]][[5]][[2]][[6]][[1]][[9]]
- "GRID.text.505"
+ "GRID.text.541"

actual[[1]][[3]][[3]][[1]][[1]][[28]][[1]][[28]][[1]][[28]][[1]][[28]][[1]][[28]][[1]][[27]][[27]][[27]][[27]][[11]][[3]][[5]][[2]][[7]] vs expected[[1]][[3]][[3]][[1]][[1]][[28]][[1]][[28]][[1]][[28]][[1]][[28]][[1]][[28]][[1]][[27]][[27]][[27]][[27]][[11]][[3]][[5]][[2]][[7]]
- "GRID.text.505"
+ "GRID.text.541"

actual[[1]][[3]][[3]][[1]][[1]][[28]][[1]][[28]][[1]][[28]][[1]][[28]][[1]][[28]][[1]][[27]][[27]][[27]][[27]][[11]][[4]][[11]][[2]][[2]][[2]][[2]][[1]][[2]][[9]] vs expected[[1]][[3]][[3]][[1]][[1]][[28]][[1]][[28]][[1]][[28]][[1]][[28]][[1]][[28]][[1]][[27]][[27]][[27]][[27]][[11]][[4]][[11]][[2]][[2]][[2]][[2]][[1]][[2]][[9]]
- "GRID.text.502"
+ "GRID.text.538"

actual[[1]][[3]][[3]][[1]][[1]][[28]][[1]][[28]][[1]][[28]][[1]][[28]][[1]][[28]][[1]][[27]][[27]][[27]][[27]][[11]][[4]][[11]][[2]][[3]] vs expected[[1]][[3]][[3]][[1]][[1]][[28]][[1]][[28]][[1]][[28]][[1]][[28]][[1]][[28]][[1]][[27]][[27]][[27]][[27]][[11]][[4]][[11]][[2]][[3]]
- "axis.title.x.bottom..titleGrob.504"
+ "axis.title.x.bottom..titleGrob.540"

actual[[1]][[3]][[3]][[1]][[1]][[28]][[1]][[28]][[1]][[28]][[1]][[28]][[1]][[28]][[1]][[27]][[27]][[27]][[27]][[11]][[4]][[11]][[2]][[6]][[1]][[9]] vs expected[[1]][[3]][[3]][[1]][[1]][[28]][[1]][[28]][[1]][[28]][[1]][[28]][[1]][[28]][[1]][[27]][[27]][[27]][[27]][[11]][[4]][[11]][[2]][[6]][[1]][[9]]
- "GRID.text.502"
+ "GRID.text.538"

actual[[1]][[3]][[3]][[1]][[1]][[28]][[1]][[28]][[1]][[28]][[1]][[28]][[1]][[28]][[1]][[27]][[27]][[27]][[27]][[11]][[4]][[11]][[2]][[7]] vs expected[[1]][[3]][[3]][[1]][[1]][[28]][[1]][[28]][[1]][[28]][[1]][[28]][[1]][[28]][[1]][[27]][[27]][[27]][[27]][[11]][[4]][[11]][[2]][[7]]
- "GRID.text.502"
+ "GRID.text.538"

actual[[1]][[3]][[3]][[1]][[1]][[28]][[1]][[28]][[1]][[28]][[1]][[28]][[1]][[28]][[2]][[27]][[27]][[17]] vs expected[[1]][[3]][[3]][[1]][[1]][[28]][[1]][[28]][[1]][[28]][[1]][[28]][[1]][[28]][[2]][[27]][[27]][[17]]
- "GRID.VP.25"
+ "GRID.VP.29"

actual[[1]][[3]][[3]][[1]][[1]][[28]][[1]][[28]][[1]][[28]][[1]][[28]][[1]][[28]][[2]][[27]][[27]][[27]][[27]][[11]][[3]][[5]][[2]][[1]][[2]][[2]][[1]][[2]][[9]] vs expected[[1]][[3]][[3]][[1]][[1]][[28]][[1]][[28]][[1]][[28]][[1]][[28]][[1]][[28]][[2]][[27]][[27]][[27]][[27]][[11]][[3]][[5]][[2]][[1]][[2]][[2]][[1]][[2]][[9]]
- "GRID.text.505"
+ "GRID.text.541"

actual[[1]][[3]][[3]][[1]][[1]][[28]][[1]][[28]][[1]][[28]][[1]][[28]][[1]][[28]][[2]][[27]][[27]][[27]][[27]][[11]][[3]][[5]][[2]][[3]] vs expected[[1]][[3]][[3]][[1]][[1]][[28]][[1]][[28]][[1]][[28]][[1]][[28]][[1]][[28]][[2]][[27]][[27]][[27]][[27]][[11]][[3]][[5]][[2]][[3]]
- "axis.title.y.left..titleGrob.507"
+ "axis.title.y.left..titleGrob.543"

actual[[1]][[3]][[3]][[1]][[1]][[28]][[1]][[28]][[1]][[28]][[1]][[28]][[1]][[28]][[2]][[27]][[27]][[27]][[27]][[11]][[3]][[5]][[2]][[6]][[1]][[9]] vs expected[[1]][[3]][[3]][[1]][[1]][[28]][[1]][[28]][[1]][[28]][[1]][[28]][[1]][[28]][[2]][[27]][[27]][[27]][[27]][[11]][[3]][[5]][[2]][[6]][[1]][[9]]
- "GRID.text.505"
+ "GRID.text.541"

actual[[1]][[3]][[3]][[1]][[1]][[28]][[1]][[28]][[1]][[28]][[1]][[28]][[1]][[28]][[2]][[27]][[27]][[27]][[27]][[11]][[3]][[5]][[2]][[7]] vs expected[[1]][[3]][[3]][[1]][[1]][[28]][[1]][[28]][[1]][[28]][[1]][[28]][[1]][[28]][[2]][[27]][[27]][[27]][[27]][[11]][[3]][[5]][[2]][[7]]
- "GRID.text.505"
+ "GRID.text.541"

actual[[1]][[3]][[3]][[1]][[1]][[28]][[1]][[28]][[1]][[28]][[1]][[28]][[1]][[28]][[2]][[27]][[27]][[27]][[27]][[11]][[4]][[11]][[2]][[2]][[2]][[2]][[1]][[2]][[9]] vs expected[[1]][[3]][[3]][[1]][[1]][[28]][[1]][[28]][[1]][[28]][[1]][[28]][[1]][[28]][[2]][[27]][[27]][[27]][[27]][[11]][[4]][[11]][[2]][[2]][[2]][[2]][[1]][[2]][[9]]
- "GRID.text.502"
+ "GRID.text.538"

actual[[1]][[3]][[3]][[1]][[1]][[28]][[1]][[28]][[1]][[28]][[1]][[28]][[1]][[28]][[2]][[27]][[27]][[27]][[27]][[11]][[4]][[11]][[2]][[3]] vs expected[[1]][[3]][[3]][[1]][[1]][[28]][[1]][[28]][[1]][[28]][[1]][[28]][[1]][[28]][[2]][[27]][[27]][[27]][[27]][[11]][[4]][[11]][[2]][[3]]
- "axis.title.x.bottom..titleGrob.504"
+ "axis.title.x.bottom..titleGrob.540"

actual[[1]][[3]][[3]][[1]][[1]][[28]][[1]][[28]][[1]][[28]][[1]][[28]][[1]][[28]][[2]][[27]][[27]][[27]][[27]][[11]][[4]][[11]][[2]][[6]][[1]][[9]] vs expected[[1]][[3]][[3]][[1]][[1]][[28]][[1]][[28]][[1]][[28]][[1]][[28]][[1]][[28]][[2]][[27]][[27]][[27]][[27]][[11]][[4]][[11]][[2]][[6]][[1]][[9]]
- "GRID.text.502"
+ "GRID.text.538"

actual[[1]][[3]][[3]][[1]][[1]][[28]][[1]][[28]][[1]][[28]][[1]][[28]][[1]][[28]][[2]][[27]][[27]][[27]][[27]][[11]][[4]][[11]][[2]][[7]] vs expected[[1]][[3]][[3]][[1]][[1]][[28]][[1]][[28]][[1]][[28]][[1]][[28]][[1]][[28]][[2]][[27]][[27]][[27]][[27]][[11]][[4]][[11]][[2]][[7]]
- "GRID.text.502"
+ "GRID.text.538"

actual[[1]][[3]][[3]][[1]][[1]][[28]][[1]][[28]][[1]][[28]][[1]][[28]][[1]][[28]][[3]][[27]][[27]][[17]] vs expected[[1]][[3]][[3]][[1]][[1]][[28]][[1]][[28]][[1]][[28]][[1]][[28]][[1]][[28]][[3]][[27]][[27]][[17]]
- "GRID.VP.25"
+ "GRID.VP.29"

actual[[1]][[3]][[3]][[1]][[1]][[28]][[1]][[28]][[1]][[28]][[1]][[28]][[1]][[28]][[3]][[27]][[27]][[27]][[27]][[11]][[3]][[5]][[2]][[1]][[2]][[2]][[1]][[2]][[9]] vs expected[[1]][[3]][[3]][[1]][[1]][[28]][[1]][[28]][[1]][[28]][[1]][[28]][[1]][[28]][[3]][[27]][[27]][[27]][[27]][[11]][[3]][[5]][[2]][[1]][[2]][[2]][[1]][[2]][[9]]
- "GRID.text.505"
+ "GRID.text.541"

actual[[1]][[3]][[3]][[1]][[1]][[28]][[1]][[28]][[1]][[28]][[1]][[28]][[1]][[28]][[3]][[27]][[27]][[27]][[27]][[11]][[3]][[5]][[2]][[3]] vs expected[[1]][[3]][[3]][[1]][[1]][[28]][[1]][[28]][[1]][[28]][[1]][[28]][[1]][[28]][[3]][[27]][[27]][[27]][[27]][[11]][[3]][[5]][[2]][[3]]
- "axis.title.y.left..titleGrob.507"
+ "axis.title.y.left..titleGrob.543"

actual[[1]][[3]][[3]][[1]][[1]][[28]][[1]][[28]][[1]][[28]][[1]][[28]][[1]][[28]][[3]][[27]][[27]][[27]][[27]][[11]][[3]][[5]][[2]][[6]][[1]][[9]] vs expected[[1]][[3]][[3]][[1]][[1]][[28]][[1]][[28]][[1]][[28]][[1]][[28]][[1]][[28]][[3]][[27]][[27]][[27]][[27]][[11]][[3]][[5]][[2]][[6]][[1]][[9]]
- "GRID.text.505"
+ "GRID.text.541"

actual[[1]][[3]][[3]][[1]][[1]][[28]][[1]][[28]][[1]][[28]][[1]][[28]][[1]][[28]][[3]][[27]][[27]][[27]][[27]][[11]][[3]][[5]][[2]][[7]] vs expected[[1]][[3]][[3]][[1]][[1]][[28]][[1]][[28]][[1]][[28]][[1]][[28]][[1]][[28]][[3]][[27]][[27]][[27]][[27]][[11]][[3]][[5]][[2]][[7]]
- "GRID.text.505"
+ "GRID.text.541"

actual[[1]][[3]][[3]][[1]][[1]][[28]][[1]][[28]][[1]][[28]][[1]][[28]][[1]][[28]][[3]][[27]][[27]][[27]][[27]][[11]][[4]][[11]][[2]][[2]][[2]][[2]][[1]][[2]][[9]] vs expected[[1]][[3]][[3]][[1]][[1]][[28]][[1]][[28]][[1]][[28]][[1]][[28]][[1]][[28]][[3]][[27]][[27]][[27]][[27]][[11]][[4]][[11]][[2]][[2]][[2]][[2]][[1]][[2]][[9]]
- "GRID.text.502"
+ "GRID.text.538"

actual[[1]][[3]][[3]][[1]][[1]][[28]][[1]][[28]][[1]][[28]][[1]][[28]][[1]][[28]][[3]][[27]][[27]][[27]][[27]][[11]][[4]][[11]][[2]][[3]] vs expected[[1]][[3]][[3]][[1]][[1]][[28]][[1]][[28]][[1]][[28]][[1]][[28]][[1]][[28]][[3]][[27]][[27]][[27]][[27]][[11]][[4]][[11]][[2]][[3]]
- "axis.title.x.bottom..titleGrob.504"
+ "axis.title.x.bottom..titleGrob.540"

actual[[1]][[3]][[3]][[1]][[1]][[28]][[1]][[28]][[1]][[28]][[1]][[28]][[1]][[28]][[3]][[27]][[27]][[27]][[27]][[11]][[4]][[11]][[2]][[6]][[1]][[9]] vs expected[[1]][[3]][[3]][[1]][[1]][[28]][[1]][[28]][[1]][[28]][[1]][[28]][[1]][[28]][[3]][[27]][[27]][[27]][[27]][[11]][[4]][[11]][[2]][[6]][[1]][[9]]
- "GRID.text.502"
+ "GRID.text.538"

actual[[1]][[3]][[3]][[1]][[1]][[28]][[1]][[28]][[1]][[28]][[1]][[28]][[1]][[28]][[3]][[27]][[27]][[27]][[27]][[11]][[4]][[11]][[2]][[7]] vs expected[[1]][[3]][[3]][[1]][[1]][[28]][[1]][[28]][[1]][[28]][[1]][[28]][[1]][[28]][[3]][[27]][[27]][[27]][[27]][[11]][[4]][[11]][[2]][[7]]
- "GRID.text.502"
+ "GRID.text.538"

actual[[1]][[3]][[3]][[1]][[1]][[28]][[1]][[28]][[2]][[27]][[11]][[3]][[5]][[2]][[1]][[2]][[2]][[1]][[2]][[9]] vs expected[[1]][[3]][[3]][[1]][[1]][[28]][[1]][[28]][[2]][[27]][[11]][[3]][[5]][[2]][[1]][[2]][[2]][[1]][[2]][[9]]
- "GRID.text.505"
+ "GRID.text.541"

actual[[1]][[3]][[3]][[1]][[1]][[28]][[1]][[28]][[2]][[27]][[11]][[3]][[5]][[2]][[3]] vs expected[[1]][[3]][[3]][[1]][[1]][[28]][[1]][[28]][[2]][[27]][[11]][[3]][[5]][[2]][[3]]
- "axis.title.y.left..titleGrob.507"
+ "axis.title.y.left..titleGrob.543"

actual[[1]][[3]][[3]][[1]][[1]][[28]][[1]][[28]][[2]][[27]][[11]][[3]][[5]][[2]][[6]][[1]][[9]] vs expected[[1]][[3]][[3]][[1]][[1]][[28]][[1]][[28]][[2]][[27]][[11]][[3]][[5]][[2]][[6]][[1]][[9]]
- "GRID.text.505"
+ "GRID.text.541"

actual[[1]][[3]][[3]][[1]][[1]][[28]][[1]][[28]][[2]][[27]][[11]][[3]][[5]][[2]][[7]] vs expected[[1]][[3]][[3]][[1]][[1]][[28]][[1]][[28]][[2]][[27]][[11]][[3]][[5]][[2]][[7]]
- "GRID.text.505"
+ "GRID.text.541"

actual[[1]][[3]][[3]][[1]][[1]][[28]][[1]][[28]][[2]][[27]][[11]][[4]][[11]][[2]][[2]][[2]][[2]][[1]][[2]][[9]] vs expected[[1]][[3]][[3]][[1]][[1]][[28]][[1]][[28]][[2]][[27]][[11]][[4]][[11]][[2]][[2]][[2]][[2]][[1]][[2]][[9]]
- "GRID.text.502"
+ "GRID.text.538"

actual[[1]][[3]][[3]][[1]][[1]][[28]][[1]][[28]][[2]][[27]][[11]][[4]][[11]][[2]][[3]] vs expected[[1]][[3]][[3]][[1]][[1]][[28]][[1]][[28]][[2]][[27]][[11]][[4]][[11]][[2]][[3]]
- "axis.title.x.bottom..titleGrob.504"
+ "axis.title.x.bottom..titleGrob.540"

actual[[1]][[3]][[3]][[1]][[1]][[28]][[1]][[28]][[2]][[27]][[11]][[4]][[11]][[2]][[6]][[1]][[9]] vs expected[[1]][[3]][[3]][[1]][[1]][[28]][[1]][[28]][[2]][[27]][[11]][[4]][[11]][[2]][[6]][[1]][[9]]
- "GRID.text.502"
+ "GRID.text.538"

actual[[1]][[3]][[3]][[1]][[1]][[28]][[1]][[28]][[2]][[27]][[11]][[4]][[11]][[2]][[7]] vs expected[[1]][[3]][[3]][[1]][[1]][[28]][[1]][[28]][[2]][[27]][[11]][[4]][[11]][[2]][[7]]
- "GRID.text.502"
+ "GRID.text.538"

actual[[1]][[3]][[3]][[1]][[1]][[28]][[1]][[28]][[2]][[28]][[1]][[17]] vs expected[[1]][[3]][[3]][[1]][[1]][[28]][[1]][[28]][[2]][[28]][[1]][[17]]
- "GRID.VP.26"
+ "GRID.VP.30"

actual[[1]][[3]][[3]][[1]][[1]][[28]][[1]][[28]][[2]][[28]][[1]][[27]][[27]][[11]][[3]][[5]][[2]][[1]][[2]][[2]][[1]][[2]][[9]] vs expected[[1]][[3]][[3]][[1]][[1]][[28]][[1]][[28]][[2]][[28]][[1]][[27]][[27]][[11]][[3]][[5]][[2]][[1]][[2]][[2]][[1]][[2]][[9]]
- "GRID.text.505"
+ "GRID.text.541"

actual[[1]][[3]][[3]][[1]][[1]][[28]][[1]][[28]][[2]][[28]][[1]][[27]][[27]][[11]][[3]][[5]][[2]][[3]] vs expected[[1]][[3]][[3]][[1]][[1]][[28]][[1]][[28]][[2]][[28]][[1]][[27]][[27]][[11]][[3]][[5]][[2]][[3]]
- "axis.title.y.left..titleGrob.507"
+ "axis.title.y.left..titleGrob.543"

actual[[1]][[3]][[3]][[1]][[1]][[28]][[1]][[28]][[2]][[28]][[1]][[27]][[27]][[11]][[3]][[5]][[2]][[6]][[1]][[9]] vs expected[[1]][[3]][[3]][[1]][[1]][[28]][[1]][[28]][[2]][[28]][[1]][[27]][[27]][[11]][[3]][[5]][[2]][[6]][[1]][[9]]
- "GRID.text.505"
+ "GRID.text.541"

actual[[1]][[3]][[3]][[1]][[1]][[28]][[1]][[28]][[2]][[28]][[1]][[27]][[27]][[11]][[3]][[5]][[2]][[7]] vs expected[[1]][[3]][[3]][[1]][[1]][[28]][[1]][[28]][[2]][[28]][[1]][[27]][[27]][[11]][[3]][[5]][[2]][[7]]
- "GRID.text.505"
+ "GRID.text.541"

actual[[1]][[3]][[3]][[1]][[1]][[28]][[1]][[28]][[2]][[28]][[1]][[27]][[27]][[11]][[4]][[11]][[2]][[2]][[2]][[2]][[1]][[2]][[9]] vs expected[[1]][[3]][[3]][[1]][[1]][[28]][[1]][[28]][[2]][[28]][[1]][[27]][[27]][[11]][[4]][[11]][[2]][[2]][[2]][[2]][[1]][[2]][[9]]
- "GRID.text.502"
+ "GRID.text.538"

actual[[1]][[3]][[3]][[1]][[1]][[28]][[1]][[28]][[2]][[28]][[1]][[27]][[27]][[11]][[4]][[11]][[2]][[3]] vs expected[[1]][[3]][[3]][[1]][[1]][[28]][[1]][[28]][[2]][[28]][[1]][[27]][[27]][[11]][[4]][[11]][[2]][[3]]
- "axis.title.x.bottom..titleGrob.504"
+ "axis.title.x.bottom..titleGrob.540"

actual[[1]][[3]][[3]][[1]][[1]][[28]][[1]][[28]][[2]][[28]][[1]][[27]][[27]][[11]][[4]][[11]][[2]][[6]][[1]][[9]] vs expected[[1]][[3]][[3]][[1]][[1]][[28]][[1]][[28]][[2]][[28]][[1]][[27]][[27]][[11]][[4]][[11]][[2]][[6]][[1]][[9]]
- "GRID.text.502"
+ "GRID.text.538"

actual[[1]][[3]][[3]][[1]][[1]][[28]][[1]][[28]][[2]][[28]][[1]][[27]][[27]][[11]][[4]][[11]][[2]][[7]] vs expected[[1]][[3]][[3]][[1]][[1]][[28]][[1]][[28]][[2]][[28]][[1]][[27]][[27]][[11]][[4]][[11]][[2]][[7]]
- "GRID.text.502"
+ "GRID.text.538"

actual[[1]][[3]][[3]][[1]][[1]][[28]][[1]][[28]][[2]][[28]][[1]][[28]][[1]][[27]][[17]] vs expected[[1]][[3]][[3]][[1]][[1]][[28]][[1]][[28]][[2]][[28]][[1]][[28]][[1]][[27]][[17]]
- "GRID.VP.26"
+ "GRID.VP.30"

actual[[1]][[3]][[3]][[1]][[1]][[28]][[1]][[28]][[2]][[28]][[1]][[28]][[1]][[27]][[27]][[27]][[11]][[3]][[5]][[2]][[1]][[2]][[2]][[1]][[2]][[9]] vs expected[[1]][[3]][[3]][[1]][[1]][[28]][[1]][[28]][[2]][[28]][[1]][[28]][[1]][[27]][[27]][[27]][[11]][[3]][[5]][[2]][[1]][[2]][[2]][[1]][[2]][[9]]
- "GRID.text.505"
+ "GRID.text.541"

actual[[1]][[3]][[3]][[1]][[1]][[28]][[1]][[28]][[2]][[28]][[1]][[28]][[1]][[27]][[27]][[27]][[11]][[3]][[5]][[2]][[3]] vs expected[[1]][[3]][[3]][[1]][[1]][[28]][[1]][[28]][[2]][[28]][[1]][[28]][[1]][[27]][[27]][[27]][[11]][[3]][[5]][[2]][[3]]
- "axis.title.y.left..titleGrob.507"
+ "axis.title.y.left..titleGrob.543"

actual[[1]][[3]][[3]][[1]][[1]][[28]][[1]][[28]][[2]][[28]][[1]][[28]][[1]][[27]][[27]][[27]][[11]][[3]][[5]][[2]][[6]][[1]][[9]] vs expected[[1]][[3]][[3]][[1]][[1]][[28]][[1]][[28]][[2]][[28]][[1]][[28]][[1]][[27]][[27]][[27]][[11]][[3]][[5]][[2]][[6]][[1]][[9]]
- "GRID.text.505"
+ "GRID.text.541"

actual[[1]][[3]][[3]][[1]][[1]][[28]][[1]][[28]][[2]][[28]][[1]][[28]][[1]][[27]][[27]][[27]][[11]][[3]][[5]][[2]][[7]] vs expected[[1]][[3]][[3]][[1]][[1]][[28]][[1]][[28]][[2]][[28]][[1]][[28]][[1]][[27]][[27]][[27]][[11]][[3]][[5]][[2]][[7]]
- "GRID.text.505"
+ "GRID.text.541"

actual[[1]][[3]][[3]][[1]][[1]][[28]][[1]][[28]][[2]][[28]][[1]][[28]][[1]][[27]][[27]][[27]][[11]][[4]][[11]][[2]][[2]][[2]][[2]][[1]][[2]][[9]] vs expected[[1]][[3]][[3]][[1]][[1]][[28]][[1]][[28]][[2]][[28]][[1]][[28]][[1]][[27]][[27]][[27]][[11]][[4]][[11]][[2]][[2]][[2]][[2]][[1]][[2]][[9]]
- "GRID.text.502"
+ "GRID.text.538"

actual[[1]][[3]][[3]][[1]][[1]][[28]][[1]][[28]][[2]][[28]][[1]][[28]][[1]][[27]][[27]][[27]][[11]][[4]][[11]][[2]][[3]] vs expected[[1]][[3]][[3]][[1]][[1]][[28]][[1]][[28]][[2]][[28]][[1]][[28]][[1]][[27]][[27]][[27]][[11]][[4]][[11]][[2]][[3]]
- "axis.title.x.bottom..titleGrob.504"
+ "axis.title.x.bottom..titleGrob.540"

actual[[1]][[3]][[3]][[1]][[1]][[28]][[1]][[28]][[2]][[28]][[1]][[28]][[1]][[27]][[27]][[27]][[11]][[4]][[11]][[2]][[6]][[1]][[9]] vs expected[[1]][[3]][[3]][[1]][[1]][[28]][[1]][[28]][[2]][[28]][[1]][[28]][[1]][[27]][[27]][[27]][[11]][[4]][[11]][[2]][[6]][[1]][[9]]
- "GRID.text.502"
+ "GRID.text.538"

actual[[1]][[3]][[3]][[1]][[1]][[28]][[1]][[28]][[2]][[28]][[1]][[28]][[1]][[27]][[27]][[27]][[11]][[4]][[11]][[2]][[7]] vs expected[[1]][[3]][[3]][[1]][[1]][[28]][[1]][[28]][[2]][[28]][[1]][[28]][[1]][[27]][[27]][[27]][[11]][[4]][[11]][[2]][[7]]
- "GRID.text.502"
+ "GRID.text.538"

actual[[1]][[3]][[3]][[1]][[1]][[28]][[1]][[28]][[2]][[28]][[1]][[28]][[1]][[28]][[1]][[27]][[27]][[17]] vs expected[[1]][[3]][[3]][[1]][[1]][[28]][[1]][[28]][[2]][[28]][[1]][[28]][[1]][[28]][[1]][[27]][[27]][[17]]
- "GRID.VP.26"
+ "GRID.VP.30"

actual[[1]][[3]][[3]][[1]][[1]][[28]][[1]][[28]][[2]][[28]][[1]][[28]][[1]][[28]][[1]][[27]][[27]][[27]][[27]][[11]][[3]][[5]][[2]][[1]][[2]][[2]][[1]][[2]][[9]] vs expected[[1]][[3]][[3]][[1]][[1]][[28]][[1]][[28]][[2]][[28]][[1]][[28]][[1]][[28]][[1]][[27]][[27]][[27]][[27]][[11]][[3]][[5]][[2]][[1]][[2]][[2]][[1]][[2]][[9]]
- "GRID.text.505"
+ "GRID.text.541"

actual[[1]][[3]][[3]][[1]][[1]][[28]][[1]][[28]][[2]][[28]][[1]][[28]][[1]][[28]][[1]][[27]][[27]][[27]][[27]][[11]][[3]][[5]][[2]][[3]] vs expected[[1]][[3]][[3]][[1]][[1]][[28]][[1]][[28]][[2]][[28]][[1]][[28]][[1]][[28]][[1]][[27]][[27]][[27]][[27]][[11]][[3]][[5]][[2]][[3]]
- "axis.title.y.left..titleGrob.507"
+ "axis.title.y.left..titleGrob.543"

actual[[1]][[3]][[3]][[1]][[1]][[28]][[1]][[28]][[2]][[28]][[1]][[28]][[1]][[28]][[1]][[27]][[27]][[27]][[27]][[11]][[3]][[5]][[2]][[6]][[1]][[9]] vs expected[[1]][[3]][[3]][[1]][[1]][[28]][[1]][[28]][[2]][[28]][[1]][[28]][[1]][[28]][[1]][[27]][[27]][[27]][[27]][[11]][[3]][[5]][[2]][[6]][[1]][[9]]
- "GRID.text.505"
+ "GRID.text.541"

actual[[1]][[3]][[3]][[1]][[1]][[28]][[1]][[28]][[2]][[28]][[1]][[28]][[1]][[28]][[1]][[27]][[27]][[27]][[27]][[11]][[3]][[5]][[2]][[7]] vs expected[[1]][[3]][[3]][[1]][[1]][[28]][[1]][[28]][[2]][[28]][[1]][[28]][[1]][[28]][[1]][[27]][[27]][[27]][[27]][[11]][[3]][[5]][[2]][[7]]
- "GRID.text.505"
+ "GRID.text.541"

actual[[1]][[3]][[3]][[1]][[1]][[28]][[1]][[28]][[2]][[28]][[1]][[28]][[1]][[28]][[1]][[27]][[27]][[27]][[27]][[11]][[4]][[11]][[2]][[2]][[2]][[2]][[1]][[2]][[9]] vs expected[[1]][[3]][[3]][[1]][[1]][[28]][[1]][[28]][[2]][[28]][[1]][[28]][[1]][[28]][[1]][[27]][[27]][[27]][[27]][[11]][[4]][[11]][[2]][[2]][[2]][[2]][[1]][[2]][[9]]
- "GRID.text.502"
+ "GRID.text.538"

actual[[1]][[3]][[3]][[1]][[1]][[28]][[1]][[28]][[2]][[28]][[1]][[28]][[1]][[28]][[1]][[27]][[27]][[27]][[27]][[11]][[4]][[11]][[2]][[3]] vs expected[[1]][[3]][[3]][[1]][[1]][[28]][[1]][[28]][[2]][[28]][[1]][[28]][[1]][[28]][[1]][[27]][[27]][[27]][[27]][[11]][[4]][[11]][[2]][[3]]
- "axis.title.x.bottom..titleGrob.504"
+ "axis.title.x.bottom..titleGrob.540"

actual[[1]][[3]][[3]][[1]][[1]][[28]][[1]][[28]][[2]][[28]][[1]][[28]][[1]][[28]][[1]][[27]][[27]][[27]][[27]][[11]][[4]][[11]][[2]][[6]][[1]][[9]] vs expected[[1]][[3]][[3]][[1]][[1]][[28]][[1]][[28]][[2]][[28]][[1]][[28]][[1]][[28]][[1]][[27]][[27]][[27]][[27]][[11]][[4]][[11]][[2]][[6]][[1]][[9]]
- "GRID.text.502"
+ "GRID.text.538"

actual[[1]][[3]][[3]][[1]][[1]][[28]][[1]][[28]][[2]][[28]][[1]][[28]][[1]][[28]][[1]][[27]][[27]][[27]][[27]][[11]][[4]][[11]][[2]][[7]] vs expected[[1]][[3]][[3]][[1]][[1]][[28]][[1]][[28]][[2]][[28]][[1]][[28]][[1]][[28]][[1]][[27]][[27]][[27]][[27]][[11]][[4]][[11]][[2]][[7]]
- "GRID.text.502"
+ "GRID.text.538"

actual[[1]][[3]][[3]][[1]][[1]][[28]][[1]][[28]][[2]][[28]][[1]][[28]][[1]][[28]][[2]][[27]][[27]][[17]] vs expected[[1]][[3]][[3]][[1]][[1]][[28]][[1]][[28]][[2]][[28]][[1]][[28]][[1]][[28]][[2]][[27]][[27]][[17]]
- "GRID.VP.26"
+ "GRID.VP.30"

actual[[1]][[3]][[3]][[1]][[1]][[28]][[1]][[28]][[2]][[28]][[1]][[28]][[1]][[28]][[2]][[27]][[27]][[27]][[27]][[11]][[3]][[5]][[2]][[1]][[2]][[2]][[1]][[2]][[9]] vs expected[[1]][[3]][[3]][[1]][[1]][[28]][[1]][[28]][[2]][[28]][[1]][[28]][[1]][[28]][[2]][[27]][[27]][[27]][[27]][[11]][[3]][[5]][[2]][[1]][[2]][[2]][[1]][[2]][[9]]
- "GRID.text.505"
+ "GRID.text.541"

actual[[1]][[3]][[3]][[1]][[1]][[28]][[1]][[28]][[2]][[28]][[1]][[28]][[1]][[28]][[2]][[27]][[27]][[27]][[27]][[11]][[3]][[5]][[2]][[3]] vs expected[[1]][[3]][[3]][[1]][[1]][[28]][[1]][[28]][[2]][[28]][[1]][[28]][[1]][[28]][[2]][[27]][[27]][[27]][[27]][[11]][[3]][[5]][[2]][[3]]
- "axis.title.y.left..titleGrob.507"
+ "axis.title.y.left..titleGrob.543"

actual[[1]][[3]][[3]][[1]][[1]][[28]][[1]][[28]][[2]][[28]][[1]][[28]][[1]][[28]][[2]][[27]][[27]][[27]][[27]][[11]][[3]][[5]][[2]][[6]][[1]][[9]] vs expected[[1]][[3]][[3]][[1]][[1]][[28]][[1]][[28]][[2]][[28]][[1]][[28]][[1]][[28]][[2]][[27]][[27]][[27]][[27]][[11]][[3]][[5]][[2]][[6]][[1]][[9]]
- "GRID.text.505"
+ "GRID.text.541"

actual[[1]][[3]][[3]][[1]][[1]][[28]][[1]][[28]][[2]][[28]][[1]][[28]][[1]][[28]][[2]][[27]][[27]][[27]][[27]][[11]][[3]][[5]][[2]][[7]] vs expected[[1]][[3]][[3]][[1]][[1]][[28]][[1]][[28]][[2]][[28]][[1]][[28]][[1]][[28]][[2]][[27]][[27]][[27]][[27]][[11]][[3]][[5]][[2]][[7]]
- "GRID.text.505"
+ "GRID.text.541"

actual[[1]][[3]][[3]][[1]][[1]][[28]][[1]][[28]][[2]][[28]][[1]][[28]][[1]][[28]][[2]][[27]][[27]][[27]][[27]][[11]][[4]][[11]][[2]][[2]][[2]][[2]][[1]][[2]][[9]] vs expected[[1]][[3]][[3]][[1]][[1]][[28]][[1]][[28]][[2]][[28]][[1]][[28]][[1]][[28]][[2]][[27]][[27]][[27]][[27]][[11]][[4]][[11]][[2]][[2]][[2]][[2]][[1]][[2]][[9]]
- "GRID.text.502"
+ "GRID.text.538"

actual[[1]][[3]][[3]][[1]][[1]][[28]][[1]][[28]][[2]][[28]][[1]][[28]][[1]][[28]][[2]][[27]][[27]][[27]][[27]][[11]][[4]][[11]][[2]][[3]] vs expected[[1]][[3]][[3]][[1]][[1]][[28]][[1]][[28]][[2]][[28]][[1]][[28]][[1]][[28]][[2]][[27]][[27]][[27]][[27]][[11]][[4]][[11]][[2]][[3]]
- "axis.title.x.bottom..titleGrob.504"
+ "axis.title.x.bottom..titleGrob.540"

actual[[1]][[3]][[3]][[1]][[1]][[28]][[1]][[28]][[2]][[28]][[1]][[28]][[1]][[28]][[2]][[27]][[27]][[27]][[27]][[11]][[4]][[11]][[2]][[6]][[1]][[9]] vs expected[[1]][[3]][[3]][[1]][[1]][[28]][[1]][[28]][[2]][[28]][[1]][[28]][[1]][[28]][[2]][[27]][[27]][[27]][[27]][[11]][[4]][[11]][[2]][[6]][[1]][[9]]
- "GRID.text.502"
+ "GRID.text.538"

actual[[1]][[3]][[3]][[1]][[1]][[28]][[1]][[28]][[2]][[28]][[1]][[28]][[1]][[28]][[2]][[27]][[27]][[27]][[27]][[11]][[4]][[11]][[2]][[7]] vs expected[[1]][[3]][[3]][[1]][[1]][[28]][[1]][[28]][[2]][[28]][[1]][[28]][[1]][[28]][[2]][[27]][[27]][[27]][[27]][[11]][[4]][[11]][[2]][[7]]
- "GRID.text.502"
+ "GRID.text.538"

actual[[1]][[3]][[3]][[1]][[1]][[28]][[1]][[28]][[2]][[28]][[1]][[28]][[1]][[28]][[3]][[27]][[27]][[17]] vs expected[[1]][[3]][[3]][[1]][[1]][[28]][[1]][[28]][[2]][[28]][[1]][[28]][[1]][[28]][[3]][[27]][[27]][[17]]
- "GRID.VP.26"
+ "GRID.VP.30"

actual[[1]][[3]][[3]][[1]][[1]][[28]][[1]][[28]][[2]][[28]][[1]][[28]][[1]][[28]][[3]][[27]][[27]][[27]][[27]][[11]][[3]][[5]][[2]][[1]][[2]][[2]][[1]][[2]][[9]] vs expected[[1]][[3]][[3]][[1]][[1]][[28]][[1]][[28]][[2]][[28]][[1]][[28]][[1]][[28]][[3]][[27]][[27]][[27]][[27]][[11]][[3]][[5]][[2]][[1]][[2]][[2]][[1]][[2]][[9]]
- "GRID.text.505"
+ "GRID.text.541"

actual[[1]][[3]][[3]][[1]][[1]][[28]][[1]][[28]][[2]][[28]][[1]][[28]][[1]][[28]][[3]][[27]][[27]][[27]][[27]][[11]][[3]][[5]][[2]][[3]] vs expected[[1]][[3]][[3]][[1]][[1]][[28]][[1]][[28]][[2]][[28]][[1]][[28]][[1]][[28]][[3]][[27]][[27]][[27]][[27]][[11]][[3]][[5]][[2]][[3]]
- "axis.title.y.left..titleGrob.507"
+ "axis.title.y.left..titleGrob.543"

actual[[1]][[3]][[3]][[1]][[1]][[28]][[1]][[28]][[2]][[28]][[1]][[28]][[1]][[28]][[3]][[27]][[27]][[27]][[27]][[11]][[3]][[5]][[2]][[6]][[1]][[9]] vs expected[[1]][[3]][[3]][[1]][[1]][[28]][[1]][[28]][[2]][[28]][[1]][[28]][[1]][[28]][[3]][[27]][[27]][[27]][[27]][[11]][[3]][[5]][[2]][[6]][[1]][[9]]
- "GRID.text.505"
+ "GRID.text.541"

actual[[1]][[3]][[3]][[1]][[1]][[28]][[1]][[28]][[2]][[28]][[1]][[28]][[1]][[28]][[3]][[27]][[27]][[27]][[27]][[11]][[3]][[5]][[2]][[7]] vs expected[[1]][[3]][[3]][[1]][[1]][[28]][[1]][[28]][[2]][[28]][[1]][[28]][[1]][[28]][[3]][[27]][[27]][[27]][[27]][[11]][[3]][[5]][[2]][[7]]
- "GRID.text.505"
+ "GRID.text.541"

actual[[1]][[3]][[3]][[1]][[1]][[28]][[1]][[28]][[2]][[28]][[1]][[28]][[1]][[28]][[3]][[27]][[27]][[27]][[27]][[11]][[4]][[11]][[2]][[2]][[2]][[2]][[1]][[2]][[9]] vs expected[[1]][[3]][[3]][[1]][[1]][[28]][[1]][[28]][[2]][[28]][[1]][[28]][[1]][[28]][[3]][[27]][[27]][[27]][[27]][[11]][[4]][[11]][[2]][[2]][[2]][[2]][[1]][[2]][[9]]
- "GRID.text.502"
+ "GRID.text.538"

actual[[1]][[3]][[3]][[1]][[1]][[28]][[1]][[28]][[2]][[28]][[1]][[28]][[1]][[28]][[3]][[27]][[27]][[27]][[27]][[11]][[4]][[11]][[2]][[3]] vs expected[[1]][[3]][[3]][[1]][[1]][[28]][[1]][[28]][[2]][[28]][[1]][[28]][[1]][[28]][[3]][[27]][[27]][[27]][[27]][[11]][[4]][[11]][[2]][[3]]
- "axis.title.x.bottom..titleGrob.504"
+ "axis.title.x.bottom..titleGrob.540"

actual[[1]][[3]][[3]][[1]][[1]][[28]][[1]][[28]][[2]][[28]][[1]][[28]][[1]][[28]][[3]][[27]][[27]][[27]][[27]][[11]][[4]][[11]][[2]][[6]][[1]][[9]] vs expected[[1]][[3]][[3]][[1]][[1]][[28]][[1]][[28]][[2]][[28]][[1]][[28]][[1]][[28]][[3]][[27]][[27]][[27]][[27]][[11]][[4]][[11]][[2]][[6]][[1]][[9]]
- "GRID.text.502"
+ "GRID.text.538"

actual[[1]][[3]][[3]][[1]][[1]][[28]][[1]][[28]][[2]][[28]][[1]][[28]][[1]][[28]][[3]][[27]][[27]][[27]][[27]][[11]][[4]][[11]][[2]][[7]] vs expected[[1]][[3]][[3]][[1]][[1]][[28]][[1]][[28]][[2]][[28]][[1]][[28]][[1]][[28]][[3]][[27]][[27]][[27]][[27]][[11]][[4]][[11]][[2]][[7]]
- "GRID.text.502"
+ "GRID.text.538"

actual[[1]][[3]][[3]][[1]][[1]][[28]][[1]][[28]][[3]][[27]][[11]][[3]][[5]][[2]][[1]][[2]][[2]][[1]][[2]][[9]] vs expected[[1]][[3]][[3]][[1]][[1]][[28]][[1]][[28]][[3]][[27]][[11]][[3]][[5]][[2]][[1]][[2]][[2]][[1]][[2]][[9]]
- "GRID.text.505"
+ "GRID.text.541"

actual[[1]][[3]][[3]][[1]][[1]][[28]][[1]][[28]][[3]][[27]][[11]][[3]][[5]][[2]][[3]] vs expected[[1]][[3]][[3]][[1]][[1]][[28]][[1]][[28]][[3]][[27]][[11]][[3]][[5]][[2]][[3]]
- "axis.title.y.left..titleGrob.507"
+ "axis.title.y.left..titleGrob.543"

actual[[1]][[3]][[3]][[1]][[1]][[28]][[1]][[28]][[3]][[27]][[11]][[3]][[5]][[2]][[6]][[1]][[9]] vs expected[[1]][[3]][[3]][[1]][[1]][[28]][[1]][[28]][[3]][[27]][[11]][[3]][[5]][[2]][[6]][[1]][[9]]
- "GRID.text.505"
+ "GRID.text.541"

actual[[1]][[3]][[3]][[1]][[1]][[28]][[1]][[28]][[3]][[27]][[11]][[3]][[5]][[2]][[7]] vs expected[[1]][[3]][[3]][[1]][[1]][[28]][[1]][[28]][[3]][[27]][[11]][[3]][[5]][[2]][[7]]
- "GRID.text.505"
+ "GRID.text.541"

actual[[1]][[3]][[3]][[1]][[1]][[28]][[1]][[28]][[3]][[27]][[11]][[4]][[11]][[2]][[2]][[2]][[2]][[1]][[2]][[9]] vs expected[[1]][[3]][[3]][[1]][[1]][[28]][[1]][[28]][[3]][[27]][[11]][[4]][[11]][[2]][[2]][[2]][[2]][[1]][[2]][[9]]
- "GRID.text.502"
+ "GRID.text.538"

actual[[1]][[3]][[3]][[1]][[1]][[28]][[1]][[28]][[3]][[27]][[11]][[4]][[11]][[2]][[3]] vs expected[[1]][[3]][[3]][[1]][[1]][[28]][[1]][[28]][[3]][[27]][[11]][[4]][[11]][[2]][[3]]
- "axis.title.x.bottom..titleGrob.504"
+ "axis.title.x.bottom..titleGrob.540"

actual[[1]][[3]][[3]][[1]][[1]][[28]][[1]][[28]][[3]][[27]][[11]][[4]][[11]][[2]][[6]][[1]][[9]] vs expected[[1]][[3]][[3]][[1]][[1]][[28]][[1]][[28]][[3]][[27]][[11]][[4]][[11]][[2]][[6]][[1]][[9]]
- "GRID.text.502"
+ "GRID.text.538"

actual[[1]][[3]][[3]][[1]][[1]][[28]][[1]][[28]][[3]][[27]][[11]][[4]][[11]][[2]][[7]] vs expected[[1]][[3]][[3]][[1]][[1]][[28]][[1]][[28]][[3]][[27]][[11]][[4]][[11]][[2]][[7]]
- "GRID.text.502"
+ "GRID.text.538"

actual[[1]][[3]][[3]][[1]][[1]][[28]][[1]][[28]][[4]][[27]][[11]][[3]][[5]][[2]][[1]][[2]][[2]][[1]][[2]][[9]] vs expected[[1]][[3]][[3]][[1]][[1]][[28]][[1]][[28]][[4]][[27]][[11]][[3]][[5]][[2]][[1]][[2]][[2]][[1]][[2]][[9]]
- "GRID.text.505"
+ "GRID.text.541"

actual[[1]][[3]][[3]][[1]][[1]][[28]][[1]][[28]][[4]][[27]][[11]][[3]][[5]][[2]][[3]] vs expected[[1]][[3]][[3]][[1]][[1]][[28]][[1]][[28]][[4]][[27]][[11]][[3]][[5]][[2]][[3]]
- "axis.title.y.left..titleGrob.507"
+ "axis.title.y.left..titleGrob.543"

actual[[1]][[3]][[3]][[1]][[1]][[28]][[1]][[28]][[4]][[27]][[11]][[3]][[5]][[2]][[6]][[1]][[9]] vs expected[[1]][[3]][[3]][[1]][[1]][[28]][[1]][[28]][[4]][[27]][[11]][[3]][[5]][[2]][[6]][[1]][[9]]
- "GRID.text.505"
+ "GRID.text.541"

actual[[1]][[3]][[3]][[1]][[1]][[28]][[1]][[28]][[4]][[27]][[11]][[3]][[5]][[2]][[7]] vs expected[[1]][[3]][[3]][[1]][[1]][[28]][[1]][[28]][[4]][[27]][[11]][[3]][[5]][[2]][[7]]
- "GRID.text.505"
+ "GRID.text.541"

actual[[1]][[3]][[3]][[1]][[1]][[28]][[1]][[28]][[4]][[27]][[11]][[4]][[11]][[2]][[2]][[2]][[2]][[1]][[2]][[9]] vs expected[[1]][[3]][[3]][[1]][[1]][[28]][[1]][[28]][[4]][[27]][[11]][[4]][[11]][[2]][[2]][[2]][[2]][[1]][[2]][[9]]
- "GRID.text.502"
+ "GRID.text.538"

actual[[1]][[3]][[3]][[1]][[1]][[28]][[1]][[28]][[4]][[27]][[11]][[4]][[11]][[2]][[3]] vs expected[[1]][[3]][[3]][[1]][[1]][[28]][[1]][[28]][[4]][[27]][[11]][[4]][[11]][[2]][[3]]
- "axis.title.x.bottom..titleGrob.504"
+ "axis.title.x.bottom..titleGrob.540"

actual[[1]][[3]][[3]][[1]][[1]][[28]][[1]][[28]][[4]][[27]][[11]][[4]][[11]][[2]][[6]][[1]][[9]] vs expected[[1]][[3]][[3]][[1]][[1]][[28]][[1]][[28]][[4]][[27]][[11]][[4]][[11]][[2]][[6]][[1]][[9]]
- "GRID.text.502"
+ "GRID.text.538"

actual[[1]][[3]][[3]][[1]][[1]][[28]][[1]][[28]][[4]][[27]][[11]][[4]][[11]][[2]][[7]] vs expected[[1]][[3]][[3]][[1]][[1]][[28]][[1]][[28]][[4]][[27]][[11]][[4]][[11]][[2]][[7]]
- "GRID.text.502"
+ "GRID.text.538"

actual[[1]][[3]][[3]][[1]][[1]][[28]][[1]][[28]][[5]][[27]][[11]][[3]][[5]][[2]][[1]][[2]][[2]][[1]][[2]][[9]] vs expected[[1]][[3]][[3]][[1]][[1]][[28]][[1]][[28]][[5]][[27]][[11]][[3]][[5]][[2]][[1]][[2]][[2]][[1]][[2]][[9]]
- "GRID.text.505"
+ "GRID.text.541"

actual[[1]][[3]][[3]][[1]][[1]][[28]][[1]][[28]][[5]][[27]][[11]][[3]][[5]][[2]][[3]] vs expected[[1]][[3]][[3]][[1]][[1]][[28]][[1]][[28]][[5]][[27]][[11]][[3]][[5]][[2]][[3]]
- "axis.title.y.left..titleGrob.507"
+ "axis.title.y.left..titleGrob.543"

actual[[1]][[3]][[3]][[1]][[1]][[28]][[1]][[28]][[5]][[27]][[11]][[3]][[5]][[2]][[6]][[1]][[9]] vs expected[[1]][[3]][[3]][[1]][[1]][[28]][[1]][[28]][[5]][[27]][[11]][[3]][[5]][[2]][[6]][[1]][[9]]
- "GRID.text.505"
+ "GRID.text.541"

actual[[1]][[3]][[3]][[1]][[1]][[28]][[1]][[28]][[5]][[27]][[11]][[3]][[5]][[2]][[7]] vs expected[[1]][[3]][[3]][[1]][[1]][[28]][[1]][[28]][[5]][[27]][[11]][[3]][[5]][[2]][[7]]
- "GRID.text.505"
+ "GRID.text.541"

actual[[1]][[3]][[3]][[1]][[1]][[28]][[1]][[28]][[5]][[27]][[11]][[4]][[11]][[2]][[2]][[2]][[2]][[1]][[2]][[9]] vs expected[[1]][[3]][[3]][[1]][[1]][[28]][[1]][[28]][[5]][[27]][[11]][[4]][[11]][[2]][[2]][[2]][[2]][[1]][[2]][[9]]
- "GRID.text.502"
+ "GRID.text.538"

actual[[1]][[3]][[3]][[1]][[1]][[28]][[1]][[28]][[5]][[27]][[11]][[4]][[11]][[2]][[3]] vs expected[[1]][[3]][[3]][[1]][[1]][[28]][[1]][[28]][[5]][[27]][[11]][[4]][[11]][[2]][[3]]
- "axis.title.x.bottom..titleGrob.504"
+ "axis.title.x.bottom..titleGrob.540"

actual[[1]][[3]][[3]][[1]][[1]][[28]][[1]][[28]][[5]][[27]][[11]][[4]][[11]][[2]][[6]][[1]][[9]] vs expected[[1]][[3]][[3]][[1]][[1]][[28]][[1]][[28]][[5]][[27]][[11]][[4]][[11]][[2]][[6]][[1]][[9]]
- "GRID.text.502"
+ "GRID.text.538"

actual[[1]][[3]][[3]][[1]][[1]][[28]][[1]][[28]][[5]][[27]][[11]][[4]][[11]][[2]][[7]] vs expected[[1]][[3]][[3]][[1]][[1]][[28]][[1]][[28]][[5]][[27]][[11]][[4]][[11]][[2]][[7]]
- "GRID.text.502"
+ "GRID.text.538"

actual[[1]][[3]][[3]][[1]][[1]][[28]][[1]][[28]][[6]][[27]][[11]][[3]][[5]][[2]][[1]][[2]][[2]][[1]][[2]][[9]] vs expected[[1]][[3]][[3]][[1]][[1]][[28]][[1]][[28]][[6]][[27]][[11]][[3]][[5]][[2]][[1]][[2]][[2]][[1]][[2]][[9]]
- "GRID.text.505"
+ "GRID.text.541"

actual[[1]][[3]][[3]][[1]][[1]][[28]][[1]][[28]][[6]][[27]][[11]][[3]][[5]][[2]][[3]] vs expected[[1]][[3]][[3]][[1]][[1]][[28]][[1]][[28]][[6]][[27]][[11]][[3]][[5]][[2]][[3]]
- "axis.title.y.left..titleGrob.507"
+ "axis.title.y.left..titleGrob.543"

actual[[1]][[3]][[3]][[1]][[1]][[28]][[1]][[28]][[6]][[27]][[11]][[3]][[5]][[2]][[6]][[1]][[9]] vs expected[[1]][[3]][[3]][[1]][[1]][[28]][[1]][[28]][[6]][[27]][[11]][[3]][[5]][[2]][[6]][[1]][[9]]
- "GRID.text.505"
+ "GRID.text.541"

actual[[1]][[3]][[3]][[1]][[1]][[28]][[1]][[28]][[6]][[27]][[11]][[3]][[5]][[2]][[7]] vs expected[[1]][[3]][[3]][[1]][[1]][[28]][[1]][[28]][[6]][[27]][[11]][[3]][[5]][[2]][[7]]
- "GRID.text.505"
+ "GRID.text.541"

actual[[1]][[3]][[3]][[1]][[1]][[28]][[1]][[28]][[6]][[27]][[11]][[4]][[11]][[2]][[2]][[2]][[2]][[1]][[2]][[9]] vs expected[[1]][[3]][[3]][[1]][[1]][[28]][[1]][[28]][[6]][[27]][[11]][[4]][[11]][[2]][[2]][[2]][[2]][[1]][[2]][[9]]
- "GRID.text.502"
+ "GRID.text.538"

actual[[1]][[3]][[3]][[1]][[1]][[28]][[1]][[28]][[6]][[27]][[11]][[4]][[11]][[2]][[3]] vs expected[[1]][[3]][[3]][[1]][[1]][[28]][[1]][[28]][[6]][[27]][[11]][[4]][[11]][[2]][[3]]
- "axis.title.x.bottom..titleGrob.504"
+ "axis.title.x.bottom..titleGrob.540"

actual[[1]][[3]][[3]][[1]][[1]][[28]][[1]][[28]][[6]][[27]][[11]][[4]][[11]][[2]][[6]][[1]][[9]] vs expected[[1]][[3]][[3]][[1]][[1]][[28]][[1]][[28]][[6]][[27]][[11]][[4]][[11]][[2]][[6]][[1]][[9]]
- "GRID.text.502"
+ "GRID.text.538"

actual[[1]][[3]][[3]][[1]][[1]][[28]][[1]][[28]][[6]][[27]][[11]][[4]][[11]][[2]][[7]] vs expected[[1]][[3]][[3]][[1]][[1]][[28]][[1]][[28]][[6]][[27]][[11]][[4]][[11]][[2]][[7]]
- "GRID.text.502"
+ "GRID.text.538"

actual[[1]][[3]][[3]][[1]][[1]][[28]][[1]][[28]][[7]][[27]][[11]][[3]][[5]][[2]][[1]][[2]][[2]][[1]][[2]][[9]] vs expected[[1]][[3]][[3]][[1]][[1]][[28]][[1]][[28]][[7]][[27]][[11]][[3]][[5]][[2]][[1]][[2]][[2]][[1]][[2]][[9]]
- "GRID.text.505"
+ "GRID.text.541"

actual[[1]][[3]][[3]][[1]][[1]][[28]][[1]][[28]][[7]][[27]][[11]][[3]][[5]][[2]][[3]] vs expected[[1]][[3]][[3]][[1]][[1]][[28]][[1]][[28]][[7]][[27]][[11]][[3]][[5]][[2]][[3]]
- "axis.title.y.left..titleGrob.507"
+ "axis.title.y.left..titleGrob.543"

actual[[1]][[3]][[3]][[1]][[1]][[28]][[1]][[28]][[7]][[27]][[11]][[3]][[5]][[2]][[6]][[1]][[9]] vs expected[[1]][[3]][[3]][[1]][[1]][[28]][[1]][[28]][[7]][[27]][[11]][[3]][[5]][[2]][[6]][[1]][[9]]
- "GRID.text.505"
+ "GRID.text.541"

actual[[1]][[3]][[3]][[1]][[1]][[28]][[1]][[28]][[7]][[27]][[11]][[3]][[5]][[2]][[7]] vs expected[[1]][[3]][[3]][[1]][[1]][[28]][[1]][[28]][[7]][[27]][[11]][[3]][[5]][[2]][[7]]
- "GRID.text.505"
+ "GRID.text.541"

actual[[1]][[3]][[3]][[1]][[1]][[28]][[1]][[28]][[7]][[27]][[11]][[4]][[11]][[2]][[2]][[2]][[2]][[1]][[2]][[9]] vs expected[[1]][[3]][[3]][[1]][[1]][[28]][[1]][[28]][[7]][[27]][[11]][[4]][[11]][[2]][[2]][[2]][[2]][[1]][[2]][[9]]
- "GRID.text.502"
+ "GRID.text.538"

actual[[1]][[3]][[3]][[1]][[1]][[28]][[1]][[28]][[7]][[27]][[11]][[4]][[11]][[2]][[3]] vs expected[[1]][[3]][[3]][[1]][[1]][[28]][[1]][[28]][[7]][[27]][[11]][[4]][[11]][[2]][[3]]
- "axis.title.x.bottom..titleGrob.504"
+ "axis.title.x.bottom..titleGrob.540"

actual[[1]][[3]][[3]][[1]][[1]][[28]][[1]][[28]][[7]][[27]][[11]][[4]][[11]][[2]][[6]][[1]][[9]] vs expected[[1]][[3]][[3]][[1]][[1]][[28]][[1]][[28]][[7]][[27]][[11]][[4]][[11]][[2]][[6]][[1]][[9]]
- "GRID.text.502"
+ "GRID.text.538"

actual[[1]][[3]][[3]][[1]][[1]][[28]][[1]][[28]][[7]][[27]][[11]][[4]][[11]][[2]][[7]] vs expected[[1]][[3]][[3]][[1]][[1]][[28]][[1]][[28]][[7]][[27]][[11]][[4]][[11]][[2]][[7]]
- "GRID.text.502"
+ "GRID.text.538"

actual[[1]][[3]][[3]][[1]][[1]][[28]][[1]][[28]][[8]][[27]][[11]][[3]][[5]][[2]][[1]][[2]][[2]][[1]][[2]][[9]] vs expected[[1]][[3]][[3]][[1]][[1]][[28]][[1]][[28]][[8]][[27]][[11]][[3]][[5]][[2]][[1]][[2]][[2]][[1]][[2]][[9]]
- "GRID.text.505"
+ "GRID.text.541"

actual[[1]][[3]][[3]][[1]][[1]][[28]][[1]][[28]][[8]][[27]][[11]][[3]][[5]][[2]][[3]] vs expected[[1]][[3]][[3]][[1]][[1]][[28]][[1]][[28]][[8]][[27]][[11]][[3]][[5]][[2]][[3]]
- "axis.title.y.left..titleGrob.507"
+ "axis.title.y.left..titleGrob.543"

actual[[1]][[3]][[3]][[1]][[1]][[28]][[1]][[28]][[8]][[27]][[11]][[3]][[5]][[2]][[6]][[1]][[9]] vs expected[[1]][[3]][[3]][[1]][[1]][[28]][[1]][[28]][[8]][[27]][[11]][[3]][[5]][[2]][[6]][[1]][[9]]
- "GRID.text.505"
+ "GRID.text.541"

actual[[1]][[3]][[3]][[1]][[1]][[28]][[1]][[28]][[8]][[27]][[11]][[3]][[5]][[2]][[7]] vs expected[[1]][[3]][[3]][[1]][[1]][[28]][[1]][[28]][[8]][[27]][[11]][[3]][[5]][[2]][[7]]
- "GRID.text.505"
+ "GRID.text.541"

actual[[1]][[3]][[3]][[1]][[1]][[28]][[1]][[28]][[8]][[27]][[11]][[4]][[11]][[2]][[2]][[2]][[2]][[1]][[2]][[9]] vs expected[[1]][[3]][[3]][[1]][[1]][[28]][[1]][[28]][[8]][[27]][[11]][[4]][[11]][[2]][[2]][[2]][[2]][[1]][[2]][[9]]
- "GRID.text.502"
+ "GRID.text.538"

actual[[1]][[3]][[3]][[1]][[1]][[28]][[1]][[28]][[8]][[27]][[11]][[4]][[11]][[2]][[3]] vs expected[[1]][[3]][[3]][[1]][[1]][[28]][[1]][[28]][[8]][[27]][[11]][[4]][[11]][[2]][[3]]
- "axis.title.x.bottom..titleGrob.504"
+ "axis.title.x.bottom..titleGrob.540"

actual[[1]][[3]][[3]][[1]][[1]][[28]][[1]][[28]][[8]][[27]][[11]][[4]][[11]][[2]][[6]][[1]][[9]] vs expected[[1]][[3]][[3]][[1]][[1]][[28]][[1]][[28]][[8]][[27]][[11]][[4]][[11]][[2]][[6]][[1]][[9]]
- "GRID.text.502"
+ "GRID.text.538"

actual[[1]][[3]][[3]][[1]][[1]][[28]][[1]][[28]][[8]][[27]][[11]][[4]][[11]][[2]][[7]] vs expected[[1]][[3]][[3]][[1]][[1]][[28]][[1]][[28]][[8]][[27]][[11]][[4]][[11]][[2]][[7]]
- "GRID.text.502"
+ "GRID.text.538"

actual[[1]][[3]][[3]][[1]][[1]][[28]][[1]][[28]][[9]][[27]][[11]][[3]][[5]][[2]][[1]][[2]][[2]][[1]][[2]][[9]] vs expected[[1]][[3]][[3]][[1]][[1]][[28]][[1]][[28]][[9]][[27]][[11]][[3]][[5]][[2]][[1]][[2]][[2]][[1]][[2]][[9]]
- "GRID.text.505"
+ "GRID.text.541"

actual[[1]][[3]][[3]][[1]][[1]][[28]][[1]][[28]][[9]][[27]][[11]][[3]][[5]][[2]][[3]] vs expected[[1]][[3]][[3]][[1]][[1]][[28]][[1]][[28]][[9]][[27]][[11]][[3]][[5]][[2]][[3]]
- "axis.title.y.left..titleGrob.507"
+ "axis.title.y.left..titleGrob.543"

actual[[1]][[3]][[3]][[1]][[1]][[28]][[1]][[28]][[9]][[27]][[11]][[3]][[5]][[2]][[6]][[1]][[9]] vs expected[[1]][[3]][[3]][[1]][[1]][[28]][[1]][[28]][[9]][[27]][[11]][[3]][[5]][[2]][[6]][[1]][[9]]
- "GRID.text.505"
+ "GRID.text.541"

actual[[1]][[3]][[3]][[1]][[1]][[28]][[1]][[28]][[9]][[27]][[11]][[3]][[5]][[2]][[7]] vs expected[[1]][[3]][[3]][[1]][[1]][[28]][[1]][[28]][[9]][[27]][[11]][[3]][[5]][[2]][[7]]
- "GRID.text.505"
+ "GRID.text.541"

actual[[1]][[3]][[3]][[1]][[1]][[28]][[1]][[28]][[9]][[27]][[11]][[4]][[11]][[2]][[2]][[2]][[2]][[1]][[2]][[9]] vs expected[[1]][[3]][[3]][[1]][[1]][[28]][[1]][[28]][[9]][[27]][[11]][[4]][[11]][[2]][[2]][[2]][[2]][[1]][[2]][[9]]
- "GRID.text.502"
+ "GRID.text.538"

actual[[1]][[3]][[3]][[1]][[1]][[28]][[1]][[28]][[9]][[27]][[11]][[4]][[11]][[2]][[3]] vs expected[[1]][[3]][[3]][[1]][[1]][[28]][[1]][[28]][[9]][[27]][[11]][[4]][[11]][[2]][[3]]
- "axis.title.x.bottom..titleGrob.504"
+ "axis.title.x.bottom..titleGrob.540"

actual[[1]][[3]][[3]][[1]][[1]][[28]][[1]][[28]][[9]][[27]][[11]][[4]][[11]][[2]][[6]][[1]][[9]] vs expected[[1]][[3]][[3]][[1]][[1]][[28]][[1]][[28]][[9]][[27]][[11]][[4]][[11]][[2]][[6]][[1]][[9]]
- "GRID.text.502"
+ "GRID.text.538"

actual[[1]][[3]][[3]][[1]][[1]][[28]][[1]][[28]][[9]][[27]][[11]][[4]][[11]][[2]][[7]] vs expected[[1]][[3]][[3]][[1]][[1]][[28]][[1]][[28]][[9]][[27]][[11]][[4]][[11]][[2]][[7]]
- "GRID.text.502"
+ "GRID.text.538"

actual[[1]][[3]][[3]][[1]][[1]][[28]][[1]][[28]][[10]][[27]][[11]][[3]][[5]][[2]][[1]][[2]][[2]][[1]][[2]][[9]] vs expected[[1]][[3]][[3]][[1]][[1]][[28]][[1]][[28]][[10]][[27]][[11]][[3]][[5]][[2]][[1]][[2]][[2]][[1]][[2]][[9]]
- "GRID.text.505"
+ "GRID.text.541"

actual[[1]][[3]][[3]][[1]][[1]][[28]][[1]][[28]][[10]][[27]][[11]][[3]][[5]][[2]][[3]] vs expected[[1]][[3]][[3]][[1]][[1]][[28]][[1]][[28]][[10]][[27]][[11]][[3]][[5]][[2]][[3]]
- "axis.title.y.left..titleGrob.507"
+ "axis.title.y.left..titleGrob.543"

actual[[1]][[3]][[3]][[1]][[1]][[28]][[1]][[28]][[10]][[27]][[11]][[3]][[5]][[2]][[6]][[1]][[9]] vs expected[[1]][[3]][[3]][[1]][[1]][[28]][[1]][[28]][[10]][[27]][[11]][[3]][[5]][[2]][[6]][[1]][[9]]
- "GRID.text.505"
+ "GRID.text.541"

actual[[1]][[3]][[3]][[1]][[1]][[28]][[1]][[28]][[10]][[27]][[11]][[3]][[5]][[2]][[7]] vs expected[[1]][[3]][[3]][[1]][[1]][[28]][[1]][[28]][[10]][[27]][[11]][[3]][[5]][[2]][[7]]
- "GRID.text.505"
+ "GRID.text.541"

actual[[1]][[3]][[3]][[1]][[1]][[28]][[1]][[28]][[10]][[27]][[11]][[4]][[11]][[2]][[2]][[2]][[2]][[1]][[2]][[9]] vs expected[[1]][[3]][[3]][[1]][[1]][[28]][[1]][[28]][[10]][[27]][[11]][[4]][[11]][[2]][[2]][[2]][[2]][[1]][[2]][[9]]
- "GRID.text.502"
+ "GRID.text.538"

actual[[1]][[3]][[3]][[1]][[1]][[28]][[1]][[28]][[10]][[27]][[11]][[4]][[11]][[2]][[3]] vs expected[[1]][[3]][[3]][[1]][[1]][[28]][[1]][[28]][[10]][[27]][[11]][[4]][[11]][[2]][[3]]
- "axis.title.x.bottom..titleGrob.504"
+ "axis.title.x.bottom..titleGrob.540"

actual[[1]][[3]][[3]][[1]][[1]][[28]][[1]][[28]][[10]][[27]][[11]][[4]][[11]][[2]][[6]][[1]][[9]] vs expected[[1]][[3]][[3]][[1]][[1]][[28]][[1]][[28]][[10]][[27]][[11]][[4]][[11]][[2]][[6]][[1]][[9]]
- "GRID.text.502"
+ "GRID.text.538"

actual[[1]][[3]][[3]][[1]][[1]][[28]][[1]][[28]][[10]][[27]][[11]][[4]][[11]][[2]][[7]] vs expected[[1]][[3]][[3]][[1]][[1]][[28]][[1]][[28]][[10]][[27]][[11]][[4]][[11]][[2]][[7]]
- "GRID.text.502"
+ "GRID.text.538"

actual[[1]][[3]][[3]][[1]][[1]][[28]][[1]][[28]][[11]][[27]][[11]][[3]][[5]][[2]][[1]][[2]][[2]][[1]][[2]][[9]] vs expected[[1]][[3]][[3]][[1]][[1]][[28]][[1]][[28]][[11]][[27]][[11]][[3]][[5]][[2]][[1]][[2]][[2]][[1]][[2]][[9]]
- "GRID.text.505"
+ "GRID.text.541"

actual[[1]][[3]][[3]][[1]][[1]][[28]][[1]][[28]][[11]][[27]][[11]][[3]][[5]][[2]][[3]] vs expected[[1]][[3]][[3]][[1]][[1]][[28]][[1]][[28]][[11]][[27]][[11]][[3]][[5]][[2]][[3]]
- "axis.title.y.left..titleGrob.507"
+ "axis.title.y.left..titleGrob.543"

actual[[1]][[3]][[3]][[1]][[1]][[28]][[1]][[28]][[11]][[27]][[11]][[3]][[5]][[2]][[6]][[1]][[9]] vs expected[[1]][[3]][[3]][[1]][[1]][[28]][[1]][[28]][[11]][[27]][[11]][[3]][[5]][[2]][[6]][[1]][[9]]
- "GRID.text.505"
+ "GRID.text.541"

actual[[1]][[3]][[3]][[1]][[1]][[28]][[1]][[28]][[11]][[27]][[11]][[3]][[5]][[2]][[7]] vs expected[[1]][[3]][[3]][[1]][[1]][[28]][[1]][[28]][[11]][[27]][[11]][[3]][[5]][[2]][[7]]
- "GRID.text.505"
+ "GRID.text.541"

actual[[1]][[3]][[3]][[1]][[1]][[28]][[1]][[28]][[11]][[27]][[11]][[4]][[11]][[2]][[2]][[2]][[2]][[1]][[2]][[9]] vs expected[[1]][[3]][[3]][[1]][[1]][[28]][[1]][[28]][[11]][[27]][[11]][[4]][[11]][[2]][[2]][[2]][[2]][[1]][[2]][[9]]
- "GRID.text.502"
+ "GRID.text.538"

actual[[1]][[3]][[3]][[1]][[1]][[28]][[1]][[28]][[11]][[27]][[11]][[4]][[11]][[2]][[3]] vs expected[[1]][[3]][[3]][[1]][[1]][[28]][[1]][[28]][[11]][[27]][[11]][[4]][[11]][[2]][[3]]
- "axis.title.x.bottom..titleGrob.504"
+ "axis.title.x.bottom..titleGrob.540"

actual[[1]][[3]][[3]][[1]][[1]][[28]][[1]][[28]][[11]][[27]][[11]][[4]][[11]][[2]][[6]][[1]][[9]] vs expected[[1]][[3]][[3]][[1]][[1]][[28]][[1]][[28]][[11]][[27]][[11]][[4]][[11]][[2]][[6]][[1]][[9]]
- "GRID.text.502"
+ "GRID.text.538"

actual[[1]][[3]][[3]][[1]][[1]][[28]][[1]][[28]][[11]][[27]][[11]][[4]][[11]][[2]][[7]] vs expected[[1]][[3]][[3]][[1]][[1]][[28]][[1]][[28]][[11]][[27]][[11]][[4]][[11]][[2]][[7]]
- "GRID.text.502"
+ "GRID.text.538"

actual[[1]][[3]][[3]][[1]][[1]][[28]][[1]][[28]][[12]][[27]][[11]][[3]][[5]][[2]][[1]][[2]][[2]][[1]][[2]][[9]] vs expected[[1]][[3]][[3]][[1]][[1]][[28]][[1]][[28]][[12]][[27]][[11]][[3]][[5]][[2]][[1]][[2]][[2]][[1]][[2]][[9]]
- "GRID.text.505"
+ "GRID.text.541"

actual[[1]][[3]][[3]][[1]][[1]][[28]][[1]][[28]][[12]][[27]][[11]][[3]][[5]][[2]][[3]] vs expected[[1]][[3]][[3]][[1]][[1]][[28]][[1]][[28]][[12]][[27]][[11]][[3]][[5]][[2]][[3]]
- "axis.title.y.left..titleGrob.507"
+ "axis.title.y.left..titleGrob.543"

actual[[1]][[3]][[3]][[1]][[1]][[28]][[1]][[28]][[12]][[27]][[11]][[3]][[5]][[2]][[6]][[1]][[9]] vs expected[[1]][[3]][[3]][[1]][[1]][[28]][[1]][[28]][[12]][[27]][[11]][[3]][[5]][[2]][[6]][[1]][[9]]
- "GRID.text.505"
+ "GRID.text.541"

actual[[1]][[3]][[3]][[1]][[1]][[28]][[1]][[28]][[12]][[27]][[11]][[3]][[5]][[2]][[7]] vs expected[[1]][[3]][[3]][[1]][[1]][[28]][[1]][[28]][[12]][[27]][[11]][[3]][[5]][[2]][[7]]
- "GRID.text.505"
+ "GRID.text.541"

actual[[1]][[3]][[3]][[1]][[1]][[28]][[1]][[28]][[12]][[27]][[11]][[4]][[11]][[2]][[2]][[2]][[2]][[1]][[2]][[9]] vs expected[[1]][[3]][[3]][[1]][[1]][[28]][[1]][[28]][[12]][[27]][[11]][[4]][[11]][[2]][[2]][[2]][[2]][[1]][[2]][[9]]
- "GRID.text.502"
+ "GRID.text.538"

actual[[1]][[3]][[3]][[1]][[1]][[28]][[1]][[28]][[12]][[27]][[11]][[4]][[11]][[2]][[3]] vs expected[[1]][[3]][[3]][[1]][[1]][[28]][[1]][[28]][[12]][[27]][[11]][[4]][[11]][[2]][[3]]
- "axis.title.x.bottom..titleGrob.504"
+ "axis.title.x.bottom..titleGrob.540"

actual[[1]][[3]][[3]][[1]][[1]][[28]][[1]][[28]][[12]][[27]][[11]][[4]][[11]][[2]][[6]][[1]][[9]] vs expected[[1]][[3]][[3]][[1]][[1]][[28]][[1]][[28]][[12]][[27]][[11]][[4]][[11]][[2]][[6]][[1]][[9]]
- "GRID.text.502"
+ "GRID.text.538"

actual[[1]][[3]][[3]][[1]][[1]][[28]][[1]][[28]][[12]][[27]][[11]][[4]][[11]][[2]][[7]] vs expected[[1]][[3]][[3]][[1]][[1]][[28]][[1]][[28]][[12]][[27]][[11]][[4]][[11]][[2]][[7]]
- "GRID.text.502"
+ "GRID.text.538"

actual[[1]][[3]][[3]][[1]][[1]][[28]][[1]][[28]][[13]][[27]][[11]][[3]][[5]][[2]][[1]][[2]][[2]][[1]][[2]][[9]] vs expected[[1]][[3]][[3]][[1]][[1]][[28]][[1]][[28]][[13]][[27]][[11]][[3]][[5]][[2]][[1]][[2]][[2]][[1]][[2]][[9]]
- "GRID.text.505"
+ "GRID.text.541"

actual[[1]][[3]][[3]][[1]][[1]][[28]][[1]][[28]][[13]][[27]][[11]][[3]][[5]][[2]][[3]] vs expected[[1]][[3]][[3]][[1]][[1]][[28]][[1]][[28]][[13]][[27]][[11]][[3]][[5]][[2]][[3]]
- "axis.title.y.left..titleGrob.507"
+ "axis.title.y.left..titleGrob.543"

actual[[1]][[3]][[3]][[1]][[1]][[28]][[1]][[28]][[13]][[27]][[11]][[3]][[5]][[2]][[6]][[1]][[9]] vs expected[[1]][[3]][[3]][[1]][[1]][[28]][[1]][[28]][[13]][[27]][[11]][[3]][[5]][[2]][[6]][[1]][[9]]
- "GRID.text.505"
+ "GRID.text.541"

actual[[1]][[3]][[3]][[1]][[1]][[28]][[1]][[28]][[13]][[27]][[11]][[3]][[5]][[2]][[7]] vs expected[[1]][[3]][[3]][[1]][[1]][[28]][[1]][[28]][[13]][[27]][[11]][[3]][[5]][[2]][[7]]
- "GRID.text.505"
+ "GRID.text.541"

actual[[1]][[3]][[3]][[1]][[1]][[28]][[1]][[28]][[13]][[27]][[11]][[4]][[11]][[2]][[2]][[2]][[2]][[1]][[2]][[9]] vs expected[[1]][[3]][[3]][[1]][[1]][[28]][[1]][[28]][[13]][[27]][[11]][[4]][[11]][[2]][[2]][[2]][[2]][[1]][[2]][[9]]
- "GRID.text.502"
+ "GRID.text.538"

actual[[1]][[3]][[3]][[1]][[1]][[28]][[1]][[28]][[13]][[27]][[11]][[4]][[11]][[2]][[3]] vs expected[[1]][[3]][[3]][[1]][[1]][[28]][[1]][[28]][[13]][[27]][[11]][[4]][[11]][[2]][[3]]
- "axis.title.x.bottom..titleGrob.504"
+ "axis.title.x.bottom..titleGrob.540"

actual[[1]][[3]][[3]][[1]][[1]][[28]][[1]][[28]][[13]][[27]][[11]][[4]][[11]][[2]][[6]][[1]][[9]] vs expected[[1]][[3]][[3]][[1]][[1]][[28]][[1]][[28]][[13]][[27]][[11]][[4]][[11]][[2]][[6]][[1]][[9]]
- "GRID.text.502"
+ "GRID.text.538"

actual[[1]][[3]][[3]][[1]][[1]][[28]][[1]][[28]][[13]][[27]][[11]][[4]][[11]][[2]][[7]] vs expected[[1]][[3]][[3]][[1]][[1]][[28]][[1]][[28]][[13]][[27]][[11]][[4]][[11]][[2]][[7]]
- "GRID.text.502"
+ "GRID.text.538"

actual[[1]][[3]][[3]][[1]][[1]][[28]][[1]][[28]][[14]][[27]][[11]][[3]][[5]][[2]][[1]][[2]][[2]][[1]][[2]][[9]] vs expected[[1]][[3]][[3]][[1]][[1]][[28]][[1]][[28]][[14]][[27]][[11]][[3]][[5]][[2]][[1]][[2]][[2]][[1]][[2]][[9]]
- "GRID.text.505"
+ "GRID.text.541"

actual[[1]][[3]][[3]][[1]][[1]][[28]][[1]][[28]][[14]][[27]][[11]][[3]][[5]][[2]][[3]] vs expected[[1]][[3]][[3]][[1]][[1]][[28]][[1]][[28]][[14]][[27]][[11]][[3]][[5]][[2]][[3]]
- "axis.title.y.left..titleGrob.507"
+ "axis.title.y.left..titleGrob.543"

actual[[1]][[3]][[3]][[1]][[1]][[28]][[1]][[28]][[14]][[27]][[11]][[3]][[5]][[2]][[6]][[1]][[9]] vs expected[[1]][[3]][[3]][[1]][[1]][[28]][[1]][[28]][[14]][[27]][[11]][[3]][[5]][[2]][[6]][[1]][[9]]
- "GRID.text.505"
+ "GRID.text.541"

actual[[1]][[3]][[3]][[1]][[1]][[28]][[1]][[28]][[14]][[27]][[11]][[3]][[5]][[2]][[7]] vs expected[[1]][[3]][[3]][[1]][[1]][[28]][[1]][[28]][[14]][[27]][[11]][[3]][[5]][[2]][[7]]
- "GRID.text.505"
+ "GRID.text.541"

actual[[1]][[3]][[3]][[1]][[1]][[28]][[1]][[28]][[14]][[27]][[11]][[4]][[11]][[2]][[2]][[2]][[2]][[1]][[2]][[9]] vs expected[[1]][[3]][[3]][[1]][[1]][[28]][[1]][[28]][[14]][[27]][[11]][[4]][[11]][[2]][[2]][[2]][[2]][[1]][[2]][[9]]
- "GRID.text.502"
+ "GRID.text.538"

actual[[1]][[3]][[3]][[1]][[1]][[28]][[1]][[28]][[14]][[27]][[11]][[4]][[11]][[2]][[3]] vs expected[[1]][[3]][[3]][[1]][[1]][[28]][[1]][[28]][[14]][[27]][[11]][[4]][[11]][[2]][[3]]
- "axis.title.x.bottom..titleGrob.504"
+ "axis.title.x.bottom..titleGrob.540"

actual[[1]][[3]][[3]][[1]][[1]][[28]][[1]][[28]][[14]][[27]][[11]][[4]][[11]][[2]][[6]][[1]][[9]] vs expected[[1]][[3]][[3]][[1]][[1]][[28]][[1]][[28]][[14]][[27]][[11]][[4]][[11]][[2]][[6]][[1]][[9]]
- "GRID.text.502"
+ "GRID.text.538"

actual[[1]][[3]][[3]][[1]][[1]][[28]][[1]][[28]][[14]][[27]][[11]][[4]][[11]][[2]][[7]] vs expected[[1]][[3]][[3]][[1]][[1]][[28]][[1]][[28]][[14]][[27]][[11]][[4]][[11]][[2]][[7]]
- "GRID.text.502"
+ "GRID.text.538"

actual[[1]][[3]][[3]][[1]][[1]][[28]][[1]][[28]][[15]][[27]][[11]][[3]][[5]][[2]][[1]][[2]][[2]][[1]][[2]][[9]] vs expected[[1]][[3]][[3]][[1]][[1]][[28]][[1]][[28]][[15]][[27]][[11]][[3]][[5]][[2]][[1]][[2]][[2]][[1]][[2]][[9]]
- "GRID.text.505"
+ "GRID.text.541"

actual[[1]][[3]][[3]][[1]][[1]][[28]][[1]][[28]][[15]][[27]][[11]][[3]][[5]][[2]][[3]] vs expected[[1]][[3]][[3]][[1]][[1]][[28]][[1]][[28]][[15]][[27]][[11]][[3]][[5]][[2]][[3]]
- "axis.title.y.left..titleGrob.507"
+ "axis.title.y.left..titleGrob.543"

actual[[1]][[3]][[3]][[1]][[1]][[28]][[1]][[28]][[15]][[27]][[11]][[3]][[5]][[2]][[6]][[1]][[9]] vs expected[[1]][[3]][[3]][[1]][[1]][[28]][[1]][[28]][[15]][[27]][[11]][[3]][[5]][[2]][[6]][[1]][[9]]
[...]
- "panel.grid.major.x..polyline.1007"
+ "panel.grid.major.x..polyline.1043"

actual[[1]][[3]][[1]][[2]][[1]][[6]][[4]][[1]][[5]] vs expected[[1]][[3]][[1]][[2]][[1]][[6]][[4]][[1]][[5]]
- "panel.background..rect.999"
+ "panel.background..rect.1035"
- "panel.grid.minor.y..polyline.1001"
+ "panel.grid.minor.y..polyline.1037"
- "panel.grid.minor.x..polyline.1003"
+ "panel.grid.minor.x..polyline.1039"
- "panel.grid.major.y..polyline.1005"
+ "panel.grid.major.y..polyline.1041"
- "panel.grid.major.x..polyline.1007"
+ "panel.grid.major.x..polyline.1043"

actual[[1]][[3]][[1]][[2]][[1]][[6]][[4]][[3]][[5]] vs expected[[1]][[3]][[1]][[2]][[1]][[6]][[4]][[3]][[5]]
- "geom_point.points.995"
+ "geom_point.points.1031"

actual[[1]][[3]][[1]][[2]][[1]][[6]][[4]][[5]][[1]] vs expected[[1]][[3]][[1]][[2]][[1]][[6]][[4]][[5]][[1]]
- "panel.border..zeroGrob.996"
+ "panel.border..zeroGrob.1032"

actual[[1]][[3]][[1]][[2]][[1]][[6]][[5]] vs expected[[1]][[3]][[1]][[2]][[1]][[6]][[5]]
- "grill.gTree.1008"
+ "grill.gTree.1044"
  "NULL"
- "geom_point.points.995"
+ "geom_point.points.1031"
  "NULL"
- "panel.border..zeroGrob.996"
+ "panel.border..zeroGrob.1032"

`actual[[1]][[3]][[1]][[2]][[1]][[7]][[5]]`:   "GRID.absoluteGrob.1014"
`expected[[1]][[3]][[1]][[2]][[1]][[7]][[5]]`: "GRID.absoluteGrob.1050"

`actual[[1]][[3]][[1]][[2]][[1]][[7]][[7]][[17]]`:   "GRID.VP.73"
`expected[[1]][[3]][[1]][[2]][[1]][[7]][[7]][[17]]`: "GRID.VP.75"

actual[[1]][[3]][[1]][[2]][[1]][[7]][[8]][[2]][[1]][[1]][[6]] vs expected[[1]][[3]][[1]][[2]][[1]][[7]][[8]][[2]][[1]][[1]][[6]]
- "GRID.polyline.1011"
+ "GRID.polyline.1047"

actual[[1]][[3]][[1]][[2]][[1]][[7]][[8]][[2]][[1]][[2]][[2]][[2]][[2]][[1]][[2]][[9]] vs expected[[1]][[3]][[1]][[2]][[1]][[7]][[8]][[2]][[1]][[2]][[2]][[2]][[2]][[1]][[2]][[9]]
- "GRID.text.1012"
+ "GRID.text.1048"

actual[[1]][[3]][[1]][[2]][[1]][[7]][[8]][[2]][[1]][[2]][[3]] vs expected[[1]][[3]][[1]][[2]][[1]][[7]][[8]][[2]][[1]][[2]][[3]]
- "GRID.titleGrob.1013"
+ "GRID.titleGrob.1049"

actual[[1]][[3]][[1]][[2]][[1]][[7]][[8]][[2]][[1]][[2]][[6]][[1]][[9]] vs expected[[1]][[3]][[1]][[2]][[1]][[7]][[8]][[2]][[1]][[2]][[6]][[1]][[9]]
- "GRID.text.1012"
+ "GRID.text.1048"

actual[[1]][[3]][[1]][[2]][[1]][[7]][[8]][[2]][[1]][[2]][[7]] vs expected[[1]][[3]][[1]][[2]][[1]][[7]][[8]][[2]][[1]][[2]][[7]]
- "GRID.text.1012"
+ "GRID.text.1048"

actual[[1]][[3]][[1]][[2]][[1]][[12]][[2]][[2]][[2]][[1]][[2]][[9]] vs expected[[1]][[3]][[1]][[2]][[1]][[12]][[2]][[2]][[2]][[1]][[2]][[9]]
- "GRID.text.1019"
+ "GRID.text.1055"

actual[[1]][[3]][[1]][[2]][[1]][[12]][[3]] vs expected[[1]][[3]][[1]][[2]][[1]][[12]][[3]]
- "axis.title.x.bottom..titleGrob.1021"
+ "axis.title.x.bottom..titleGrob.1057"

`actual[[1]][[3]][[1]][[2]][[1]][[12]][[6]][[1]][[9]]`:   "GRID.text.1019"
`expected[[1]][[3]][[1]][[2]][[1]][[12]][[6]][[1]][[9]]`: "GRID.text.1055"

`actual[[1]][[3]][[1]][[2]][[1]][[12]][[7]]`:   "GRID.text.1019"
`expected[[1]][[3]][[1]][[2]][[1]][[12]][[7]]`: "GRID.text.1055"

actual[[1]][[3]][[1]][[2]][[1]][[13]][[1]][[2]][[2]][[1]][[2]][[9]] vs expected[[1]][[3]][[1]][[2]][[1]][[13]][[1]][[2]][[2]][[1]][[2]][[9]]
- "GRID.text.1022"
+ "GRID.text.1058"

actual[[1]][[3]][[1]][[2]][[1]][[13]][[3]] vs expected[[1]][[3]][[1]][[2]][[1]][[13]][[3]]
- "axis.title.y.left..titleGrob.1024"
+ "axis.title.y.left..titleGrob.1060"

`actual[[1]][[3]][[1]][[2]][[1]][[13]][[6]][[1]][[9]]`:   "GRID.text.1022"
`expected[[1]][[3]][[1]][[2]][[1]][[13]][[6]][[1]][[9]]`: "GRID.text.1058"

`actual[[1]][[3]][[1]][[2]][[1]][[13]][[7]]`:   "GRID.text.1022"
`expected[[1]][[3]][[1]][[2]][[1]][[13]][[7]]`: "GRID.text.1058"

`actual[[1]][[3]][[1]][[2]][[1]][[20]][[1]]`:   "plot.subtitle..zeroGrob.1026"
`expected[[1]][[3]][[1]][[2]][[1]][[20]][[1]]`: "plot.subtitle..zeroGrob.1062"

`actual[[1]][[3]][[1]][[2]][[1]][[21]][[1]]`:   "plot.title..zeroGrob.1025"
`expected[[1]][[3]][[1]][[2]][[1]][[21]][[1]]`: "plot.title..zeroGrob.1061"

`actual[[1]][[3]][[1]][[2]][[1]][[22]][[1]]`:   "plot.caption..zeroGrob.1027"
`expected[[1]][[3]][[1]][[2]][[1]][[22]][[1]]`: "plot.caption..zeroGrob.1063"

actual[[1]][[3]][[1]][[2]][[3]][[5]][[2]][[1]][[2]][[2]][[1]][[2]][[9]] vs expected[[1]][[3]][[1]][[2]][[3]][[5]][[2]][[1]][[2]][[2]][[1]][[2]][[9]]
- "GRID.text.1022"
+ "GRID.text.1058"

actual[[1]][[3]][[1]][[2]][[3]][[5]][[2]][[3]] vs expected[[1]][[3]][[1]][[2]][[3]][[5]][[2]][[3]]
- "axis.title.y.left..titleGrob.1024"
+ "axis.title.y.left..titleGrob.1060"

`actual[[1]][[3]][[1]][[2]][[3]][[5]][[2]][[6]][[1]][[9]]`:   "GRID.text.1022"
`expected[[1]][[3]][[1]][[2]][[3]][[5]][[2]][[6]][[1]][[9]]`: "GRID.text.1058"

`actual[[1]][[3]][[1]][[2]][[3]][[5]][[2]][[7]]`:   "GRID.text.1022"
`expected[[1]][[3]][[1]][[2]][[3]][[5]][[2]][[7]]`: "GRID.text.1058"

actual[[1]][[3]][[1]][[2]][[4]][[11]][[2]][[2]][[2]][[2]][[1]][[2]][[9]] vs expected[[1]][[3]][[1]][[2]][[4]][[11]][[2]][[2]][[2]][[2]][[1]][[2]][[9]]
- "GRID.text.1019"
+ "GRID.text.1055"

actual[[1]][[3]][[1]][[2]][[4]][[11]][[2]][[3]] vs expected[[1]][[3]][[1]][[2]][[4]][[11]][[2]][[3]]
- "axis.title.x.bottom..titleGrob.1021"
+ "axis.title.x.bottom..titleGrob.1057"

`actual[[1]][[3]][[1]][[2]][[4]][[11]][[2]][[6]][[1]][[9]]`:   "GRID.text.1019"
`expected[[1]][[3]][[1]][[2]][[4]][[11]][[2]][[6]][[1]][[9]]`: "GRID.text.1055"

`actual[[1]][[3]][[1]][[2]][[4]][[11]][[2]][[7]]`:   "GRID.text.1019"
`expected[[1]][[3]][[1]][[2]][[4]][[11]][[2]][[7]]`: "GRID.text.1055"</failure>
    </testcase>
    <testcase time="0.0220000000000056" classname="teal_card" name="metadata_can_be_assigned_individually_to_teal_card_object_using_which_argument"/>
    <testcase time="0.0069999999999979" classname="teal_card" name="metadata_can_be_assigned_individually_to_teal_card_using_"/>
    <testcase time="0.0069999999999979" classname="teal_card" name="metadata_can_be_assigned_as_named_list_to_teal_card_object"/>
    <testcase time="0.00600000000000023" classname="teal_card" name="metadata_can_be_assigned_individually_to_ReportCard_object"/>
    <testcase time="0.00300000000000011" classname="teal_card" name="metadata_can_be_assigned_individually_to_ReportCard_object"/>
    <testcase time="0.0069999999999979" classname="teal_card" name="metadata_can_be_assigned_as_named_list_to_ReportCard_object_if_only_has_title"/>
    <testcase time="0.00300000000000011" classname="teal_card" name="metadata_can_be_assigned_as_named_list_to_ReportCard_object_if_only_has_title"/>
    <testcase time="0.0110000000000028" classname="teal_card" name="metadata_assignment_throws_warning_when_named_list_has_other_elements_than_title"/>
    <testcase time="0.00300000000000011" classname="teal_card" name="metadata_assignment_throws_warning_when_named_list_has_other_elements_than_title"/>
    <testcase time="0.00300000000000011" classname="teal_card" name="metadata_assignment_throws_warning_when_named_list_has_other_elements_than_title"/>
    <testcase time="0.0110000000000028" classname="teal_card" name="metadata_assignment_throws_warning_when_named_list_has_element_but_not_title"/>
    <testcase time="0.00300000000000011" classname="teal_card" name="metadata_assignment_throws_warning_when_named_list_has_element_but_not_title"/>
    <testcase time="0.00999999999999801" classname="teal_card" name="metadata_only_supports_assigning_title_in_ReportCard_object"/>
    <testcase time="0.007000000000005" classname="teal_card" name="teal_card_index_assignment_converts_to_unique_identifier"/>
    <testcase time="0.00199999999999534" classname="teal_card" name="teal_card_index_assignment_converts_to_unique_identifier"/>
    <testcase time="0.0769999999999982" classname="teal_card" name="ggplot2_objects_to_recordedplot"/>
    <testcase time="0.0940000000000012" classname="teal_card" name="ggplot2_objects_to_recordedplot_when_using_c_"/>
    <testcase time="0.0800000000000054" classname="teal_card" name="ggplot2_objects_to_recordedplot_when_using_assigning"/>
    <testcase time="0.0899999999999963" classname="teal_card" name="ggplot2_objects_to_recordedplot_when_using_assigning_with_new_name"/>
  </testsuite>
  <testsuite name="teal_report-c" timestamp="2025-09-03T10:09:51Z" hostname="e1f009f012c2" tests="4" skipped="0" failures="0" errors="0" time="0.118">
    <testcase time="0.0360000000000014" classname="teal_report_c" name="c.teal_report_combines_two_empty_teal_report_objects"/>
    <testcase time="0.0240000000000009" classname="teal_report_c" name="c.teal_report_combines_empty_and_non_empty_teal_report_by_appending_elements_of_teal_card"/>
    <testcase time="0.0229999999999961" classname="teal_report_c" name="c.teal_report_combines_two_teal_report_by_combining_elements_of_teal_card"/>
    <testcase time="0.0350000000000037" classname="teal_report_c" name="c.teal_report_combines_multiple_teal_report_by_combining_elements_of_teal_card"/>
  </testsuite>
  <testsuite name="teal_report-class" timestamp="2025-09-03T10:09:51Z" hostname="e1f009f012c2" tests="5" skipped="0" failures="2" errors="0" time="0.569">
    <testcase time="0.147999999999996" classname="teal_report_class" name="teal_card_built_from_teal_data_is_identical_when_running_via_eval_code_with_teal_report_object"/>
    <testcase time="0.157000000000004" classname="teal_report_class" name="teal_card_built_from_teal_data_is_identical_when_calling_as.teal_report">
      <failure type="failure" message="unname(teal_card(as.teal_report(td))) (`actual`) not equal to unname(teal_card(tr)) (`expected`). ('test-teal_report-class.R:23:5')">unname(teal_card(as.teal_report(td))) (`actual`) not equal to unname(teal_card(tr)) (`expected`).

`actual` is length 0
`expected` is length 10

`actual[[1]]` is absent
`expected[[1]]` is an S3 object of class &lt;code_chunk&gt;, a character vector

`actual[[2]]` is absent
`expected[[2]]` is an S3 object of class &lt;code_chunk&gt;, a character vector

`actual[[3]]` is absent
`expected[[3]]` is an S3 object of class &lt;code_chunk&gt;, a character vector

`actual[[4]]` is absent
`expected[[4]]` is an S3 object of class &lt;code_chunk&gt;, a character vector

`actual[[5]]` is absent
`expected[[5]]` is an S3 object of class &lt;code_chunk&gt;, a character vector

`actual[[6]]` is absent
`expected[[6]]` is an S3 object of class &lt;chunk_output&gt;, a list

`actual[[7]]` is absent
`expected[[7]]` is an S3 object of class &lt;code_chunk&gt;, a character vector

`actual[[8]]` is absent
`expected[[8]]` is an S3 object of class &lt;chunk_output&gt;, a list

`actual[[9]]` is absent
`expected[[9]]` is an S3 object of class &lt;code_chunk&gt;, a character vector

`actual[[10]]` is absent
`expected[[10]]` is an S3 object of class &lt;chunk_output&gt;, a list</failure>
    </testcase>
    <testcase time="0.213999999999999" classname="teal_report_class" name="teal_card_built_from_teal_data_is_identical_when_calling_as.teal_report_with_multiple_calls">
      <failure type="failure" message="unname(teal_card(as.teal_report(td))) (`actual`) not equal to unname(teal_card(tr)) (`expected`). ('test-teal_report-class.R:30:5')">unname(teal_card(as.teal_report(td))) (`actual`) not equal to unname(teal_card(tr)) (`expected`).

`actual` is length 0
`expected` is length 10

`actual[[1]]` is absent
`expected[[1]]` is an S3 object of class &lt;code_chunk&gt;, a character vector

`actual[[2]]` is absent
`expected[[2]]` is an S3 object of class &lt;code_chunk&gt;, a character vector

`actual[[3]]` is absent
`expected[[3]]` is an S3 object of class &lt;code_chunk&gt;, a character vector

`actual[[4]]` is absent
`expected[[4]]` is an S3 object of class &lt;code_chunk&gt;, a character vector

`actual[[5]]` is absent
`expected[[5]]` is an S3 object of class &lt;code_chunk&gt;, a character vector

`actual[[6]]` is absent
`expected[[6]]` is an S3 object of class &lt;chunk_output&gt;, a list

`actual[[7]]` is absent
`expected[[7]]` is an S3 object of class &lt;code_chunk&gt;, a character vector

`actual[[8]]` is absent
`expected[[8]]` is an S3 object of class &lt;chunk_output&gt;, a list

`actual[[9]]` is absent
`expected[[9]]` is an S3 object of class &lt;code_chunk&gt;, a character vector

`actual[[10]]` is absent
`expected[[10]]` is an S3 object of class &lt;chunk_output&gt;, a list</failure>
    </testcase>
    <testcase time="0.0349999999999966" classname="teal_report_class" name="teal_card_built_from_teal_data_drops_conditions_produced_in_a_code_chunk_evaluation"/>
    <testcase time="0.0150000000000006" classname="teal_report_class" name="teal_data_converts_to_teal_report_when_assigning_teal_card"/>
  </testsuite>
  <testsuite name="teal_report-eval_code" timestamp="2025-09-03T10:09:52Z" hostname="e1f009f012c2" tests="4" skipped="0" failures="0" errors="0" time="0.166">
    <testcase time="0.0450000000000017" classname="teal_report_eval_code" name="eval_code_appends_code_chunks_to_the_teal_card_code_as_code_chunk"/>
    <testcase time="0.0339999999999989" classname="teal_report_eval_code" name="eval_code_appends_code_chunks_to_the_teal_card_code_as_code_chunk_and_its_output_as_chunk_output"/>
    <testcase time="0.0279999999999987" classname="teal_report_eval_code" name="eval_code_appends_code_chunks_to_the_teal_card_code_as_code_chunk_and_condition_is_excluded_from_output"/>
    <testcase time="0.0590000000000046" classname="teal_report_eval_code" name="within_appends_to_teal_card_code_as_code_chunk"/>
  </testsuite>
  <testsuite name="utils" timestamp="2025-09-03T10:09:52Z" hostname="e1f009f012c2" tests="13" skipped="0" failures="0" errors="0" time="4.272">
    <testcase time="0.00799999999999557" classname="utils" name="panel_item"/>
    <testcase time="0.132000000000005" classname="utils" name="to_flextable_supported_class_data.frame_"/>
    <testcase time="0.132999999999996" classname="utils" name="to_flextable_supported_class_rtables_"/>
    <testcase time="3.95800000000001" classname="utils" name="to_flextable_supported_class_listing_df_"/>
    <testcase time="0.00900000000000034" classname="utils" name="to_flextable_unsupported_class"/>
    <testcase time="0.00600000000000023" classname="utils" name="split_text_block_splits_text_block_into_blocks_no_longer_than_n_lines"/>
    <testcase time="0.000999999999997669" classname="utils" name="split_text_block_splits_text_block_into_blocks_no_longer_than_n_lines"/>
    <testcase time="0.00200000000000244" classname="utils" name="split_text_block_splits_text_block_into_blocks_no_longer_than_n_lines"/>
    <testcase time="0.00299999999999301" classname="utils" name="split_text_block_splits_text_block_into_blocks_no_longer_than_n_lines"/>
    <testcase time="0.00500000000000256" classname="utils" name="format.code_chunk_generates_the_corresponding_R_language_chunk"/>
    <testcase time="0.00500000000000256" classname="utils" name="format.code_chunk_generates_the_corresponding_yaml_language_chunk"/>
    <testcase time="0.00499999999999545" classname="utils" name="format.code_chunk_generates_the_corresponding_parameters"/>
    <testcase time="0.00500000000000256" classname="utils" name="format.code_chunk_generates_the_corresponding_multiple_parameters"/>
  </testsuite>
  <testsuite name="yaml_utils" timestamp="2025-09-03T10:09:56Z" hostname="e1f009f012c2" tests="38" skipped="0" failures="0" errors="0" time="0.21">
    <testcase time="0.00900000000000034" classname="yaml_utils" name="yaml_quoted_adds_the_quoted_attribute_equal_to_TRUE_"/>
    <testcase time="0.00800000000000267" classname="yaml_utils" name="yaml_quoted_does_not_modify_the_value_of_the_object"/>
    <testcase time="0.00900000000000034" classname="yaml_utils" name="conv_str_logi_accept_only_a_string"/>
    <testcase time="0.000999999999997669" classname="yaml_utils" name="conv_str_logi_accept_only_a_string"/>
    <testcase time="0.0069999999999979" classname="yaml_utils" name="conv_str_logi_not_influence_the_regular_character"/>
    <testcase time="0.00600000000000023" classname="yaml_utils" name="conv_str_logi_character_TRUE_to_logical"/>
    <testcase time="0.00300000000000011" classname="yaml_utils" name="conv_str_logi_character_TRUE_to_logical"/>
    <testcase time="0.00300000000000011" classname="yaml_utils" name="conv_str_logi_character_TRUE_to_logical"/>
    <testcase time="0.00300000000000011" classname="yaml_utils" name="conv_str_logi_character_TRUE_to_logical"/>
    <testcase time="0.00300000000000011" classname="yaml_utils" name="conv_str_logi_character_TRUE_to_logical"/>
    <testcase time="0.00300000000000011" classname="yaml_utils" name="conv_str_logi_character_TRUE_to_logical"/>
    <testcase time="0.00300000000000011" classname="yaml_utils" name="conv_str_logi_character_TRUE_to_logical"/>
    <testcase time="0.00600000000000023" classname="yaml_utils" name="conv_str_logi_character_FALSE_to_logical"/>
    <testcase time="0.00300000000000011" classname="yaml_utils" name="conv_str_logi_character_FALSE_to_logical"/>
    <testcase time="0.00300000000000011" classname="yaml_utils" name="conv_str_logi_character_FALSE_to_logical"/>
    <testcase time="0.00300000000000011" classname="yaml_utils" name="conv_str_logi_character_FALSE_to_logical"/>
    <testcase time="0.00300000000000011" classname="yaml_utils" name="conv_str_logi_character_FALSE_to_logical"/>
    <testcase time="0.00300000000000011" classname="yaml_utils" name="conv_str_logi_character_FALSE_to_logical"/>
    <testcase time="0.00300000000000011" classname="yaml_utils" name="conv_str_logi_character_FALSE_to_logical"/>
    <testcase time="0.0069999999999979" classname="yaml_utils" name="rmd_outputs_all_returned_out_in_the_rmarkdown_namespace"/>
    <testcase time="0.00800000000000267" classname="yaml_utils" name="rmd_output_arguments_accepts_only_string_from_possible_rmarkdown_outputs"/>
    <testcase time="0.00300000000000011" classname="yaml_utils" name="rmd_output_arguments_accepts_only_string_from_possible_rmarkdown_outputs"/>
    <testcase time="0.000999999999997669" classname="yaml_utils" name="rmd_output_arguments_accepts_only_string_from_possible_rmarkdown_outputs"/>
    <testcase time="0.0069999999999979" classname="yaml_utils" name="rmd_output_arguments_returned_all_pdf_document_arguments"/>
    <testcase time="0.007000000000005" classname="yaml_utils" name="rmd_output_arguments_returned_all_pdf_document_arguments_and_their_defaults"/>
    <testcase time="0.00900000000000034" classname="yaml_utils" name="as_yaml_auto_accept_a_named_list_optionally_nested_"/>
    <testcase time="0.00499999999999545" classname="yaml_utils" name="as_yaml_auto_accept_a_named_list_optionally_nested_"/>
    <testcase time="0.00100000000000477" classname="yaml_utils" name="as_yaml_auto_accept_a_named_list_optionally_nested_"/>
    <testcase time="0.00999999999999801" classname="yaml_utils" name="as_yaml_auto_accept_a_named_list_optionally_nested_"/>
    <testcase time="0.00900000000000034" classname="yaml_utils" name="as_yaml_auto_works_the_same_as_yaml_as.yaml_for_a_nested_list_when_as_header_is_FALSE"/>
    <testcase time="0.00900000000000034" classname="yaml_utils" name="as_yaml_auto_parse"/>
    <testcase time="0.0139999999999958" classname="yaml_utils" name="as_yaml_auto_warning_for_not_accepted_argument_and_skip_it"/>
    <testcase time="0.00100000000000477" classname="yaml_utils" name="as_yaml_auto_warning_for_not_accepted_argument_and_skip_it"/>
    <testcase time="0.00799999999999557" classname="yaml_utils" name="as_yaml_auto_silent_the_warning_for_not_accepted_argument_and_skip_it"/>
    <testcase time="0.007000000000005" classname="yaml_utils" name="as_yaml_auto_convert_character_logical_to_logical"/>
    <testcase time="0.00900000000000034" classname="yaml_utils" name="as_yaml_auto_do_not_accept_multi_outputs_without_the_multi_output_argument"/>
    <testcase time="0.00600000000000023" classname="yaml_utils" name="as_yaml_auto_accept_multi_outputs_with_the_multi_output_argument"/>
    <testcase time="0.0069999999999979" classname="yaml_utils" name="get_yaml_field_returns_the_correct_result"/>
  </testsuite>
</testsuites>
