<?xml version="1.0" encoding="UTF-8"?>
<testsuites>
  <testsuite name="DownloadModule" timestamp="2025-09-03T13:43:54Z" hostname="23cd0a00ba44" tests="3" skipped="0" failures="2" errors="0" time="1.154">
    <testcase time="1.002" classname="DownloadModule" name="download_report_button_srv_download_a_document"/>
    <testcase time="0.109" classname="DownloadModule" name="download_report_button_srv_download_a_document">
      <failure type="failure" message="any(grepl(&quot;[.]Rmd&quot;, files)) is not TRUE ('test-DownloadModule.R:30:7')">any(grepl("[.]Rmd", files)) is not TRUE

`actual`:   FALSE
`expected`: TRUE 
Backtrace:
     x
  1. +-shiny::testServer(...) at test-DownloadModule.R:14:3
  2. | +-shiny:::withMockContext(...)
  3. | | +-shiny::isolate(...)
  4. | | | +-shiny::..stacktraceoff..(...)
  5. | | | \-ctx$run(...)
  6. | | |   +-promises::with_promise_domain(...)
  7. | | |   | \-domain$wrapSync(expr)
  8. | | |   +-shiny::withReactiveDomain(...)
  9. | | |   | \-promises::with_promise_domain(...)
 10. | | |   |   \-domain$wrapSync(expr)
 11. | | |   |     \-base::force(expr)
 12. | | |   +-shiny::captureStackTraces(...)
 13. | | |   | \-promises::with_promise_domain(...)
 14. | | |   |   \-domain$wrapSync(expr)
 15. | | |   |     \-base::withCallingHandlers(expr, error = doCaptureStack)
 16. | | |   \-env$runWith(self, func)
 17. | | |     \-shiny (local) contextFunc()
 18. | | |       \-shiny::..stacktraceon..(expr)
 19. | | +-shiny::withReactiveDomain(...)
 20. | | | \-promises::with_promise_domain(...)
 21. | | |   \-domain$wrapSync(expr)
 22. | | |     \-base::force(expr)
 23. | | \-withr::with_options(...)
 24. | |   \-base::force(code)
 25. | \-rlang::eval_tidy(quosure, mask, rlang::caller_env())
 26. \-testthat::expect_true(any(grepl("[.]Rmd", files))) at test-DownloadModule.R:30:7</failure>
    </testcase>
    <testcase time="0.0430000000000001" classname="DownloadModule" name="download_report_button_srv_download_a_document">
      <failure type="failure" message="any(grepl(&quot;[.]html&quot;, files)) is not TRUE ('test-DownloadModule.R:31:7')">any(grepl("[.]html", files)) is not TRUE

`actual`:   FALSE
`expected`: TRUE 
Backtrace:
     x
  1. +-shiny::testServer(...) at test-DownloadModule.R:14:3
  2. | +-shiny:::withMockContext(...)
  3. | | +-shiny::isolate(...)
  4. | | | +-shiny::..stacktraceoff..(...)
  5. | | | \-ctx$run(...)
  6. | | |   +-promises::with_promise_domain(...)
  7. | | |   | \-domain$wrapSync(expr)
  8. | | |   +-shiny::withReactiveDomain(...)
  9. | | |   | \-promises::with_promise_domain(...)
 10. | | |   |   \-domain$wrapSync(expr)
 11. | | |   |     \-base::force(expr)
 12. | | |   +-shiny::captureStackTraces(...)
 13. | | |   | \-promises::with_promise_domain(...)
 14. | | |   |   \-domain$wrapSync(expr)
 15. | | |   |     \-base::withCallingHandlers(expr, error = doCaptureStack)
 16. | | |   \-env$runWith(self, func)
 17. | | |     \-shiny (local) contextFunc()
 18. | | |       \-shiny::..stacktraceon..(expr)
 19. | | +-shiny::withReactiveDomain(...)
 20. | | | \-promises::with_promise_domain(...)
 21. | | |   \-domain$wrapSync(expr)
 22. | | |     \-base::force(expr)
 23. | | \-withr::with_options(...)
 24. | |   \-base::force(code)
 25. | \-rlang::eval_tidy(quosure, mask, rlang::caller_env())
 26. \-testthat::expect_true(any(grepl("[.]html", files))) at test-DownloadModule.R:31:7</failure>
    </testcase>
  </testsuite>
  <testsuite name="DownloadReportModule" timestamp="2025-09-03T13:43:54Z" hostname="23cd0a00ba44" tests="21" skipped="0" failures="4" errors="0" time="1.357">
    <testcase time="0.365" classname="DownloadReportModule" name="download_report_button_srv_render_and_downlaod_a_document"/>
    <testcase time="0.0129999999999999" classname="DownloadReportModule" name="download_report_button_srv_render_and_downlaod_a_document">
      <failure type="failure" message="any(grepl(&quot;[.]Rmd&quot;, files)) is not TRUE ('test-DownloadReportModule.R:23:7')">any(grepl("[.]Rmd", files)) is not TRUE

`actual`:   FALSE
`expected`: TRUE 
Backtrace:
     x
  1. +-shiny::testServer(...) at test-DownloadReportModule.R:5:3
  2. | +-shiny:::withMockContext(...)
  3. | | +-shiny::isolate(...)
  4. | | | +-shiny::..stacktraceoff..(...)
  5. | | | \-ctx$run(...)
  6. | | |   +-promises::with_promise_domain(...)
  7. | | |   | \-domain$wrapSync(expr)
  8. | | |   +-shiny::withReactiveDomain(...)
  9. | | |   | \-promises::with_promise_domain(...)
 10. | | |   |   \-domain$wrapSync(expr)
 11. | | |   |     \-base::force(expr)
 12. | | |   +-shiny::captureStackTraces(...)
 13. | | |   | \-promises::with_promise_domain(...)
 14. | | |   |   \-domain$wrapSync(expr)
 15. | | |   |     \-base::withCallingHandlers(expr, error = doCaptureStack)
 16. | | |   \-env$runWith(self, func)
 17. | | |     \-shiny (local) contextFunc()
 18. | | |       \-shiny::..stacktraceon..(expr)
 19. | | +-shiny::withReactiveDomain(...)
 20. | | | \-promises::with_promise_domain(...)
 21. | | |   \-domain$wrapSync(expr)
 22. | | |     \-base::force(expr)
 23. | | \-withr::with_options(...)
 24. | |   \-base::force(code)
 25. | \-rlang::eval_tidy(quosure, mask, rlang::caller_env())
 26. \-testthat::expect_true(any(grepl("[.]Rmd", files))) at test-DownloadReportModule.R:23:7</failure>
    </testcase>
    <testcase time="0.0320000000000003" classname="DownloadReportModule" name="download_report_button_srv_render_and_downlaod_a_document">
      <failure type="failure" message="any(grepl(&quot;[.]html&quot;, files)) is not TRUE ('test-DownloadReportModule.R:24:7')">any(grepl("[.]html", files)) is not TRUE

`actual`:   FALSE
`expected`: TRUE 
Backtrace:
     x
  1. +-shiny::testServer(...) at test-DownloadReportModule.R:5:3
  2. | +-shiny:::withMockContext(...)
  3. | | +-shiny::isolate(...)
  4. | | | +-shiny::..stacktraceoff..(...)
  5. | | | \-ctx$run(...)
  6. | | |   +-promises::with_promise_domain(...)
  7. | | |   | \-domain$wrapSync(expr)
  8. | | |   +-shiny::withReactiveDomain(...)
  9. | | |   | \-promises::with_promise_domain(...)
 10. | | |   |   \-domain$wrapSync(expr)
 11. | | |   |     \-base::force(expr)
 12. | | |   +-shiny::captureStackTraces(...)
 13. | | |   | \-promises::with_promise_domain(...)
 14. | | |   |   \-domain$wrapSync(expr)
 15. | | |   |     \-base::withCallingHandlers(expr, error = doCaptureStack)
 16. | | |   \-env$runWith(self, func)
 17. | | |     \-shiny (local) contextFunc()
 18. | | |       \-shiny::..stacktraceon..(expr)
 19. | | +-shiny::withReactiveDomain(...)
 20. | | | \-promises::with_promise_domain(...)
 21. | | |   \-domain$wrapSync(expr)
 22. | | |     \-base::force(expr)
 23. | | \-withr::with_options(...)
 24. | |   \-base::force(code)
 25. | \-rlang::eval_tidy(quosure, mask, rlang::caller_env())
 26. \-testthat::expect_true(any(grepl("[.]html", files))) at test-DownloadReportModule.R:24:7</failure>
    </testcase>
    <testcase time="0.0269999999999997" classname="DownloadReportModule" name="download_report_button_srv_render_and_downlaod_a_document"/>
    <testcase time="0.145" classname="DownloadReportModule" name="download_report_button_srv_subset_of_rmd_yaml_args"/>
    <testcase time="0.0089999999999999" classname="DownloadReportModule" name="download_report_button_srv_subset_of_rmd_yaml_args"/>
    <testcase time="0.00900000000000034" classname="DownloadReportModule" name="download_report_button_srv_subset_of_rmd_yaml_args"/>
    <testcase time="0.0139999999999998" classname="DownloadReportModule" name="download_report_button_srv_subset_of_rmd_yaml_args"/>
    <testcase time="0.0129999999999999" classname="DownloadReportModule" name="download_report_button_srv_subset_of_rmd_yaml_args"/>
    <testcase time="0.0130000000000003" classname="DownloadReportModule" name="download_report_button_srv_subset_of_rmd_yaml_args"/>
    <testcase time="0.0169999999999999" classname="DownloadReportModule" name="download_report_button_ui_returns_a_tagList"/>
    <testcase time="0.196" classname="DownloadReportModule" name="report_render_and_compress_valid_arguments"/>
    <testcase time="0.139" classname="DownloadReportModule" name="report_render_and_compress_invalid_arguments"/>
    <testcase time="0.004" classname="DownloadReportModule" name="report_render_and_compress_invalid_arguments"/>
    <testcase time="0.00499999999999989" classname="DownloadReportModule" name="report_render_and_compress_invalid_arguments"/>
    <testcase time="0.158" classname="DownloadReportModule" name="report_render_and_compress_render_an_html_document"/>
    <testcase time="0.0110000000000001" classname="DownloadReportModule" name="report_render_and_compress_render_an_html_document">
      <failure type="failure" message="any(grepl(&quot;[.]Rmd&quot;, files)) is not TRUE ('test-DownloadReportModule.R:107:3')">any(grepl("[.]Rmd", files)) is not TRUE

`actual`:   FALSE
`expected`: TRUE </failure>
    </testcase>
    <testcase time="0.0190000000000001" classname="DownloadReportModule" name="report_render_and_compress_render_an_html_document">
      <failure type="failure" message="any(grepl(&quot;[.]html&quot;, files)) is not TRUE ('test-DownloadReportModule.R:108:3')">any(grepl("[.]html", files)) is not TRUE

`actual`:   FALSE
`expected`: TRUE </failure>
    </testcase>
    <testcase time="0.0110000000000001" classname="DownloadReportModule" name="report_render_and_compress_render_an_html_document"/>
    <testcase time="0.139" classname="DownloadReportModule" name="any_rcode_block"/>
    <testcase time="0.0179999999999998" classname="DownloadReportModule" name="any_rcode_block"/>
  </testsuite>
  <testsuite name="LoadReporterModule" timestamp="2025-09-03T13:43:56Z" hostname="23cd0a00ba44" tests="15" skipped="0" failures="0" errors="0" time="0.617">
    <testcase time="0.276" classname="LoadReporterModule" name="report_load_srv_loading_reporter_restores_saved_content"/>
    <testcase time="0.00300000000000011" classname="LoadReporterModule" name="report_load_srv_loading_reporter_restores_saved_content"/>
    <testcase time="0.00299999999999967" classname="LoadReporterModule" name="report_load_srv_loading_reporter_restores_saved_content"/>
    <testcase time="0.00500000000000034" classname="LoadReporterModule" name="report_load_srv_loading_reporter_restores_saved_content"/>
    <testcase time="0.00299999999999967" classname="LoadReporterModule" name="report_load_srv_loading_reporter_restores_saved_content"/>
    <testcase time="0.00300000000000011" classname="LoadReporterModule" name="report_load_srv_loading_reporter_restores_saved_content"/>
    <testcase time="0.252" classname="LoadReporterModule" name="report_load_srv_loading_reporter_with_ReportCard_restores_saved_content_with_old_blocks_"/>
    <testcase time="0.00299999999999967" classname="LoadReporterModule" name="report_load_srv_loading_reporter_with_ReportCard_restores_saved_content_with_old_blocks_"/>
    <testcase time="0.00200000000000022" classname="LoadReporterModule" name="report_load_srv_loading_reporter_with_ReportCard_restores_saved_content_with_old_blocks_"/>
    <testcase time="0.004" classname="LoadReporterModule" name="report_load_srv_loading_reporter_with_ReportCard_restores_saved_content_with_old_blocks_"/>
    <testcase time="0.00300000000000011" classname="LoadReporterModule" name="report_load_srv_loading_reporter_with_ReportCard_restores_saved_content_with_old_blocks_"/>
    <testcase time="0.004" classname="LoadReporterModule" name="report_load_srv_loading_reporter_with_ReportCard_restores_saved_content_with_old_blocks_"/>
    <testcase time="0.00299999999999967" classname="LoadReporterModule" name="report_load_srv_loading_reporter_with_ReportCard_restores_saved_content_with_old_blocks_"/>
    <testcase time="0.0450000000000004" classname="LoadReporterModule" name="report_load_srv_fail_to_load_a_reporter_because_of_different_id"/>
    <testcase time="0.00800000000000001" classname="LoadReporterModule" name="report_load_ui_returns_a_tagList"/>
  </testsuite>
  <testsuite name="PreviewerReportModule-shinytest2" timestamp="2025-09-03T13:43:56Z" hostname="23cd0a00ba44" tests="2" skipped="2" failures="0" errors="0" time="0.031">
    <testcase time="0.00699999999999967" classname="PreviewerReportModule_shinytest2" name="reporter_previewer_card_removal_works">
      <skipped message="Reason: testing depth 3 is below current testing specification 5 ('test-PreviewerReportModule-shinytest2.R:4:5')"/>
    </testcase>
    <testcase time="0.024" classname="PreviewerReportModule_shinytest2" name="reporter_previewer_card_editing_modal_is_being_shown">
      <skipped message="Reason: testing depth 3 is below current testing specification 5 ('test-PreviewerReportModule-shinytest2.R:19:5')"/>
    </testcase>
  </testsuite>
  <testsuite name="PreviewerReportModule" timestamp="2025-09-03T13:43:56Z" hostname="23cd0a00ba44" tests="13" skipped="0" failures="0" errors="0" time="0.561">
    <testcase time="0.178" classname="PreviewerReportModule" name="reporter_previewer_srv_subset_of_rmd_yaml_args"/>
    <testcase time="0.0210000000000004" classname="PreviewerReportModule" name="reporter_previewer_srv_subset_of_rmd_yaml_args"/>
    <testcase time="0.0209999999999999" classname="PreviewerReportModule" name="reporter_previewer_srv_subset_of_rmd_yaml_args"/>
    <testcase time="0.0139999999999998" classname="PreviewerReportModule" name="reporter_previewer_srv_subset_of_rmd_yaml_args"/>
    <testcase time="0.0190000000000001" classname="PreviewerReportModule" name="reporter_previewer_srv_subset_of_rmd_yaml_args"/>
    <testcase time="0.0139999999999998" classname="PreviewerReportModule" name="reporter_previewer_srv_subset_of_rmd_yaml_args"/>
    <testcase time="0.104" classname="PreviewerReportModule" name="reporter_previewer_ui_returns_a_shiny_tag_list"/>
    <testcase time="0.024" classname="PreviewerReportModule" name="reporter_previewer_srv_previewer_buttons_parameter"/>
    <testcase time="0.0220000000000002" classname="PreviewerReportModule" name="reporter_previewer_srv_previewer_buttons_parameter"/>
    <testcase time="0.0199999999999996" classname="PreviewerReportModule" name="reporter_previewer_srv_previewer_buttons_parameter"/>
    <testcase time="0.0570000000000004" classname="PreviewerReportModule" name="reporter_previewer_srv_up_with_first_card_and_down_with_last_card_does_not_induce_change"/>
    <testcase time="0.00499999999999989" classname="PreviewerReportModule" name="reporter_previewer_srv_up_with_first_card_and_down_with_last_card_does_not_induce_change"/>
    <testcase time="0.0620000000000003" classname="PreviewerReportModule" name="reporter_previewer_srv_card_up_and_down_compensate"/>
  </testsuite>
  <testsuite name="ReportCard" timestamp="2025-09-03T13:43:57Z" hostname="23cd0a00ba44" tests="28" skipped="0" failures="0" errors="0" time="0.414">
    <testcase time="0.0110000000000001" classname="ReportCard" name="ReportCard_object_can_be_created"/>
    <testcase time="0.00599999999999934" classname="ReportCard" name="new_returns_an_object_of_type_ReportCard"/>
    <testcase time="0.00499999999999989" classname="ReportCard" name="append_text_accepts_a_character"/>
    <testcase time="0.00600000000000023" classname="ReportCard" name="append_text_returns_self"/>
    <testcase time="0.00499999999999989" classname="ReportCard" name="append_table_accepts_a_data.frame"/>
    <testcase time="0.0110000000000001" classname="ReportCard" name="append_table_returns_self"/>
    <testcase time="0.0419999999999998" classname="ReportCard" name="append_plot_returns_self"/>
    <testcase time="0.0460000000000003" classname="ReportCard" name="append_plot_accepts_a_ggplot"/>
    <testcase time="0.04" classname="ReportCard" name="append_plot_accepts_a_ggplot_with_a_dim"/>
    <testcase time="0.00499999999999989" classname="ReportCard" name="append_rcode_accepts_a_character"/>
    <testcase time="0.00600000000000023" classname="ReportCard" name="append_rcode_returns_self"/>
    <testcase time="0.0439999999999996" classname="ReportCard" name="get_content_returns_a_list_of_objects"/>
    <testcase time="0.00100000000000033" classname="ReportCard" name="get_content_returns_a_list_of_objects"/>
    <testcase time="0.00999999999999979" classname="ReportCard" name="get_metadata_returns_a_list_of_mixed_objects"/>
    <testcase time="0.00800000000000001" classname="ReportCard" name="get_metadata_returns_a_named_list"/>
    <testcase time="0.00600000000000023" classname="ReportCard" name="append_metadata_returns_an_object_of_type_ReportCard"/>
    <testcase time="0.00499999999999989" classname="ReportCard" name="append_metadata_accepts_a_character_key_and_a_character_or_list_value"/>
    <testcase time="0.00100000000000033" classname="ReportCard" name="append_metadata_accepts_a_character_key_and_a_character_or_list_value"/>
    <testcase time="0.00800000000000001" classname="ReportCard" name="append_metadata_throws_error_if_key_is_not_character"/>
    <testcase time="0.00999999999999979" classname="ReportCard" name="append_metadata_throws_error_if_key_is_not_character"/>
    <testcase time="0.00800000000000001" classname="ReportCard" name="append_metadata_throws_error_if_value_if_missing"/>
    <testcase time="0.00800000000000001" classname="ReportCard" name="append_metadata_throws_error_if_key_is_missing"/>
    <testcase time="0.00800000000000001" classname="ReportCard" name="append_metadata_throws_error_if_keys_are_duplicated"/>
    <testcase time="0.0590000000000002" classname="ReportCard" name="The_deep_copy_constructor_copies_the_plot_object"/>
    <testcase time="0.0419999999999998" classname="ReportCard" name="The_deep_copy_constructor_copies_the_objects"/>
    <testcase time="0.00300000000000011" classname="ReportCard" name="The_deep_copy_constructor_copies_the_objects"/>
    <testcase time="0.00699999999999967" classname="ReportCard" name="setting_and_getting_a_name_to_the_ReportCard"/>
    <testcase time="0.00300000000000011" classname="ReportCard" name="setting_and_getting_a_name_to_the_ReportCard"/>
  </testsuite>
  <testsuite name="Reporter" timestamp="2025-09-03T13:43:57Z" hostname="23cd0a00ba44" tests="68" skipped="0" failures="0" errors="0" time="94.903">
    <testcase time="0.0149999999999997" classname="Reporter" name="Reporter_object_can_be_created"/>
    <testcase time="0.00800000000000001" classname="Reporter" name="new_returns_an_object_of_type_Reporter"/>
    <testcase time="0.00800000000000001" classname="Reporter" name="default_reporter_id"/>
    <testcase time="3.538" classname="Reporter" name="set_id_sets_the_reporter_id_and_returns_reporter"/>
    <testcase time="0.00300000000000011" classname="Reporter" name="set_id_sets_the_reporter_id_and_returns_reporter"/>
    <testcase time="2.472" classname="Reporter" name="Reporter_with_ReportCard_get_cards_returns_the_same_cards_which_was_added_to_reporter"/>
    <testcase time="0.011000000000001" classname="Reporter" name="Reporter_with_ReportCard_get_blocks_returns_the_same_blocks_which_was_added_to_reporter_sep_NULL"/>
    <testcase time="2.276" classname="Reporter" name="Reporter_with_ReportCard_get_blocks_by_default_adds_newpage_between_cards"/>
    <testcase time="2.355" classname="Reporter" name="Reporter_with_ReportCard_get_blocks_returns_the_same_blocks_which_was_added_to_reporter_sep_NULL"/>
    <testcase time="2.367" classname="Reporter" name="get_cards_returns_the_same_cards_which_was_added_to_reporter"/>
    <testcase time="2.814" classname="Reporter" name="get_blocks_returns_the_same_blocks_which_was_added_to_reporter_sep_NULL"/>
    <testcase time="4.852" classname="Reporter" name="get_blocks_by_default_adds_newpage_between_cards"/>
    <testcase time="0.027000000000001" classname="Reporter" name="get_blocks_and_get_cards_return_empty_teal_card_by_default"/>
    <testcase time="0.00499999999999901" classname="Reporter" name="get_blocks_and_get_cards_return_empty_teal_card_by_default"/>
    <testcase time="0.106000000000002" classname="Reporter" name="The_deep_copy_constructor_copies_the_content_files_to_new_files"/>
    <testcase time="0.00499999999999901" classname="Reporter" name="The_deep_copy_constructor_copies_the_content_files_to_new_files"/>
    <testcase time="0.0069999999999979" classname="Reporter" name="append_metadata_accept_only_named_list"/>
    <testcase time="0.00500000000000256" classname="Reporter" name="append_metadata_accept_only_named_list"/>
    <testcase time="0.00499999999999901" classname="Reporter" name="append_metadata_accept_only_named_list"/>
    <testcase time="0.0100000000000016" classname="Reporter" name="append_metadata_accept_only_unique_names_which_could_not_be_repeated"/>
    <testcase time="0.00300000000000011" classname="Reporter" name="append_metadata_accept_only_unique_names_which_could_not_be_repeated"/>
    <testcase time="0.00499999999999901" classname="Reporter" name="append_metadata_accept_only_unique_names_which_could_not_be_repeated"/>
    <testcase time="0.0069999999999979" classname="Reporter" name="get_metadata"/>
    <testcase time="0.00300000000000011" classname="Reporter" name="get_metadata"/>
    <testcase time="2.573" classname="Reporter" name="from_reporter_returns_identical_equal_object_from_the_same_reporter"/>
    <testcase time="0.00100000000000122" classname="Reporter" name="from_reporter_returns_identical_equal_object_from_the_same_reporter"/>
    <testcase time="5.099" classname="Reporter" name="from_reporter_does_not_return_identical_equal_object_form_other_reporter"/>
    <testcase time="0.00200000000000244" classname="Reporter" name="from_reporter_does_not_return_identical_equal_object_form_other_reporter"/>
    <testcase time="4.77699999999999" classname="Reporter" name="from_reporter_persists_the_cards_structure"/>
    <testcase time="0.00100000000000477" classname="Reporter" name="from_reporter_persists_the_cards_structure"/>
    <testcase time="0.0069999999999979" classname="Reporter" name="metadata_append_metadata_accept_only_named_list"/>
    <testcase time="0.00500000000000256" classname="Reporter" name="metadata_append_metadata_accept_only_named_list"/>
    <testcase time="0.00499999999999545" classname="Reporter" name="metadata_append_metadata_accept_only_named_list"/>
    <testcase time="0.0110000000000028" classname="Reporter" name="metadata_append_metadata_accept_only_unique_names_which_could_not_be_repeated"/>
    <testcase time="0.00300000000000011" classname="Reporter" name="metadata_append_metadata_accept_only_unique_names_which_could_not_be_repeated"/>
    <testcase time="0.00500000000000256" classname="Reporter" name="metadata_append_metadata_accept_only_unique_names_which_could_not_be_repeated"/>
    <testcase time="0.0069999999999979" classname="Reporter" name="metadata_get_metadata"/>
    <testcase time="0.00300000000000011" classname="Reporter" name="metadata_get_metadata"/>
    <testcase time="2.362" classname="Reporter" name="from_reporter_from_reporter_returns_identical_equal_object_from_the_same_reporter"/>
    <testcase time="0.00199999999999534" classname="Reporter" name="from_reporter_from_reporter_returns_identical_equal_object_from_the_same_reporter"/>
    <testcase time="4.746" classname="Reporter" name="from_reporter_from_reporter_does_not_return_identical_equal_object_form_other_reporter"/>
    <testcase time="0.000999999999997669" classname="Reporter" name="from_reporter_from_reporter_does_not_return_identical_equal_object_form_other_reporter"/>
    <testcase time="4.889" classname="Reporter" name="from_reporter_from_reporter_persists_the_cards_structure_but_not_the_name"/>
    <testcase time="0.000999999999997669" classname="Reporter" name="from_reporter_from_reporter_persists_the_cards_structure_but_not_the_name"/>
    <testcase time="2.568" classname="Reporter" name="to_list_require_the_existing_directory_path"/>
    <testcase time="0.0139999999999958" classname="Reporter" name="to_list_require_the_existing_directory_path"/>
    <testcase time="0.00999999999999801" classname="Reporter" name="to_list_returns_a_list."/>
    <testcase time="5.146" classname="Reporter" name="to_list_to_list_and_from_list_could_be_used_to_save_and_retrieve_a_Reporter_card"/>
    <testcase time="2.537" classname="Reporter" name="to_list_to_list_and_from_list_could_be_used_to_save_and_retrieve_a_Reporter_card"/>
    <testcase time="4.648" classname="Reporter" name="to_list_to_list_and_from_list_could_be_used_to_save_and_retrieve_a_Reporter_blocks"/>
    <testcase time="4.83199999999999" classname="Reporter" name="from_reporter_returns_same_object_from_the_same_reporter"/>
    <testcase time="0.00200000000000955" classname="Reporter" name="from_reporter_returns_same_object_from_the_same_reporter"/>
    <testcase time="4.962" classname="Reporter" name="from_reporter_returns_different_object_if_id_has_already_been_set"/>
    <testcase time="5.098" classname="Reporter" name="from_reporter_from_reporter_persists_the_cards_structure"/>
    <testcase time="0.000999999999990564" classname="Reporter" name="from_reporter_from_reporter_persists_the_cards_structure"/>
    <testcase time="2.65600000000001" classname="Reporter" name="to_jsondir_to_jsondir_require_the_existing_directory_path"/>
    <testcase time="0.00499999999999545" classname="Reporter" name="to_jsondir_to_jsondir_require_the_existing_directory_path"/>
    <testcase time="2.31400000000001" classname="Reporter" name="to_jsondir_to_jsondir_returns_the_same_dir_it_was_provided_to_it"/>
    <testcase time="4.74499999999999" classname="Reporter" name="to_jsondir_from_jsondir_returns_identical_equal_object"/>
    <testcase time="4.89200000000001" classname="Reporter" name="to_jsondir_to_jsondir_and_from_jsondir_could_be_used_to_save_and_retrive_a_Reporter"/>
    <testcase time="0.00399999999999068" classname="Reporter" name="to_jsondir_to_jsondir_and_from_jsondir_could_be_used_to_save_and_retrive_a_Reporter"/>
    <testcase time="0.0120000000000005" classname="Reporter" name="reorder_cards_returns_the_correct_order"/>
    <testcase time="0.0110000000000099" classname="Reporter" name="reorder_cards_returns_the_correct_order_after_removal"/>
    <testcase time="0.0120000000000005" classname="Reporter" name="reorder_cards_returns_the_correct_order_after_adding_new_card_at_the_end_"/>
    <testcase time="4.952" classname="Reporter" name="from_reporter_persists_the_cards_structure"/>
    <testcase time="0.00199999999999534" classname="Reporter" name="from_reporter_persists_the_cards_structure"/>
    <testcase time="0.0100000000000051" classname="Reporter" name="Reporter_with_custom_template_function_modifies_teal_cards_on_append"/>
    <testcase time="0.0630000000000024" classname="Reporter" name="Reporter_with_custom_template_function_removes_chunk_outputs_and_code_chunk"/>
  </testsuite>
  <testsuite name="ResetModule" timestamp="2025-09-03T13:45:32Z" hostname="23cd0a00ba44" tests="4" skipped="0" failures="0" errors="0" time="0.402">
    <testcase time="0.167999999999992" classname="ResetModule" name="simple_reporter_srv_reset_a_reporter_ReporterCard_"/>
    <testcase time="0.034000000000006" classname="ResetModule" name="simple_reporter_srv_reset_a_reporter_ReporterCard_"/>
    <testcase time="0.167000000000002" classname="ResetModule" name="simple_reporter_srv_reset_a_reporter"/>
    <testcase time="0.032999999999987" classname="ResetModule" name="simple_reporter_srv_reset_a_reporter"/>
  </testsuite>
  <testsuite name="SimpleReporter" timestamp="2025-09-03T13:45:33Z" hostname="23cd0a00ba44" tests="6" skipped="0" failures="2" errors="0" time="3.378">
    <testcase time="2.70500000000001" classname="SimpleReporter" name="simple_reporter_srv_render_and_downlaod_a_document"/>
    <testcase time="0.0139999999999958" classname="SimpleReporter" name="simple_reporter_srv_render_and_downlaod_a_document">
      <failure type="failure" message="any(grepl(&quot;[.]Rmd&quot;, files)) is not TRUE ('test-SimpleReporter.R:19:7')">any(grepl("[.]Rmd", files)) is not TRUE

`actual`:   FALSE
`expected`: TRUE 
Backtrace:
     x
  1. +-shiny::testServer(...) at test-SimpleReporter.R:2:3
  2. | +-shiny:::withMockContext(...)
  3. | | +-shiny::isolate(...)
  4. | | | +-shiny::..stacktraceoff..(...)
  5. | | | \-ctx$run(...)
  6. | | |   +-promises::with_promise_domain(...)
  7. | | |   | \-domain$wrapSync(expr)
  8. | | |   +-shiny::withReactiveDomain(...)
  9. | | |   | \-promises::with_promise_domain(...)
 10. | | |   |   \-domain$wrapSync(expr)
 11. | | |   |     \-base::force(expr)
 12. | | |   +-shiny::captureStackTraces(...)
 13. | | |   | \-promises::with_promise_domain(...)
 14. | | |   |   \-domain$wrapSync(expr)
 15. | | |   |     \-base::withCallingHandlers(expr, error = doCaptureStack)
 16. | | |   \-env$runWith(self, func)
 17. | | |     \-shiny (local) contextFunc()
 18. | | |       \-shiny::..stacktraceon..(expr)
 19. | | +-shiny::withReactiveDomain(...)
 20. | | | \-promises::with_promise_domain(...)
 21. | | |   \-domain$wrapSync(expr)
 22. | | |     \-base::force(expr)
 23. | | \-withr::with_options(...)
 24. | |   \-base::force(code)
 25. | \-rlang::eval_tidy(quosure, mask, rlang::caller_env())
 26. \-testthat::expect_true(any(grepl("[.]Rmd", files))) at test-SimpleReporter.R:19:7</failure>
    </testcase>
    <testcase time="0.0339999999999918" classname="SimpleReporter" name="simple_reporter_srv_render_and_downlaod_a_document">
      <failure type="failure" message="any(grepl(&quot;[.]html&quot;, files)) is not TRUE ('test-SimpleReporter.R:20:7')">any(grepl("[.]html", files)) is not TRUE

`actual`:   FALSE
`expected`: TRUE 
Backtrace:
     x
  1. +-shiny::testServer(...) at test-SimpleReporter.R:2:3
  2. | +-shiny:::withMockContext(...)
  3. | | +-shiny::isolate(...)
  4. | | | +-shiny::..stacktraceoff..(...)
  5. | | | \-ctx$run(...)
  6. | | |   +-promises::with_promise_domain(...)
  7. | | |   | \-domain$wrapSync(expr)
  8. | | |   +-shiny::withReactiveDomain(...)
  9. | | |   | \-promises::with_promise_domain(...)
 10. | | |   |   \-domain$wrapSync(expr)
 11. | | |   |     \-base::force(expr)
 12. | | |   +-shiny::captureStackTraces(...)
 13. | | |   | \-promises::with_promise_domain(...)
 14. | | |   |   \-domain$wrapSync(expr)
 15. | | |   |     \-base::withCallingHandlers(expr, error = doCaptureStack)
 16. | | |   \-env$runWith(self, func)
 17. | | |     \-shiny (local) contextFunc()
 18. | | |       \-shiny::..stacktraceon..(expr)
 19. | | +-shiny::withReactiveDomain(...)
 20. | | | \-promises::with_promise_domain(...)
 21. | | |   \-domain$wrapSync(expr)
 22. | | |     \-base::force(expr)
 23. | | \-withr::with_options(...)
 24. | |   \-base::force(code)
 25. | \-rlang::eval_tidy(quosure, mask, rlang::caller_env())
 26. \-testthat::expect_true(any(grepl("[.]html", files))) at test-SimpleReporter.R:20:7</failure>
    </testcase>
    <testcase time="0.318000000000012" classname="SimpleReporter" name="simple_reporter_srv_add_a_Card_ReportCard_to_Reporter"/>
    <testcase time="0.283999999999992" classname="SimpleReporter" name="simple_reporter_srv_add_a_Card_teal_card_to_Reporter"/>
    <testcase time="0.0229999999999961" classname="SimpleReporter" name="simple_reporter_ui_returns_a_shiny.tag"/>
  </testsuite>
  <testsuite name="addCardModule" timestamp="2025-09-03T13:45:36Z" hostname="23cd0a00ba44" tests="11" skipped="0" failures="0" errors="0" time="0.414">
    <testcase time="0.0370000000000061" classname="addCardModule" name="add_card_button_srv_add_a_Card_to_the_Reporter"/>
    <testcase time="0.0109999999999957" classname="addCardModule" name="add_card_button_ui_returns_a_tagList"/>
    <testcase time="0.106000000000009" classname="addCardModule" name="add_card_button_srv_supports_custom_ReportCard_classes"/>
    <testcase time="0.0319999999999965" classname="addCardModule" name="add_card_button_srv_supports_passing_no_default_object_to_the_card"/>
    <testcase time="0.0370000000000061" classname="addCardModule" name="add_card_button_srv_try_the_card_fun"/>
    <testcase time="0.0339999999999918" classname="addCardModule" name="add_card_button_srv_try_the_card_fun"/>
    <testcase time="0.0439999999999969" classname="addCardModule" name="add_card_button_srv_try_the_card_fun"/>
    <testcase time="0.0330000000000013" classname="addCardModule" name="add_card_button_srv_supports_passing_card_fun_with_any_of_the_2_available_arguments"/>
    <testcase time="0.027000000000001" classname="addCardModule" name="add_card_button_srv_supports_passing_card_fun_with_any_of_the_2_available_arguments"/>
    <testcase time="0.027000000000001" classname="addCardModule" name="add_card_button_srv_supports_passing_card_fun_with_any_of_the_2_available_arguments"/>
    <testcase time="0.0260000000000105" classname="addCardModule" name="add_card_button_srv_supports_passing_card_fun_with_any_of_the_2_available_arguments"/>
  </testsuite>
  <testsuite name="render" timestamp="2025-09-03T13:45:36Z" hostname="23cd0a00ba44" tests="15" skipped="0" failures="1" errors="3" time="2.381">
    <testcase time="0.195999999999998" classname="render" name="render_accepts_empty_teal_report_object"/>
    <testcase time="0.176000000000002" classname="render" name="render_accepts_empty_teal_card_object"/>
    <testcase time="0.0499999999999972" classname="render" name="render_accepts_teal_report_containing_code_chunks_and_outputs">
      <failure type="failure" message="Expected `render(r, quiet = TRUE)` to run without any errors. ('test-render.R:21:5')">Expected `render(r, quiet = TRUE)` to run without any errors.
i Actually got a &lt;getvarError&gt; with text:
  argument "output_dir" is missing, with no default</failure>
    </testcase>
    <testcase time="0.185000000000002" classname="render" name="render_by_default_outputs_and_keeps_report.Rmd_file_in_the_working_directory"/>
    <testcase time="0.176000000000002" classname="render" name="render_by_default_renders_report.html_file_in_the_working_directory"/>
    <testcase time="0.172999999999988" classname="render" name="render_by_default_outputs_report.Rmd_file_containing_knitr_opts_chunk_set_with_tidy_options_set"/>
    <testcase time="0.172000000000011" classname="render" name="render_outputs_report.Rmd_with_output_dir_set_to_other_location_then_working_directory"/>
    <testcase time="0.418999999999997" classname="render" name="render_outputs_report.Rmd_with_markdown_content_added_to_teal_card"/>
    <testcase time="0.176000000000002" classname="render" name="render_outputs_report.Rmd_with_yaml_header_containing_entries_set_through_metadata"/>
    <testcase time="0.174999999999997" classname="render" name="render_outputs_report.Rmd_with_code_chunk_with_knitr_opts_chunk_set_call_using_value_from_teal.reporter.global_knitr"/>
    <testcase time="0.171999999999997" classname="render" name="render_outputs_report.Rmd_with_code_chunk_with_knitr_opts_chunk_set_call_using_value_from_global_knitr_argument"/>
    <testcase time="0.174999999999997" classname="render" name="render_outputs_report.Rmd_with_arbitrary_code_chunk_with_additional_parameters"/>
    <testcase time="0.0310000000000059" classname="render" name="render_outputs_report.Rmd_with_arbitrary_code_cunk_but_chunk_output_is_missing">
      <error type="error" message="&lt;getvarError/missingArgError/error/condition&gt; ('test-render.R:151:5')">&lt;getvarError/missingArgError/error/condition&gt;
Error in `.to_rmd.recordedplot(block, ...)`: argument "output_dir" is missing, with no default
Backtrace:
     x
  1. \-teal.reporter::render(tr, quiet = TRUE) at test-render.R:151:5
  2.   +-teal.reporter:::to_rmd(...)
  3.   \-teal.reporter:::to_rmd.default(...)
  4.     +-teal.reporter:::.to_rmd(block, ...)
  5.     \-teal.reporter:::.to_rmd.teal_report(block, ...)
  6.       +-teal.reporter:::to_rmd(teal_card(block), ...)
  7.       \-teal.reporter:::to_rmd.default(teal_card(block), ...)
  8.         +-teal.reporter:::.to_rmd(block, ...)
  9.         \-teal.reporter:::.to_rmd.teal_card(block, ...)
 10.           +-base::paste(...)
 11.           +-base::unlist(...)
 12.           \-base::lapply(...)
 13.             \-teal.reporter (local) FUN(X[[i]], ...)
 14.               +-teal.reporter:::to_rmd(x, output_format = m$output, ...)
 15.               \-teal.reporter:::to_rmd.default(x, output_format = m$output, ...)
 16.                 +-teal.reporter:::.to_rmd(block, ...)
 17.                 \-teal.reporter:::.to_rmd.chunk_output(block, ...)
 18.                   +-teal.reporter:::to_rmd(block[[1]], ..., include_chunk_output = include_chunk_output)
 19.                   \-teal.reporter:::to_rmd.default(block[[1]], ..., include_chunk_output = include_chunk_output)
 20.                     +-teal.reporter:::.to_rmd(block, ...)
 21.                     \-teal.reporter:::.to_rmd.recordedplot(block, ...)
 22.                       \-base::tempfile(pattern = "report_item_", fileext = ".rds", tmpdir = output_dir)</error>
    </testcase>
    <testcase time="0.0510000000000019" classname="render" name="render_renders_output_based_on_metadata_output_field_md_document_containing_markdown_content_code_chunks_and_their_outputs">
      <error type="error" message="&lt;getvarError/missingArgError/error/condition&gt; ('test-render.R:172:5')">&lt;getvarError/missingArgError/error/condition&gt;
Error in `.to_rmd.recordedplot(block, ...)`: argument "output_dir" is missing, with no default
Backtrace:
     x
  1. \-teal.reporter::render(tr, quiet = TRUE) at test-render.R:172:5
  2.   +-teal.reporter:::to_rmd(...)
  3.   \-teal.reporter:::to_rmd.default(...)
  4.     +-teal.reporter:::.to_rmd(block, ...)
  5.     \-teal.reporter:::.to_rmd.teal_report(block, ...)
  6.       +-teal.reporter:::to_rmd(teal_card(block), ...)
  7.       \-teal.reporter:::to_rmd.default(teal_card(block), ...)
  8.         +-teal.reporter:::.to_rmd(block, ...)
  9.         \-teal.reporter:::.to_rmd.teal_card(block, ...)
 10.           +-base::paste(...)
 11.           +-base::unlist(...)
 12.           \-base::lapply(...)
 13.             \-teal.reporter (local) FUN(X[[i]], ...)
 14.               +-teal.reporter:::to_rmd(x, output_format = m$output, ...)
 15.               \-teal.reporter:::to_rmd.default(x, output_format = m$output, ...)
 16.                 +-teal.reporter:::.to_rmd(block, ...)
 17.                 \-teal.reporter:::.to_rmd.chunk_output(block, ...)
 18.                   +-teal.reporter:::to_rmd(block[[1]], ..., include_chunk_output = include_chunk_output)
 19.                   \-teal.reporter:::to_rmd.default(block[[1]], ..., include_chunk_output = include_chunk_output)
 20.                     +-teal.reporter:::.to_rmd(block, ...)
 21.                     \-teal.reporter:::.to_rmd.recordedplot(block, ...)
 22.                       \-base::tempfile(pattern = "report_item_", fileext = ".rds", tmpdir = output_dir)</error>
    </testcase>
    <testcase time="0.054000000000002" classname="render" name="render_renders_output_based_on_metadata_output_field_md_document_containing_relative_path_to_a_plot_even_if_output_dir_is_set_to_absolute_path">
      <error type="error" message="&lt;getvarError/missingArgError/error/condition&gt; ('test-render.R:193:5')">&lt;getvarError/missingArgError/error/condition&gt;
Error in `.to_rmd.recordedplot(block, ...)`: argument "output_dir" is missing, with no default
Backtrace:
     x
  1. \-teal.reporter::render(tr, output_dir = temp_dir, quiet = TRUE) at test-render.R:193:5
  2.   +-teal.reporter:::to_rmd(...)
  3.   \-teal.reporter:::to_rmd.default(...)
  4.     +-teal.reporter:::.to_rmd(block, ...)
  5.     \-teal.reporter:::.to_rmd.teal_report(block, ...)
  6.       +-teal.reporter:::to_rmd(teal_card(block), ...)
  7.       \-teal.reporter:::to_rmd.default(teal_card(block), ...)
  8.         +-teal.reporter:::.to_rmd(block, ...)
  9.         \-teal.reporter:::.to_rmd.teal_card(block, ...)
 10.           +-base::paste(...)
 11.           +-base::unlist(...)
 12.           \-base::lapply(...)
 13.             \-teal.reporter (local) FUN(X[[i]], ...)
 14.               +-teal.reporter:::to_rmd(x, output_format = m$output, ...)
 15.               \-teal.reporter:::to_rmd.default(x, output_format = m$output, ...)
 16.                 +-teal.reporter:::.to_rmd(block, ...)
 17.                 \-teal.reporter:::.to_rmd.chunk_output(block, ...)
 18.                   +-teal.reporter:::to_rmd(block[[1]], ..., include_chunk_output = include_chunk_output)
 19.                   \-teal.reporter:::to_rmd.default(block[[1]], ..., include_chunk_output = include_chunk_output)
 20.                     +-teal.reporter:::.to_rmd(block, ...)
 21.                     \-teal.reporter:::.to_rmd.recordedplot(block, ...)
 22.                       \-base::tempfile(pattern = "report_item_", fileext = ".rds", tmpdir = output_dir)</error>
    </testcase>
  </testsuite>
  <testsuite name="teal_card" timestamp="2025-09-03T13:45:39Z" hostname="23cd0a00ba44" tests="59" skipped="0" failures="0" errors="0" time="0.713">
    <testcase time="0.0279999999999916" classname="teal_card" name="creates_empty_teal_card_when_no_arguments_set"/>
    <testcase time="0.00600000000000023" classname="teal_card" name="teal_card_returns_the_same_object_for_if_teal_card_is_passed"/>
    <testcase time="0.0240000000000009" classname="teal_card" name="teal_card_extracts_teal_card_object_from_teal_report_if_teal_report_is_passed"/>
    <testcase time="0.0180000000000007" classname="teal_card" name="teal_card_converts_qenv_code_elements_into_teal_card_and_returns_teal_card_if_qenv_is_passed"/>
    <testcase time="0.007000000000005" classname="teal_card" name="teal_card_keeps_list_if_given_as_argument"/>
    <testcase time="0.00699999999999079" classname="teal_card" name="combines_arguments_in_teal_card_and_sets_them_random_unique_names"/>
    <testcase time="0.00200000000000955" classname="teal_card" name="combines_arguments_in_teal_card_and_sets_them_random_unique_names"/>
    <testcase time="0.00600000000000023" classname="teal_card" name="doesn_t_ignore_NULL_and_adds_it_to_teal_card"/>
    <testcase time="0.00600000000000023" classname="teal_card" name="keeps_conditions"/>
    <testcase time="0.00600000000000023" classname="teal_card" name="appends_each_element_asis_no_list_unwrapping_"/>
    <testcase time="0.00699999999999079" classname="teal_card" name="teal_card_with_multiple_arguments_appends_each_argument_to_teal_card_and_keep_original_names_if_teal_card_is_a_first_argument"/>
    <testcase time="0.00300000000000011" classname="teal_card" name="teal_card_with_multiple_arguments_appends_each_argument_to_teal_card_and_keep_original_names_if_teal_card_is_a_first_argument"/>
    <testcase time="0.0130000000000052" classname="teal_card" name="teal_card_with_multiple_arguments_appends_each_argument_to_real_report_teal_card_and_keep_original_names_if_teal_card_is_a_first_argument"/>
    <testcase time="0.00300000000000011" classname="teal_card" name="teal_card_with_multiple_arguments_appends_each_argument_to_real_report_teal_card_and_keep_original_names_if_teal_card_is_a_first_argument"/>
    <testcase time="0.00600000000000023" classname="teal_card" name="c.teal_card_combines_two_empty_teal_card_s_"/>
    <testcase time="0.00600000000000023" classname="teal_card" name="c.teal_card_combines_empty_teal_card_with_non_empty"/>
    <testcase time="0.007000000000005" classname="teal_card" name="c.teal_card_combines_with_empty_teal_card_remains_the_same"/>
    <testcase time="0.00900000000000034" classname="teal_card" name="c.teal_card_combines_with_character_adds_as_a_new_element"/>
    <testcase time="0.00799999999999557" classname="teal_card" name="c.teal_card_combines_with_list_adds_each_list_element_separately_unwraps_list_"/>
    <testcase time="0.00900000000000034" classname="teal_card" name="c.teal_card_combines_with_teal_card_containing_a_list_append_this_list_asis_doesn_t_unwrap_list_"/>
    <testcase time="0.0139999999999958" classname="teal_card" name="c.teal_card_combines_with_NULL_remains_the_same_ignores_NULL_"/>
    <testcase time="0.00799999999999557" classname="teal_card" name="c.teal_card_combines_with_character_0_adds_as_a_new_element"/>
    <testcase time="0.00900000000000034" classname="teal_card" name="c.teal_card_combines_with_ggplot_adds_as_a_new_element"/>
    <testcase time="0.00800000000000978" classname="teal_card" name="c.teal_card_combines_with_new_teal_card_adds_new_elements_asis"/>
    <testcase time="0.0120000000000005" classname="teal_card" name="c.teal_card_combines_with_new_teal_card_containing_ggplot_adds_new_elements_asis"/>
    <testcase time="0.00799999999999557" classname="teal_card" name="c.teal_card_combines_with_teal_card_containing_new_and_old_items_adds_only_new"/>
    <testcase time="0.00900000000000034" classname="teal_card" name="c.teal_card_combines_with_teal_card_containing_new_and_old_items_adds_even_if_their_order_is_different"/>
    <testcase time="0.0130000000000052" classname="teal_card" name="c.teal_card_combines_with_teal_card_with_new_and_missing_old_items_restores_original_items_adds_new_at_the_end_and_warn"/>
    <testcase time="0.000999999999990564" classname="teal_card" name="c.teal_card_combines_with_teal_card_with_new_and_missing_old_items_restores_original_items_adds_new_at_the_end_and_warn"/>
    <testcase time="0.00600000000000023" classname="teal_card" name="c.teal_card_combines_with_a_teal_card_keeps_original_metadata"/>
    <testcase time="0.007000000000005" classname="teal_card" name="c.teal_card_combines_new_teal_card_combines_metadata_and_overwrites_original"/>
    <testcase time="0.00600000000000023" classname="teal_card" name="retains_class"/>
    <testcase time="0.00100000000000477" classname="teal_card" name="retains_class"/>
    <testcase time="0.00300000000000011" classname="teal_card" name="retains_class"/>
    <testcase time="0.00300000000000011" classname="teal_card" name="retains_class"/>
    <testcase time="0.000999999999990564" classname="teal_card" name="retains_class"/>
    <testcase time="0.00200000000000955" classname="teal_card" name="retains_class"/>
    <testcase time="0.00999999999999091" classname="teal_card" name="as.teal_card_converts_a_simple_list_with_each_element_being_converted_to_a_report_content"/>
    <testcase time="0.00800000000000978" classname="teal_card" name="as.teal_card_converts_a_custom_list_class_with_many_elements_into_single_element_teal_card"/>
    <testcase time="0.0109999999999957" classname="teal_card" name="as.teal_card_converts_a_ggplot2_to_a_teal_card_with_only_1_report_content"/>
    <testcase time="0.00600000000000023" classname="teal_card" name="metadata_can_be_assigned_individually_to_teal_card_object_using_which_argument"/>
    <testcase time="0.00600000000000023" classname="teal_card" name="metadata_can_be_assigned_individually_to_teal_card_using_"/>
    <testcase time="0.00600000000000023" classname="teal_card" name="metadata_can_be_assigned_as_named_list_to_teal_card_object"/>
    <testcase time="0.00699999999999079" classname="teal_card" name="metadata_can_be_assigned_individually_to_ReportCard_object"/>
    <testcase time="0.00300000000000011" classname="teal_card" name="metadata_can_be_assigned_individually_to_ReportCard_object"/>
    <testcase time="0.00600000000000023" classname="teal_card" name="metadata_can_be_assigned_as_named_list_to_ReportCard_object_if_only_has_title"/>
    <testcase time="0.00300000000000011" classname="teal_card" name="metadata_can_be_assigned_as_named_list_to_ReportCard_object_if_only_has_title"/>
    <testcase time="0.0100000000000051" classname="teal_card" name="metadata_assignment_throws_warning_when_named_list_has_other_elements_than_title"/>
    <testcase time="0.00300000000000011" classname="teal_card" name="metadata_assignment_throws_warning_when_named_list_has_other_elements_than_title"/>
    <testcase time="0.00300000000000011" classname="teal_card" name="metadata_assignment_throws_warning_when_named_list_has_other_elements_than_title"/>
    <testcase time="0.0100000000000051" classname="teal_card" name="metadata_assignment_throws_warning_when_named_list_has_element_but_not_title"/>
    <testcase time="0.00300000000000011" classname="teal_card" name="metadata_assignment_throws_warning_when_named_list_has_element_but_not_title"/>
    <testcase time="0.00999999999999091" classname="teal_card" name="metadata_only_supports_assigning_title_in_ReportCard_object"/>
    <testcase time="0.007000000000005" classname="teal_card" name="teal_card_index_assignment_converts_to_unique_identifier"/>
    <testcase time="0.00100000000000477" classname="teal_card" name="teal_card_index_assignment_converts_to_unique_identifier"/>
    <testcase time="0.0799999999999983" classname="teal_card" name="ggplot2_objects_to_recordedplot"/>
    <testcase time="0.0739999999999981" classname="teal_card" name="ggplot2_objects_to_recordedplot_when_using_c_"/>
    <testcase time="0.0750000000000028" classname="teal_card" name="ggplot2_objects_to_recordedplot_when_using_assigning"/>
    <testcase time="0.0789999999999935" classname="teal_card" name="ggplot2_objects_to_recordedplot_when_using_assigning_with_new_name"/>
  </testsuite>
  <testsuite name="teal_report-c" timestamp="2025-09-03T13:45:39Z" hostname="23cd0a00ba44" tests="4" skipped="0" failures="0" errors="0" time="0.106">
    <testcase time="0.0319999999999965" classname="teal_report_c" name="c.teal_report_combines_two_empty_teal_report_objects"/>
    <testcase time="0.0200000000000102" classname="teal_report_c" name="c.teal_report_combines_empty_and_non_empty_teal_report_by_appending_elements_of_teal_card"/>
    <testcase time="0.0210000000000008" classname="teal_report_c" name="c.teal_report_combines_two_teal_report_by_combining_elements_of_teal_card"/>
    <testcase time="0.0330000000000013" classname="teal_report_c" name="c.teal_report_combines_multiple_teal_report_by_combining_elements_of_teal_card"/>
  </testsuite>
  <testsuite name="teal_report-class" timestamp="2025-09-03T13:45:40Z" hostname="23cd0a00ba44" tests="5" skipped="0" failures="0" errors="0" time="0.479">
    <testcase time="0.129999999999995" classname="teal_report_class" name="teal_card_built_from_teal_data_is_identical_when_running_via_eval_code_with_teal_report_object"/>
    <testcase time="0.138999999999996" classname="teal_report_class" name="teal_card_built_from_teal_data_is_identical_when_calling_as.teal_report"/>
    <testcase time="0.170000000000002" classname="teal_report_class" name="teal_card_built_from_teal_data_is_identical_when_calling_as.teal_report_with_multiple_calls"/>
    <testcase time="0.0259999999999962" classname="teal_report_class" name="teal_card_built_from_teal_data_drops_conditions_produced_in_a_code_chunk_evaluation"/>
    <testcase time="0.01400000000001" classname="teal_report_class" name="teal_data_converts_to_teal_report_when_assigning_teal_card"/>
  </testsuite>
  <testsuite name="teal_report-eval_code" timestamp="2025-09-03T13:45:40Z" hostname="23cd0a00ba44" tests="4" skipped="0" failures="0" errors="0" time="0.141">
    <testcase time="0.0429999999999922" classname="teal_report_eval_code" name="eval_code_appends_code_chunks_to_the_teal_card_code_as_code_chunk"/>
    <testcase time="0.0310000000000059" classname="teal_report_eval_code" name="eval_code_appends_code_chunks_to_the_teal_card_code_as_code_chunk_and_its_output_as_chunk_output"/>
    <testcase time="0.027000000000001" classname="teal_report_eval_code" name="eval_code_appends_code_chunks_to_the_teal_card_code_as_code_chunk_and_condition_is_excluded_from_output"/>
    <testcase time="0.039999999999992" classname="teal_report_eval_code" name="within_appends_to_teal_card_code_as_code_chunk"/>
  </testsuite>
  <testsuite name="utils" timestamp="2025-09-03T13:45:40Z" hostname="23cd0a00ba44" tests="13" skipped="0" failures="0" errors="0" time="3.761">
    <testcase time="0.00799999999999557" classname="utils" name="panel_item"/>
    <testcase time="0.128" classname="utils" name="to_flextable_supported_class_data.frame_"/>
    <testcase time="0.116000000000014" classname="utils" name="to_flextable_supported_class_rtables_"/>
    <testcase time="3.47099999999999" classname="utils" name="to_flextable_supported_class_listing_df_"/>
    <testcase time="0.00800000000000978" classname="utils" name="to_flextable_unsupported_class"/>
    <testcase time="0.00499999999999545" classname="utils" name="split_text_block_splits_text_block_into_blocks_no_longer_than_n_lines"/>
    <testcase time="0.00100000000000477" classname="utils" name="split_text_block_splits_text_block_into_blocks_no_longer_than_n_lines"/>
    <testcase time="0.00199999999999534" classname="utils" name="split_text_block_splits_text_block_into_blocks_no_longer_than_n_lines"/>
    <testcase time="0.00300000000000011" classname="utils" name="split_text_block_splits_text_block_into_blocks_no_longer_than_n_lines"/>
    <testcase time="0.00400000000000489" classname="utils" name="format.code_chunk_generates_the_corresponding_R_language_chunk"/>
    <testcase time="0.00499999999999545" classname="utils" name="format.code_chunk_generates_the_corresponding_yaml_language_chunk"/>
    <testcase time="0.00499999999999545" classname="utils" name="format.code_chunk_generates_the_corresponding_parameters"/>
    <testcase time="0.00499999999999545" classname="utils" name="format.code_chunk_generates_the_corresponding_multiple_parameters"/>
  </testsuite>
  <testsuite name="yaml_utils" timestamp="2025-09-03T13:45:44Z" hostname="23cd0a00ba44" tests="38" skipped="0" failures="0" errors="0" time="0.19">
    <testcase time="0.00900000000000034" classname="yaml_utils" name="yaml_quoted_adds_the_quoted_attribute_equal_to_TRUE_"/>
    <testcase time="0.00800000000000978" classname="yaml_utils" name="yaml_quoted_does_not_modify_the_value_of_the_object"/>
    <testcase time="0.00799999999999557" classname="yaml_utils" name="conv_str_logi_accept_only_a_string"/>
    <testcase time="0.00100000000000477" classname="yaml_utils" name="conv_str_logi_accept_only_a_string"/>
    <testcase time="0.00600000000000023" classname="yaml_utils" name="conv_str_logi_not_influence_the_regular_character"/>
    <testcase time="0.0120000000000005" classname="yaml_utils" name="conv_str_logi_character_TRUE_to_logical"/>
    <testcase time="0.00399999999999068" classname="yaml_utils" name="conv_str_logi_character_TRUE_to_logical"/>
    <testcase time="0.00300000000000011" classname="yaml_utils" name="conv_str_logi_character_TRUE_to_logical"/>
    <testcase time="0.00300000000000011" classname="yaml_utils" name="conv_str_logi_character_TRUE_to_logical"/>
    <testcase time="0.00200000000000955" classname="yaml_utils" name="conv_str_logi_character_TRUE_to_logical"/>
    <testcase time="0.00200000000000955" classname="yaml_utils" name="conv_str_logi_character_TRUE_to_logical"/>
    <testcase time="0.00300000000000011" classname="yaml_utils" name="conv_str_logi_character_TRUE_to_logical"/>
    <testcase time="0.00600000000000023" classname="yaml_utils" name="conv_str_logi_character_FALSE_to_logical"/>
    <testcase time="0.00300000000000011" classname="yaml_utils" name="conv_str_logi_character_FALSE_to_logical"/>
    <testcase time="0.00300000000000011" classname="yaml_utils" name="conv_str_logi_character_FALSE_to_logical"/>
    <testcase time="0.00300000000000011" classname="yaml_utils" name="conv_str_logi_character_FALSE_to_logical"/>
    <testcase time="0.00199999999999534" classname="yaml_utils" name="conv_str_logi_character_FALSE_to_logical"/>
    <testcase time="0.00300000000000011" classname="yaml_utils" name="conv_str_logi_character_FALSE_to_logical"/>
    <testcase time="0.00300000000000011" classname="yaml_utils" name="conv_str_logi_character_FALSE_to_logical"/>
    <testcase time="0.007000000000005" classname="yaml_utils" name="rmd_outputs_all_returned_out_in_the_rmarkdown_namespace"/>
    <testcase time="0.00799999999999557" classname="yaml_utils" name="rmd_output_arguments_accepts_only_string_from_possible_rmarkdown_outputs"/>
    <testcase time="0.00199999999999534" classname="yaml_utils" name="rmd_output_arguments_accepts_only_string_from_possible_rmarkdown_outputs"/>
    <testcase time="0.00200000000000955" classname="yaml_utils" name="rmd_output_arguments_accepts_only_string_from_possible_rmarkdown_outputs"/>
    <testcase time="0.00600000000000023" classname="yaml_utils" name="rmd_output_arguments_returned_all_pdf_document_arguments"/>
    <testcase time="0.00699999999999079" classname="yaml_utils" name="rmd_output_arguments_returned_all_pdf_document_arguments_and_their_defaults"/>
    <testcase time="0.007000000000005" classname="yaml_utils" name="as_yaml_auto_accept_a_named_list_optionally_nested_"/>
    <testcase time="0.00499999999999545" classname="yaml_utils" name="as_yaml_auto_accept_a_named_list_optionally_nested_"/>
    <testcase time="0.00100000000000477" classname="yaml_utils" name="as_yaml_auto_accept_a_named_list_optionally_nested_"/>
    <testcase time="0.00199999999999534" classname="yaml_utils" name="as_yaml_auto_accept_a_named_list_optionally_nested_"/>
    <testcase time="0.00600000000000023" classname="yaml_utils" name="as_yaml_auto_works_the_same_as_yaml_as.yaml_for_a_nested_list_when_as_header_is_FALSE"/>
    <testcase time="0.007000000000005" classname="yaml_utils" name="as_yaml_auto_parse"/>
    <testcase time="0.0109999999999957" classname="yaml_utils" name="as_yaml_auto_warning_for_not_accepted_argument_and_skip_it"/>
    <testcase time="0.00100000000000477" classname="yaml_utils" name="as_yaml_auto_warning_for_not_accepted_argument_and_skip_it"/>
    <testcase time="0.00600000000000023" classname="yaml_utils" name="as_yaml_auto_silent_the_warning_for_not_accepted_argument_and_skip_it"/>
    <testcase time="0.00699999999999079" classname="yaml_utils" name="as_yaml_auto_convert_character_logical_to_logical"/>
    <testcase time="0.00800000000000978" classname="yaml_utils" name="as_yaml_auto_do_not_accept_multi_outputs_without_the_multi_output_argument"/>
    <testcase time="0.00600000000000023" classname="yaml_utils" name="as_yaml_auto_accept_multi_outputs_with_the_multi_output_argument"/>
    <testcase time="0.00699999999999079" classname="yaml_utils" name="get_yaml_field_returns_the_correct_result"/>
  </testsuite>
</testsuites>
