<?xml version="1.0" encoding="UTF-8"?>
<!DOCTYPE coverage SYSTEM "https://raw.githubusercontent.com/cobertura/cobertura/master/cobertura/src/site/htdocs/xml/coverage-04.dtd">
<coverage line-rate="0.77864768683274" branch-rate="0" lines-covered="1094" lines-valid="1405" branches-covered="0" branches-valid="0" complexity="0" version="3.6.4" timestamp="2025-08-18 06:37:25.230094">
  <sources>
    <source>/__w/teal.reporter/teal.reporter/teal.reporter</source>
  </sources>
  <packages>
    <package name="teal.reporter" line-rate="0.77864768683274" branch-rate="0" complexity="0">
      <classes>
        <class name="AddCardModule.R" filename="R/AddCardModule.R" line-rate="0.983333333333333" branch-rate="0" complexity="0">
          <methods>
            <method name="add_card_button_ui" signature="" line-rate="1" branch-rate="0" complexity="0">
              <lines>
                <line number="46" hits="2" branch="false"/>
                <line number="47" hits="2" branch="false"/>
                <line number="48" hits="2" branch="false"/>
                <line number="49" hits="2" branch="false"/>
                <line number="50" hits="2" branch="false"/>
                <line number="51" hits="2" branch="false"/>
              </lines>
            </method>
            <method name="add_card_button_srv" signature="" line-rate="0.982456140350877" branch-rate="0" complexity="0">
              <lines>
                <line number="57" hits="12" branch="false"/>
                <line number="58" hits="12" branch="false"/>
                <line number="59" hits="12" branch="false"/>
                <line number="61" hits="12" branch="false"/>
                <line number="62" hits="12" branch="false"/>
                <line number="63" hits="12" branch="false"/>
                <line number="64" hits="12" branch="false"/>
                <line number="65" hits="12" branch="false"/>
                <line number="66" hits="12" branch="false"/>
                <line number="68" hits="12" branch="false"/>
                <line number="70" hits="12" branch="false"/>
                <line number="71" hits="11" branch="false"/>
                <line number="72" hits="11" branch="false"/>
                <line number="73" hits="11" branch="false"/>
                <line number="74" hits="11" branch="false"/>
                <line number="75" hits="11" branch="false"/>
                <line number="76" hits="11" branch="false"/>
                <line number="77" hits="11" branch="false"/>
                <line number="78" hits="11" branch="false"/>
                <line number="79" hits="11" branch="false"/>
                <line number="80" hits="11" branch="false"/>
                <line number="81" hits="11" branch="false"/>
                <line number="82" hits="11" branch="false"/>
                <line number="83" hits="11" branch="false"/>
                <line number="84" hits="11" branch="false"/>
                <line number="85" hits="11" branch="false"/>
                <line number="86" hits="11" branch="false"/>
                <line number="87" hits="11" branch="false"/>
                <line number="88" hits="11" branch="false"/>
                <line number="89" hits="11" branch="false"/>
                <line number="90" hits="11" branch="false"/>
                <line number="91" hits="11" branch="false"/>
                <line number="92" hits="11" branch="false"/>
                <line number="93" hits="11" branch="false"/>
                <line number="94" hits="11" branch="false"/>
                <line number="95" hits="11" branch="false"/>
                <line number="96" hits="11" branch="false"/>
                <line number="97" hits="11" branch="false"/>
                <line number="98" hits="11" branch="false"/>
                <line number="99" hits="11" branch="false"/>
                <line number="100" hits="11" branch="false"/>
                <line number="101" hits="11" branch="false"/>
                <line number="102" hits="11" branch="false"/>
                <line number="103" hits="11" branch="false"/>
                <line number="104" hits="11" branch="false"/>
                <line number="105" hits="11" branch="false"/>
                <line number="106" hits="11" branch="false"/>
                <line number="107" hits="11" branch="false"/>
                <line number="108" hits="11" branch="false"/>
                <line number="109" hits="11" branch="false"/>
                <line number="110" hits="11" branch="false"/>
                <line number="111" hits="11" branch="false"/>
                <line number="112" hits="11" branch="false"/>
                <line number="113" hits="11" branch="false"/>
                <line number="114" hits="11" branch="false"/>
                <line number="115" hits="11" branch="false"/>
                <line number="116" hits="11" branch="false"/>
                <line number="117" hits="11" branch="false"/>
                <line number="118" hits="11" branch="false"/>
                <line number="119" hits="11" branch="false"/>
                <line number="120" hits="11" branch="false"/>
                <line number="121" hits="11" branch="false"/>
                <line number="122" hits="12" branch="false"/>
                <line number="124" hits="12" branch="false"/>
                <line number="125" hits="11" branch="false"/>
                <line number="126" hits="12" branch="false"/>
                <line number="130" hits="12" branch="false"/>
                <line number="131" hits="11" branch="false"/>
                <line number="132" hits="11" branch="false"/>
                <line number="133" hits="11" branch="false"/>
                <line number="134" hits="11" branch="false"/>
                <line number="136" hits="11" branch="false"/>
                <line number="138" hits="11" branch="false"/>
                <line number="139" hits="4" branch="false"/>
                <line number="140" hits="12" branch="false"/>
                <line number="141" hits="11" branch="false"/>
                <line number="142" hits="0" branch="false"/>
                <line number="143" hits="12" branch="false"/>
                <line number="145" hits="11" branch="false"/>
                <line number="149" hits="8" branch="false"/>
                <line number="150" hits="8" branch="false"/>
                <line number="151" hits="8" branch="false"/>
                <line number="152" hits="8" branch="false"/>
                <line number="153" hits="8" branch="false"/>
                <line number="154" hits="8" branch="false"/>
                <line number="155" hits="8" branch="false"/>
                <line number="156" hits="12" branch="false"/>
                <line number="158" hits="11" branch="false"/>
                <line number="160" hits="11" branch="false"/>
                <line number="161" hits="3" branch="false"/>
                <line number="162" hits="3" branch="false"/>
                <line number="163" hits="3" branch="false"/>
                <line number="164" hits="3" branch="false"/>
                <line number="165" hits="3" branch="false"/>
                <line number="166" hits="3" branch="false"/>
                <line number="167" hits="3" branch="false"/>
                <line number="168" hits="3" branch="false"/>
                <line number="169" hits="3" branch="false"/>
                <line number="170" hits="3" branch="false"/>
                <line number="171" hits="12" branch="false"/>
                <line number="172" hits="8" branch="false"/>
                <line number="173" hits="8" branch="false"/>
                <line number="174" hits="1" branch="false"/>
                <line number="175" hits="1" branch="false"/>
                <line number="176" hits="12" branch="false"/>
                <line number="178" hits="8" branch="false"/>
                <line number="179" hits="0" branch="false"/>
                <line number="180" hits="12" branch="false"/>
                <line number="182" hits="8" branch="false"/>
                <line number="183" hits="8" branch="false"/>
                <line number="184" hits="8" branch="false"/>
                <line number="185" hits="12" branch="false"/>
                <line number="186" hits="12" branch="false"/>
                <line number="187" hits="12" branch="false"/>
              </lines>
            </method>
          </methods>
          <lines>
            <line number="46" hits="2" branch="false"/>
            <line number="47" hits="2" branch="false"/>
            <line number="48" hits="2" branch="false"/>
            <line number="49" hits="2" branch="false"/>
            <line number="50" hits="2" branch="false"/>
            <line number="51" hits="2" branch="false"/>
            <line number="57" hits="12" branch="false"/>
            <line number="58" hits="12" branch="false"/>
            <line number="59" hits="12" branch="false"/>
            <line number="61" hits="12" branch="false"/>
            <line number="62" hits="12" branch="false"/>
            <line number="63" hits="12" branch="false"/>
            <line number="64" hits="12" branch="false"/>
            <line number="65" hits="12" branch="false"/>
            <line number="66" hits="12" branch="false"/>
            <line number="68" hits="12" branch="false"/>
            <line number="70" hits="12" branch="false"/>
            <line number="71" hits="11" branch="false"/>
            <line number="72" hits="11" branch="false"/>
            <line number="73" hits="11" branch="false"/>
            <line number="74" hits="11" branch="false"/>
            <line number="75" hits="11" branch="false"/>
            <line number="76" hits="11" branch="false"/>
            <line number="77" hits="11" branch="false"/>
            <line number="78" hits="11" branch="false"/>
            <line number="79" hits="11" branch="false"/>
            <line number="80" hits="11" branch="false"/>
            <line number="81" hits="11" branch="false"/>
            <line number="82" hits="11" branch="false"/>
            <line number="83" hits="11" branch="false"/>
            <line number="84" hits="11" branch="false"/>
            <line number="85" hits="11" branch="false"/>
            <line number="86" hits="11" branch="false"/>
            <line number="87" hits="11" branch="false"/>
            <line number="88" hits="11" branch="false"/>
            <line number="89" hits="11" branch="false"/>
            <line number="90" hits="11" branch="false"/>
            <line number="91" hits="11" branch="false"/>
            <line number="92" hits="11" branch="false"/>
            <line number="93" hits="11" branch="false"/>
            <line number="94" hits="11" branch="false"/>
            <line number="95" hits="11" branch="false"/>
            <line number="96" hits="11" branch="false"/>
            <line number="97" hits="11" branch="false"/>
            <line number="98" hits="11" branch="false"/>
            <line number="99" hits="11" branch="false"/>
            <line number="100" hits="11" branch="false"/>
            <line number="101" hits="11" branch="false"/>
            <line number="102" hits="11" branch="false"/>
            <line number="103" hits="11" branch="false"/>
            <line number="104" hits="11" branch="false"/>
            <line number="105" hits="11" branch="false"/>
            <line number="106" hits="11" branch="false"/>
            <line number="107" hits="11" branch="false"/>
            <line number="108" hits="11" branch="false"/>
            <line number="109" hits="11" branch="false"/>
            <line number="110" hits="11" branch="false"/>
            <line number="111" hits="11" branch="false"/>
            <line number="112" hits="11" branch="false"/>
            <line number="113" hits="11" branch="false"/>
            <line number="114" hits="11" branch="false"/>
            <line number="115" hits="11" branch="false"/>
            <line number="116" hits="11" branch="false"/>
            <line number="117" hits="11" branch="false"/>
            <line number="118" hits="11" branch="false"/>
            <line number="119" hits="11" branch="false"/>
            <line number="120" hits="11" branch="false"/>
            <line number="121" hits="11" branch="false"/>
            <line number="122" hits="12" branch="false"/>
            <line number="124" hits="12" branch="false"/>
            <line number="125" hits="11" branch="false"/>
            <line number="126" hits="12" branch="false"/>
            <line number="130" hits="12" branch="false"/>
            <line number="131" hits="11" branch="false"/>
            <line number="132" hits="11" branch="false"/>
            <line number="133" hits="11" branch="false"/>
            <line number="134" hits="11" branch="false"/>
            <line number="136" hits="11" branch="false"/>
            <line number="138" hits="11" branch="false"/>
            <line number="139" hits="4" branch="false"/>
            <line number="140" hits="12" branch="false"/>
            <line number="141" hits="11" branch="false"/>
            <line number="142" hits="0" branch="false"/>
            <line number="143" hits="12" branch="false"/>
            <line number="145" hits="11" branch="false"/>
            <line number="149" hits="8" branch="false"/>
            <line number="150" hits="8" branch="false"/>
            <line number="151" hits="8" branch="false"/>
            <line number="152" hits="8" branch="false"/>
            <line number="153" hits="8" branch="false"/>
            <line number="154" hits="8" branch="false"/>
            <line number="155" hits="8" branch="false"/>
            <line number="156" hits="12" branch="false"/>
            <line number="158" hits="11" branch="false"/>
            <line number="160" hits="11" branch="false"/>
            <line number="161" hits="3" branch="false"/>
            <line number="162" hits="3" branch="false"/>
            <line number="163" hits="3" branch="false"/>
            <line number="164" hits="3" branch="false"/>
            <line number="165" hits="3" branch="false"/>
            <line number="166" hits="3" branch="false"/>
            <line number="167" hits="3" branch="false"/>
            <line number="168" hits="3" branch="false"/>
            <line number="169" hits="3" branch="false"/>
            <line number="170" hits="3" branch="false"/>
            <line number="171" hits="12" branch="false"/>
            <line number="172" hits="8" branch="false"/>
            <line number="173" hits="8" branch="false"/>
            <line number="174" hits="1" branch="false"/>
            <line number="175" hits="1" branch="false"/>
            <line number="176" hits="12" branch="false"/>
            <line number="178" hits="8" branch="false"/>
            <line number="179" hits="0" branch="false"/>
            <line number="180" hits="12" branch="false"/>
            <line number="182" hits="8" branch="false"/>
            <line number="183" hits="8" branch="false"/>
            <line number="184" hits="8" branch="false"/>
            <line number="185" hits="12" branch="false"/>
            <line number="186" hits="12" branch="false"/>
            <line number="187" hits="12" branch="false"/>
          </lines>
        </class>
        <class name="ContentBlock.R" filename="R/ContentBlock.R" line-rate="0.866666666666667" branch-rate="0" complexity="0">
          <methods>
            <method name="set_content" signature="" line-rate="1" branch-rate="0" complexity="0">
              <lines>
                <line number="22" hits="310" branch="false"/>
                <line number="23" hits="310" branch="false"/>
                <line number="47" hits="32" branch="false"/>
                <line number="48" hits="30" branch="false"/>
                <line number="49" hits="30" branch="false"/>
                <line number="50" hits="30" branch="false"/>
                <line number="51" hits="30" branch="false"/>
                <line number="52" hits="30" branch="false"/>
                <line number="53" hits="1" branch="false"/>
                <line number="54" hits="1" branch="false"/>
                <line number="55" hits="29" branch="false"/>
                <line number="56" hits="28" branch="false"/>
                <line number="57" hits="1" branch="false"/>
                <line number="58" hits="1" branch="false"/>
                <line number="59" hits="1" branch="false"/>
                <line number="60" hits="30" branch="false"/>
                <line number="61" hits="30" branch="false"/>
                <line number="62" hits="30" branch="false"/>
                <line number="63" hits="30" branch="false"/>
                <line number="64" hits="30" branch="false"/>
                <line number="65" hits="30" branch="false"/>
                <line number="40" hits="11" branch="false"/>
                <line number="41" hits="10" branch="false"/>
                <line number="39" hits="13" branch="false"/>
                <line number="40" hits="12" branch="false"/>
                <line number="41" hits="12" branch="false"/>
                <line number="42" hits="12" branch="false"/>
                <line number="43" hits="12" branch="false"/>
                <line number="44" hits="12" branch="false"/>
                <line number="41" hits="24" branch="false"/>
                <line number="42" hits="23" branch="false"/>
              </lines>
            </method>
            <method name="get_content" signature="" line-rate="1" branch-rate="0" complexity="0">
              <lines>
                <line number="34" hits="230" branch="false"/>
                <line number="119" hits="63" branch="false"/>
              </lines>
            </method>
            <method name="from_list" signature="" line-rate="0.878378378378378" branch-rate="0" complexity="0">
              <lines>
                <line number="43" hits="0" branch="false"/>
                <line number="27" hits="11" branch="false"/>
                <line number="28" hits="11" branch="false"/>
                <line number="29" hits="11" branch="false"/>
                <line number="30" hits="11" branch="false"/>
                <line number="31" hits="11" branch="false"/>
                <line number="32" hits="11" branch="false"/>
                <line number="33" hits="11" branch="false"/>
                <line number="34" hits="11" branch="false"/>
                <line number="35" hits="11" branch="false"/>
                <line number="39" hits="2" branch="false"/>
                <line number="40" hits="2" branch="false"/>
                <line number="41" hits="2" branch="false"/>
                <line number="42" hits="2" branch="false"/>
                <line number="96" hits="3" branch="false"/>
                <line number="97" hits="3" branch="false"/>
                <line number="98" hits="3" branch="false"/>
                <line number="99" hits="3" branch="false"/>
                <line number="100" hits="3" branch="false"/>
                <line number="233" hits="6" branch="false"/>
                <line number="234" hits="6" branch="false"/>
                <line number="235" hits="6" branch="false"/>
                <line number="236" hits="6" branch="false"/>
                <line number="237" hits="6" branch="false"/>
                <line number="238" hits="6" branch="false"/>
                <line number="239" hits="6" branch="false"/>
                <line number="240" hits="6" branch="false"/>
                <line number="241" hits="22" branch="false"/>
                <line number="242" hits="22" branch="false"/>
                <line number="243" hits="22" branch="false"/>
                <line number="244" hits="22" branch="false"/>
                <line number="245" hits="22" branch="false"/>
                <line number="246" hits="8" branch="false"/>
                <line number="247" hits="22" branch="false"/>
                <line number="248" hits="14" branch="false"/>
                <line number="249" hits="22" branch="false"/>
                <line number="250" hits="0" branch="false"/>
                <line number="251" hits="22" branch="false"/>
                <line number="252" hits="22" branch="false"/>
                <line number="254" hits="6" branch="false"/>
                <line number="255" hits="0" branch="false"/>
                <line number="257" hits="6" branch="false"/>
                <line number="258" hits="6" branch="false"/>
                <line number="245" hits="6" branch="false"/>
                <line number="246" hits="6" branch="false"/>
                <line number="247" hits="6" branch="false"/>
                <line number="248" hits="6" branch="false"/>
                <line number="249" hits="6" branch="false"/>
                <line number="250" hits="5" branch="false"/>
                <line number="251" hits="5" branch="false"/>
                <line number="252" hits="5" branch="false"/>
                <line number="253" hits="5" branch="false"/>
                <line number="254" hits="5" branch="false"/>
                <line number="255" hits="5" branch="false"/>
                <line number="256" hits="5" branch="false"/>
                <line number="257" hits="5" branch="false"/>
                <line number="258" hits="5" branch="false"/>
                <line number="259" hits="5" branch="false"/>
                <line number="262" hits="0" branch="false"/>
                <line number="263" hits="0" branch="false"/>
                <line number="264" hits="0" branch="false"/>
                <line number="265" hits="0" branch="false"/>
                <line number="266" hits="0" branch="false"/>
                <line number="267" hits="0" branch="false"/>
                <line number="269" hits="5" branch="false"/>
                <line number="270" hits="5" branch="false"/>
                <line number="271" hits="5" branch="false"/>
                <line number="272" hits="5" branch="false"/>
                <line number="273" hits="5" branch="false"/>
                <line number="94" hits="14" branch="false"/>
                <line number="95" hits="14" branch="false"/>
                <line number="96" hits="14" branch="false"/>
                <line number="97" hits="14" branch="false"/>
                <line number="98" hits="14" branch="false"/>
              </lines>
            </method>
            <method name="to_list" signature="" line-rate="0.96969696969697" branch-rate="0" complexity="0">
              <lines>
                <line number="49" hits="0" branch="false"/>
                <line number="48" hits="21" branch="false"/>
                <line number="49" hits="21" branch="false"/>
                <line number="50" hits="21" branch="false"/>
                <line number="54" hits="2" branch="false"/>
                <line number="111" hits="3" branch="false"/>
                <line number="198" hits="11" branch="false"/>
                <line number="199" hits="11" branch="false"/>
                <line number="200" hits="37" branch="false"/>
                <line number="201" hits="37" branch="false"/>
                <line number="202" hits="37" branch="false"/>
                <line number="203" hits="13" branch="false"/>
                <line number="204" hits="37" branch="false"/>
                <line number="205" hits="24" branch="false"/>
                <line number="206" hits="37" branch="false"/>
                <line number="207" hits="37" branch="false"/>
                <line number="208" hits="37" branch="false"/>
                <line number="209" hits="37" branch="false"/>
                <line number="211" hits="11" branch="false"/>
                <line number="212" hits="11" branch="false"/>
                <line number="213" hits="11" branch="false"/>
                <line number="214" hits="11" branch="false"/>
                <line number="215" hits="11" branch="false"/>
                <line number="221" hits="14" branch="false"/>
                <line number="222" hits="12" branch="false"/>
                <line number="223" hits="12" branch="false"/>
                <line number="224" hits="12" branch="false"/>
                <line number="226" hits="10" branch="false"/>
                <line number="227" hits="10" branch="false"/>
                <line number="228" hits="10" branch="false"/>
                <line number="229" hits="10" branch="false"/>
                <line number="231" hits="12" branch="false"/>
                <line number="109" hits="24" branch="false"/>
              </lines>
            </method>
            <method name="deep_clone" signature="" line-rate="0.954545454545455" branch-rate="0" complexity="0">
              <lines>
                <line number="61" hits="156" branch="false"/>
                <line number="62" hits="7" branch="false"/>
                <line number="63" hits="7" branch="false"/>
                <line number="66" hits="7" branch="false"/>
                <line number="67" hits="5" branch="false"/>
                <line number="68" hits="5" branch="false"/>
                <line number="70" hits="7" branch="false"/>
                <line number="71" hits="7" branch="false"/>
                <line number="72" hits="7" branch="false"/>
                <line number="74" hits="149" branch="false"/>
                <line number="275" hits="63" branch="false"/>
                <line number="276" hits="3" branch="false"/>
                <line number="277" hits="3" branch="false"/>
                <line number="278" hits="3" branch="false"/>
                <line number="279" hits="3" branch="false"/>
                <line number="280" hits="0" branch="false"/>
                <line number="281" hits="3" branch="false"/>
                <line number="282" hits="3" branch="false"/>
                <line number="284" hits="60" branch="false"/>
                <line number="341" hits="24" branch="false"/>
                <line number="342" hits="1" branch="false"/>
                <line number="344" hits="23" branch="false"/>
              </lines>
            </method>
          </methods>
          <lines>
            <line number="22" hits="310" branch="false"/>
            <line number="23" hits="310" branch="false"/>
            <line number="34" hits="230" branch="false"/>
            <line number="43" hits="0" branch="false"/>
            <line number="49" hits="0" branch="false"/>
            <line number="61" hits="156" branch="false"/>
            <line number="62" hits="7" branch="false"/>
            <line number="63" hits="7" branch="false"/>
            <line number="66" hits="7" branch="false"/>
            <line number="67" hits="5" branch="false"/>
            <line number="68" hits="5" branch="false"/>
            <line number="70" hits="7" branch="false"/>
            <line number="71" hits="7" branch="false"/>
            <line number="72" hits="7" branch="false"/>
            <line number="74" hits="149" branch="false"/>
          </lines>
        </class>
        <class name="DownloadModule.R" filename="R/DownloadModule.R" line-rate="0.713675213675214" branch-rate="0" complexity="0">
          <methods>
            <method name="download_report_button_ui" signature="" line-rate="1" branch-rate="0" complexity="0">
              <lines>
                <line number="26" hits="3" branch="false"/>
                <line number="27" hits="3" branch="false"/>
                <line number="28" hits="3" branch="false"/>
                <line number="29" hits="3" branch="false"/>
                <line number="30" hits="3" branch="false"/>
                <line number="31" hits="3" branch="false"/>
              </lines>
            </method>
            <method name="download_report_button_srv" signature="" line-rate="0.922330097087379" branch-rate="0" complexity="0">
              <lines>
                <line number="41" hits="15" branch="false"/>
                <line number="42" hits="15" branch="false"/>
                <line number="43" hits="15" branch="false"/>
                <line number="44" hits="15" branch="false"/>
                <line number="45" hits="15" branch="false"/>
                <line number="46" hits="15" branch="false"/>
                <line number="47" hits="15" branch="false"/>
                <line number="48" hits="15" branch="false"/>
                <line number="49" hits="15" branch="false"/>
                <line number="50" hits="15" branch="false"/>
                <line number="51" hits="15" branch="false"/>
                <line number="52" hits="15" branch="false"/>
                <line number="53" hits="15" branch="false"/>
                <line number="54" hits="15" branch="false"/>
                <line number="55" hits="15" branch="false"/>
                <line number="56" hits="15" branch="false"/>
                <line number="57" hits="13" branch="false"/>
                <line number="59" hits="12" branch="false"/>
                <line number="60" hits="12" branch="false"/>
                <line number="62" hits="12" branch="false"/>
                <line number="64" hits="12" branch="false"/>
                <line number="65" hits="1" branch="false"/>
                <line number="66" hits="1" branch="false"/>
                <line number="67" hits="1" branch="false"/>
                <line number="68" hits="1" branch="false"/>
                <line number="69" hits="1" branch="false"/>
                <line number="70" hits="1" branch="false"/>
                <line number="71" hits="1" branch="false"/>
                <line number="72" hits="1" branch="false"/>
                <line number="73" hits="1" branch="false"/>
                <line number="74" hits="1" branch="false"/>
                <line number="75" hits="1" branch="false"/>
                <line number="76" hits="1" branch="false"/>
                <line number="77" hits="1" branch="false"/>
                <line number="78" hits="1" branch="false"/>
                <line number="79" hits="1" branch="false"/>
                <line number="80" hits="1" branch="false"/>
                <line number="81" hits="1" branch="false"/>
                <line number="82" hits="1" branch="false"/>
                <line number="83" hits="0" branch="false"/>
                <line number="84" hits="0" branch="false"/>
                <line number="85" hits="0" branch="false"/>
                <line number="86" hits="0" branch="false"/>
                <line number="87" hits="0" branch="false"/>
                <line number="88" hits="0" branch="false"/>
                <line number="89" hits="0" branch="false"/>
                <line number="90" hits="1" branch="false"/>
                <line number="91" hits="1" branch="false"/>
                <line number="92" hits="1" branch="false"/>
                <line number="93" hits="1" branch="false"/>
                <line number="94" hits="1" branch="false"/>
                <line number="95" hits="1" branch="false"/>
                <line number="96" hits="1" branch="false"/>
                <line number="97" hits="1" branch="false"/>
                <line number="98" hits="1" branch="false"/>
                <line number="99" hits="1" branch="false"/>
                <line number="100" hits="1" branch="false"/>
                <line number="101" hits="1" branch="false"/>
                <line number="102" hits="1" branch="false"/>
                <line number="103" hits="1" branch="false"/>
                <line number="104" hits="1" branch="false"/>
                <line number="105" hits="1" branch="false"/>
                <line number="106" hits="1" branch="false"/>
                <line number="107" hits="1" branch="false"/>
                <line number="108" hits="1" branch="false"/>
                <line number="109" hits="1" branch="false"/>
                <line number="110" hits="1" branch="false"/>
                <line number="111" hits="1" branch="false"/>
                <line number="112" hits="1" branch="false"/>
                <line number="113" hits="1" branch="false"/>
                <line number="114" hits="1" branch="false"/>
                <line number="115" hits="1" branch="false"/>
                <line number="116" hits="1" branch="false"/>
                <line number="117" hits="12" branch="false"/>
                <line number="119" hits="12" branch="false"/>
                <line number="120" hits="1" branch="false"/>
                <line number="121" hits="12" branch="false"/>
                <line number="123" hits="12" branch="false"/>
                <line number="124" hits="7" branch="false"/>
                <line number="125" hits="7" branch="false"/>
                <line number="126" hits="7" branch="false"/>
                <line number="127" hits="12" branch="false"/>
                <line number="129" hits="12" branch="false"/>
                <line number="130" hits="12" branch="false"/>
                <line number="131" hits="3" branch="false"/>
                <line number="132" hits="3" branch="false"/>
                <line number="133" hits="3" branch="false"/>
                <line number="134" hits="3" branch="false"/>
                <line number="135" hits="3" branch="false"/>
                <line number="136" hits="3" branch="false"/>
                <line number="137" hits="12" branch="false"/>
                <line number="138" hits="12" branch="false"/>
                <line number="139" hits="3" branch="false"/>
                <line number="140" hits="3" branch="false"/>
                <line number="141" hits="3" branch="false"/>
                <line number="142" hits="3" branch="false"/>
                <line number="143" hits="0" branch="false"/>
                <line number="144" hits="3" branch="false"/>
                <line number="145" hits="3" branch="false"/>
                <line number="146" hits="12" branch="false"/>
                <line number="147" hits="12" branch="false"/>
                <line number="148" hits="12" branch="false"/>
                <line number="149" hits="12" branch="false"/>
              </lines>
            </method>
            <method name="report_render_and_compress" signature="" line-rate="0.419354838709677" branch-rate="0" complexity="0">
              <lines>
                <line number="166" hits="8" branch="false"/>
                <line number="167" hits="8" branch="false"/>
                <line number="168" hits="7" branch="false"/>
                <line number="171" hits="5" branch="false"/>
                <line number="172" hits="5" branch="false"/>
                <line number="174" hits="0" branch="false"/>
                <line number="175" hits="0" branch="false"/>
                <line number="176" hits="0" branch="false"/>
                <line number="177" hits="0" branch="false"/>
                <line number="178" hits="0" branch="false"/>
                <line number="179" hits="0" branch="false"/>
                <line number="182" hits="5" branch="false"/>
                <line number="183" hits="5" branch="false"/>
                <line number="185" hits="5" branch="false"/>
                <line number="186" hits="5" branch="false"/>
                <line number="187" hits="5" branch="false"/>
                <line number="188" hits="0" branch="false"/>
                <line number="189" hits="0" branch="false"/>
                <line number="190" hits="0" branch="false"/>
                <line number="191" hits="0" branch="false"/>
                <line number="192" hits="0" branch="false"/>
                <line number="193" hits="0" branch="false"/>
                <line number="194" hits="5" branch="false"/>
                <line number="195" hits="5" branch="false"/>
                <line number="196" hits="0" branch="false"/>
                <line number="197" hits="0" branch="false"/>
                <line number="198" hits="0" branch="false"/>
                <line number="199" hits="0" branch="false"/>
                <line number="200" hits="0" branch="false"/>
                <line number="201" hits="0" branch="false"/>
                <line number="202" hits="5" branch="false"/>
                <line number="203" hits="5" branch="false"/>
                <line number="205" hits="5" branch="false"/>
                <line number="207" hits="5" branch="false"/>
                <line number="208" hits="5" branch="false"/>
                <line number="209" hits="5" branch="false"/>
                <line number="210" hits="0" branch="false"/>
                <line number="211" hits="0" branch="false"/>
                <line number="212" hits="0" branch="false"/>
                <line number="213" hits="0" branch="false"/>
                <line number="214" hits="0" branch="false"/>
                <line number="215" hits="0" branch="false"/>
                <line number="216" hits="5" branch="false"/>
                <line number="217" hits="5" branch="false"/>
                <line number="218" hits="0" branch="false"/>
                <line number="219" hits="0" branch="false"/>
                <line number="220" hits="0" branch="false"/>
                <line number="221" hits="0" branch="false"/>
                <line number="222" hits="0" branch="false"/>
                <line number="223" hits="0" branch="false"/>
                <line number="224" hits="5" branch="false"/>
                <line number="225" hits="5" branch="false"/>
                <line number="227" hits="5" branch="false"/>
                <line number="228" hits="5" branch="false"/>
                <line number="229" hits="5" branch="false"/>
                <line number="230" hits="5" branch="false"/>
                <line number="231" hits="0" branch="false"/>
                <line number="232" hits="0" branch="false"/>
                <line number="233" hits="0" branch="false"/>
                <line number="234" hits="0" branch="false"/>
                <line number="235" hits="0" branch="false"/>
                <line number="236" hits="0" branch="false"/>
                <line number="237" hits="5" branch="false"/>
                <line number="238" hits="5" branch="false"/>
                <line number="239" hits="0" branch="false"/>
                <line number="240" hits="0" branch="false"/>
                <line number="241" hits="0" branch="false"/>
                <line number="242" hits="0" branch="false"/>
                <line number="243" hits="0" branch="false"/>
                <line number="244" hits="0" branch="false"/>
                <line number="245" hits="5" branch="false"/>
                <line number="246" hits="5" branch="false"/>
                <line number="248" hits="5" branch="false"/>
                <line number="249" hits="5" branch="false"/>
                <line number="250" hits="5" branch="false"/>
                <line number="251" hits="0" branch="false"/>
                <line number="252" hits="0" branch="false"/>
                <line number="253" hits="0" branch="false"/>
                <line number="254" hits="0" branch="false"/>
                <line number="255" hits="0" branch="false"/>
                <line number="256" hits="0" branch="false"/>
                <line number="257" hits="5" branch="false"/>
                <line number="258" hits="5" branch="false"/>
                <line number="259" hits="0" branch="false"/>
                <line number="260" hits="0" branch="false"/>
                <line number="261" hits="0" branch="false"/>
                <line number="262" hits="0" branch="false"/>
                <line number="263" hits="0" branch="false"/>
                <line number="264" hits="0" branch="false"/>
                <line number="265" hits="5" branch="false"/>
                <line number="266" hits="5" branch="false"/>
                <line number="268" hits="5" branch="false"/>
                <line number="269" hits="5" branch="false"/>
              </lines>
            </method>
            <method name="reporter_download_inputs" signature="" line-rate="0.8" branch-rate="0" complexity="0">
              <lines>
                <line number="285" hits="1" branch="false"/>
                <line number="286" hits="1" branch="false"/>
                <line number="287" hits="1" branch="false"/>
                <line number="288" hits="1" branch="false"/>
                <line number="289" hits="1" branch="false"/>
                <line number="290" hits="1" branch="false"/>
                <line number="291" hits="1" branch="false"/>
                <line number="292" hits="1" branch="false"/>
                <line number="293" hits="1" branch="false"/>
                <line number="294" hits="1" branch="false"/>
                <line number="295" hits="1" branch="false"/>
                <line number="296" hits="1" branch="false"/>
                <line number="297" hits="1" branch="false"/>
                <line number="298" hits="1" branch="false"/>
                <line number="299" hits="1" branch="false"/>
                <line number="300" hits="1" branch="false"/>
                <line number="301" hits="1" branch="false"/>
                <line number="302" hits="1" branch="false"/>
                <line number="303" hits="0" branch="false"/>
                <line number="304" hits="0" branch="false"/>
                <line number="305" hits="0" branch="false"/>
                <line number="306" hits="0" branch="false"/>
                <line number="307" hits="0" branch="false"/>
                <line number="308" hits="1" branch="false"/>
                <line number="309" hits="1" branch="false"/>
              </lines>
            </method>
            <method name="any_rcode_block" signature="" line-rate="1" branch-rate="0" complexity="0">
              <lines>
                <line number="315" hits="3" branch="false"/>
                <line number="316" hits="3" branch="false"/>
                <line number="317" hits="3" branch="false"/>
                <line number="318" hits="3" branch="false"/>
                <line number="319" hits="3" branch="false"/>
                <line number="320" hits="3" branch="false"/>
                <line number="321" hits="3" branch="false"/>
              </lines>
            </method>
          </methods>
          <lines>
            <line number="26" hits="3" branch="false"/>
            <line number="27" hits="3" branch="false"/>
            <line number="28" hits="3" branch="false"/>
            <line number="29" hits="3" branch="false"/>
            <line number="30" hits="3" branch="false"/>
            <line number="31" hits="3" branch="false"/>
            <line number="41" hits="15" branch="false"/>
            <line number="42" hits="15" branch="false"/>
            <line number="43" hits="15" branch="false"/>
            <line number="44" hits="15" branch="false"/>
            <line number="45" hits="15" branch="false"/>
            <line number="46" hits="15" branch="false"/>
            <line number="47" hits="15" branch="false"/>
            <line number="48" hits="15" branch="false"/>
            <line number="49" hits="15" branch="false"/>
            <line number="50" hits="15" branch="false"/>
            <line number="51" hits="15" branch="false"/>
            <line number="52" hits="15" branch="false"/>
            <line number="53" hits="15" branch="false"/>
            <line number="54" hits="15" branch="false"/>
            <line number="55" hits="15" branch="false"/>
            <line number="56" hits="15" branch="false"/>
            <line number="57" hits="13" branch="false"/>
            <line number="59" hits="12" branch="false"/>
            <line number="60" hits="12" branch="false"/>
            <line number="62" hits="12" branch="false"/>
            <line number="64" hits="12" branch="false"/>
            <line number="65" hits="1" branch="false"/>
            <line number="66" hits="1" branch="false"/>
            <line number="67" hits="1" branch="false"/>
            <line number="68" hits="1" branch="false"/>
            <line number="69" hits="1" branch="false"/>
            <line number="70" hits="1" branch="false"/>
            <line number="71" hits="1" branch="false"/>
            <line number="72" hits="1" branch="false"/>
            <line number="73" hits="1" branch="false"/>
            <line number="74" hits="1" branch="false"/>
            <line number="75" hits="1" branch="false"/>
            <line number="76" hits="1" branch="false"/>
            <line number="77" hits="1" branch="false"/>
            <line number="78" hits="1" branch="false"/>
            <line number="79" hits="1" branch="false"/>
            <line number="80" hits="1" branch="false"/>
            <line number="81" hits="1" branch="false"/>
            <line number="82" hits="1" branch="false"/>
            <line number="83" hits="0" branch="false"/>
            <line number="84" hits="0" branch="false"/>
            <line number="85" hits="0" branch="false"/>
            <line number="86" hits="0" branch="false"/>
            <line number="87" hits="0" branch="false"/>
            <line number="88" hits="0" branch="false"/>
            <line number="89" hits="0" branch="false"/>
            <line number="90" hits="1" branch="false"/>
            <line number="91" hits="1" branch="false"/>
            <line number="92" hits="1" branch="false"/>
            <line number="93" hits="1" branch="false"/>
            <line number="94" hits="1" branch="false"/>
            <line number="95" hits="1" branch="false"/>
            <line number="96" hits="1" branch="false"/>
            <line number="97" hits="1" branch="false"/>
            <line number="98" hits="1" branch="false"/>
            <line number="99" hits="1" branch="false"/>
            <line number="100" hits="1" branch="false"/>
            <line number="101" hits="1" branch="false"/>
            <line number="102" hits="1" branch="false"/>
            <line number="103" hits="1" branch="false"/>
            <line number="104" hits="1" branch="false"/>
            <line number="105" hits="1" branch="false"/>
            <line number="106" hits="1" branch="false"/>
            <line number="107" hits="1" branch="false"/>
            <line number="108" hits="1" branch="false"/>
            <line number="109" hits="1" branch="false"/>
            <line number="110" hits="1" branch="false"/>
            <line number="111" hits="1" branch="false"/>
            <line number="112" hits="1" branch="false"/>
            <line number="113" hits="1" branch="false"/>
            <line number="114" hits="1" branch="false"/>
            <line number="115" hits="1" branch="false"/>
            <line number="116" hits="1" branch="false"/>
            <line number="117" hits="12" branch="false"/>
            <line number="119" hits="12" branch="false"/>
            <line number="120" hits="1" branch="false"/>
            <line number="121" hits="12" branch="false"/>
            <line number="123" hits="12" branch="false"/>
            <line number="124" hits="7" branch="false"/>
            <line number="125" hits="7" branch="false"/>
            <line number="126" hits="7" branch="false"/>
            <line number="127" hits="12" branch="false"/>
            <line number="129" hits="12" branch="false"/>
            <line number="130" hits="12" branch="false"/>
            <line number="131" hits="3" branch="false"/>
            <line number="132" hits="3" branch="false"/>
            <line number="133" hits="3" branch="false"/>
            <line number="134" hits="3" branch="false"/>
            <line number="135" hits="3" branch="false"/>
            <line number="136" hits="3" branch="false"/>
            <line number="137" hits="12" branch="false"/>
            <line number="138" hits="12" branch="false"/>
            <line number="139" hits="3" branch="false"/>
            <line number="140" hits="3" branch="false"/>
            <line number="141" hits="3" branch="false"/>
            <line number="142" hits="3" branch="false"/>
            <line number="143" hits="0" branch="false"/>
            <line number="144" hits="3" branch="false"/>
            <line number="145" hits="3" branch="false"/>
            <line number="146" hits="12" branch="false"/>
            <line number="147" hits="12" branch="false"/>
            <line number="148" hits="12" branch="false"/>
            <line number="149" hits="12" branch="false"/>
            <line number="166" hits="8" branch="false"/>
            <line number="167" hits="8" branch="false"/>
            <line number="168" hits="7" branch="false"/>
            <line number="171" hits="5" branch="false"/>
            <line number="172" hits="5" branch="false"/>
            <line number="174" hits="0" branch="false"/>
            <line number="175" hits="0" branch="false"/>
            <line number="176" hits="0" branch="false"/>
            <line number="177" hits="0" branch="false"/>
            <line number="178" hits="0" branch="false"/>
            <line number="179" hits="0" branch="false"/>
            <line number="182" hits="5" branch="false"/>
            <line number="183" hits="5" branch="false"/>
            <line number="185" hits="5" branch="false"/>
            <line number="186" hits="5" branch="false"/>
            <line number="187" hits="5" branch="false"/>
            <line number="188" hits="0" branch="false"/>
            <line number="189" hits="0" branch="false"/>
            <line number="190" hits="0" branch="false"/>
            <line number="191" hits="0" branch="false"/>
            <line number="192" hits="0" branch="false"/>
            <line number="193" hits="0" branch="false"/>
            <line number="194" hits="5" branch="false"/>
            <line number="195" hits="5" branch="false"/>
            <line number="196" hits="0" branch="false"/>
            <line number="197" hits="0" branch="false"/>
            <line number="198" hits="0" branch="false"/>
            <line number="199" hits="0" branch="false"/>
            <line number="200" hits="0" branch="false"/>
            <line number="201" hits="0" branch="false"/>
            <line number="202" hits="5" branch="false"/>
            <line number="203" hits="5" branch="false"/>
            <line number="205" hits="5" branch="false"/>
            <line number="207" hits="5" branch="false"/>
            <line number="208" hits="5" branch="false"/>
            <line number="209" hits="5" branch="false"/>
            <line number="210" hits="0" branch="false"/>
            <line number="211" hits="0" branch="false"/>
            <line number="212" hits="0" branch="false"/>
            <line number="213" hits="0" branch="false"/>
            <line number="214" hits="0" branch="false"/>
            <line number="215" hits="0" branch="false"/>
            <line number="216" hits="5" branch="false"/>
            <line number="217" hits="5" branch="false"/>
            <line number="218" hits="0" branch="false"/>
            <line number="219" hits="0" branch="false"/>
            <line number="220" hits="0" branch="false"/>
            <line number="221" hits="0" branch="false"/>
            <line number="222" hits="0" branch="false"/>
            <line number="223" hits="0" branch="false"/>
            <line number="224" hits="5" branch="false"/>
            <line number="225" hits="5" branch="false"/>
            <line number="227" hits="5" branch="false"/>
            <line number="228" hits="5" branch="false"/>
            <line number="229" hits="5" branch="false"/>
            <line number="230" hits="5" branch="false"/>
            <line number="231" hits="0" branch="false"/>
            <line number="232" hits="0" branch="false"/>
            <line number="233" hits="0" branch="false"/>
            <line number="234" hits="0" branch="false"/>
            <line number="235" hits="0" branch="false"/>
            <line number="236" hits="0" branch="false"/>
            <line number="237" hits="5" branch="false"/>
            <line number="238" hits="5" branch="false"/>
            <line number="239" hits="0" branch="false"/>
            <line number="240" hits="0" branch="false"/>
            <line number="241" hits="0" branch="false"/>
            <line number="242" hits="0" branch="false"/>
            <line number="243" hits="0" branch="false"/>
            <line number="244" hits="0" branch="false"/>
            <line number="245" hits="5" branch="false"/>
            <line number="246" hits="5" branch="false"/>
            <line number="248" hits="5" branch="false"/>
            <line number="249" hits="5" branch="false"/>
            <line number="250" hits="5" branch="false"/>
            <line number="251" hits="0" branch="false"/>
            <line number="252" hits="0" branch="false"/>
            <line number="253" hits="0" branch="false"/>
            <line number="254" hits="0" branch="false"/>
            <line number="255" hits="0" branch="false"/>
            <line number="256" hits="0" branch="false"/>
            <line number="257" hits="5" branch="false"/>
            <line number="258" hits="5" branch="false"/>
            <line number="259" hits="0" branch="false"/>
            <line number="260" hits="0" branch="false"/>
            <line number="261" hits="0" branch="false"/>
            <line number="262" hits="0" branch="false"/>
            <line number="263" hits="0" branch="false"/>
            <line number="264" hits="0" branch="false"/>
            <line number="265" hits="5" branch="false"/>
            <line number="266" hits="5" branch="false"/>
            <line number="268" hits="5" branch="false"/>
            <line number="269" hits="5" branch="false"/>
            <line number="285" hits="1" branch="false"/>
            <line number="286" hits="1" branch="false"/>
            <line number="287" hits="1" branch="false"/>
            <line number="288" hits="1" branch="false"/>
            <line number="289" hits="1" branch="false"/>
            <line number="290" hits="1" branch="false"/>
            <line number="291" hits="1" branch="false"/>
            <line number="292" hits="1" branch="false"/>
            <line number="293" hits="1" branch="false"/>
            <line number="294" hits="1" branch="false"/>
            <line number="295" hits="1" branch="false"/>
            <line number="296" hits="1" branch="false"/>
            <line number="297" hits="1" branch="false"/>
            <line number="298" hits="1" branch="false"/>
            <line number="299" hits="1" branch="false"/>
            <line number="300" hits="1" branch="false"/>
            <line number="301" hits="1" branch="false"/>
            <line number="302" hits="1" branch="false"/>
            <line number="303" hits="0" branch="false"/>
            <line number="304" hits="0" branch="false"/>
            <line number="305" hits="0" branch="false"/>
            <line number="306" hits="0" branch="false"/>
            <line number="307" hits="0" branch="false"/>
            <line number="308" hits="1" branch="false"/>
            <line number="309" hits="1" branch="false"/>
            <line number="315" hits="3" branch="false"/>
            <line number="316" hits="3" branch="false"/>
            <line number="317" hits="3" branch="false"/>
            <line number="318" hits="3" branch="false"/>
            <line number="319" hits="3" branch="false"/>
            <line number="320" hits="3" branch="false"/>
            <line number="321" hits="3" branch="false"/>
          </lines>
        </class>
        <class name="FileBlock.R" filename="R/FileBlock.R" line-rate="1" branch-rate="0" complexity="0">
          <methods>
            <method name="from_list" signature="" line-rate="0.878378378378378" branch-rate="0" complexity="0">
              <lines>
                <line number="43" hits="0" branch="false"/>
                <line number="27" hits="11" branch="false"/>
                <line number="28" hits="11" branch="false"/>
                <line number="29" hits="11" branch="false"/>
                <line number="30" hits="11" branch="false"/>
                <line number="31" hits="11" branch="false"/>
                <line number="32" hits="11" branch="false"/>
                <line number="33" hits="11" branch="false"/>
                <line number="34" hits="11" branch="false"/>
                <line number="35" hits="11" branch="false"/>
                <line number="39" hits="2" branch="false"/>
                <line number="40" hits="2" branch="false"/>
                <line number="41" hits="2" branch="false"/>
                <line number="42" hits="2" branch="false"/>
                <line number="96" hits="3" branch="false"/>
                <line number="97" hits="3" branch="false"/>
                <line number="98" hits="3" branch="false"/>
                <line number="99" hits="3" branch="false"/>
                <line number="100" hits="3" branch="false"/>
                <line number="233" hits="6" branch="false"/>
                <line number="234" hits="6" branch="false"/>
                <line number="235" hits="6" branch="false"/>
                <line number="236" hits="6" branch="false"/>
                <line number="237" hits="6" branch="false"/>
                <line number="238" hits="6" branch="false"/>
                <line number="239" hits="6" branch="false"/>
                <line number="240" hits="6" branch="false"/>
                <line number="241" hits="22" branch="false"/>
                <line number="242" hits="22" branch="false"/>
                <line number="243" hits="22" branch="false"/>
                <line number="244" hits="22" branch="false"/>
                <line number="245" hits="22" branch="false"/>
                <line number="246" hits="8" branch="false"/>
                <line number="247" hits="22" branch="false"/>
                <line number="248" hits="14" branch="false"/>
                <line number="249" hits="22" branch="false"/>
                <line number="250" hits="0" branch="false"/>
                <line number="251" hits="22" branch="false"/>
                <line number="252" hits="22" branch="false"/>
                <line number="254" hits="6" branch="false"/>
                <line number="255" hits="0" branch="false"/>
                <line number="257" hits="6" branch="false"/>
                <line number="258" hits="6" branch="false"/>
                <line number="245" hits="6" branch="false"/>
                <line number="246" hits="6" branch="false"/>
                <line number="247" hits="6" branch="false"/>
                <line number="248" hits="6" branch="false"/>
                <line number="249" hits="6" branch="false"/>
                <line number="250" hits="5" branch="false"/>
                <line number="251" hits="5" branch="false"/>
                <line number="252" hits="5" branch="false"/>
                <line number="253" hits="5" branch="false"/>
                <line number="254" hits="5" branch="false"/>
                <line number="255" hits="5" branch="false"/>
                <line number="256" hits="5" branch="false"/>
                <line number="257" hits="5" branch="false"/>
                <line number="258" hits="5" branch="false"/>
                <line number="259" hits="5" branch="false"/>
                <line number="262" hits="0" branch="false"/>
                <line number="263" hits="0" branch="false"/>
                <line number="264" hits="0" branch="false"/>
                <line number="265" hits="0" branch="false"/>
                <line number="266" hits="0" branch="false"/>
                <line number="267" hits="0" branch="false"/>
                <line number="269" hits="5" branch="false"/>
                <line number="270" hits="5" branch="false"/>
                <line number="271" hits="5" branch="false"/>
                <line number="272" hits="5" branch="false"/>
                <line number="273" hits="5" branch="false"/>
                <line number="94" hits="14" branch="false"/>
                <line number="95" hits="14" branch="false"/>
                <line number="96" hits="14" branch="false"/>
                <line number="97" hits="14" branch="false"/>
                <line number="98" hits="14" branch="false"/>
              </lines>
            </method>
            <method name="to_list" signature="" line-rate="0.96969696969697" branch-rate="0" complexity="0">
              <lines>
                <line number="49" hits="0" branch="false"/>
                <line number="48" hits="21" branch="false"/>
                <line number="49" hits="21" branch="false"/>
                <line number="50" hits="21" branch="false"/>
                <line number="54" hits="2" branch="false"/>
                <line number="111" hits="3" branch="false"/>
                <line number="198" hits="11" branch="false"/>
                <line number="199" hits="11" branch="false"/>
                <line number="200" hits="37" branch="false"/>
                <line number="201" hits="37" branch="false"/>
                <line number="202" hits="37" branch="false"/>
                <line number="203" hits="13" branch="false"/>
                <line number="204" hits="37" branch="false"/>
                <line number="205" hits="24" branch="false"/>
                <line number="206" hits="37" branch="false"/>
                <line number="207" hits="37" branch="false"/>
                <line number="208" hits="37" branch="false"/>
                <line number="209" hits="37" branch="false"/>
                <line number="211" hits="11" branch="false"/>
                <line number="212" hits="11" branch="false"/>
                <line number="213" hits="11" branch="false"/>
                <line number="214" hits="11" branch="false"/>
                <line number="215" hits="11" branch="false"/>
                <line number="221" hits="14" branch="false"/>
                <line number="222" hits="12" branch="false"/>
                <line number="223" hits="12" branch="false"/>
                <line number="224" hits="12" branch="false"/>
                <line number="226" hits="10" branch="false"/>
                <line number="227" hits="10" branch="false"/>
                <line number="228" hits="10" branch="false"/>
                <line number="229" hits="10" branch="false"/>
                <line number="231" hits="12" branch="false"/>
                <line number="109" hits="24" branch="false"/>
              </lines>
            </method>
            <method name="finalize" signature="" line-rate="1" branch-rate="0" complexity="0">
              <lines>
                <line number="60" hits="87" branch="false"/>
                <line number="284" hits="10" branch="false"/>
              </lines>
            </method>
          </methods>
          <lines>
            <line number="27" hits="11" branch="false"/>
            <line number="28" hits="11" branch="false"/>
            <line number="29" hits="11" branch="false"/>
            <line number="30" hits="11" branch="false"/>
            <line number="31" hits="11" branch="false"/>
            <line number="32" hits="11" branch="false"/>
            <line number="33" hits="11" branch="false"/>
            <line number="34" hits="11" branch="false"/>
            <line number="35" hits="11" branch="false"/>
            <line number="48" hits="21" branch="false"/>
            <line number="49" hits="21" branch="false"/>
            <line number="50" hits="21" branch="false"/>
            <line number="60" hits="87" branch="false"/>
          </lines>
        </class>
        <class name="HTMLBlock.R" filename="R/HTMLBlock.R" line-rate="1" branch-rate="0" complexity="0">
          <methods>
            <method name="initialize" signature="" line-rate="0.966666666666667" branch-rate="0" complexity="0">
              <lines>
                <line number="20" hits="12" branch="false"/>
                <line number="21" hits="7" branch="false"/>
                <line number="22" hits="6" branch="false"/>
                <line number="24" hits="11" branch="false"/>
                <line number="21" hits="10" branch="false"/>
                <line number="22" hits="10" branch="false"/>
                <line number="19" hits="52" branch="false"/>
                <line number="20" hits="0" branch="false"/>
                <line number="22" hits="52" branch="false"/>
                <line number="24" hits="75" branch="false"/>
                <line number="25" hits="75" branch="false"/>
                <line number="26" hits="75" branch="false"/>
                <line number="27" hits="75" branch="false"/>
                <line number="22" hits="10" branch="false"/>
                <line number="23" hits="10" branch="false"/>
                <line number="24" hits="10" branch="false"/>
                <line number="25" hits="10" branch="false"/>
                <line number="26" hits="10" branch="false"/>
                <line number="24" hits="66" branch="false"/>
                <line number="25" hits="66" branch="false"/>
                <line number="26" hits="66" branch="false"/>
                <line number="20" hits="38" branch="false"/>
                <line number="21" hits="38" branch="false"/>
                <line number="22" hits="38" branch="false"/>
                <line number="20" hits="26" branch="false"/>
                <line number="21" hits="4" branch="false"/>
                <line number="23" hits="26" branch="false"/>
                <line number="26" hits="120" branch="false"/>
                <line number="27" hits="120" branch="false"/>
                <line number="28" hits="120" branch="false"/>
              </lines>
            </method>
            <method name="from_list" signature="" line-rate="0.878378378378378" branch-rate="0" complexity="0">
              <lines>
                <line number="43" hits="0" branch="false"/>
                <line number="27" hits="11" branch="false"/>
                <line number="28" hits="11" branch="false"/>
                <line number="29" hits="11" branch="false"/>
                <line number="30" hits="11" branch="false"/>
                <line number="31" hits="11" branch="false"/>
                <line number="32" hits="11" branch="false"/>
                <line number="33" hits="11" branch="false"/>
                <line number="34" hits="11" branch="false"/>
                <line number="35" hits="11" branch="false"/>
                <line number="39" hits="2" branch="false"/>
                <line number="40" hits="2" branch="false"/>
                <line number="41" hits="2" branch="false"/>
                <line number="42" hits="2" branch="false"/>
                <line number="96" hits="3" branch="false"/>
                <line number="97" hits="3" branch="false"/>
                <line number="98" hits="3" branch="false"/>
                <line number="99" hits="3" branch="false"/>
                <line number="100" hits="3" branch="false"/>
                <line number="233" hits="6" branch="false"/>
                <line number="234" hits="6" branch="false"/>
                <line number="235" hits="6" branch="false"/>
                <line number="236" hits="6" branch="false"/>
                <line number="237" hits="6" branch="false"/>
                <line number="238" hits="6" branch="false"/>
                <line number="239" hits="6" branch="false"/>
                <line number="240" hits="6" branch="false"/>
                <line number="241" hits="22" branch="false"/>
                <line number="242" hits="22" branch="false"/>
                <line number="243" hits="22" branch="false"/>
                <line number="244" hits="22" branch="false"/>
                <line number="245" hits="22" branch="false"/>
                <line number="246" hits="8" branch="false"/>
                <line number="247" hits="22" branch="false"/>
                <line number="248" hits="14" branch="false"/>
                <line number="249" hits="22" branch="false"/>
                <line number="250" hits="0" branch="false"/>
                <line number="251" hits="22" branch="false"/>
                <line number="252" hits="22" branch="false"/>
                <line number="254" hits="6" branch="false"/>
                <line number="255" hits="0" branch="false"/>
                <line number="257" hits="6" branch="false"/>
                <line number="258" hits="6" branch="false"/>
                <line number="245" hits="6" branch="false"/>
                <line number="246" hits="6" branch="false"/>
                <line number="247" hits="6" branch="false"/>
                <line number="248" hits="6" branch="false"/>
                <line number="249" hits="6" branch="false"/>
                <line number="250" hits="5" branch="false"/>
                <line number="251" hits="5" branch="false"/>
                <line number="252" hits="5" branch="false"/>
                <line number="253" hits="5" branch="false"/>
                <line number="254" hits="5" branch="false"/>
                <line number="255" hits="5" branch="false"/>
                <line number="256" hits="5" branch="false"/>
                <line number="257" hits="5" branch="false"/>
                <line number="258" hits="5" branch="false"/>
                <line number="259" hits="5" branch="false"/>
                <line number="262" hits="0" branch="false"/>
                <line number="263" hits="0" branch="false"/>
                <line number="264" hits="0" branch="false"/>
                <line number="265" hits="0" branch="false"/>
                <line number="266" hits="0" branch="false"/>
                <line number="267" hits="0" branch="false"/>
                <line number="269" hits="5" branch="false"/>
                <line number="270" hits="5" branch="false"/>
                <line number="271" hits="5" branch="false"/>
                <line number="272" hits="5" branch="false"/>
                <line number="273" hits="5" branch="false"/>
                <line number="94" hits="14" branch="false"/>
                <line number="95" hits="14" branch="false"/>
                <line number="96" hits="14" branch="false"/>
                <line number="97" hits="14" branch="false"/>
                <line number="98" hits="14" branch="false"/>
              </lines>
            </method>
            <method name="to_list" signature="" line-rate="0.96969696969697" branch-rate="0" complexity="0">
              <lines>
                <line number="49" hits="0" branch="false"/>
                <line number="48" hits="21" branch="false"/>
                <line number="49" hits="21" branch="false"/>
                <line number="50" hits="21" branch="false"/>
                <line number="54" hits="2" branch="false"/>
                <line number="111" hits="3" branch="false"/>
                <line number="198" hits="11" branch="false"/>
                <line number="199" hits="11" branch="false"/>
                <line number="200" hits="37" branch="false"/>
                <line number="201" hits="37" branch="false"/>
                <line number="202" hits="37" branch="false"/>
                <line number="203" hits="13" branch="false"/>
                <line number="204" hits="37" branch="false"/>
                <line number="205" hits="24" branch="false"/>
                <line number="206" hits="37" branch="false"/>
                <line number="207" hits="37" branch="false"/>
                <line number="208" hits="37" branch="false"/>
                <line number="209" hits="37" branch="false"/>
                <line number="211" hits="11" branch="false"/>
                <line number="212" hits="11" branch="false"/>
                <line number="213" hits="11" branch="false"/>
                <line number="214" hits="11" branch="false"/>
                <line number="215" hits="11" branch="false"/>
                <line number="221" hits="14" branch="false"/>
                <line number="222" hits="12" branch="false"/>
                <line number="223" hits="12" branch="false"/>
                <line number="224" hits="12" branch="false"/>
                <line number="226" hits="10" branch="false"/>
                <line number="227" hits="10" branch="false"/>
                <line number="228" hits="10" branch="false"/>
                <line number="229" hits="10" branch="false"/>
                <line number="231" hits="12" branch="false"/>
                <line number="109" hits="24" branch="false"/>
              </lines>
            </method>
          </methods>
          <lines>
            <line number="20" hits="12" branch="false"/>
            <line number="21" hits="7" branch="false"/>
            <line number="22" hits="6" branch="false"/>
            <line number="24" hits="11" branch="false"/>
            <line number="39" hits="2" branch="false"/>
            <line number="40" hits="2" branch="false"/>
            <line number="41" hits="2" branch="false"/>
            <line number="42" hits="2" branch="false"/>
            <line number="54" hits="2" branch="false"/>
          </lines>
        </class>
        <class name="LoadReporterModule.R" filename="R/LoadReporterModule.R" line-rate="0.766355140186916" branch-rate="0" complexity="0">
          <methods>
            <method name="report_load_ui" signature="" line-rate="1" branch-rate="0" complexity="0">
              <lines>
                <line number="20" hits="3" branch="false"/>
                <line number="21" hits="3" branch="false"/>
                <line number="22" hits="3" branch="false"/>
                <line number="23" hits="3" branch="false"/>
                <line number="24" hits="3" branch="false"/>
                <line number="25" hits="3" branch="false"/>
              </lines>
            </method>
            <method name="report_load_srv" signature="" line-rate="1" branch-rate="0" complexity="0">
              <lines>
                <line number="33" hits="9" branch="false"/>
                <line number="35" hits="9" branch="false"/>
                <line number="36" hits="9" branch="false"/>
                <line number="37" hits="9" branch="false"/>
                <line number="38" hits="9" branch="false"/>
                <line number="39" hits="9" branch="false"/>
                <line number="41" hits="9" branch="false"/>
                <line number="42" hits="2" branch="false"/>
                <line number="43" hits="2" branch="false"/>
                <line number="44" hits="2" branch="false"/>
                <line number="45" hits="2" branch="false"/>
                <line number="46" hits="2" branch="false"/>
                <line number="47" hits="2" branch="false"/>
                <line number="48" hits="2" branch="false"/>
                <line number="49" hits="2" branch="false"/>
                <line number="50" hits="2" branch="false"/>
                <line number="51" hits="2" branch="false"/>
                <line number="52" hits="2" branch="false"/>
                <line number="53" hits="2" branch="false"/>
                <line number="54" hits="2" branch="false"/>
                <line number="55" hits="2" branch="false"/>
                <line number="56" hits="2" branch="false"/>
                <line number="57" hits="2" branch="false"/>
                <line number="58" hits="2" branch="false"/>
                <line number="59" hits="2" branch="false"/>
                <line number="60" hits="2" branch="false"/>
                <line number="61" hits="2" branch="false"/>
                <line number="62" hits="2" branch="false"/>
                <line number="63" hits="2" branch="false"/>
                <line number="64" hits="2" branch="false"/>
                <line number="65" hits="2" branch="false"/>
                <line number="66" hits="2" branch="false"/>
                <line number="67" hits="2" branch="false"/>
                <line number="68" hits="2" branch="false"/>
                <line number="69" hits="2" branch="false"/>
                <line number="70" hits="2" branch="false"/>
                <line number="71" hits="2" branch="false"/>
                <line number="72" hits="2" branch="false"/>
                <line number="73" hits="2" branch="false"/>
                <line number="74" hits="9" branch="false"/>
                <line number="76" hits="9" branch="false"/>
                <line number="77" hits="2" branch="false"/>
                <line number="78" hits="9" branch="false"/>
                <line number="80" hits="9" branch="false"/>
                <line number="81" hits="2" branch="false"/>
                <line number="82" hits="9" branch="false"/>
                <line number="84" hits="9" branch="false"/>
                <line number="85" hits="2" branch="false"/>
                <line number="86" hits="2" branch="false"/>
                <line number="87" hits="9" branch="false"/>
                <line number="88" hits="9" branch="false"/>
                <line number="89" hits="9" branch="false"/>
              </lines>
            </method>
            <method name="load_json_report" signature="" line-rate="0.489795918367347" branch-rate="0" complexity="0">
              <lines>
                <line number="94" hits="2" branch="false"/>
                <line number="95" hits="2" branch="false"/>
                <line number="96" hits="2" branch="false"/>
                <line number="97" hits="2" branch="false"/>
                <line number="98" hits="2" branch="false"/>
                <line number="99" hits="2" branch="false"/>
                <line number="100" hits="2" branch="false"/>
                <line number="101" hits="0" branch="false"/>
                <line number="102" hits="0" branch="false"/>
                <line number="103" hits="0" branch="false"/>
                <line number="104" hits="0" branch="false"/>
                <line number="105" hits="0" branch="false"/>
                <line number="106" hits="0" branch="false"/>
                <line number="107" hits="2" branch="false"/>
                <line number="108" hits="2" branch="false"/>
                <line number="109" hits="0" branch="false"/>
                <line number="110" hits="0" branch="false"/>
                <line number="111" hits="0" branch="false"/>
                <line number="112" hits="0" branch="false"/>
                <line number="113" hits="0" branch="false"/>
                <line number="114" hits="0" branch="false"/>
                <line number="115" hits="2" branch="false"/>
                <line number="116" hits="2" branch="false"/>
                <line number="117" hits="2" branch="false"/>
                <line number="118" hits="2" branch="false"/>
                <line number="119" hits="2" branch="false"/>
                <line number="120" hits="0" branch="false"/>
                <line number="121" hits="0" branch="false"/>
                <line number="122" hits="0" branch="false"/>
                <line number="123" hits="0" branch="false"/>
                <line number="124" hits="0" branch="false"/>
                <line number="125" hits="0" branch="false"/>
                <line number="126" hits="2" branch="false"/>
                <line number="127" hits="2" branch="false"/>
                <line number="128" hits="1" branch="false"/>
[...]
            <line number="43" hits="0" branch="false"/>
            <line number="44" hits="0" branch="false"/>
            <line number="45" hits="0" branch="false"/>
            <line number="46" hits="0" branch="false"/>
            <line number="47" hits="0" branch="false"/>
            <line number="48" hits="0" branch="false"/>
            <line number="49" hits="0" branch="false"/>
            <line number="50" hits="0" branch="false"/>
            <line number="51" hits="0" branch="false"/>
            <line number="52" hits="0" branch="false"/>
            <line number="54" hits="0" branch="false"/>
            <line number="55" hits="1" branch="false"/>
            <line number="72" hits="16" branch="false"/>
            <line number="73" hits="3" branch="false"/>
            <line number="74" hits="13" branch="false"/>
            <line number="75" hits="1" branch="false"/>
            <line number="76" hits="1" branch="false"/>
            <line number="77" hits="1" branch="false"/>
            <line number="78" hits="1" branch="false"/>
            <line number="80" hits="1" branch="false"/>
            <line number="81" hits="1" branch="false"/>
            <line number="82" hits="0" branch="false"/>
            <line number="84" hits="1" branch="false"/>
            <line number="85" hits="1" branch="false"/>
            <line number="86" hits="1" branch="false"/>
            <line number="87" hits="1" branch="false"/>
            <line number="88" hits="1" branch="false"/>
            <line number="89" hits="12" branch="false"/>
            <line number="90" hits="11" branch="false"/>
            <line number="91" hits="11" branch="false"/>
            <line number="92" hits="11" branch="false"/>
            <line number="94" hits="1" branch="false"/>
            <line number="97" hits="15" branch="false"/>
            <line number="106" hits="0" branch="false"/>
            <line number="107" hits="0" branch="false"/>
            <line number="108" hits="0" branch="false"/>
            <line number="109" hits="0" branch="false"/>
            <line number="110" hits="0" branch="false"/>
            <line number="111" hits="0" branch="false"/>
            <line number="112" hits="0" branch="false"/>
            <line number="113" hits="0" branch="false"/>
            <line number="114" hits="0" branch="false"/>
            <line number="132" hits="2" branch="false"/>
            <line number="133" hits="2" branch="false"/>
            <line number="135" hits="2" branch="false"/>
            <line number="137" hits="2" branch="false"/>
            <line number="138" hits="1" branch="false"/>
            <line number="141" hits="1" branch="false"/>
            <line number="142" hits="1" branch="false"/>
            <line number="143" hits="1" branch="false"/>
            <line number="151" hits="0" branch="false"/>
            <line number="152" hits="0" branch="false"/>
            <line number="153" hits="0" branch="false"/>
            <line number="154" hits="0" branch="false"/>
            <line number="155" hits="0" branch="false"/>
            <line number="156" hits="0" branch="false"/>
            <line number="157" hits="0" branch="false"/>
            <line number="158" hits="0" branch="false"/>
            <line number="159" hits="0" branch="false"/>
            <line number="160" hits="0" branch="false"/>
            <line number="166" hits="10" branch="false"/>
            <line number="167" hits="10" branch="false"/>
            <line number="168" hits="10" branch="false"/>
            <line number="169" hits="10" branch="false"/>
            <line number="170" hits="10" branch="false"/>
            <line number="171" hits="10" branch="false"/>
            <line number="172" hits="10" branch="false"/>
            <line number="173" hits="10" branch="false"/>
            <line number="174" hits="10" branch="false"/>
            <line number="175" hits="10" branch="false"/>
            <line number="176" hits="10" branch="false"/>
            <line number="177" hits="10" branch="false"/>
            <line number="178" hits="10" branch="false"/>
            <line number="179" hits="10" branch="false"/>
            <line number="180" hits="10" branch="false"/>
            <line number="181" hits="10" branch="false"/>
            <line number="182" hits="10" branch="false"/>
            <line number="183" hits="10" branch="false"/>
            <line number="184" hits="10" branch="false"/>
            <line number="185" hits="10" branch="false"/>
            <line number="186" hits="10" branch="false"/>
            <line number="187" hits="10" branch="false"/>
            <line number="188" hits="10" branch="false"/>
            <line number="189" hits="10" branch="false"/>
            <line number="190" hits="10" branch="false"/>
            <line number="195" hits="28" branch="false"/>
            <line number="196" hits="28" branch="false"/>
            <line number="197" hits="28" branch="false"/>
            <line number="198" hits="28" branch="false"/>
            <line number="199" hits="28" branch="false"/>
            <line number="200" hits="28" branch="false"/>
            <line number="201" hits="28" branch="false"/>
          </lines>
        </class>
        <class name="yaml_utils.R" filename="R/yaml_utils.R" line-rate="0.975308641975309" branch-rate="0" complexity="0">
          <methods>
            <method name="yaml_quoted" signature="" line-rate="1" branch-rate="0" complexity="0">
              <lines>
                <line number="19" hits="2" branch="false"/>
                <line number="20" hits="2" branch="false"/>
              </lines>
            </method>
            <method name="md_header" signature="" line-rate="1" branch-rate="0" complexity="0">
              <lines>
                <line number="41" hits="14" branch="false"/>
              </lines>
            </method>
            <method name="conv_str_logi" signature="" line-rate="0.909090909090909" branch-rate="0" complexity="0">
              <lines>
                <line number="69" hits="18" branch="false"/>
                <line number="70" hits="17" branch="false"/>
                <line number="71" hits="17" branch="false"/>
                <line number="72" hits="17" branch="false"/>
                <line number="73" hits="17" branch="false"/>
                <line number="75" hits="17" branch="false"/>
                <line number="76" hits="17" branch="false"/>
                <line number="77" hits="15" branch="false"/>
                <line number="78" hits="0" branch="false"/>
                <line number="80" hits="15" branch="false"/>
                <line number="82" hits="2" branch="false"/>
              </lines>
            </method>
            <method name="rmd_outputs" signature="" line-rate="1" branch-rate="0" complexity="0">
              <lines>
                <line number="98" hits="17" branch="false"/>
                <line number="99" hits="17" branch="false"/>
              </lines>
            </method>
            <method name="rmd_output_arguments" signature="" line-rate="1" branch-rate="0" complexity="0">
              <lines>
                <line number="115" hits="16" branch="false"/>
                <line number="116" hits="16" branch="false"/>
                <line number="118" hits="15" branch="false"/>
                <line number="119" hits="15" branch="false"/>
                <line number="120" hits="13" branch="false"/>
                <line number="122" hits="2" branch="false"/>
              </lines>
            </method>
            <method name="as_yaml_auto" signature="" line-rate="1" branch-rate="0" complexity="0">
              <lines>
                <line number="197" hits="16" branch="false"/>
                <line number="198" hits="16" branch="false"/>
                <line number="199" hits="16" branch="false"/>
                <line number="200" hits="16" branch="false"/>
                <line number="202" hits="16" branch="false"/>
                <line number="203" hits="1" branch="false"/>
                <line number="205" hits="15" branch="false"/>
                <line number="208" hits="13" branch="false"/>
                <line number="209" hits="13" branch="false"/>
                <line number="210" hits="2" branch="false"/>
                <line number="212" hits="11" branch="false"/>
                <line number="213" hits="11" branch="false"/>
                <line number="216" hits="11" branch="false"/>
                <line number="217" hits="11" branch="false"/>
                <line number="218" hits="11" branch="false"/>
                <line number="219" hits="11" branch="false"/>
                <line number="220" hits="11" branch="false"/>
                <line number="221" hits="110" branch="false"/>
                <line number="222" hits="20" branch="false"/>
                <line number="223" hits="20" branch="false"/>
                <line number="224" hits="20" branch="false"/>
                <line number="225" hits="20" branch="false"/>
                <line number="230" hits="11" branch="false"/>
                <line number="231" hits="11" branch="false"/>
                <line number="232" hits="10" branch="false"/>
                <line number="233" hits="11" branch="false"/>
                <line number="234" hits="11" branch="false"/>
                <line number="235" hits="11" branch="false"/>
                <line number="237" hits="11" branch="false"/>
                <line number="238" hits="11" branch="false"/>
                <line number="239" hits="1" branch="false"/>
                <line number="242" hits="11" branch="false"/>
                <line number="243" hits="10" branch="false"/>
                <line number="244" hits="10" branch="false"/>
                <line number="245" hits="10" branch="false"/>
                <line number="246" hits="16" branch="false"/>
                <line number="247" hits="1" branch="false"/>
                <line number="248" hits="1" branch="false"/>
                <line number="249" hits="1" branch="false"/>
                <line number="250" hits="1" branch="false"/>
                <line number="251" hits="1" branch="false"/>
                <line number="252" hits="1" branch="false"/>
                <line number="253" hits="1" branch="false"/>
                <line number="254" hits="1" branch="false"/>
                <line number="258" hits="16" branch="false"/>
                <line number="260" hits="10" branch="false"/>
                <line number="262" hits="1" branch="false"/>
                <line number="268" hits="13" branch="false"/>
                <line number="269" hits="13" branch="false"/>
                <line number="270" hits="12" branch="false"/>
                <line number="272" hits="13" branch="false"/>
              </lines>
            </method>
            <method name="print.rmd_yaml_header" signature="" line-rate="0" branch-rate="0" complexity="0">
              <lines>
                <line number="287" hits="0" branch="false"/>
              </lines>
            </method>
            <method name="get_yaml_field" signature="" line-rate="1" branch-rate="0" complexity="0">
              <lines>
                <line number="303" hits="8" branch="false"/>
                <line number="304" hits="8" branch="false"/>
                <line number="306" hits="8" branch="false"/>
                <line number="308" hits="8" branch="false"/>
                <line number="309" hits="8" branch="false"/>
                <line number="310" hits="4" branch="false"/>
                <line number="312" hits="8" branch="false"/>
              </lines>
            </method>
          </methods>
          <lines>
            <line number="19" hits="2" branch="false"/>
            <line number="20" hits="2" branch="false"/>
            <line number="41" hits="14" branch="false"/>
            <line number="69" hits="18" branch="false"/>
            <line number="70" hits="17" branch="false"/>
            <line number="71" hits="17" branch="false"/>
            <line number="72" hits="17" branch="false"/>
            <line number="73" hits="17" branch="false"/>
            <line number="75" hits="17" branch="false"/>
            <line number="76" hits="17" branch="false"/>
            <line number="77" hits="15" branch="false"/>
            <line number="78" hits="0" branch="false"/>
            <line number="80" hits="15" branch="false"/>
            <line number="82" hits="2" branch="false"/>
            <line number="98" hits="17" branch="false"/>
            <line number="99" hits="17" branch="false"/>
            <line number="115" hits="16" branch="false"/>
            <line number="116" hits="16" branch="false"/>
            <line number="118" hits="15" branch="false"/>
            <line number="119" hits="15" branch="false"/>
            <line number="120" hits="13" branch="false"/>
            <line number="122" hits="2" branch="false"/>
            <line number="197" hits="16" branch="false"/>
            <line number="198" hits="16" branch="false"/>
            <line number="199" hits="16" branch="false"/>
            <line number="200" hits="16" branch="false"/>
            <line number="202" hits="16" branch="false"/>
            <line number="203" hits="1" branch="false"/>
            <line number="205" hits="15" branch="false"/>
            <line number="208" hits="13" branch="false"/>
            <line number="209" hits="13" branch="false"/>
            <line number="210" hits="2" branch="false"/>
            <line number="212" hits="11" branch="false"/>
            <line number="213" hits="11" branch="false"/>
            <line number="216" hits="11" branch="false"/>
            <line number="217" hits="11" branch="false"/>
            <line number="218" hits="11" branch="false"/>
            <line number="219" hits="11" branch="false"/>
            <line number="220" hits="11" branch="false"/>
            <line number="221" hits="110" branch="false"/>
            <line number="222" hits="20" branch="false"/>
            <line number="223" hits="20" branch="false"/>
            <line number="224" hits="20" branch="false"/>
            <line number="225" hits="20" branch="false"/>
            <line number="230" hits="11" branch="false"/>
            <line number="231" hits="11" branch="false"/>
            <line number="232" hits="10" branch="false"/>
            <line number="233" hits="11" branch="false"/>
            <line number="234" hits="11" branch="false"/>
            <line number="235" hits="11" branch="false"/>
            <line number="237" hits="11" branch="false"/>
            <line number="238" hits="11" branch="false"/>
            <line number="239" hits="1" branch="false"/>
            <line number="242" hits="11" branch="false"/>
            <line number="243" hits="10" branch="false"/>
            <line number="244" hits="10" branch="false"/>
            <line number="245" hits="10" branch="false"/>
            <line number="246" hits="16" branch="false"/>
            <line number="247" hits="1" branch="false"/>
            <line number="248" hits="1" branch="false"/>
            <line number="249" hits="1" branch="false"/>
            <line number="250" hits="1" branch="false"/>
            <line number="251" hits="1" branch="false"/>
            <line number="252" hits="1" branch="false"/>
            <line number="253" hits="1" branch="false"/>
            <line number="254" hits="1" branch="false"/>
            <line number="258" hits="16" branch="false"/>
            <line number="260" hits="10" branch="false"/>
            <line number="262" hits="1" branch="false"/>
            <line number="268" hits="13" branch="false"/>
            <line number="269" hits="13" branch="false"/>
            <line number="270" hits="12" branch="false"/>
            <line number="272" hits="13" branch="false"/>
            <line number="287" hits="0" branch="false"/>
            <line number="303" hits="8" branch="false"/>
            <line number="304" hits="8" branch="false"/>
            <line number="306" hits="8" branch="false"/>
            <line number="308" hits="8" branch="false"/>
            <line number="309" hits="8" branch="false"/>
            <line number="310" hits="4" branch="false"/>
            <line number="312" hits="8" branch="false"/>
          </lines>
        </class>
        <class name="zzz.R" filename="R/zzz.R" line-rate="0.04" branch-rate="0" complexity="0">
          <methods>
            <method name=".onLoad" signature="" line-rate="0" branch-rate="0" complexity="0">
              <lines>
                <line number="2" hits="0" branch="false"/>
                <line number="3" hits="0" branch="false"/>
                <line number="4" hits="0" branch="false"/>
                <line number="5" hits="0" branch="false"/>
                <line number="6" hits="0" branch="false"/>
                <line number="7" hits="0" branch="false"/>
                <line number="8" hits="0" branch="false"/>
                <line number="9" hits="0" branch="false"/>
                <line number="10" hits="0" branch="false"/>
                <line number="11" hits="0" branch="false"/>
                <line number="12" hits="0" branch="false"/>
                <line number="13" hits="0" branch="false"/>
                <line number="14" hits="0" branch="false"/>
                <line number="15" hits="0" branch="false"/>
                <line number="16" hits="0" branch="false"/>
                <line number="17" hits="0" branch="false"/>
                <line number="18" hits="0" branch="false"/>
                <line number="19" hits="0" branch="false"/>
                <line number="21" hits="0" branch="false"/>
                <line number="22" hits="0" branch="false"/>
                <line number="24" hits="0" branch="false"/>
              </lines>
            </method>
            <method name=".onAttach" signature="" line-rate="0.25" branch-rate="0" complexity="0">
              <lines>
                <line number="28" hits="2" branch="false"/>
                <line number="29" hits="0" branch="false"/>
                <line number="30" hits="0" branch="false"/>
                <line number="31" hits="0" branch="false"/>
              </lines>
            </method>
          </methods>
          <lines>
            <line number="2" hits="0" branch="false"/>
            <line number="3" hits="0" branch="false"/>
            <line number="4" hits="0" branch="false"/>
            <line number="5" hits="0" branch="false"/>
            <line number="6" hits="0" branch="false"/>
            <line number="7" hits="0" branch="false"/>
            <line number="8" hits="0" branch="false"/>
            <line number="9" hits="0" branch="false"/>
            <line number="10" hits="0" branch="false"/>
            <line number="11" hits="0" branch="false"/>
            <line number="12" hits="0" branch="false"/>
            <line number="13" hits="0" branch="false"/>
            <line number="14" hits="0" branch="false"/>
            <line number="15" hits="0" branch="false"/>
            <line number="16" hits="0" branch="false"/>
            <line number="17" hits="0" branch="false"/>
            <line number="18" hits="0" branch="false"/>
            <line number="19" hits="0" branch="false"/>
            <line number="21" hits="0" branch="false"/>
            <line number="22" hits="0" branch="false"/>
            <line number="24" hits="0" branch="false"/>
            <line number="28" hits="2" branch="false"/>
            <line number="29" hits="0" branch="false"/>
            <line number="30" hits="0" branch="false"/>
            <line number="31" hits="0" branch="false"/>
          </lines>
        </class>
      </classes>
    </package>
  </packages>
</coverage>
