<?xml version="1.0" encoding="UTF-8"?>
<!DOCTYPE coverage SYSTEM "https://raw.githubusercontent.com/cobertura/cobertura/master/cobertura/src/site/htdocs/xml/coverage-04.dtd">
<coverage line-rate="0.798636926889715" branch-rate="0" lines-covered="1289" lines-valid="1614" branches-covered="0" branches-valid="0" complexity="0" version="3.6.4" timestamp="2024-04-29 13:49:12.734247">
  <sources>
    <source>/__w/teal.reporter/teal.reporter/teal.reporter</source>
  </sources>
  <packages>
    <package name="teal.reporter" line-rate="0.798636926889715" branch-rate="0" complexity="0">
      <classes>
        <class name="AddCardModule.R" filename="R/AddCardModule.R" line-rate="0.986301369863014" branch-rate="0" complexity="0">
          <methods>
            <method name="add_card_button_ui" signature="" line-rate="1" branch-rate="0" complexity="0">
              <lines>
                <line number="45" hits="2" branch="false"/>
                <line number="49" hits="2" branch="false"/>
                <line number="50" hits="2" branch="false"/>
                <line number="51" hits="2" branch="false"/>
                <line number="52" hits="2" branch="false"/>
                <line number="53" hits="2" branch="false"/>
                <line number="54" hits="2" branch="false"/>
                <line number="55" hits="2" branch="false"/>
                <line number="56" hits="2" branch="false"/>
                <line number="57" hits="2" branch="false"/>
                <line number="58" hits="2" branch="false"/>
                <line number="59" hits="2" branch="false"/>
                <line number="60" hits="2" branch="false"/>
                <line number="61" hits="2" branch="false"/>
                <line number="62" hits="2" branch="false"/>
                <line number="63" hits="2" branch="false"/>
                <line number="64" hits="2" branch="false"/>
                <line number="65" hits="2" branch="false"/>
                <line number="66" hits="2" branch="false"/>
                <line number="67" hits="2" branch="false"/>
                <line number="68" hits="2" branch="false"/>
                <line number="69" hits="2" branch="false"/>
                <line number="70" hits="2" branch="false"/>
                <line number="71" hits="2" branch="false"/>
                <line number="72" hits="2" branch="false"/>
                <line number="73" hits="2" branch="false"/>
                <line number="74" hits="2" branch="false"/>
                <line number="75" hits="2" branch="false"/>
                <line number="76" hits="2" branch="false"/>
                <line number="77" hits="2" branch="false"/>
                <line number="78" hits="2" branch="false"/>
                <line number="79" hits="2" branch="false"/>
                <line number="80" hits="2" branch="false"/>
                <line number="81" hits="2" branch="false"/>
              </lines>
            </method>
            <method name="add_card_button_srv" signature="" line-rate="0.982142857142857" branch-rate="0" complexity="0">
              <lines>
                <line number="87" hits="13" branch="false"/>
                <line number="88" hits="13" branch="false"/>
                <line number="89" hits="13" branch="false"/>
                <line number="91" hits="13" branch="false"/>
                <line number="92" hits="13" branch="false"/>
                <line number="93" hits="13" branch="false"/>
                <line number="94" hits="13" branch="false"/>
                <line number="95" hits="13" branch="false"/>
                <line number="96" hits="13" branch="false"/>
                <line number="98" hits="13" branch="false"/>
                <line number="100" hits="13" branch="false"/>
                <line number="101" hits="11" branch="false"/>
                <line number="102" hits="11" branch="false"/>
                <line number="103" hits="11" branch="false"/>
                <line number="104" hits="11" branch="false"/>
                <line number="105" hits="11" branch="false"/>
                <line number="106" hits="11" branch="false"/>
                <line number="107" hits="11" branch="false"/>
                <line number="108" hits="11" branch="false"/>
                <line number="109" hits="11" branch="false"/>
                <line number="110" hits="11" branch="false"/>
                <line number="111" hits="11" branch="false"/>
                <line number="112" hits="11" branch="false"/>
                <line number="113" hits="11" branch="false"/>
                <line number="114" hits="11" branch="false"/>
                <line number="115" hits="11" branch="false"/>
                <line number="116" hits="11" branch="false"/>
                <line number="117" hits="11" branch="false"/>
                <line number="118" hits="11" branch="false"/>
                <line number="119" hits="11" branch="false"/>
                <line number="120" hits="11" branch="false"/>
                <line number="121" hits="11" branch="false"/>
                <line number="122" hits="11" branch="false"/>
                <line number="123" hits="11" branch="false"/>
                <line number="124" hits="11" branch="false"/>
                <line number="125" hits="11" branch="false"/>
                <line number="126" hits="11" branch="false"/>
                <line number="127" hits="11" branch="false"/>
                <line number="128" hits="11" branch="false"/>
                <line number="129" hits="11" branch="false"/>
                <line number="130" hits="11" branch="false"/>
                <line number="131" hits="11" branch="false"/>
                <line number="132" hits="11" branch="false"/>
                <line number="133" hits="11" branch="false"/>
                <line number="134" hits="11" branch="false"/>
                <line number="135" hits="11" branch="false"/>
                <line number="136" hits="11" branch="false"/>
                <line number="137" hits="11" branch="false"/>
                <line number="138" hits="11" branch="false"/>
                <line number="139" hits="11" branch="false"/>
                <line number="140" hits="11" branch="false"/>
                <line number="141" hits="11" branch="false"/>
                <line number="142" hits="11" branch="false"/>
                <line number="143" hits="11" branch="false"/>
                <line number="144" hits="11" branch="false"/>
                <line number="145" hits="11" branch="false"/>
                <line number="146" hits="11" branch="false"/>
                <line number="147" hits="11" branch="false"/>
                <line number="148" hits="11" branch="false"/>
                <line number="149" hits="11" branch="false"/>
                <line number="150" hits="13" branch="false"/>
                <line number="152" hits="13" branch="false"/>
                <line number="153" hits="11" branch="false"/>
                <line number="154" hits="13" branch="false"/>
                <line number="158" hits="13" branch="false"/>
                <line number="159" hits="11" branch="false"/>
                <line number="160" hits="11" branch="false"/>
                <line number="161" hits="11" branch="false"/>
                <line number="162" hits="11" branch="false"/>
                <line number="164" hits="11" branch="false"/>
                <line number="166" hits="11" branch="false"/>
                <line number="167" hits="4" branch="false"/>
                <line number="168" hits="13" branch="false"/>
                <line number="169" hits="11" branch="false"/>
                <line number="170" hits="0" branch="false"/>
                <line number="171" hits="13" branch="false"/>
                <line number="173" hits="11" branch="false"/>
                <line number="177" hits="8" branch="false"/>
                <line number="178" hits="8" branch="false"/>
                <line number="179" hits="8" branch="false"/>
                <line number="180" hits="8" branch="false"/>
                <line number="181" hits="8" branch="false"/>
                <line number="182" hits="8" branch="false"/>
                <line number="183" hits="8" branch="false"/>
                <line number="184" hits="13" branch="false"/>
                <line number="186" hits="11" branch="false"/>
                <line number="188" hits="11" branch="false"/>
                <line number="189" hits="3" branch="false"/>
                <line number="190" hits="3" branch="false"/>
                <line number="191" hits="3" branch="false"/>
                <line number="192" hits="3" branch="false"/>
                <line number="193" hits="3" branch="false"/>
                <line number="194" hits="3" branch="false"/>
                <line number="195" hits="3" branch="false"/>
                <line number="196" hits="3" branch="false"/>
                <line number="197" hits="3" branch="false"/>
                <line number="198" hits="3" branch="false"/>
                <line number="199" hits="13" branch="false"/>
                <line number="200" hits="8" branch="false"/>
                <line number="201" hits="8" branch="false"/>
                <line number="202" hits="1" branch="false"/>
                <line number="203" hits="1" branch="false"/>
                <line number="204" hits="13" branch="false"/>
                <line number="206" hits="8" branch="false"/>
                <line number="207" hits="0" branch="false"/>
                <line number="208" hits="13" branch="false"/>
                <line number="210" hits="8" branch="false"/>
                <line number="211" hits="8" branch="false"/>
                <line number="212" hits="8" branch="false"/>
                <line number="213" hits="13" branch="false"/>
                <line number="214" hits="13" branch="false"/>
                <line number="215" hits="13" branch="false"/>
              </lines>
            </method>
          </methods>
          <lines>
            <line number="45" hits="2" branch="false"/>
            <line number="49" hits="2" branch="false"/>
            <line number="50" hits="2" branch="false"/>
            <line number="51" hits="2" branch="false"/>
            <line number="52" hits="2" branch="false"/>
            <line number="53" hits="2" branch="false"/>
            <line number="54" hits="2" branch="false"/>
            <line number="55" hits="2" branch="false"/>
            <line number="56" hits="2" branch="false"/>
            <line number="57" hits="2" branch="false"/>
            <line number="58" hits="2" branch="false"/>
            <line number="59" hits="2" branch="false"/>
            <line number="60" hits="2" branch="false"/>
            <line number="61" hits="2" branch="false"/>
            <line number="62" hits="2" branch="false"/>
            <line number="63" hits="2" branch="false"/>
            <line number="64" hits="2" branch="false"/>
            <line number="65" hits="2" branch="false"/>
            <line number="66" hits="2" branch="false"/>
            <line number="67" hits="2" branch="false"/>
            <line number="68" hits="2" branch="false"/>
            <line number="69" hits="2" branch="false"/>
            <line number="70" hits="2" branch="false"/>
            <line number="71" hits="2" branch="false"/>
            <line number="72" hits="2" branch="false"/>
            <line number="73" hits="2" branch="false"/>
            <line number="74" hits="2" branch="false"/>
            <line number="75" hits="2" branch="false"/>
            <line number="76" hits="2" branch="false"/>
            <line number="77" hits="2" branch="false"/>
            <line number="78" hits="2" branch="false"/>
            <line number="79" hits="2" branch="false"/>
            <line number="80" hits="2" branch="false"/>
            <line number="81" hits="2" branch="false"/>
            <line number="87" hits="13" branch="false"/>
            <line number="88" hits="13" branch="false"/>
            <line number="89" hits="13" branch="false"/>
            <line number="91" hits="13" branch="false"/>
            <line number="92" hits="13" branch="false"/>
            <line number="93" hits="13" branch="false"/>
            <line number="94" hits="13" branch="false"/>
            <line number="95" hits="13" branch="false"/>
            <line number="96" hits="13" branch="false"/>
            <line number="98" hits="13" branch="false"/>
            <line number="100" hits="13" branch="false"/>
            <line number="101" hits="11" branch="false"/>
            <line number="102" hits="11" branch="false"/>
            <line number="103" hits="11" branch="false"/>
            <line number="104" hits="11" branch="false"/>
            <line number="105" hits="11" branch="false"/>
            <line number="106" hits="11" branch="false"/>
            <line number="107" hits="11" branch="false"/>
            <line number="108" hits="11" branch="false"/>
            <line number="109" hits="11" branch="false"/>
            <line number="110" hits="11" branch="false"/>
            <line number="111" hits="11" branch="false"/>
            <line number="112" hits="11" branch="false"/>
            <line number="113" hits="11" branch="false"/>
            <line number="114" hits="11" branch="false"/>
            <line number="115" hits="11" branch="false"/>
            <line number="116" hits="11" branch="false"/>
            <line number="117" hits="11" branch="false"/>
            <line number="118" hits="11" branch="false"/>
            <line number="119" hits="11" branch="false"/>
            <line number="120" hits="11" branch="false"/>
            <line number="121" hits="11" branch="false"/>
            <line number="122" hits="11" branch="false"/>
            <line number="123" hits="11" branch="false"/>
            <line number="124" hits="11" branch="false"/>
            <line number="125" hits="11" branch="false"/>
            <line number="126" hits="11" branch="false"/>
            <line number="127" hits="11" branch="false"/>
            <line number="128" hits="11" branch="false"/>
            <line number="129" hits="11" branch="false"/>
            <line number="130" hits="11" branch="false"/>
            <line number="131" hits="11" branch="false"/>
            <line number="132" hits="11" branch="false"/>
            <line number="133" hits="11" branch="false"/>
            <line number="134" hits="11" branch="false"/>
            <line number="135" hits="11" branch="false"/>
            <line number="136" hits="11" branch="false"/>
            <line number="137" hits="11" branch="false"/>
            <line number="138" hits="11" branch="false"/>
            <line number="139" hits="11" branch="false"/>
            <line number="140" hits="11" branch="false"/>
            <line number="141" hits="11" branch="false"/>
            <line number="142" hits="11" branch="false"/>
            <line number="143" hits="11" branch="false"/>
            <line number="144" hits="11" branch="false"/>
            <line number="145" hits="11" branch="false"/>
            <line number="146" hits="11" branch="false"/>
            <line number="147" hits="11" branch="false"/>
            <line number="148" hits="11" branch="false"/>
            <line number="149" hits="11" branch="false"/>
            <line number="150" hits="13" branch="false"/>
            <line number="152" hits="13" branch="false"/>
            <line number="153" hits="11" branch="false"/>
            <line number="154" hits="13" branch="false"/>
            <line number="158" hits="13" branch="false"/>
            <line number="159" hits="11" branch="false"/>
            <line number="160" hits="11" branch="false"/>
            <line number="161" hits="11" branch="false"/>
            <line number="162" hits="11" branch="false"/>
            <line number="164" hits="11" branch="false"/>
            <line number="166" hits="11" branch="false"/>
            <line number="167" hits="4" branch="false"/>
            <line number="168" hits="13" branch="false"/>
            <line number="169" hits="11" branch="false"/>
            <line number="170" hits="0" branch="false"/>
            <line number="171" hits="13" branch="false"/>
            <line number="173" hits="11" branch="false"/>
            <line number="177" hits="8" branch="false"/>
            <line number="178" hits="8" branch="false"/>
            <line number="179" hits="8" branch="false"/>
            <line number="180" hits="8" branch="false"/>
            <line number="181" hits="8" branch="false"/>
            <line number="182" hits="8" branch="false"/>
            <line number="183" hits="8" branch="false"/>
            <line number="184" hits="13" branch="false"/>
            <line number="186" hits="11" branch="false"/>
            <line number="188" hits="11" branch="false"/>
            <line number="189" hits="3" branch="false"/>
            <line number="190" hits="3" branch="false"/>
            <line number="191" hits="3" branch="false"/>
            <line number="192" hits="3" branch="false"/>
            <line number="193" hits="3" branch="false"/>
            <line number="194" hits="3" branch="false"/>
            <line number="195" hits="3" branch="false"/>
            <line number="196" hits="3" branch="false"/>
            <line number="197" hits="3" branch="false"/>
            <line number="198" hits="3" branch="false"/>
            <line number="199" hits="13" branch="false"/>
            <line number="200" hits="8" branch="false"/>
            <line number="201" hits="8" branch="false"/>
            <line number="202" hits="1" branch="false"/>
            <line number="203" hits="1" branch="false"/>
            <line number="204" hits="13" branch="false"/>
            <line number="206" hits="8" branch="false"/>
            <line number="207" hits="0" branch="false"/>
            <line number="208" hits="13" branch="false"/>
            <line number="210" hits="8" branch="false"/>
            <line number="211" hits="8" branch="false"/>
            <line number="212" hits="8" branch="false"/>
            <line number="213" hits="13" branch="false"/>
            <line number="214" hits="13" branch="false"/>
            <line number="215" hits="13" branch="false"/>
          </lines>
        </class>
        <class name="ContentBlock.R" filename="R/ContentBlock.R" line-rate="0.888888888888889" branch-rate="0" complexity="0">
          <methods>
            <method name="initialize" signature="" line-rate="0.962962962962963" branch-rate="0" complexity="0">
              <lines>
                <line number="21" hits="17" branch="false"/>
                <line number="22" hits="17" branch="false"/>
                <line number="21" hits="14" branch="false"/>
                <line number="22" hits="14" branch="false"/>
                <line number="19" hits="51" branch="false"/>
                <line number="20" hits="0" branch="false"/>
                <line number="22" hits="51" branch="false"/>
                <line number="24" hits="75" branch="false"/>
                <line number="25" hits="75" branch="false"/>
                <line number="26" hits="75" branch="false"/>
                <line number="22" hits="10" branch="false"/>
                <line number="23" hits="10" branch="false"/>
                <line number="24" hits="10" branch="false"/>
                <line number="25" hits="10" branch="false"/>
                <line number="26" hits="10" branch="false"/>
                <line number="21" hits="65" branch="false"/>
                <line number="22" hits="65" branch="false"/>
                <line number="23" hits="65" branch="false"/>
                <line number="20" hits="38" branch="false"/>
                <line number="21" hits="38" branch="false"/>
                <line number="22" hits="38" branch="false"/>
                <line number="20" hits="26" branch="false"/>
                <line number="21" hits="4" branch="false"/>
                <line number="23" hits="26" branch="false"/>
                <line number="26" hits="118" branch="false"/>
                <line number="27" hits="118" branch="false"/>
                <line number="28" hits="118" branch="false"/>
              </lines>
            </method>
            <method name="set_content" signature="" line-rate="1" branch-rate="0" complexity="0">
              <lines>
                <line number="35" hits="305" branch="false"/>
                <line number="36" hits="302" branch="false"/>
                <line number="37" hits="302" branch="false"/>
                <line number="47" hits="31" branch="false"/>
                <line number="48" hits="29" branch="false"/>
                <line number="49" hits="29" branch="false"/>
                <line number="50" hits="29" branch="false"/>
                <line number="51" hits="29" branch="false"/>
                <line number="52" hits="29" branch="false"/>
                <line number="53" hits="1" branch="false"/>
                <line number="54" hits="1" branch="false"/>
                <line number="55" hits="28" branch="false"/>
                <line number="56" hits="27" branch="false"/>
                <line number="57" hits="1" branch="false"/>
                <line number="58" hits="1" branch="false"/>
                <line number="59" hits="1" branch="false"/>
                <line number="60" hits="29" branch="false"/>
                <line number="61" hits="29" branch="false"/>
                <line number="62" hits="29" branch="false"/>
                <line number="63" hits="29" branch="false"/>
                <line number="64" hits="29" branch="false"/>
                <line number="65" hits="29" branch="false"/>
                <line number="39" hits="13" branch="false"/>
                <line number="40" hits="12" branch="false"/>
                <line number="41" hits="12" branch="false"/>
                <line number="42" hits="12" branch="false"/>
                <line number="43" hits="12" branch="false"/>
                <line number="44" hits="12" branch="false"/>
              </lines>
            </method>
            <method name="get_content" signature="" line-rate="1" branch-rate="0" complexity="0">
              <lines>
                <line number="48" hits="265" branch="false"/>
                <line number="105" hits="87" branch="false"/>
              </lines>
            </method>
            <method name="from_list" signature="" line-rate="0.871428571428571" branch-rate="0" complexity="0">
              <lines>
                <line number="57" hits="0" branch="false"/>
                <line number="33" hits="11" branch="false"/>
                <line number="34" hits="11" branch="false"/>
                <line number="35" hits="11" branch="false"/>
                <line number="36" hits="11" branch="false"/>
                <line number="37" hits="11" branch="false"/>
                <line number="38" hits="11" branch="false"/>
                <line number="39" hits="11" branch="false"/>
                <line number="40" hits="11" branch="false"/>
                <line number="41" hits="11" branch="false"/>
                <line number="81" hits="3" branch="false"/>
                <line number="82" hits="3" branch="false"/>
                <line number="83" hits="3" branch="false"/>
                <line number="84" hits="3" branch="false"/>
                <line number="85" hits="3" branch="false"/>
                <line number="219" hits="6" branch="false"/>
                <line number="220" hits="6" branch="false"/>
                <line number="221" hits="6" branch="false"/>
                <line number="222" hits="6" branch="false"/>
                <line number="223" hits="6" branch="false"/>
                <line number="224" hits="6" branch="false"/>
                <line number="225" hits="6" branch="false"/>
                <line number="226" hits="6" branch="false"/>
                <line number="227" hits="21" branch="false"/>
                <line number="228" hits="21" branch="false"/>
                <line number="229" hits="21" branch="false"/>
                <line number="230" hits="21" branch="false"/>
                <line number="231" hits="21" branch="false"/>
                <line number="232" hits="8" branch="false"/>
                <line number="233" hits="21" branch="false"/>
                <line number="234" hits="13" branch="false"/>
                <line number="235" hits="21" branch="false"/>
                <line number="236" hits="0" branch="false"/>
                <line number="237" hits="21" branch="false"/>
                <line number="238" hits="21" branch="false"/>
                <line number="240" hits="6" branch="false"/>
                <line number="241" hits="0" branch="false"/>
                <line number="243" hits="6" branch="false"/>
                <line number="244" hits="6" branch="false"/>
                <line number="256" hits="6" branch="false"/>
                <line number="257" hits="6" branch="false"/>
                <line number="258" hits="6" branch="false"/>
                <line number="259" hits="6" branch="false"/>
                <line number="260" hits="6" branch="false"/>
                <line number="261" hits="5" branch="false"/>
                <line number="262" hits="5" branch="false"/>
                <line number="263" hits="5" branch="false"/>
                <line number="264" hits="5" branch="false"/>
                <line number="265" hits="5" branch="false"/>
                <line number="266" hits="5" branch="false"/>
                <line number="267" hits="5" branch="false"/>
                <line number="268" hits="5" branch="false"/>
                <line number="269" hits="5" branch="false"/>
                <line number="270" hits="5" branch="false"/>
                <line number="273" hits="0" branch="false"/>
                <line number="274" hits="0" branch="false"/>
                <line number="275" hits="0" branch="false"/>
                <line number="276" hits="0" branch="false"/>
                <line number="277" hits="0" branch="false"/>
                <line number="278" hits="0" branch="false"/>
                <line number="280" hits="5" branch="false"/>
                <line number="281" hits="5" branch="false"/>
                <line number="282" hits="5" branch="false"/>
                <line number="283" hits="5" branch="false"/>
                <line number="284" hits="5" branch="false"/>
                <line number="80" hits="14" branch="false"/>
                <line number="81" hits="14" branch="false"/>
                <line number="82" hits="14" branch="false"/>
                <line number="83" hits="14" branch="false"/>
                <line number="84" hits="14" branch="false"/>
              </lines>
            </method>
            <method name="to_list" signature="" line-rate="0.96875" branch-rate="0" complexity="0">
              <lines>
                <line number="63" hits="0" branch="false"/>
                <line number="54" hits="21" branch="false"/>
                <line number="55" hits="21" branch="false"/>
                <line number="56" hits="21" branch="false"/>
                <line number="96" hits="3" branch="false"/>
                <line number="184" hits="11" branch="false"/>
                <line number="185" hits="11" branch="false"/>
                <line number="186" hits="36" branch="false"/>
                <line number="187" hits="36" branch="false"/>
                <line number="188" hits="36" branch="false"/>
                <line number="189" hits="13" branch="false"/>
                <line number="190" hits="36" branch="false"/>
                <line number="191" hits="23" branch="false"/>
                <line number="192" hits="36" branch="false"/>
                <line number="193" hits="36" branch="false"/>
                <line number="194" hits="36" branch="false"/>
                <line number="195" hits="36" branch="false"/>
                <line number="197" hits="11" branch="false"/>
                <line number="198" hits="11" branch="false"/>
                <line number="199" hits="11" branch="false"/>
                <line number="200" hits="11" branch="false"/>
                <line number="201" hits="11" branch="false"/>
                <line number="232" hits="14" branch="false"/>
                <line number="233" hits="12" branch="false"/>
                <line number="234" hits="12" branch="false"/>
                <line number="235" hits="12" branch="false"/>
                <line number="237" hits="10" branch="false"/>
                <line number="238" hits="10" branch="false"/>
                <line number="239" hits="10" branch="false"/>
                <line number="240" hits="10" branch="false"/>
                <line number="242" hits="12" branch="false"/>
                <line number="95" hits="24" branch="false"/>
              </lines>
            </method>
            <method name="deep_clone" signature="" line-rate="0.954545454545455" branch-rate="0" complexity="0">
              <lines>
                <line number="75" hits="168" branch="false"/>
                <line number="76" hits="7" branch="false"/>
                <line number="77" hits="7" branch="false"/>
                <line number="80" hits="7" branch="false"/>
                <line number="81" hits="5" branch="false"/>
                <line number="82" hits="5" branch="false"/>
                <line number="84" hits="7" branch="false"/>
                <line number="85" hits="7" branch="false"/>
                <line number="86" hits="7" branch="false"/>
                <line number="88" hits="161" branch="false"/>
                <line number="261" hits="60" branch="false"/>
                <line number="262" hits="3" branch="false"/>
                <line number="263" hits="3" branch="false"/>
                <line number="264" hits="3" branch="false"/>
                <line number="265" hits="3" branch="false"/>
                <line number="266" hits="0" branch="false"/>
                <line number="267" hits="3" branch="false"/>
                <line number="268" hits="3" branch="false"/>
                <line number="270" hits="57" branch="false"/>
                <line number="351" hits="23" branch="false"/>
                <line number="352" hits="1" branch="false"/>
                <line number="354" hits="22" branch="false"/>
              </lines>
            </method>
          </methods>
          <lines>
            <line number="21" hits="17" branch="false"/>
            <line number="22" hits="17" branch="false"/>
            <line number="35" hits="305" branch="false"/>
            <line number="36" hits="302" branch="false"/>
            <line number="37" hits="302" branch="false"/>
            <line number="48" hits="265" branch="false"/>
            <line number="57" hits="0" branch="false"/>
            <line number="63" hits="0" branch="false"/>
            <line number="75" hits="168" branch="false"/>
            <line number="76" hits="7" branch="false"/>
            <line number="77" hits="7" branch="false"/>
            <line number="80" hits="7" branch="false"/>
            <line number="81" hits="5" branch="false"/>
            <line number="82" hits="5" branch="false"/>
            <line number="84" hits="7" branch="false"/>
            <line number="85" hits="7" branch="false"/>
            <line number="86" hits="7" branch="false"/>
            <line number="88" hits="161" branch="false"/>
          </lines>
        </class>
        <class name="DownloadModule.R" filename="R/DownloadModule.R" line-rate="0.718487394957983" branch-rate="0" complexity="0">
          <methods>
            <method name="download_report_button_ui" signature="" line-rate="1" branch-rate="0" complexity="0">
              <lines>
                <line number="25" hits="2" branch="false"/>
                <line number="26" hits="2" branch="false"/>
                <line number="27" hits="2" branch="false"/>
                <line number="28" hits="2" branch="false"/>
                <line number="29" hits="2" branch="false"/>
                <line number="30" hits="2" branch="false"/>
                <line number="31" hits="2" branch="false"/>
                <line number="32" hits="2" branch="false"/>
                <line number="33" hits="2" branch="false"/>
                <line number="34" hits="2" branch="false"/>
                <line number="35" hits="2" branch="false"/>
                <line number="36" hits="2" branch="false"/>
                <line number="37" hits="2" branch="false"/>
                <line number="38" hits="2" branch="false"/>
                <line number="39" hits="2" branch="false"/>
                <line number="40" hits="2" branch="false"/>
                <line number="41" hits="2" branch="false"/>
              </lines>
            </method>
            <method name="download_report_button_srv" signature="" line-rate="0.916666666666667" branch-rate="0" complexity="0">
              <lines>
                <line number="58" hits="10" branch="false"/>
                <line number="59" hits="10" branch="false"/>
                <line number="60" hits="10" branch="false"/>
                <line number="61" hits="10" branch="false"/>
                <line number="62" hits="10" branch="false"/>
                <line number="63" hits="10" branch="false"/>
                <line number="64" hits="10" branch="false"/>
                <line number="65" hits="10" branch="false"/>
                <line number="66" hits="10" branch="false"/>
                <line number="67" hits="10" branch="false"/>
                <line number="68" hits="10" branch="false"/>
                <line number="69" hits="10" branch="false"/>
                <line number="70" hits="10" branch="false"/>
                <line number="71" hits="10" branch="false"/>
                <line number="72" hits="10" branch="false"/>
                <line number="73" hits="10" branch="false"/>
                <line number="74" hits="8" branch="false"/>
                <line number="76" hits="7" branch="false"/>
                <line number="77" hits="7" branch="false"/>
                <line number="79" hits="7" branch="false"/>
                <line number="81" hits="7" branch="false"/>
                <line number="82" hits="1" branch="false"/>
                <line number="83" hits="1" branch="false"/>
                <line number="84" hits="1" branch="false"/>
                <line number="85" hits="1" branch="false"/>
                <line number="86" hits="1" branch="false"/>
                <line number="87" hits="1" branch="false"/>
                <line number="88" hits="1" branch="false"/>
                <line number="89" hits="1" branch="false"/>
                <line number="90" hits="1" branch="false"/>
                <line number="91" hits="1" branch="false"/>
                <line number="92" hits="1" branch="false"/>
                <line number="93" hits="1" branch="false"/>
                <line number="94" hits="1" branch="false"/>
                <line number="95" hits="1" branch="false"/>
                <line number="96" hits="1" branch="false"/>
                <line number="97" hits="1" branch="false"/>
                <line number="98" hits="0" branch="false"/>
                <line number="99" hits="0" branch="false"/>
                <line number="100" hits="0" branch="false"/>
                <line number="101" hits="0" branch="false"/>
                <line number="102" hits="0" branch="false"/>
                <line number="103" hits="0" branch="false"/>
                <line number="104" hits="0" branch="false"/>
                <line number="105" hits="1" branch="false"/>
                <line number="106" hits="1" branch="false"/>
                <line number="107" hits="1" branch="false"/>
                <line number="108" hits="1" branch="false"/>
                <line number="109" hits="1" branch="false"/>
                <line number="110" hits="1" branch="false"/>
                <line number="111" hits="1" branch="false"/>
                <line number="112" hits="1" branch="false"/>
                <line number="113" hits="1" branch="false"/>
                <line number="114" hits="1" branch="false"/>
                <line number="115" hits="1" branch="false"/>
                <line number="116" hits="1" branch="false"/>
                <line number="117" hits="1" branch="false"/>
                <line number="118" hits="1" branch="false"/>
                <line number="119" hits="1" branch="false"/>
                <line number="120" hits="1" branch="false"/>
                <line number="121" hits="1" branch="false"/>
                <line number="122" hits="1" branch="false"/>
                <line number="123" hits="1" branch="false"/>
                <line number="124" hits="1" branch="false"/>
                <line number="125" hits="1" branch="false"/>
                <line number="126" hits="1" branch="false"/>
                <line number="127" hits="1" branch="false"/>
                <line number="128" hits="1" branch="false"/>
                <line number="129" hits="1" branch="false"/>
                <line number="130" hits="1" branch="false"/>
                <line number="131" hits="1" branch="false"/>
                <line number="132" hits="7" branch="false"/>
                <line number="134" hits="7" branch="false"/>
                <line number="135" hits="1" branch="false"/>
                <line number="136" hits="7" branch="false"/>
                <line number="138" hits="7" branch="false"/>
                <line number="139" hits="7" branch="false"/>
                <line number="140" hits="2" branch="false"/>
                <line number="141" hits="2" branch="false"/>
                <line number="142" hits="2" branch="false"/>
                <line number="143" hits="2" branch="false"/>
                <line number="144" hits="2" branch="false"/>
                <line number="145" hits="2" branch="false"/>
                <line number="146" hits="7" branch="false"/>
                <line number="147" hits="7" branch="false"/>
                <line number="148" hits="2" branch="false"/>
                <line number="149" hits="2" branch="false"/>
                <line number="150" hits="2" branch="false"/>
                <line number="151" hits="2" branch="false"/>
                <line number="152" hits="0" branch="false"/>
                <line number="153" hits="2" branch="false"/>
                <line number="154" hits="2" branch="false"/>
                <line number="155" hits="7" branch="false"/>
                <line number="156" hits="7" branch="false"/>
                <line number="157" hits="7" branch="false"/>
                <line number="158" hits="7" branch="false"/>
              </lines>
            </method>
            <method name="report_render_and_compress" signature="" line-rate="0.419354838709677" branch-rate="0" complexity="0">
              <lines>
                <line number="175" hits="8" branch="false"/>
                <line number="176" hits="8" branch="false"/>
                <line number="177" hits="7" branch="false"/>
                <line number="180" hits="5" branch="false"/>
                <line number="181" hits="5" branch="false"/>
                <line number="183" hits="0" branch="false"/>
                <line number="184" hits="0" branch="false"/>
                <line number="185" hits="0" branch="false"/>
                <line number="186" hits="0" branch="false"/>
                <line number="187" hits="0" branch="false"/>
                <line number="188" hits="0" branch="false"/>
                <line number="191" hits="5" branch="false"/>
                <line number="192" hits="5" branch="false"/>
                <line number="194" hits="5" branch="false"/>
                <line number="195" hits="5" branch="false"/>
                <line number="196" hits="5" branch="false"/>
                <line number="197" hits="0" branch="false"/>
                <line number="198" hits="0" branch="false"/>
                <line number="199" hits="0" branch="false"/>
                <line number="200" hits="0" branch="false"/>
                <line number="201" hits="0" branch="false"/>
                <line number="202" hits="0" branch="false"/>
                <line number="203" hits="5" branch="false"/>
                <line number="204" hits="5" branch="false"/>
                <line number="205" hits="0" branch="false"/>
                <line number="206" hits="0" branch="false"/>
                <line number="207" hits="0" branch="false"/>
                <line number="208" hits="0" branch="false"/>
                <line number="209" hits="0" branch="false"/>
                <line number="210" hits="0" branch="false"/>
                <line number="211" hits="5" branch="false"/>
                <line number="212" hits="5" branch="false"/>
                <line number="214" hits="5" branch="false"/>
                <line number="216" hits="5" branch="false"/>
                <line number="217" hits="5" branch="false"/>
                <line number="218" hits="5" branch="false"/>
                <line number="219" hits="0" branch="false"/>
                <line number="220" hits="0" branch="false"/>
                <line number="221" hits="0" branch="false"/>
                <line number="222" hits="0" branch="false"/>
                <line number="223" hits="0" branch="false"/>
                <line number="224" hits="0" branch="false"/>
                <line number="225" hits="5" branch="false"/>
                <line number="226" hits="5" branch="false"/>
                <line number="227" hits="0" branch="false"/>
                <line number="228" hits="0" branch="false"/>
                <line number="229" hits="0" branch="false"/>
                <line number="230" hits="0" branch="false"/>
                <line number="231" hits="0" branch="false"/>
                <line number="232" hits="0" branch="false"/>
                <line number="233" hits="5" branch="false"/>
                <line number="234" hits="5" branch="false"/>
                <line number="236" hits="5" branch="false"/>
                <line number="237" hits="5" branch="false"/>
                <line number="238" hits="5" branch="false"/>
                <line number="239" hits="5" branch="false"/>
                <line number="240" hits="0" branch="false"/>
                <line number="241" hits="0" branch="false"/>
                <line number="242" hits="0" branch="false"/>
                <line number="243" hits="0" branch="false"/>
                <line number="244" hits="0" branch="false"/>
                <line number="245" hits="0" branch="false"/>
                <line number="246" hits="5" branch="false"/>
                <line number="247" hits="5" branch="false"/>
                <line number="248" hits="0" branch="false"/>
                <line number="249" hits="0" branch="false"/>
                <line number="250" hits="0" branch="false"/>
                <line number="251" hits="0" branch="false"/>
                <line number="252" hits="0" branch="false"/>
                <line number="253" hits="0" branch="false"/>
                <line number="254" hits="5" branch="false"/>
                <line number="255" hits="5" branch="false"/>
                <line number="257" hits="5" branch="false"/>
                <line number="258" hits="5" branch="false"/>
                <line number="259" hits="5" branch="false"/>
                <line number="260" hits="0" branch="false"/>
                <line number="261" hits="0" branch="false"/>
                <line number="262" hits="0" branch="false"/>
                <line number="263" hits="0" branch="false"/>
                <line number="264" hits="0" branch="false"/>
                <line number="265" hits="0" branch="false"/>
                <line number="266" hits="5" branch="false"/>
                <line number="267" hits="5" branch="false"/>
                <line number="268" hits="0" branch="false"/>
                <line number="269" hits="0" branch="false"/>
                <line number="270" hits="0" branch="false"/>
                <line number="271" hits="0" branch="false"/>
                <line number="272" hits="0" branch="false"/>
                <line number="273" hits="0" branch="false"/>
                <line number="274" hits="5" branch="false"/>
                <line number="275" hits="5" branch="false"/>
                <line number="277" hits="5" branch="false"/>
                <line number="278" hits="5" branch="false"/>
              </lines>
            </method>
            <method name="reporter_download_inputs" signature="" line-rate="0.8" branch-rate="0" complexity="0">
              <lines>
                <line number="294" hits="8" branch="false"/>
                <line number="295" hits="8" branch="false"/>
                <line number="296" hits="8" branch="false"/>
                <line number="297" hits="8" branch="false"/>
                <line number="298" hits="8" branch="false"/>
                <line number="299" hits="8" branch="false"/>
                <line number="300" hits="8" branch="false"/>
                <line number="301" hits="8" branch="false"/>
                <line number="302" hits="8" branch="false"/>
                <line number="303" hits="8" branch="false"/>
                <line number="304" hits="8" branch="false"/>
                <line number="305" hits="8" branch="false"/>
                <line number="306" hits="8" branch="false"/>
                <line number="307" hits="8" branch="false"/>
                <line number="308" hits="8" branch="false"/>
                <line number="309" hits="8" branch="false"/>
                <line number="310" hits="8" branch="false"/>
                <line number="311" hits="8" branch="false"/>
                <line number="312" hits="0" branch="false"/>
                <line number="313" hits="0" branch="false"/>
                <line number="314" hits="0" branch="false"/>
                <line number="315" hits="0" branch="false"/>
                <line number="316" hits="0" branch="false"/>
                <line number="317" hits="8" branch="false"/>
                <line number="318" hits="8" branch="false"/>
              </lines>
            </method>
            <method name="any_rcode_block" signature="" line-rate="1" branch-rate="0" complexity="0">
              <lines>
                <line number="324" hits="10" branch="false"/>
                <line number="325" hits="10" branch="false"/>
                <line number="326" hits="10" branch="false"/>
                <line number="327" hits="10" branch="false"/>
                <line number="328" hits="10" branch="false"/>
                <line number="329" hits="10" branch="false"/>
                <line number="330" hits="10" branch="false"/>
              </lines>
            </method>
          </methods>
          <lines>
            <line number="25" hits="2" branch="false"/>
            <line number="26" hits="2" branch="false"/>
            <line number="27" hits="2" branch="false"/>
            <line number="28" hits="2" branch="false"/>
            <line number="29" hits="2" branch="false"/>
            <line number="30" hits="2" branch="false"/>
            <line number="31" hits="2" branch="false"/>
            <line number="32" hits="2" branch="false"/>
            <line number="33" hits="2" branch="false"/>
            <line number="34" hits="2" branch="false"/>
            <line number="35" hits="2" branch="false"/>
            <line number="36" hits="2" branch="false"/>
            <line number="37" hits="2" branch="false"/>
            <line number="38" hits="2" branch="false"/>
            <line number="39" hits="2" branch="false"/>
            <line number="40" hits="2" branch="false"/>
            <line number="41" hits="2" branch="false"/>
            <line number="58" hits="10" branch="false"/>
            <line number="59" hits="10" branch="false"/>
            <line number="60" hits="10" branch="false"/>
            <line number="61" hits="10" branch="false"/>
            <line number="62" hits="10" branch="false"/>
            <line number="63" hits="10" branch="false"/>
            <line number="64" hits="10" branch="false"/>
            <line number="65" hits="10" branch="false"/>
            <line number="66" hits="10" branch="false"/>
            <line number="67" hits="10" branch="false"/>
            <line number="68" hits="10" branch="false"/>
            <line number="69" hits="10" branch="false"/>
            <line number="70" hits="10" branch="false"/>
            <line number="71" hits="10" branch="false"/>
            <line number="72" hits="10" branch="false"/>
            <line number="73" hits="10" branch="false"/>
            <line number="74" hits="8" branch="false"/>
            <line number="76" hits="7" branch="false"/>
            <line number="77" hits="7" branch="false"/>
            <line number="79" hits="7" branch="false"/>
            <line number="81" hits="7" branch="false"/>
            <line number="82" hits="1" branch="false"/>
            <line number="83" hits="1" branch="false"/>
            <line number="84" hits="1" branch="false"/>
            <line number="85" hits="1" branch="false"/>
            <line number="86" hits="1" branch="false"/>
            <line number="87" hits="1" branch="false"/>
            <line number="88" hits="1" branch="false"/>
            <line number="89" hits="1" branch="false"/>
            <line number="90" hits="1" branch="false"/>
            <line number="91" hits="1" branch="false"/>
            <line number="92" hits="1" branch="false"/>
            <line number="93" hits="1" branch="false"/>
            <line number="94" hits="1" branch="false"/>
            <line number="95" hits="1" branch="false"/>
            <line number="96" hits="1" branch="false"/>
            <line number="97" hits="1" branch="false"/>
            <line number="98" hits="0" branch="false"/>
            <line number="99" hits="0" branch="false"/>
            <line number="100" hits="0" branch="false"/>
            <line number="101" hits="0" branch="false"/>
            <line number="102" hits="0" branch="false"/>
            <line number="103" hits="0" branch="false"/>
            <line number="104" hits="0" branch="false"/>
            <line number="105" hits="1" branch="false"/>
            <line number="106" hits="1" branch="false"/>
            <line number="107" hits="1" branch="false"/>
            <line number="108" hits="1" branch="false"/>
            <line number="109" hits="1" branch="false"/>
            <line number="110" hits="1" branch="false"/>
            <line number="111" hits="1" branch="false"/>
            <line number="112" hits="1" branch="false"/>
            <line number="113" hits="1" branch="false"/>
            <line number="114" hits="1" branch="false"/>
            <line number="115" hits="1" branch="false"/>
            <line number="116" hits="1" branch="false"/>
            <line number="117" hits="1" branch="false"/>
            <line number="118" hits="1" branch="false"/>
            <line number="119" hits="1" branch="false"/>
            <line number="120" hits="1" branch="false"/>
            <line number="121" hits="1" branch="false"/>
            <line number="122" hits="1" branch="false"/>
            <line number="123" hits="1" branch="false"/>
            <line number="124" hits="1" branch="false"/>
            <line number="125" hits="1" branch="false"/>
            <line number="126" hits="1" branch="false"/>
            <line number="127" hits="1" branch="false"/>
            <line number="128" hits="1" branch="false"/>
            <line number="129" hits="1" branch="false"/>
            <line number="130" hits="1" branch="false"/>
            <line number="131" hits="1" branch="false"/>
            <line number="132" hits="7" branch="false"/>
            <line number="134" hits="7" branch="false"/>
            <line number="135" hits="1" branch="false"/>
            <line number="136" hits="7" branch="false"/>
            <line number="138" hits="7" branch="false"/>
            <line number="139" hits="7" branch="false"/>
            <line number="140" hits="2" branch="false"/>
            <line number="141" hits="2" branch="false"/>
            <line number="142" hits="2" branch="false"/>
            <line number="143" hits="2" branch="false"/>
            <line number="144" hits="2" branch="false"/>
            <line number="145" hits="2" branch="false"/>
            <line number="146" hits="7" branch="false"/>
            <line number="147" hits="7" branch="false"/>
            <line number="148" hits="2" branch="false"/>
            <line number="149" hits="2" branch="false"/>
            <line number="150" hits="2" branch="false"/>
            <line number="151" hits="2" branch="false"/>
            <line number="152" hits="0" branch="false"/>
            <line number="153" hits="2" branch="false"/>
            <line number="154" hits="2" branch="false"/>
            <line number="155" hits="7" branch="false"/>
            <line number="156" hits="7" branch="false"/>
            <line number="157" hits="7" branch="false"/>
            <line number="158" hits="7" branch="false"/>
            <line number="175" hits="8" branch="false"/>
            <line number="176" hits="8" branch="false"/>
            <line number="177" hits="7" branch="false"/>
            <line number="180" hits="5" branch="false"/>
            <line number="181" hits="5" branch="false"/>
            <line number="183" hits="0" branch="false"/>
            <line number="184" hits="0" branch="false"/>
            <line number="185" hits="0" branch="false"/>
            <line number="186" hits="0" branch="false"/>
            <line number="187" hits="0" branch="false"/>
            <line number="188" hits="0" branch="false"/>
            <line number="191" hits="5" branch="false"/>
            <line number="192" hits="5" branch="false"/>
            <line number="194" hits="5" branch="false"/>
            <line number="195" hits="5" branch="false"/>
            <line number="196" hits="5" branch="false"/>
            <line number="197" hits="0" branch="false"/>
            <line number="198" hits="0" branch="false"/>
            <line number="199" hits="0" branch="false"/>
            <line number="200" hits="0" branch="false"/>
            <line number="201" hits="0" branch="false"/>
            <line number="202" hits="0" branch="false"/>
            <line number="203" hits="5" branch="false"/>
            <line number="204" hits="5" branch="false"/>
            <line number="205" hits="0" branch="false"/>
            <line number="206" hits="0" branch="false"/>
            <line number="207" hits="0" branch="false"/>
            <line number="208" hits="0" branch="false"/>
            <line number="209" hits="0" branch="false"/>
            <line number="210" hits="0" branch="false"/>
            <line number="211" hits="5" branch="false"/>
            <line number="212" hits="5" branch="false"/>
            <line number="214" hits="5" branch="false"/>
            <line number="216" hits="5" branch="false"/>
            <line number="217" hits="5" branch="false"/>
            <line number="218" hits="5" branch="false"/>
            <line number="219" hits="0" branch="false"/>
            <line number="220" hits="0" branch="false"/>
            <line number="221" hits="0" branch="false"/>
            <line number="222" hits="0" branch="false"/>
            <line number="223" hits="0" branch="false"/>
            <line number="224" hits="0" branch="false"/>
            <line number="225" hits="5" branch="false"/>
            <line number="226" hits="5" branch="false"/>
            <line number="227" hits="0" branch="false"/>
            <line number="228" hits="0" branch="false"/>
            <line number="229" hits="0" branch="false"/>
            <line number="230" hits="0" branch="false"/>
            <line number="231" hits="0" branch="false"/>
            <line number="232" hits="0" branch="false"/>
            <line number="233" hits="5" branch="false"/>
            <line number="234" hits="5" branch="false"/>
            <line number="236" hits="5" branch="false"/>
            <line number="237" hits="5" branch="false"/>
            <line number="238" hits="5" branch="false"/>
            <line number="239" hits="5" branch="false"/>
            <line number="240" hits="0" branch="false"/>
            <line number="241" hits="0" branch="false"/>
            <line number="242" hits="0" branch="false"/>
            <line number="243" hits="0" branch="false"/>
            <line number="244" hits="0" branch="false"/>
            <line number="245" hits="0" branch="false"/>
            <line number="246" hits="5" branch="false"/>
            <line number="247" hits="5" branch="false"/>
            <line number="248" hits="0" branch="false"/>
            <line number="249" hits="0" branch="false"/>
            <line number="250" hits="0" branch="false"/>
            <line number="251" hits="0" branch="false"/>
            <line number="252" hits="0" branch="false"/>
            <line number="253" hits="0" branch="false"/>
            <line number="254" hits="5" branch="false"/>
            <line number="255" hits="5" branch="false"/>
            <line number="257" hits="5" branch="false"/>
            <line number="258" hits="5" branch="false"/>
            <line number="259" hits="5" branch="false"/>
            <line number="260" hits="0" branch="false"/>
            <line number="261" hits="0" branch="false"/>
            <line number="262" hits="0" branch="false"/>
            <line number="263" hits="0" branch="false"/>
            <line number="264" hits="0" branch="false"/>
            <line number="265" hits="0" branch="false"/>
            <line number="266" hits="5" branch="false"/>
            <line number="267" hits="5" branch="false"/>
            <line number="268" hits="0" branch="false"/>
            <line number="269" hits="0" branch="false"/>
            <line number="270" hits="0" branch="false"/>
            <line number="271" hits="0" branch="false"/>
            <line number="272" hits="0" branch="false"/>
            <line number="273" hits="0" branch="false"/>
            <line number="274" hits="5" branch="false"/>
            <line number="275" hits="5" branch="false"/>
            <line number="277" hits="5" branch="false"/>
            <line number="278" hits="5" branch="false"/>
            <line number="294" hits="8" branch="false"/>
            <line number="295" hits="8" branch="false"/>
            <line number="296" hits="8" branch="false"/>
            <line number="297" hits="8" branch="false"/>
            <line number="298" hits="8" branch="false"/>
            <line number="299" hits="8" branch="false"/>
            <line number="300" hits="8" branch="false"/>
            <line number="301" hits="8" branch="false"/>
            <line number="302" hits="8" branch="false"/>
            <line number="303" hits="8" branch="false"/>
            <line number="304" hits="8" branch="false"/>
            <line number="305" hits="8" branch="false"/>
            <line number="306" hits="8" branch="false"/>
            <line number="307" hits="8" branch="false"/>
            <line number="308" hits="8" branch="false"/>
            <line number="309" hits="8" branch="false"/>
            <line number="310" hits="8" branch="false"/>
            <line number="311" hits="8" branch="false"/>
            <line number="312" hits="0" branch="false"/>
            <line number="313" hits="0" branch="false"/>
            <line number="314" hits="0" branch="false"/>
            <line number="315" hits="0" branch="false"/>
            <line number="316" hits="0" branch="false"/>
            <line number="317" hits="8" branch="false"/>
            <line number="318" hits="8" branch="false"/>
            <line number="324" hits="10" branch="false"/>
            <line number="325" hits="10" branch="false"/>
            <line number="326" hits="10" branch="false"/>
            <line number="327" hits="10" branch="false"/>
            <line number="328" hits="10" branch="false"/>
            <line number="329" hits="10" branch="false"/>
            <line number="330" hits="10" branch="false"/>
          </lines>
        </class>
        <class name="FileBlock.R" filename="R/FileBlock.R" line-rate="1" branch-rate="0" complexity="0">
          <methods>
            <method name="finalize" signature="" line-rate="1" branch-rate="0" complexity="0">
              <lines>
                <line number="16" hits="86" branch="false"/>
                <line number="30" hits="10" branch="false"/>
              </lines>
            </method>
            <method name="from_list" signature="" line-rate="0.871428571428571" branch-rate="0" complexity="0">
              <lines>
                <line number="57" hits="0" branch="false"/>
                <line number="33" hits="11" branch="false"/>
                <line number="34" hits="11" branch="false"/>
                <line number="35" hits="11" branch="false"/>
                <line number="36" hits="11" branch="false"/>
                <line number="37" hits="11" branch="false"/>
                <line number="38" hits="11" branch="false"/>
                <line number="39" hits="11" branch="false"/>
                <line number="40" hits="11" branch="false"/>
                <line number="41" hits="11" branch="false"/>
                <line number="81" hits="3" branch="false"/>
                <line number="82" hits="3" branch="false"/>
                <line number="83" hits="3" branch="false"/>
                <line number="84" hits="3" branch="false"/>
                <line number="85" hits="3" branch="false"/>
                <line number="219" hits="6" branch="false"/>
                <line number="220" hits="6" branch="false"/>
                <line number="221" hits="6" branch="false"/>
                <line number="222" hits="6" branch="false"/>
                <line number="223" hits="6" branch="false"/>
                <line number="224" hits="6" branch="false"/>
                <line number="225" hits="6" branch="false"/>
                <line number="226" hits="6" branch="false"/>
                <line number="227" hits="21" branch="false"/>
                <line number="228" hits="21" branch="false"/>
                <line number="229" hits="21" branch="false"/>
                <line number="230" hits="21" branch="false"/>
                <line number="231" hits="21" branch="false"/>
                <line number="232" hits="8" branch="false"/>
                <line number="233" hits="21" branch="false"/>
                <line number="234" hits="13" branch="false"/>
                <line number="235" hits="21" branch="false"/>
                <line number="236" hits="0" branch="false"/>
                <line number="237" hits="21" branch="false"/>
                <line number="238" hits="21" branch="false"/>
                <line number="240" hits="6" branch="false"/>
                <line number="241" hits="0" branch="false"/>
                <line number="243" hits="6" branch="false"/>
                <line number="244" hits="6" branch="false"/>
                <line number="256" hits="6" branch="false"/>
                <line number="257" hits="6" branch="false"/>
                <line number="258" hits="6" branch="false"/>
                <line number="259" hits="6" branch="false"/>
                <line number="260" hits="6" branch="false"/>
                <line number="261" hits="5" branch="false"/>
                <line number="262" hits="5" branch="false"/>
                <line number="263" hits="5" branch="false"/>
                <line number="264" hits="5" branch="false"/>
                <line number="265" hits="5" branch="false"/>
                <line number="266" hits="5" branch="false"/>
                <line number="267" hits="5" branch="false"/>
                <line number="268" hits="5" branch="false"/>
                <line number="269" hits="5" branch="false"/>
                <line number="270" hits="5" branch="false"/>
                <line number="273" hits="0" branch="false"/>
                <line number="274" hits="0" branch="false"/>
                <line number="275" hits="0" branch="false"/>
                <line number="276" hits="0" branch="false"/>
                <line number="277" hits="0" branch="false"/>
                <line number="278" hits="0" branch="false"/>
                <line number="280" hits="5" branch="false"/>
                <line number="281" hits="5" branch="false"/>
                <line number="282" hits="5" branch="false"/>
                <line number="283" hits="5" branch="false"/>
                <line number="284" hits="5" branch="false"/>
                <line number="80" hits="14" branch="false"/>
                <line number="81" hits="14" branch="false"/>
                <line number="82" hits="14" branch="false"/>
                <line number="83" hits="14" branch="false"/>
                <line number="84" hits="14" branch="false"/>
              </lines>
            </method>
            <method name="to_list" signature="" line-rate="0.96875" branch-rate="0" complexity="0">
              <lines>
                <line number="63" hits="0" branch="false"/>
                <line number="54" hits="21" branch="false"/>
                <line number="55" hits="21" branch="false"/>
                <line number="56" hits="21" branch="false"/>
                <line number="96" hits="3" branch="false"/>
                <line number="184" hits="11" branch="false"/>
                <line number="185" hits="11" branch="false"/>
                <line number="186" hits="36" branch="false"/>
                <line number="187" hits="36" branch="false"/>
                <line number="188" hits="36" branch="false"/>
                <line number="189" hits="13" branch="false"/>
                <line number="190" hits="36" branch="false"/>
                <line number="191" hits="23" branch="false"/>
                <line number="192" hits="36" branch="false"/>
                <line number="193" hits="36" branch="false"/>
                <line number="194" hits="36" branch="false"/>
                <line number="195" hits="36" branch="false"/>
                <line number="197" hits="11" branch="false"/>
                <line number="198" hits="11" branch="false"/>
                <line number="199" hits="11" branch="false"/>
                <line number="200" hits="11" branch="false"/>
                <line number="201" hits="11" branch="false"/>
                <line number="232" hits="14" branch="false"/>
                <line number="233" hits="12" branch="false"/>
                <line number="234" hits="12" branch="false"/>
                <line number="235" hits="12" branch="false"/>
                <line number="237" hits="10" branch="false"/>
                <line number="238" hits="10" branch="false"/>
                <line number="239" hits="10" branch="false"/>
                <line number="240" hits="10" branch="false"/>
                <line number="242" hits="12" branch="false"/>
                <line number="95" hits="24" branch="false"/>
              </lines>
            </method>
          </methods>
          <lines>
            <line number="16" hits="86" branch="false"/>
            <line number="33" hits="11" branch="false"/>
            <line number="34" hits="11" branch="false"/>
            <line number="35" hits="11" branch="false"/>
            <line number="36" hits="11" branch="false"/>
            <line number="37" hits="11" branch="false"/>
            <line number="38" hits="11" branch="false"/>
            <line number="39" hits="11" branch="false"/>
            <line number="40" hits="11" branch="false"/>
            <line number="41" hits="11" branch="false"/>
            <line number="54" hits="21" branch="false"/>
            <line number="55" hits="21" branch="false"/>
            <line number="56" hits="21" branch="false"/>
          </lines>
        </class>
        <class name="LoadReporterModule.R" filename="R/LoadReporterModule.R" line-rate="0.815533980582524" branch-rate="0" complexity="0">
          <methods>
            <method name="report_load_ui" signature="" line-rate="1" branch-rate="0" complexity="0">
              <lines>
                <line number="10" hits="2" branch="false"/>
                <line number="12" hits="2" branch="false"/>
                <line number="13" hits="2" branch="false"/>
                <line number="14" hits="2" branch="false"/>
                <line number="15" hits="2" branch="false"/>
                <line number="16" hits="2" branch="false"/>
                <line number="17" hits="2" branch="false"/>
                <line number="18" hits="2" branch="false"/>
                <line number="19" hits="2" branch="false"/>
                <line number="20" hits="2" branch="false"/>
                <line number="21" hits="2" branch="false"/>
                <line number="22" hits="2" branch="false"/>
                <line number="23" hits="2" branch="false"/>
                <line number="24" hits="2" branch="false"/>
                <line number="25" hits="2" branch="false"/>
                <line number="26" hits="2" branch="false"/>
              </lines>
            </method>
            <method name="report_load_srv" signature="" line-rate="1" branch-rate="0" complexity="0">
              <lines>
                <line number="41" hits="5" branch="false"/>
                <line number="43" hits="5" branch="false"/>
                <line number="44" hits="5" branch="false"/>
                <line number="45" hits="5" branch="false"/>
                <line number="46" hits="5" branch="false"/>
                <line number="47" hits="5" branch="false"/>
                <line number="49" hits="5" branch="false"/>
                <line number="50" hits="2" branch="false"/>
                <line number="51" hits="2" branch="false"/>
                <line number="52" hits="2" branch="false"/>
                <line number="53" hits="2" branch="false"/>
                <line number="54" hits="2" branch="false"/>
                <line number="55" hits="2" branch="false"/>
                <line number="56" hits="2" branch="false"/>
                <line number="57" hits="2" branch="false"/>
                <line number="58" hits="2" branch="false"/>
                <line number="59" hits="2" branch="false"/>
                <line number="60" hits="2" branch="false"/>
                <line number="61" hits="2" branch="false"/>
                <line number="62" hits="2" branch="false"/>
                <line number="63" hits="2" branch="false"/>
                <line number="64" hits="2" branch="false"/>
                <line number="65" hits="2" branch="false"/>
                <line number="66" hits="2" branch="false"/>
                <line number="67" hits="2" branch="false"/>
                <line number="68" hits="2" branch="false"/>
                <line number="69" hits="2" branch="false"/>
                <line number="70" hits="2" branch="false"/>
                <line number="71" hits="2" branch="false"/>
                <line number="72" hits="2" branch="false"/>
                <line number="73" hits="2" branch="false"/>
                <line number="74" hits="2" branch="false"/>
                <line number="75" hits="2" branch="false"/>
                <line number="76" hits="2" branch="false"/>
                <line number="77" hits="5" branch="false"/>
                <line number="79" hits="5" branch="false"/>
                <line number="80" hits="2" branch="false"/>
                <line number="81" hits="5" branch="false"/>
                <line number="83" hits="5" branch="false"/>
                <line number="84" hits="2" branch="false"/>
                <line number="85" hits="2" branch="false"/>
                <line number="86" hits="5" branch="false"/>
                <line number="87" hits="5" branch="false"/>
                <line number="88" hits="5" branch="false"/>
              </lines>
            </method>
            <method name="load_json_report" signature="" line-rate="0.558139534883721" branch-rate="0" complexity="0">
              <lines>
                <line number="93" hits="2" branch="false"/>
                <line number="94" hits="2" branch="false"/>
                <line number="95" hits="2" branch="false"/>
                <line number="96" hits="2" branch="false"/>
                <line number="97" hits="2" branch="false"/>
                <line number="98" hits="2" branch="false"/>
                <line number="99" hits="2" branch="false"/>
                <line number="100" hits="0" branch="false"/>
                <line number="101" hits="0" branch="false"/>
                <line number="102" hits="0" branch="false"/>
                <line number="103" hits="0" branch="false"/>
                <line number="104" hits="0" branch="false"/>
                <line number="105" hits="0" branch="false"/>
                <line number="106" hits="2" branch="false"/>
                <line number="107" hits="2" branch="false"/>
                <line number="108" hits="0" branch="false"/>
                <line number="109" hits="0" branch="false"/>
                <line number="110" hits="0" branch="false"/>
                <line number="111" hits="0" branch="false"/>
                <line number="112" hits="0" branch="false"/>
                <line number="113" hits="0" branch="false"/>
                <line number="114" hits="2" branch="false"/>
                <line number="115" hits="2" branch="false"/>
                <line number="116" hits="2" branch="false"/>
                <line number="117" hits="2" branch="false"/>
                <line number="118" hits="2" branch="false"/>
                <line number="119" hits="0" branch="false"/>
                <line number="120" hits="0" branch="false"/>
                <line number="121" hits="0" branch="false"/>
                <line number="122" hits="0" branch="false"/>
                <line number="123" hits="0" branch="false"/>
                <line number="124" hits="0" branch="false"/>
                <line number="125" hits="2" branch="false"/>
                <line number="126" hits="2" branch="false"/>
                <line number="127" hits="1" branch="false"/>
                <line number="128" hits="1" branch="false"/>
                <line number="129" hits="1" branch="false"/>
                <line number="130" hits="1" branch="false"/>
                <line number="131" hits="1" branch="false"/>
                <line number="132" hits="1" branch="false"/>
                <line number="133" hits="2" branch="false"/>
                <line number="134" hits="2" branch="false"/>
                <line number="137" hits="0" branch="false"/>
              </lines>
            </method>
          </methods>
          <lines>
            <line number="10" hits="2" branch="false"/>
            <line number="12" hits="2" branch="false"/>
            <line number="13" hits="2" branch="false"/>
            <line number="14" hits="2" branch="false"/>
            <line number="15" hits="2" branch="false"/>
            <line number="16" hits="2" branch="false"/>
            <line number="17" hits="2" branch="false"/>
            <line number="18" hits="2" branch="false"/>
            <line number="19" hits="2" branch="false"/>
            <line number="20" hits="2" branch="false"/>
            <line number="21" hits="2" branch="false"/>
            <line number="22" hits="2" branch="false"/>
            <line number="23" hits="2" branch="false"/>
            <line number="24" hits="2" branch="false"/>
            <line number="25" hits="2" branch="false"/>
            <line number="26" hits="2" branch="false"/>
            <line number="41" hits="5" branch="false"/>
            <line number="43" hits="5" branch="false"/>
            <line number="44" hits="5" branch="false"/>
            <line number="45" hits="5" branch="false"/>
            <line number="46" hits="5" branch="false"/>
            <line number="47" hits="5" branch="false"/>
            <line number="49" hits="5" branch="false"/>
            <line number="50" hits="2" branch="false"/>
            <line number="51" hits="2" branch="false"/>
            <line number="52" hits="2" branch="false"/>
            <line number="53" hits="2" branch="false"/>
            <line number="54" hits="2" branch="false"/>
            <line number="55" hits="2" branch="false"/>
            <line number="56" hits="2" branch="false"/>
            <line number="57" hits="2" branch="false"/>
            <line number="58" hits="2" branch="false"/>
            <line number="59" hits="2" branch="false"/>
            <line number="60" hits="2" branch="false"/>
            <line number="61" hits="2" branch="false"/>
            <line number="62" hits="2" branch="false"/>
            <line number="63" hits="2" branch="false"/>
            <line number="64" hits="2" branch="false"/>
            <line number="65" hits="2" branch="false"/>
            <line number="66" hits="2" branch="false"/>
            <line number="67" hits="2" branch="false"/>
            <line number="68" hits="2" branch="false"/>
            <line number="69" hits="2" branch="false"/>
            <line number="70" hits="2" branch="false"/>
            <line number="71" hits="2" branch="false"/>
            <line number="72" hits="2" branch="false"/>
            <line number="73" hits="2" branch="false"/>
            <line number="74" hits="2" branch="false"/>
            <line number="75" hits="2" branch="false"/>
            <line number="76" hits="2" branch="false"/>
            <line number="77" hits="5" branch="false"/>
            <line number="79" hits="5" branch="false"/>
            <line number="80" hits="2" branch="false"/>
            <line number="81" hits="5" branch="false"/>
            <line number="83" hits="5" branch="false"/>
            <line number="84" hits="2" branch="false"/>
            <line number="85" hits="2" branch="false"/>
            <line number="86" hits="5" branch="false"/>
            <line number="87" hits="5" branch="false"/>
            <line number="88" hits="5" branch="false"/>
            <line number="93" hits="2" branch="false"/>
            <line number="94" hits="2" branch="false"/>
            <line number="95" hits="2" branch="false"/>
            <line number="96" hits="2" branch="false"/>
            <line number="97" hits="2" branch="false"/>
            <line number="98" hits="2" branch="false"/>
            <line number="99" hits="2" branch="false"/>
            <line number="100" hits="0" branch="false"/>
            <line number="101" hits="0" branch="false"/>
            <line number="102" hits="0" branch="false"/>
            <line number="103" hits="0" branch="false"/>
            <line number="104" hits="0" branch="false"/>
            <line number="105" hits="0" branch="false"/>
            <line number="106" hits="2" branch="false"/>
            <line number="107" hits="2" branch="false"/>
[...]
            <line number="89" hits="0" branch="false"/>
            <line number="90" hits="0" branch="false"/>
            <line number="91" hits="0" branch="false"/>
            <line number="92" hits="0" branch="false"/>
            <line number="93" hits="0" branch="false"/>
            <line number="94" hits="0" branch="false"/>
            <line number="95" hits="0" branch="false"/>
            <line number="96" hits="0" branch="false"/>
            <line number="97" hits="0" branch="false"/>
            <line number="98" hits="1" branch="false"/>
            <line number="99" hits="0" branch="false"/>
            <line number="100" hits="1" branch="false"/>
            <line number="102" hits="0" branch="false"/>
            <line number="103" hits="0" branch="false"/>
            <line number="104" hits="0" branch="false"/>
            <line number="105" hits="0" branch="false"/>
            <line number="106" hits="0" branch="false"/>
            <line number="107" hits="0" branch="false"/>
            <line number="108" hits="0" branch="false"/>
            <line number="109" hits="0" branch="false"/>
            <line number="110" hits="1" branch="false"/>
            <line number="127" hits="14" branch="false"/>
            <line number="128" hits="2" branch="false"/>
            <line number="129" hits="2" branch="false"/>
            <line number="130" hits="2" branch="false"/>
            <line number="131" hits="2" branch="false"/>
            <line number="132" hits="2" branch="false"/>
            <line number="134" hits="2" branch="false"/>
            <line number="135" hits="2" branch="false"/>
            <line number="136" hits="2" branch="false"/>
            <line number="139" hits="2" branch="false"/>
            <line number="140" hits="2" branch="false"/>
            <line number="141" hits="2" branch="false"/>
            <line number="142" hits="2" branch="false"/>
            <line number="143" hits="2" branch="false"/>
            <line number="145" hits="2" branch="false"/>
            <line number="146" hits="2" branch="false"/>
            <line number="148" hits="2" branch="false"/>
            <line number="149" hits="2" branch="false"/>
            <line number="150" hits="2" branch="false"/>
            <line number="151" hits="2" branch="false"/>
            <line number="152" hits="2" branch="false"/>
            <line number="153" hits="2" branch="false"/>
            <line number="154" hits="2" branch="false"/>
            <line number="156" hits="2" branch="false"/>
            <line number="157" hits="2" branch="false"/>
            <line number="158" hits="2" branch="false"/>
            <line number="159" hits="2" branch="false"/>
            <line number="160" hits="2" branch="false"/>
            <line number="161" hits="2" branch="false"/>
            <line number="164" hits="2" branch="false"/>
            <line number="165" hits="2" branch="false"/>
            <line number="166" hits="2" branch="false"/>
            <line number="167" hits="0" branch="false"/>
            <line number="168" hits="2" branch="false"/>
            <line number="169" hits="2" branch="false"/>
            <line number="170" hits="2" branch="false"/>
            <line number="171" hits="12" branch="false"/>
            <line number="172" hits="11" branch="false"/>
            <line number="173" hits="11" branch="false"/>
            <line number="175" hits="1" branch="false"/>
            <line number="178" hits="13" branch="false"/>
            <line number="179" hits="0" branch="false"/>
            <line number="180" hits="0" branch="false"/>
            <line number="181" hits="0" branch="false"/>
            <line number="184" hits="13" branch="false"/>
            <line number="191" hits="14" branch="false"/>
            <line number="192" hits="14" branch="false"/>
            <line number="193" hits="14" branch="false"/>
            <line number="194" hits="14" branch="false"/>
            <line number="195" hits="14" branch="false"/>
            <line number="196" hits="14" branch="false"/>
            <line number="197" hits="14" branch="false"/>
            <line number="206" hits="71" branch="false"/>
            <line number="207" hits="71" branch="false"/>
            <line number="208" hits="71" branch="false"/>
            <line number="209" hits="71" branch="false"/>
            <line number="210" hits="3" branch="false"/>
            <line number="211" hits="71" branch="false"/>
            <line number="212" hits="71" branch="false"/>
            <line number="213" hits="71" branch="false"/>
            <line number="214" hits="71" branch="false"/>
            <line number="222" hits="5" branch="false"/>
            <line number="223" hits="5" branch="false"/>
            <line number="224" hits="5" branch="false"/>
            <line number="225" hits="5" branch="false"/>
            <line number="226" hits="2" branch="false"/>
            <line number="227" hits="5" branch="false"/>
            <line number="228" hits="5" branch="false"/>
            <line number="229" hits="5" branch="false"/>
            <line number="236" hits="5" branch="false"/>
            <line number="237" hits="2" branch="false"/>
            <line number="238" hits="5" branch="false"/>
            <line number="246" hits="3" branch="false"/>
            <line number="247" hits="3" branch="false"/>
            <line number="248" hits="3" branch="false"/>
            <line number="266" hits="2" branch="false"/>
            <line number="267" hits="2" branch="false"/>
            <line number="269" hits="2" branch="false"/>
            <line number="271" hits="2" branch="false"/>
            <line number="272" hits="1" branch="false"/>
            <line number="275" hits="1" branch="false"/>
            <line number="276" hits="1" branch="false"/>
            <line number="277" hits="1" branch="false"/>
            <line number="285" hits="0" branch="false"/>
            <line number="286" hits="0" branch="false"/>
            <line number="287" hits="0" branch="false"/>
            <line number="288" hits="0" branch="false"/>
            <line number="289" hits="0" branch="false"/>
            <line number="290" hits="0" branch="false"/>
            <line number="291" hits="0" branch="false"/>
            <line number="292" hits="0" branch="false"/>
            <line number="293" hits="0" branch="false"/>
            <line number="294" hits="0" branch="false"/>
          </lines>
        </class>
        <class name="yaml_utils.R" filename="R/yaml_utils.R" line-rate="0.975308641975309" branch-rate="0" complexity="0">
          <methods>
            <method name="yaml_quoted" signature="" line-rate="1" branch-rate="0" complexity="0">
              <lines>
                <line number="19" hits="2" branch="false"/>
                <line number="20" hits="2" branch="false"/>
              </lines>
            </method>
            <method name="md_header" signature="" line-rate="1" branch-rate="0" complexity="0">
              <lines>
                <line number="41" hits="14" branch="false"/>
              </lines>
            </method>
            <method name="conv_str_logi" signature="" line-rate="0.909090909090909" branch-rate="0" complexity="0">
              <lines>
                <line number="69" hits="18" branch="false"/>
                <line number="70" hits="17" branch="false"/>
                <line number="71" hits="17" branch="false"/>
                <line number="72" hits="17" branch="false"/>
                <line number="73" hits="17" branch="false"/>
                <line number="75" hits="17" branch="false"/>
                <line number="76" hits="17" branch="false"/>
                <line number="77" hits="15" branch="false"/>
                <line number="78" hits="0" branch="false"/>
                <line number="80" hits="15" branch="false"/>
                <line number="82" hits="2" branch="false"/>
              </lines>
            </method>
            <method name="rmd_outputs" signature="" line-rate="1" branch-rate="0" complexity="0">
              <lines>
                <line number="98" hits="18" branch="false"/>
                <line number="99" hits="18" branch="false"/>
              </lines>
            </method>
            <method name="rmd_output_arguments" signature="" line-rate="1" branch-rate="0" complexity="0">
              <lines>
                <line number="115" hits="17" branch="false"/>
                <line number="116" hits="17" branch="false"/>
                <line number="118" hits="16" branch="false"/>
                <line number="119" hits="16" branch="false"/>
                <line number="120" hits="14" branch="false"/>
                <line number="122" hits="2" branch="false"/>
              </lines>
            </method>
            <method name="as_yaml_auto" signature="" line-rate="1" branch-rate="0" complexity="0">
              <lines>
                <line number="197" hits="16" branch="false"/>
                <line number="198" hits="16" branch="false"/>
                <line number="199" hits="16" branch="false"/>
                <line number="200" hits="16" branch="false"/>
                <line number="202" hits="16" branch="false"/>
                <line number="203" hits="1" branch="false"/>
                <line number="205" hits="15" branch="false"/>
                <line number="208" hits="13" branch="false"/>
                <line number="209" hits="13" branch="false"/>
                <line number="210" hits="2" branch="false"/>
                <line number="212" hits="11" branch="false"/>
                <line number="213" hits="11" branch="false"/>
                <line number="216" hits="11" branch="false"/>
                <line number="217" hits="11" branch="false"/>
                <line number="218" hits="11" branch="false"/>
                <line number="219" hits="11" branch="false"/>
                <line number="220" hits="11" branch="false"/>
                <line number="221" hits="110" branch="false"/>
                <line number="222" hits="20" branch="false"/>
                <line number="223" hits="20" branch="false"/>
                <line number="224" hits="20" branch="false"/>
                <line number="225" hits="20" branch="false"/>
                <line number="230" hits="11" branch="false"/>
                <line number="231" hits="11" branch="false"/>
                <line number="232" hits="11" branch="false"/>
                <line number="233" hits="12" branch="false"/>
                <line number="234" hits="12" branch="false"/>
                <line number="235" hits="12" branch="false"/>
                <line number="237" hits="12" branch="false"/>
                <line number="238" hits="12" branch="false"/>
                <line number="239" hits="1" branch="false"/>
                <line number="242" hits="12" branch="false"/>
                <line number="243" hits="11" branch="false"/>
                <line number="244" hits="11" branch="false"/>
                <line number="245" hits="11" branch="false"/>
                <line number="246" hits="17" branch="false"/>
                <line number="247" hits="1" branch="false"/>
                <line number="248" hits="1" branch="false"/>
                <line number="249" hits="1" branch="false"/>
                <line number="250" hits="1" branch="false"/>
                <line number="251" hits="1" branch="false"/>
                <line number="252" hits="1" branch="false"/>
                <line number="253" hits="1" branch="false"/>
                <line number="254" hits="1" branch="false"/>
                <line number="258" hits="17" branch="false"/>
                <line number="260" hits="11" branch="false"/>
                <line number="262" hits="1" branch="false"/>
                <line number="268" hits="13" branch="false"/>
                <line number="269" hits="13" branch="false"/>
                <line number="270" hits="12" branch="false"/>
                <line number="272" hits="13" branch="false"/>
              </lines>
            </method>
            <method name="print.rmd_yaml_header" signature="" line-rate="0" branch-rate="0" complexity="0">
              <lines>
                <line number="289" hits="0" branch="false"/>
              </lines>
            </method>
            <method name="get_yaml_field" signature="" line-rate="1" branch-rate="0" complexity="0">
              <lines>
                <line number="305" hits="8" branch="false"/>
                <line number="306" hits="8" branch="false"/>
                <line number="308" hits="8" branch="false"/>
                <line number="310" hits="8" branch="false"/>
                <line number="311" hits="8" branch="false"/>
                <line number="312" hits="5" branch="false"/>
                <line number="314" hits="8" branch="false"/>
              </lines>
            </method>
          </methods>
          <lines>
            <line number="19" hits="2" branch="false"/>
            <line number="20" hits="2" branch="false"/>
            <line number="41" hits="14" branch="false"/>
            <line number="69" hits="18" branch="false"/>
            <line number="70" hits="17" branch="false"/>
            <line number="71" hits="17" branch="false"/>
            <line number="72" hits="17" branch="false"/>
            <line number="73" hits="17" branch="false"/>
            <line number="75" hits="17" branch="false"/>
            <line number="76" hits="17" branch="false"/>
            <line number="77" hits="15" branch="false"/>
            <line number="78" hits="0" branch="false"/>
            <line number="80" hits="15" branch="false"/>
            <line number="82" hits="2" branch="false"/>
            <line number="98" hits="18" branch="false"/>
            <line number="99" hits="18" branch="false"/>
            <line number="115" hits="17" branch="false"/>
            <line number="116" hits="17" branch="false"/>
            <line number="118" hits="16" branch="false"/>
            <line number="119" hits="16" branch="false"/>
            <line number="120" hits="14" branch="false"/>
            <line number="122" hits="2" branch="false"/>
            <line number="197" hits="16" branch="false"/>
            <line number="198" hits="16" branch="false"/>
            <line number="199" hits="16" branch="false"/>
            <line number="200" hits="16" branch="false"/>
            <line number="202" hits="16" branch="false"/>
            <line number="203" hits="1" branch="false"/>
            <line number="205" hits="15" branch="false"/>
            <line number="208" hits="13" branch="false"/>
            <line number="209" hits="13" branch="false"/>
            <line number="210" hits="2" branch="false"/>
            <line number="212" hits="11" branch="false"/>
            <line number="213" hits="11" branch="false"/>
            <line number="216" hits="11" branch="false"/>
            <line number="217" hits="11" branch="false"/>
            <line number="218" hits="11" branch="false"/>
            <line number="219" hits="11" branch="false"/>
            <line number="220" hits="11" branch="false"/>
            <line number="221" hits="110" branch="false"/>
            <line number="222" hits="20" branch="false"/>
            <line number="223" hits="20" branch="false"/>
            <line number="224" hits="20" branch="false"/>
            <line number="225" hits="20" branch="false"/>
            <line number="230" hits="11" branch="false"/>
            <line number="231" hits="11" branch="false"/>
            <line number="232" hits="11" branch="false"/>
            <line number="233" hits="12" branch="false"/>
            <line number="234" hits="12" branch="false"/>
            <line number="235" hits="12" branch="false"/>
            <line number="237" hits="12" branch="false"/>
            <line number="238" hits="12" branch="false"/>
            <line number="239" hits="1" branch="false"/>
            <line number="242" hits="12" branch="false"/>
            <line number="243" hits="11" branch="false"/>
            <line number="244" hits="11" branch="false"/>
            <line number="245" hits="11" branch="false"/>
            <line number="246" hits="17" branch="false"/>
            <line number="247" hits="1" branch="false"/>
            <line number="248" hits="1" branch="false"/>
            <line number="249" hits="1" branch="false"/>
            <line number="250" hits="1" branch="false"/>
            <line number="251" hits="1" branch="false"/>
            <line number="252" hits="1" branch="false"/>
            <line number="253" hits="1" branch="false"/>
            <line number="254" hits="1" branch="false"/>
            <line number="258" hits="17" branch="false"/>
            <line number="260" hits="11" branch="false"/>
            <line number="262" hits="1" branch="false"/>
            <line number="268" hits="13" branch="false"/>
            <line number="269" hits="13" branch="false"/>
            <line number="270" hits="12" branch="false"/>
            <line number="272" hits="13" branch="false"/>
            <line number="289" hits="0" branch="false"/>
            <line number="305" hits="8" branch="false"/>
            <line number="306" hits="8" branch="false"/>
            <line number="308" hits="8" branch="false"/>
            <line number="310" hits="8" branch="false"/>
            <line number="311" hits="8" branch="false"/>
            <line number="312" hits="5" branch="false"/>
            <line number="314" hits="8" branch="false"/>
          </lines>
        </class>
        <class name="zzz.R" filename="R/zzz.R" line-rate="0.285714285714286" branch-rate="0" complexity="0">
          <methods>
            <method name=".onLoad" signature="" line-rate="0" branch-rate="0" complexity="0">
              <lines>
                <line number="2" hits="0" branch="false"/>
                <line number="3" hits="0" branch="false"/>
                <line number="4" hits="0" branch="false"/>
                <line number="5" hits="0" branch="false"/>
                <line number="6" hits="0" branch="false"/>
                <line number="7" hits="0" branch="false"/>
                <line number="9" hits="0" branch="false"/>
                <line number="10" hits="0" branch="false"/>
                <line number="13" hits="0" branch="false"/>
              </lines>
            </method>
            <method name=".onAttach" signature="" line-rate="0.8" branch-rate="0" complexity="0">
              <lines>
                <line number="17" hits="2" branch="false"/>
                <line number="18" hits="2" branch="false"/>
                <line number="19" hits="0" branch="false"/>
                <line number="20" hits="2" branch="false"/>
                <line number="21" hits="2" branch="false"/>
              </lines>
            </method>
          </methods>
          <lines>
            <line number="2" hits="0" branch="false"/>
            <line number="3" hits="0" branch="false"/>
            <line number="4" hits="0" branch="false"/>
            <line number="5" hits="0" branch="false"/>
            <line number="6" hits="0" branch="false"/>
            <line number="7" hits="0" branch="false"/>
            <line number="9" hits="0" branch="false"/>
            <line number="10" hits="0" branch="false"/>
            <line number="13" hits="0" branch="false"/>
            <line number="17" hits="2" branch="false"/>
            <line number="18" hits="2" branch="false"/>
            <line number="19" hits="0" branch="false"/>
            <line number="20" hits="2" branch="false"/>
            <line number="21" hits="2" branch="false"/>
          </lines>
        </class>
      </classes>
    </package>
  </packages>
</coverage>
