<?xml version="1.0" encoding="UTF-8"?>
<!DOCTYPE coverage SYSTEM "https://raw.githubusercontent.com/cobertura/cobertura/master/cobertura/src/site/htdocs/xml/coverage-04.dtd">
<coverage line-rate="0.702488687782805" branch-rate="0" lines-covered="1242" lines-valid="1768" branches-covered="0" branches-valid="0" complexity="0" version="3.6.4" timestamp="2025-10-09 09:39:46.650475">
  <sources>
    <source>/__w/teal.reporter/teal.reporter/teal.reporter</source>
  </sources>
  <packages>
    <package name="teal.reporter" line-rate="0.702488687782805" branch-rate="0" complexity="0">
      <classes>
        <class name="add_card.R" filename="R/add_card.R" line-rate="0.976744186046512" branch-rate="0" complexity="0">
          <methods>
            <method name="add_card_button_ui" signature="" line-rate="1" branch-rate="0" complexity="0">
              <lines>
                <line number="46" hits="2" branch="false"/>
                <line number="47" hits="2" branch="false"/>
                <line number="48" hits="2" branch="false"/>
                <line number="49" hits="2" branch="false"/>
                <line number="50" hits="2" branch="false"/>
                <line number="51" hits="2" branch="false"/>
                <line number="52" hits="2" branch="false"/>
                <line number="53" hits="2" branch="false"/>
              </lines>
            </method>
            <method name="add_card_button_srv" signature="" line-rate="0.975206611570248" branch-rate="0" complexity="0">
              <lines>
                <line number="59" hits="15" branch="false"/>
                <line number="60" hits="15" branch="false"/>
                <line number="61" hits="15" branch="false"/>
                <line number="63" hits="15" branch="false"/>
                <line number="64" hits="15" branch="false"/>
                <line number="65" hits="15" branch="false"/>
                <line number="66" hits="15" branch="false"/>
                <line number="67" hits="15" branch="false"/>
                <line number="68" hits="15" branch="false"/>
                <line number="70" hits="15" branch="false"/>
                <line number="72" hits="15" branch="false"/>
                <line number="73" hits="12" branch="false"/>
                <line number="74" hits="12" branch="false"/>
                <line number="75" hits="12" branch="false"/>
                <line number="76" hits="12" branch="false"/>
                <line number="77" hits="12" branch="false"/>
                <line number="78" hits="12" branch="false"/>
                <line number="79" hits="12" branch="false"/>
                <line number="80" hits="12" branch="false"/>
                <line number="81" hits="12" branch="false"/>
                <line number="82" hits="12" branch="false"/>
                <line number="83" hits="12" branch="false"/>
                <line number="84" hits="12" branch="false"/>
                <line number="85" hits="12" branch="false"/>
                <line number="86" hits="12" branch="false"/>
                <line number="87" hits="12" branch="false"/>
                <line number="88" hits="12" branch="false"/>
                <line number="89" hits="12" branch="false"/>
                <line number="90" hits="12" branch="false"/>
                <line number="91" hits="12" branch="false"/>
                <line number="92" hits="12" branch="false"/>
                <line number="93" hits="12" branch="false"/>
                <line number="94" hits="12" branch="false"/>
                <line number="95" hits="12" branch="false"/>
                <line number="96" hits="12" branch="false"/>
                <line number="97" hits="12" branch="false"/>
                <line number="98" hits="12" branch="false"/>
                <line number="99" hits="12" branch="false"/>
                <line number="100" hits="12" branch="false"/>
                <line number="101" hits="12" branch="false"/>
                <line number="102" hits="12" branch="false"/>
                <line number="103" hits="12" branch="false"/>
                <line number="104" hits="12" branch="false"/>
                <line number="105" hits="12" branch="false"/>
                <line number="106" hits="12" branch="false"/>
                <line number="107" hits="12" branch="false"/>
                <line number="108" hits="12" branch="false"/>
                <line number="109" hits="12" branch="false"/>
                <line number="110" hits="12" branch="false"/>
                <line number="111" hits="12" branch="false"/>
                <line number="112" hits="12" branch="false"/>
                <line number="113" hits="12" branch="false"/>
                <line number="114" hits="12" branch="false"/>
                <line number="115" hits="12" branch="false"/>
                <line number="116" hits="12" branch="false"/>
                <line number="117" hits="12" branch="false"/>
                <line number="118" hits="12" branch="false"/>
                <line number="119" hits="15" branch="false"/>
                <line number="121" hits="15" branch="false"/>
                <line number="122" hits="12" branch="false"/>
                <line number="123" hits="15" branch="false"/>
                <line number="127" hits="15" branch="false"/>
                <line number="128" hits="12" branch="false"/>
                <line number="129" hits="12" branch="false"/>
                <line number="130" hits="12" branch="false"/>
                <line number="131" hits="12" branch="false"/>
                <line number="133" hits="12" branch="false"/>
                <line number="135" hits="12" branch="false"/>
                <line number="136" hits="4" branch="false"/>
                <line number="137" hits="15" branch="false"/>
                <line number="138" hits="12" branch="false"/>
                <line number="139" hits="0" branch="false"/>
                <line number="140" hits="15" branch="false"/>
                <line number="142" hits="12" branch="false"/>
                <line number="144" hits="12" branch="false"/>
                <line number="148" hits="9" branch="false"/>
                <line number="149" hits="9" branch="false"/>
                <line number="150" hits="9" branch="false"/>
                <line number="151" hits="9" branch="false"/>
                <line number="152" hits="9" branch="false"/>
                <line number="153" hits="9" branch="false"/>
                <line number="154" hits="9" branch="false"/>
                <line number="155" hits="15" branch="false"/>
                <line number="157" hits="12" branch="false"/>
                <line number="159" hits="12" branch="false"/>
                <line number="160" hits="3" branch="false"/>
                <line number="161" hits="3" branch="false"/>
                <line number="162" hits="3" branch="false"/>
                <line number="163" hits="3" branch="false"/>
                <line number="164" hits="3" branch="false"/>
                <line number="165" hits="3" branch="false"/>
                <line number="166" hits="3" branch="false"/>
                <line number="167" hits="3" branch="false"/>
                <line number="168" hits="3" branch="false"/>
                <line number="169" hits="3" branch="false"/>
                <line number="170" hits="3" branch="false"/>
                <line number="171" hits="15" branch="false"/>
                <line number="172" hits="9" branch="false"/>
                <line number="173" hits="9" branch="false"/>
                <line number="174" hits="1" branch="false"/>
                <line number="175" hits="1" branch="false"/>
                <line number="176" hits="1" branch="false"/>
                <line number="177" hits="15" branch="false"/>
                <line number="179" hits="1" branch="false"/>
                <line number="180" hits="0" branch="false"/>
                <line number="181" hits="15" branch="false"/>
                <line number="182" hits="8" branch="false"/>
                <line number="183" hits="8" branch="false"/>
                <line number="184" hits="1" branch="false"/>
                <line number="185" hits="15" branch="false"/>
                <line number="186" hits="8" branch="false"/>
                <line number="187" hits="0" branch="false"/>
                <line number="188" hits="15" branch="false"/>
                <line number="189" hits="15" branch="false"/>
                <line number="191" hits="9" branch="false"/>
                <line number="193" hits="9" branch="false"/>
                <line number="194" hits="9" branch="false"/>
                <line number="195" hits="9" branch="false"/>
                <line number="196" hits="15" branch="false"/>
                <line number="197" hits="15" branch="false"/>
                <line number="198" hits="15" branch="false"/>
              </lines>
            </method>
          </methods>
          <lines>
            <line number="46" hits="2" branch="false"/>
            <line number="47" hits="2" branch="false"/>
            <line number="48" hits="2" branch="false"/>
            <line number="49" hits="2" branch="false"/>
            <line number="50" hits="2" branch="false"/>
            <line number="51" hits="2" branch="false"/>
            <line number="52" hits="2" branch="false"/>
            <line number="53" hits="2" branch="false"/>
            <line number="59" hits="15" branch="false"/>
            <line number="60" hits="15" branch="false"/>
            <line number="61" hits="15" branch="false"/>
            <line number="63" hits="15" branch="false"/>
            <line number="64" hits="15" branch="false"/>
            <line number="65" hits="15" branch="false"/>
            <line number="66" hits="15" branch="false"/>
            <line number="67" hits="15" branch="false"/>
            <line number="68" hits="15" branch="false"/>
            <line number="70" hits="15" branch="false"/>
            <line number="72" hits="15" branch="false"/>
            <line number="73" hits="12" branch="false"/>
            <line number="74" hits="12" branch="false"/>
            <line number="75" hits="12" branch="false"/>
            <line number="76" hits="12" branch="false"/>
            <line number="77" hits="12" branch="false"/>
            <line number="78" hits="12" branch="false"/>
            <line number="79" hits="12" branch="false"/>
            <line number="80" hits="12" branch="false"/>
            <line number="81" hits="12" branch="false"/>
            <line number="82" hits="12" branch="false"/>
            <line number="83" hits="12" branch="false"/>
            <line number="84" hits="12" branch="false"/>
            <line number="85" hits="12" branch="false"/>
            <line number="86" hits="12" branch="false"/>
            <line number="87" hits="12" branch="false"/>
            <line number="88" hits="12" branch="false"/>
            <line number="89" hits="12" branch="false"/>
            <line number="90" hits="12" branch="false"/>
            <line number="91" hits="12" branch="false"/>
            <line number="92" hits="12" branch="false"/>
            <line number="93" hits="12" branch="false"/>
            <line number="94" hits="12" branch="false"/>
            <line number="95" hits="12" branch="false"/>
            <line number="96" hits="12" branch="false"/>
            <line number="97" hits="12" branch="false"/>
            <line number="98" hits="12" branch="false"/>
            <line number="99" hits="12" branch="false"/>
            <line number="100" hits="12" branch="false"/>
            <line number="101" hits="12" branch="false"/>
            <line number="102" hits="12" branch="false"/>
            <line number="103" hits="12" branch="false"/>
            <line number="104" hits="12" branch="false"/>
            <line number="105" hits="12" branch="false"/>
            <line number="106" hits="12" branch="false"/>
            <line number="107" hits="12" branch="false"/>
            <line number="108" hits="12" branch="false"/>
            <line number="109" hits="12" branch="false"/>
            <line number="110" hits="12" branch="false"/>
            <line number="111" hits="12" branch="false"/>
            <line number="112" hits="12" branch="false"/>
            <line number="113" hits="12" branch="false"/>
            <line number="114" hits="12" branch="false"/>
            <line number="115" hits="12" branch="false"/>
            <line number="116" hits="12" branch="false"/>
            <line number="117" hits="12" branch="false"/>
            <line number="118" hits="12" branch="false"/>
            <line number="119" hits="15" branch="false"/>
            <line number="121" hits="15" branch="false"/>
            <line number="122" hits="12" branch="false"/>
            <line number="123" hits="15" branch="false"/>
            <line number="127" hits="15" branch="false"/>
            <line number="128" hits="12" branch="false"/>
            <line number="129" hits="12" branch="false"/>
            <line number="130" hits="12" branch="false"/>
            <line number="131" hits="12" branch="false"/>
            <line number="133" hits="12" branch="false"/>
            <line number="135" hits="12" branch="false"/>
            <line number="136" hits="4" branch="false"/>
            <line number="137" hits="15" branch="false"/>
            <line number="138" hits="12" branch="false"/>
            <line number="139" hits="0" branch="false"/>
            <line number="140" hits="15" branch="false"/>
            <line number="142" hits="12" branch="false"/>
            <line number="144" hits="12" branch="false"/>
            <line number="148" hits="9" branch="false"/>
            <line number="149" hits="9" branch="false"/>
            <line number="150" hits="9" branch="false"/>
            <line number="151" hits="9" branch="false"/>
            <line number="152" hits="9" branch="false"/>
            <line number="153" hits="9" branch="false"/>
            <line number="154" hits="9" branch="false"/>
            <line number="155" hits="15" branch="false"/>
            <line number="157" hits="12" branch="false"/>
            <line number="159" hits="12" branch="false"/>
            <line number="160" hits="3" branch="false"/>
            <line number="161" hits="3" branch="false"/>
            <line number="162" hits="3" branch="false"/>
            <line number="163" hits="3" branch="false"/>
            <line number="164" hits="3" branch="false"/>
            <line number="165" hits="3" branch="false"/>
            <line number="166" hits="3" branch="false"/>
            <line number="167" hits="3" branch="false"/>
            <line number="168" hits="3" branch="false"/>
            <line number="169" hits="3" branch="false"/>
            <line number="170" hits="3" branch="false"/>
            <line number="171" hits="15" branch="false"/>
            <line number="172" hits="9" branch="false"/>
            <line number="173" hits="9" branch="false"/>
            <line number="174" hits="1" branch="false"/>
            <line number="175" hits="1" branch="false"/>
            <line number="176" hits="1" branch="false"/>
            <line number="177" hits="15" branch="false"/>
            <line number="179" hits="1" branch="false"/>
            <line number="180" hits="0" branch="false"/>
            <line number="181" hits="15" branch="false"/>
            <line number="182" hits="8" branch="false"/>
            <line number="183" hits="8" branch="false"/>
            <line number="184" hits="1" branch="false"/>
            <line number="185" hits="15" branch="false"/>
            <line number="186" hits="8" branch="false"/>
            <line number="187" hits="0" branch="false"/>
            <line number="188" hits="15" branch="false"/>
            <line number="189" hits="15" branch="false"/>
            <line number="191" hits="9" branch="false"/>
            <line number="193" hits="9" branch="false"/>
            <line number="194" hits="9" branch="false"/>
            <line number="195" hits="9" branch="false"/>
            <line number="196" hits="15" branch="false"/>
            <line number="197" hits="15" branch="false"/>
            <line number="198" hits="15" branch="false"/>
          </lines>
        </class>
        <class name="download.R" filename="R/download.R" line-rate="0.918918918918919" branch-rate="0" complexity="0">
          <methods>
            <method name="download_report_button_ui" signature="" line-rate="1" branch-rate="0" complexity="0">
              <lines>
                <line number="27" hits="3" branch="false"/>
                <line number="28" hits="3" branch="false"/>
                <line number="29" hits="3" branch="false"/>
                <line number="30" hits="3" branch="false"/>
                <line number="31" hits="3" branch="false"/>
                <line number="32" hits="3" branch="false"/>
                <line number="33" hits="3" branch="false"/>
              </lines>
            </method>
            <method name="download_report_button_srv" signature="" line-rate="0.923809523809524" branch-rate="0" complexity="0">
              <lines>
                <line number="43" hits="20" branch="false"/>
                <line number="44" hits="20" branch="false"/>
                <line number="45" hits="20" branch="false"/>
                <line number="46" hits="20" branch="false"/>
                <line number="47" hits="20" branch="false"/>
                <line number="48" hits="20" branch="false"/>
                <line number="49" hits="20" branch="false"/>
                <line number="50" hits="20" branch="false"/>
                <line number="51" hits="20" branch="false"/>
                <line number="52" hits="20" branch="false"/>
                <line number="53" hits="20" branch="false"/>
                <line number="54" hits="20" branch="false"/>
                <line number="55" hits="20" branch="false"/>
                <line number="56" hits="20" branch="false"/>
                <line number="57" hits="20" branch="false"/>
                <line number="58" hits="20" branch="false"/>
                <line number="59" hits="18" branch="false"/>
                <line number="61" hits="17" branch="false"/>
                <line number="62" hits="17" branch="false"/>
                <line number="64" hits="17" branch="false"/>
                <line number="66" hits="17" branch="false"/>
                <line number="67" hits="1" branch="false"/>
                <line number="68" hits="1" branch="false"/>
                <line number="69" hits="1" branch="false"/>
                <line number="70" hits="1" branch="false"/>
                <line number="71" hits="1" branch="false"/>
                <line number="72" hits="1" branch="false"/>
                <line number="73" hits="1" branch="false"/>
                <line number="74" hits="1" branch="false"/>
                <line number="75" hits="1" branch="false"/>
                <line number="76" hits="1" branch="false"/>
                <line number="78" hits="1" branch="false"/>
                <line number="79" hits="1" branch="false"/>
                <line number="80" hits="1" branch="false"/>
                <line number="81" hits="1" branch="false"/>
                <line number="82" hits="1" branch="false"/>
                <line number="83" hits="1" branch="false"/>
                <line number="84" hits="1" branch="false"/>
                <line number="85" hits="1" branch="false"/>
                <line number="86" hits="0" branch="false"/>
                <line number="87" hits="0" branch="false"/>
                <line number="88" hits="0" branch="false"/>
                <line number="89" hits="0" branch="false"/>
                <line number="90" hits="0" branch="false"/>
                <line number="91" hits="0" branch="false"/>
                <line number="92" hits="0" branch="false"/>
                <line number="93" hits="1" branch="false"/>
                <line number="94" hits="1" branch="false"/>
                <line number="95" hits="1" branch="false"/>
                <line number="96" hits="1" branch="false"/>
                <line number="97" hits="1" branch="false"/>
                <line number="98" hits="1" branch="false"/>
                <line number="99" hits="1" branch="false"/>
                <line number="100" hits="1" branch="false"/>
                <line number="101" hits="1" branch="false"/>
                <line number="102" hits="1" branch="false"/>
                <line number="103" hits="1" branch="false"/>
                <line number="104" hits="1" branch="false"/>
                <line number="105" hits="1" branch="false"/>
                <line number="106" hits="1" branch="false"/>
                <line number="107" hits="1" branch="false"/>
                <line number="108" hits="1" branch="false"/>
                <line number="109" hits="1" branch="false"/>
                <line number="110" hits="1" branch="false"/>
                <line number="111" hits="1" branch="false"/>
                <line number="112" hits="1" branch="false"/>
                <line number="113" hits="1" branch="false"/>
                <line number="114" hits="1" branch="false"/>
                <line number="115" hits="1" branch="false"/>
                <line number="116" hits="1" branch="false"/>
                <line number="117" hits="1" branch="false"/>
                <line number="118" hits="1" branch="false"/>
                <line number="119" hits="1" branch="false"/>
                <line number="120" hits="1" branch="false"/>
                <line number="121" hits="1" branch="false"/>
                <line number="122" hits="1" branch="false"/>
                <line number="123" hits="1" branch="false"/>
                <line number="124" hits="1" branch="false"/>
                <line number="125" hits="1" branch="false"/>
                <line number="126" hits="1" branch="false"/>
                <line number="127" hits="1" branch="false"/>
                <line number="128" hits="17" branch="false"/>
                <line number="130" hits="17" branch="false"/>
                <line number="131" hits="9" branch="false"/>
                <line number="132" hits="17" branch="false"/>
                <line number="134" hits="17" branch="false"/>
                <line number="136" hits="17" branch="false"/>
                <line number="137" hits="17" branch="false"/>
                <line number="138" hits="17" branch="false"/>
                <line number="139" hits="3" branch="false"/>
                <line number="140" hits="3" branch="false"/>
                <line number="141" hits="3" branch="false"/>
                <line number="142" hits="3" branch="false"/>
                <line number="143" hits="0" branch="false"/>
                <line number="144" hits="3" branch="false"/>
                <line number="145" hits="3" branch="false"/>
                <line number="146" hits="3" branch="false"/>
                <line number="147" hits="3" branch="false"/>
                <line number="148" hits="3" branch="false"/>
                <line number="149" hits="3" branch="false"/>
                <line number="150" hits="3" branch="false"/>
                <line number="151" hits="17" branch="false"/>
                <line number="152" hits="17" branch="false"/>
                <line number="153" hits="17" branch="false"/>
                <line number="154" hits="17" branch="false"/>
              </lines>
            </method>
            <method name="report_render_and_compress" signature="" line-rate="0.954545454545455" branch-rate="0" complexity="0">
              <lines>
                <line number="171" hits="8" branch="false"/>
                <line number="172" hits="8" branch="false"/>
                <line number="173" hits="7" branch="false"/>
                <line number="175" hits="5" branch="false"/>
                <line number="177" hits="5" branch="false"/>
                <line number="178" hits="5" branch="false"/>
                <line number="180" hits="5" branch="false"/>
                <line number="181" hits="5" branch="false"/>
                <line number="182" hits="5" branch="false"/>
                <line number="183" hits="5" branch="false"/>
                <line number="184" hits="5" branch="false"/>
                <line number="185" hits="5" branch="false"/>
                <line number="186" hits="5" branch="false"/>
                <line number="187" hits="5" branch="false"/>
                <line number="188" hits="5" branch="false"/>
                <line number="189" hits="0" branch="false"/>
                <line number="190" hits="0" branch="false"/>
                <line number="191" hits="5" branch="false"/>
                <line number="192" hits="5" branch="false"/>
                <line number="194" hits="5" branch="false"/>
                <line number="195" hits="5" branch="false"/>
                <line number="196" hits="5" branch="false"/>
                <line number="197" hits="5" branch="false"/>
                <line number="198" hits="5" branch="false"/>
                <line number="200" hits="5" branch="false"/>
                <line number="201" hits="5" branch="false"/>
                <line number="202" hits="5" branch="false"/>
                <line number="203" hits="5" branch="false"/>
                <line number="204" hits="5" branch="false"/>
                <line number="206" hits="5" branch="false"/>
                <line number="207" hits="5" branch="false"/>
                <line number="208" hits="5" branch="false"/>
                <line number="209" hits="5" branch="false"/>
                <line number="210" hits="5" branch="false"/>
                <line number="211" hits="5" branch="false"/>
                <line number="213" hits="5" branch="false"/>
                <line number="214" hits="5" branch="false"/>
                <line number="215" hits="5" branch="false"/>
                <line number="216" hits="5" branch="false"/>
                <line number="217" hits="5" branch="false"/>
                <line number="218" hits="5" branch="false"/>
                <line number="219" hits="5" branch="false"/>
                <line number="220" hits="5" branch="false"/>
                <line number="221" hits="5" branch="false"/>
              </lines>
            </method>
            <method name="reporter_download_inputs" signature="" line-rate="0.8" branch-rate="0" complexity="0">
              <lines>
                <line number="237" hits="1" branch="false"/>
                <line number="238" hits="1" branch="false"/>
                <line number="239" hits="1" branch="false"/>
                <line number="240" hits="1" branch="false"/>
                <line number="241" hits="1" branch="false"/>
                <line number="242" hits="1" branch="false"/>
                <line number="243" hits="1" branch="false"/>
                <line number="244" hits="1" branch="false"/>
                <line number="245" hits="1" branch="false"/>
                <line number="246" hits="1" branch="false"/>
                <line number="247" hits="1" branch="false"/>
                <line number="248" hits="1" branch="false"/>
                <line number="249" hits="1" branch="false"/>
                <line number="250" hits="1" branch="false"/>
                <line number="251" hits="1" branch="false"/>
                <line number="252" hits="1" branch="false"/>
                <line number="253" hits="1" branch="false"/>
                <line number="254" hits="1" branch="false"/>
                <line number="255" hits="0" branch="false"/>
                <line number="256" hits="0" branch="false"/>
                <line number="257" hits="0" branch="false"/>
                <line number="258" hits="0" branch="false"/>
                <line number="259" hits="0" branch="false"/>
                <line number="260" hits="1" branch="false"/>
                <line number="261" hits="1" branch="false"/>
              </lines>
            </method>
            <method name="any_rcode_block" signature="" line-rate="1" branch-rate="0" complexity="0">
              <lines>
                <line number="267" hits="3" branch="false"/>
              </lines>
            </method>
            <method name=".report_identifier" signature="" line-rate="1" branch-rate="0" complexity="0">
              <lines>
                <line number="271" hits="8" branch="false"/>
                <line number="272" hits="8" branch="false"/>
                <line number="273" hits="8" branch="false"/>
              </lines>
            </method>
          </methods>
          <lines>
            <line number="27" hits="3" branch="false"/>
            <line number="28" hits="3" branch="false"/>
            <line number="29" hits="3" branch="false"/>
            <line number="30" hits="3" branch="false"/>
            <line number="31" hits="3" branch="false"/>
            <line number="32" hits="3" branch="false"/>
            <line number="33" hits="3" branch="false"/>
            <line number="43" hits="20" branch="false"/>
            <line number="44" hits="20" branch="false"/>
            <line number="45" hits="20" branch="false"/>
            <line number="46" hits="20" branch="false"/>
            <line number="47" hits="20" branch="false"/>
            <line number="48" hits="20" branch="false"/>
            <line number="49" hits="20" branch="false"/>
            <line number="50" hits="20" branch="false"/>
            <line number="51" hits="20" branch="false"/>
            <line number="52" hits="20" branch="false"/>
            <line number="53" hits="20" branch="false"/>
            <line number="54" hits="20" branch="false"/>
            <line number="55" hits="20" branch="false"/>
            <line number="56" hits="20" branch="false"/>
            <line number="57" hits="20" branch="false"/>
            <line number="58" hits="20" branch="false"/>
            <line number="59" hits="18" branch="false"/>
            <line number="61" hits="17" branch="false"/>
            <line number="62" hits="17" branch="false"/>
            <line number="64" hits="17" branch="false"/>
            <line number="66" hits="17" branch="false"/>
            <line number="67" hits="1" branch="false"/>
            <line number="68" hits="1" branch="false"/>
            <line number="69" hits="1" branch="false"/>
            <line number="70" hits="1" branch="false"/>
            <line number="71" hits="1" branch="false"/>
            <line number="72" hits="1" branch="false"/>
            <line number="73" hits="1" branch="false"/>
            <line number="74" hits="1" branch="false"/>
            <line number="75" hits="1" branch="false"/>
            <line number="76" hits="1" branch="false"/>
            <line number="78" hits="1" branch="false"/>
            <line number="79" hits="1" branch="false"/>
            <line number="80" hits="1" branch="false"/>
            <line number="81" hits="1" branch="false"/>
            <line number="82" hits="1" branch="false"/>
            <line number="83" hits="1" branch="false"/>
            <line number="84" hits="1" branch="false"/>
            <line number="85" hits="1" branch="false"/>
            <line number="86" hits="0" branch="false"/>
            <line number="87" hits="0" branch="false"/>
            <line number="88" hits="0" branch="false"/>
            <line number="89" hits="0" branch="false"/>
            <line number="90" hits="0" branch="false"/>
            <line number="91" hits="0" branch="false"/>
            <line number="92" hits="0" branch="false"/>
            <line number="93" hits="1" branch="false"/>
            <line number="94" hits="1" branch="false"/>
            <line number="95" hits="1" branch="false"/>
            <line number="96" hits="1" branch="false"/>
            <line number="97" hits="1" branch="false"/>
            <line number="98" hits="1" branch="false"/>
            <line number="99" hits="1" branch="false"/>
            <line number="100" hits="1" branch="false"/>
            <line number="101" hits="1" branch="false"/>
            <line number="102" hits="1" branch="false"/>
            <line number="103" hits="1" branch="false"/>
            <line number="104" hits="1" branch="false"/>
            <line number="105" hits="1" branch="false"/>
            <line number="106" hits="1" branch="false"/>
            <line number="107" hits="1" branch="false"/>
            <line number="108" hits="1" branch="false"/>
            <line number="109" hits="1" branch="false"/>
            <line number="110" hits="1" branch="false"/>
            <line number="111" hits="1" branch="false"/>
            <line number="112" hits="1" branch="false"/>
            <line number="113" hits="1" branch="false"/>
            <line number="114" hits="1" branch="false"/>
            <line number="115" hits="1" branch="false"/>
            <line number="116" hits="1" branch="false"/>
            <line number="117" hits="1" branch="false"/>
            <line number="118" hits="1" branch="false"/>
            <line number="119" hits="1" branch="false"/>
            <line number="120" hits="1" branch="false"/>
            <line number="121" hits="1" branch="false"/>
            <line number="122" hits="1" branch="false"/>
            <line number="123" hits="1" branch="false"/>
            <line number="124" hits="1" branch="false"/>
            <line number="125" hits="1" branch="false"/>
            <line number="126" hits="1" branch="false"/>
            <line number="127" hits="1" branch="false"/>
            <line number="128" hits="17" branch="false"/>
            <line number="130" hits="17" branch="false"/>
            <line number="131" hits="9" branch="false"/>
            <line number="132" hits="17" branch="false"/>
            <line number="134" hits="17" branch="false"/>
            <line number="136" hits="17" branch="false"/>
            <line number="137" hits="17" branch="false"/>
            <line number="138" hits="17" branch="false"/>
            <line number="139" hits="3" branch="false"/>
            <line number="140" hits="3" branch="false"/>
            <line number="141" hits="3" branch="false"/>
            <line number="142" hits="3" branch="false"/>
            <line number="143" hits="0" branch="false"/>
            <line number="144" hits="3" branch="false"/>
            <line number="145" hits="3" branch="false"/>
            <line number="146" hits="3" branch="false"/>
            <line number="147" hits="3" branch="false"/>
            <line number="148" hits="3" branch="false"/>
            <line number="149" hits="3" branch="false"/>
            <line number="150" hits="3" branch="false"/>
            <line number="151" hits="17" branch="false"/>
            <line number="152" hits="17" branch="false"/>
            <line number="153" hits="17" branch="false"/>
            <line number="154" hits="17" branch="false"/>
            <line number="171" hits="8" branch="false"/>
            <line number="172" hits="8" branch="false"/>
            <line number="173" hits="7" branch="false"/>
            <line number="175" hits="5" branch="false"/>
            <line number="177" hits="5" branch="false"/>
            <line number="178" hits="5" branch="false"/>
            <line number="180" hits="5" branch="false"/>
            <line number="181" hits="5" branch="false"/>
            <line number="182" hits="5" branch="false"/>
            <line number="183" hits="5" branch="false"/>
            <line number="184" hits="5" branch="false"/>
            <line number="185" hits="5" branch="false"/>
            <line number="186" hits="5" branch="false"/>
            <line number="187" hits="5" branch="false"/>
            <line number="188" hits="5" branch="false"/>
            <line number="189" hits="0" branch="false"/>
            <line number="190" hits="0" branch="false"/>
            <line number="191" hits="5" branch="false"/>
            <line number="192" hits="5" branch="false"/>
            <line number="194" hits="5" branch="false"/>
            <line number="195" hits="5" branch="false"/>
            <line number="196" hits="5" branch="false"/>
            <line number="197" hits="5" branch="false"/>
            <line number="198" hits="5" branch="false"/>
            <line number="200" hits="5" branch="false"/>
            <line number="201" hits="5" branch="false"/>
            <line number="202" hits="5" branch="false"/>
            <line number="203" hits="5" branch="false"/>
            <line number="204" hits="5" branch="false"/>
            <line number="206" hits="5" branch="false"/>
            <line number="207" hits="5" branch="false"/>
            <line number="208" hits="5" branch="false"/>
            <line number="209" hits="5" branch="false"/>
            <line number="210" hits="5" branch="false"/>
            <line number="211" hits="5" branch="false"/>
            <line number="213" hits="5" branch="false"/>
            <line number="214" hits="5" branch="false"/>
            <line number="215" hits="5" branch="false"/>
            <line number="216" hits="5" branch="false"/>
            <line number="217" hits="5" branch="false"/>
            <line number="218" hits="5" branch="false"/>
            <line number="219" hits="5" branch="false"/>
            <line number="220" hits="5" branch="false"/>
            <line number="221" hits="5" branch="false"/>
            <line number="237" hits="1" branch="false"/>
            <line number="238" hits="1" branch="false"/>
            <line number="239" hits="1" branch="false"/>
            <line number="240" hits="1" branch="false"/>
            <line number="241" hits="1" branch="false"/>
            <line number="242" hits="1" branch="false"/>
            <line number="243" hits="1" branch="false"/>
            <line number="244" hits="1" branch="false"/>
            <line number="245" hits="1" branch="false"/>
            <line number="246" hits="1" branch="false"/>
            <line number="247" hits="1" branch="false"/>
            <line number="248" hits="1" branch="false"/>
            <line number="249" hits="1" branch="false"/>
            <line number="250" hits="1" branch="false"/>
            <line number="251" hits="1" branch="false"/>
            <line number="252" hits="1" branch="false"/>
            <line number="253" hits="1" branch="false"/>
            <line number="254" hits="1" branch="false"/>
            <line number="255" hits="0" branch="false"/>
            <line number="256" hits="0" branch="false"/>
            <line number="257" hits="0" branch="false"/>
            <line number="258" hits="0" branch="false"/>
            <line number="259" hits="0" branch="false"/>
            <line number="260" hits="1" branch="false"/>
            <line number="261" hits="1" branch="false"/>
            <line number="267" hits="3" branch="false"/>
            <line number="271" hits="8" branch="false"/>
            <line number="272" hits="8" branch="false"/>
            <line number="273" hits="8" branch="false"/>
          </lines>
        </class>
        <class name="editor_block.R" filename="R/editor_block.R" line-rate="0" branch-rate="0" complexity="0">
          <methods>
            <method name="ui_editor_block" signature="" line-rate="0" branch-rate="0" complexity="0">
              <lines>
                <line number="4" hits="0" branch="false"/>
              </lines>
            </method>
            <method name="srv_editor_block" signature="" line-rate="0" branch-rate="0" complexity="0">
              <lines>
                <line number="44" hits="0" branch="false"/>
              </lines>
            </method>
            <method name="ui_editor_block.default" signature="" line-rate="0" branch-rate="0" complexity="0">
              <lines>
                <line number="49" hits="0" branch="false"/>
              </lines>
            </method>
            <method name="srv_editor_block.default" signature="" line-rate="0" branch-rate="0" complexity="0">
              <lines>
                <line number="54" hits="0" branch="false"/>
              </lines>
            </method>
            <method name=".ui_editor_block" signature="" line-rate="0" branch-rate="0" complexity="0">
              <lines>
                <line number="59" hits="0" branch="false"/>
              </lines>
            </method>
            <method name=".srv_editor_block" signature="" line-rate="0" branch-rate="0" complexity="0">
              <lines>
                <line number="64" hits="0" branch="false"/>
              </lines>
            </method>
            <method name=".ui_editor_block.default" signature="" line-rate="0" branch-rate="0" complexity="0">
              <lines>
                <line number="69" hits="0" branch="false"/>
                <line number="70" hits="0" branch="false"/>
                <line number="71" hits="0" branch="false"/>
                <line number="72" hits="0" branch="false"/>
                <line number="74" hits="0" branch="false"/>
                <line number="75" hits="0" branch="false"/>
                <line number="76" hits="0" branch="false"/>
                <line number="77" hits="0" branch="false"/>
                <line number="78" hits="0" branch="false"/>
                <line number="79" hits="0" branch="false"/>
                <line number="80" hits="0" branch="false"/>
                <line number="81" hits="0" branch="false"/>
                <line number="82" hits="0" branch="false"/>
                <line number="83" hits="0" branch="false"/>
                <line number="84" hits="0" branch="false"/>
              </lines>
            </method>
            <method name=".srv_editor_block.default" signature="" line-rate="0" branch-rate="0" complexity="0">
              <lines>
                <line number="89" hits="0" branch="false"/>
              </lines>
            </method>
            <method name=".ui_editor_block.character" signature="" line-rate="0" branch-rate="0" complexity="0">
              <lines>
                <line number="94" hits="0" branch="false"/>
                <line number="95" hits="0" branch="false"/>
                <line number="96" hits="0" branch="false"/>
                <line number="97" hits="0" branch="false"/>
                <line number="98" hits="0" branch="false"/>
              </lines>
            </method>
            <method name=".srv_editor_block.character" signature="" line-rate="0" branch-rate="0" complexity="0">
              <lines>
                <line number="103" hits="0" branch="false"/>
              </lines>
            </method>
          </methods>
          <lines>
            <line number="4" hits="0" branch="false"/>
            <line number="44" hits="0" branch="false"/>
            <line number="49" hits="0" branch="false"/>
            <line number="54" hits="0" branch="false"/>
            <line number="59" hits="0" branch="false"/>
            <line number="64" hits="0" branch="false"/>
            <line number="69" hits="0" branch="false"/>
            <line number="70" hits="0" branch="false"/>
            <line number="71" hits="0" branch="false"/>
            <line number="72" hits="0" branch="false"/>
            <line number="74" hits="0" branch="false"/>
            <line number="75" hits="0" branch="false"/>
            <line number="76" hits="0" branch="false"/>
            <line number="77" hits="0" branch="false"/>
            <line number="78" hits="0" branch="false"/>
            <line number="79" hits="0" branch="false"/>
            <line number="80" hits="0" branch="false"/>
            <line number="81" hits="0" branch="false"/>
            <line number="82" hits="0" branch="false"/>
            <line number="83" hits="0" branch="false"/>
            <line number="84" hits="0" branch="false"/>
            <line number="89" hits="0" branch="false"/>
            <line number="94" hits="0" branch="false"/>
            <line number="95" hits="0" branch="false"/>
            <line number="96" hits="0" branch="false"/>
            <line number="97" hits="0" branch="false"/>
            <line number="98" hits="0" branch="false"/>
            <line number="103" hits="0" branch="false"/>
          </lines>
        </class>
        <class name="editor_card.R" filename="R/editor_card.R" line-rate="0" branch-rate="0" complexity="0">
          <methods>
            <method name="ui_card_editor" signature="" line-rate="0" branch-rate="0" complexity="0">
              <lines>
                <line number="2" hits="0" branch="false"/>
                <line number="3" hits="0" branch="false"/>
                <line number="4" hits="0" branch="false"/>
                <line number="5" hits="0" branch="false"/>
                <line number="6" hits="0" branch="false"/>
                <line number="7" hits="0" branch="false"/>
                <line number="8" hits="0" branch="false"/>
                <line number="9" hits="0" branch="false"/>
                <line number="10" hits="0" branch="false"/>
                <line number="11" hits="0" branch="false"/>
                <line number="12" hits="0" branch="false"/>
                <line number="13" hits="0" branch="false"/>
                <line number="14" hits="0" branch="false"/>
                <line number="15" hits="0" branch="false"/>
              </lines>
            </method>
            <method name="srv_card_editor" signature="" line-rate="0" branch-rate="0" complexity="0">
              <lines>
                <line number="19" hits="0" branch="false"/>
                <line number="20" hits="0" branch="false"/>
                <line number="21" hits="0" branch="false"/>
                <line number="23" hits="0" branch="false"/>
                <line number="24" hits="0" branch="false"/>
                <line number="25" hits="0" branch="false"/>
                <line number="26" hits="0" branch="false"/>
                <line number="27" hits="0" branch="false"/>
                <line number="29" hits="0" branch="false"/>
                <line number="30" hits="0" branch="false"/>
                <line number="31" hits="0" branch="false"/>
                <line number="32" hits="0" branch="false"/>
                <line number="33" hits="0" branch="false"/>
                <line number="35" hits="0" branch="false"/>
                <line number="36" hits="0" branch="false"/>
                <line number="37" hits="0" branch="false"/>
                <line number="38" hits="0" branch="false"/>
                <line number="39" hits="0" branch="false"/>
                <line number="40" hits="0" branch="false"/>
                <line number="41" hits="0" branch="false"/>
                <line number="42" hits="0" branch="false"/>
                <line number="43" hits="0" branch="false"/>
                <line number="44" hits="0" branch="false"/>
                <line number="46" hits="0" branch="false"/>
                <line number="47" hits="0" branch="false"/>
                <line number="48" hits="0" branch="false"/>
                <line number="49" hits="0" branch="false"/>
                <line number="51" hits="0" branch="false"/>
                <line number="52" hits="0" branch="false"/>
              </lines>
            </method>
          </methods>
          <lines>
            <line number="2" hits="0" branch="false"/>
            <line number="3" hits="0" branch="false"/>
            <line number="4" hits="0" branch="false"/>
            <line number="5" hits="0" branch="false"/>
            <line number="6" hits="0" branch="false"/>
            <line number="7" hits="0" branch="false"/>
            <line number="8" hits="0" branch="false"/>
            <line number="9" hits="0" branch="false"/>
            <line number="10" hits="0" branch="false"/>
            <line number="11" hits="0" branch="false"/>
            <line number="12" hits="0" branch="false"/>
            <line number="13" hits="0" branch="false"/>
            <line number="14" hits="0" branch="false"/>
            <line number="15" hits="0" branch="false"/>
            <line number="19" hits="0" branch="false"/>
            <line number="20" hits="0" branch="false"/>
            <line number="21" hits="0" branch="false"/>
            <line number="23" hits="0" branch="false"/>
            <line number="24" hits="0" branch="false"/>
            <line number="25" hits="0" branch="false"/>
            <line number="26" hits="0" branch="false"/>
            <line number="27" hits="0" branch="false"/>
            <line number="29" hits="0" branch="false"/>
            <line number="30" hits="0" branch="false"/>
            <line number="31" hits="0" branch="false"/>
            <line number="32" hits="0" branch="false"/>
            <line number="33" hits="0" branch="false"/>
            <line number="35" hits="0" branch="false"/>
            <line number="36" hits="0" branch="false"/>
            <line number="37" hits="0" branch="false"/>
            <line number="38" hits="0" branch="false"/>
            <line number="39" hits="0" branch="false"/>
            <line number="40" hits="0" branch="false"/>
            <line number="41" hits="0" branch="false"/>
            <line number="42" hits="0" branch="false"/>
            <line number="43" hits="0" branch="false"/>
            <line number="44" hits="0" branch="false"/>
            <line number="46" hits="0" branch="false"/>
            <line number="47" hits="0" branch="false"/>
            <line number="48" hits="0" branch="false"/>
            <line number="49" hits="0" branch="false"/>
            <line number="51" hits="0" branch="false"/>
            <line number="52" hits="0" branch="false"/>
          </lines>
        </class>
        <class name="LoadReporterModule.R" filename="R/LoadReporterModule.R" line-rate="0.768518518518518" branch-rate="0" complexity="0">
          <methods>
            <method name="report_load_ui" signature="" line-rate="1" branch-rate="0" complexity="0">
              <lines>
                <line number="20" hits="3" branch="false"/>
                <line number="21" hits="3" branch="false"/>
                <line number="22" hits="3" branch="false"/>
                <line number="23" hits="3" branch="false"/>
                <line number="24" hits="3" branch="false"/>
                <line number="25" hits="3" branch="false"/>
                <line number="26" hits="3" branch="false"/>
              </lines>
            </method>
            <method name="report_load_srv" signature="" line-rate="1" branch-rate="0" complexity="0">
              <lines>
                <line number="33" hits="15" branch="false"/>
                <line number="35" hits="15" branch="false"/>
                <line number="36" hits="15" branch="false"/>
                <line number="37" hits="15" branch="false"/>
                <line number="38" hits="15" branch="false"/>
                <line number="39" hits="15" branch="false"/>
                <line number="41" hits="15" branch="false"/>
                <line number="42" hits="3" branch="false"/>
                <line number="43" hits="3" branch="false"/>
                <line number="44" hits="3" branch="false"/>
                <line number="45" hits="3" branch="false"/>
                <line number="46" hits="3" branch="false"/>
                <line number="47" hits="3" branch="false"/>
                <line number="48" hits="3" branch="false"/>
                <line number="49" hits="3" branch="false"/>
                <line number="50" hits="3" branch="false"/>
                <line number="51" hits="3" branch="false"/>
                <line number="52" hits="3" branch="false"/>
                <line number="53" hits="3" branch="false"/>
                <line number="54" hits="3" branch="false"/>
                <line number="55" hits="3" branch="false"/>
                <line number="56" hits="3" branch="false"/>
                <line number="57" hits="3" branch="false"/>
                <line number="58" hits="3" branch="false"/>
                <line number="59" hits="3" branch="false"/>
                <line number="60" hits="3" branch="false"/>
                <line number="61" hits="3" branch="false"/>
                <line number="62" hits="3" branch="false"/>
                <line number="63" hits="3" branch="false"/>
                <line number="64" hits="3" branch="false"/>
                <line number="65" hits="3" branch="false"/>
                <line number="66" hits="3" branch="false"/>
                <line number="67" hits="3" branch="false"/>
                <line number="68" hits="3" branch="false"/>
                <line number="69" hits="3" branch="false"/>
                <line number="70" hits="3" branch="false"/>
                <line number="71" hits="3" branch="false"/>
                <line number="72" hits="3" branch="false"/>
                <line number="73" hits="3" branch="false"/>
                <line number="74" hits="15" branch="false"/>
                <line number="76" hits="15" branch="false"/>
                <line number="77" hits="3" branch="false"/>
                <line number="78" hits="15" branch="false"/>
                <line number="80" hits="15" branch="false"/>
                <line number="81" hits="3" branch="false"/>
                <line number="82" hits="15" branch="false"/>
                <line number="84" hits="15" branch="false"/>
                <line number="85" hits="3" branch="false"/>
                <line number="86" hits="3" branch="false"/>
                <line number="87" hits="15" branch="false"/>
                <line number="88" hits="15" branch="false"/>
                <line number="89" hits="15" branch="false"/>
              </lines>
            </method>
            <method name="load_json_report" signature="" line-rate="0.489795918367347" branch-rate="0" complexity="0">
              <lines>
                <line number="94" hits="3" branch="false"/>
                <line number="95" hits="3" branch="false"/>
                <line number="96" hits="3" branch="false"/>
                <line number="97" hits="3" branch="false"/>
                <line number="98" hits="3" branch="false"/>
                <line number="99" hits="3" branch="false"/>
                <line number="100" hits="3" branch="false"/>
                <line number="101" hits="0" branch="false"/>
                <line number="102" hits="0" branch="false"/>
                <line number="103" hits="0" branch="false"/>
                <line number="104" hits="0" branch="false"/>
                <line number="105" hits="0" branch="false"/>
                <line number="106" hits="0" branch="false"/>
                <line number="107" hits="3" branch="false"/>
                <line number="108" hits="3" branch="false"/>
                <line number="109" hits="0" branch="false"/>
                <line number="110" hits="0" branch="false"/>
                <line number="111" hits="0" branch="false"/>
                <line number="112" hits="0" branch="false"/>
                <line number="113" hits="0" branch="false"/>
                <line number="114" hits="0" branch="false"/>
                <line number="115" hits="3" branch="false"/>
                <line number="116" hits="3" branch="false"/>
                <line number="117" hits="3" branch="false"/>
                <line number="118" hits="3" branch="false"/>
                <line number="119" hits="3" branch="false"/>
                <line number="120" hits="0" branch="false"/>
                <line number="121" hits="0" branch="false"/>
                <line number="122" hits="0" branch="false"/>
                <line number="123" hits="0" branch="false"/>
                <line number="124" hits="0" branch="false"/>
                <line number="125" hits="0" branch="false"/>
                <line number="126" hits="3" branch="false"/>
                <line number="127" hits="3" branch="false"/>
                <line number="128" hits="1" branch="false"/>
                <line number="129" hits="1" branch="false"/>
                <line number="130" hits="1" branch="false"/>
                <line number="131" hits="1" branch="false"/>
                <line number="132" hits="1" branch="false"/>
                <line number="133" hits="1" branch="false"/>
                <line number="134" hits="3" branch="false"/>
                <line number="135" hits="3" branch="false"/>
                <line number="137" hits="0" branch="false"/>
                <line number="138" hits="0" branch="false"/>
                <line number="139" hits="0" branch="false"/>
                <line number="140" hits="0" branch="false"/>
                <line number="141" hits="0" branch="false"/>
                <line number="142" hits="0" branch="false"/>
                <line number="143" hits="0" branch="false"/>
              </lines>
            </method>
          </methods>
          <lines>
            <line number="20" hits="3" branch="false"/>
            <line number="21" hits="3" branch="false"/>
            <line number="22" hits="3" branch="false"/>
            <line number="23" hits="3" branch="false"/>
            <line number="24" hits="3" branch="false"/>
            <line number="25" hits="3" branch="false"/>
            <line number="26" hits="3" branch="false"/>
            <line number="33" hits="15" branch="false"/>
            <line number="35" hits="15" branch="false"/>
            <line number="36" hits="15" branch="false"/>
            <line number="37" hits="15" branch="false"/>
            <line number="38" hits="15" branch="false"/>
            <line number="39" hits="15" branch="false"/>
            <line number="41" hits="15" branch="false"/>
            <line number="42" hits="3" branch="false"/>
            <line number="43" hits="3" branch="false"/>
            <line number="44" hits="3" branch="false"/>
            <line number="45" hits="3" branch="false"/>
            <line number="46" hits="3" branch="false"/>
            <line number="47" hits="3" branch="false"/>
            <line number="48" hits="3" branch="false"/>
            <line number="49" hits="3" branch="false"/>
            <line number="50" hits="3" branch="false"/>
            <line number="51" hits="3" branch="false"/>
            <line number="52" hits="3" branch="false"/>
            <line number="53" hits="3" branch="false"/>
            <line number="54" hits="3" branch="false"/>
            <line number="55" hits="3" branch="false"/>
            <line number="56" hits="3" branch="false"/>
            <line number="57" hits="3" branch="false"/>
            <line number="58" hits="3" branch="false"/>
            <line number="59" hits="3" branch="false"/>
            <line number="60" hits="3" branch="false"/>
            <line number="61" hits="3" branch="false"/>
            <line number="62" hits="3" branch="false"/>
            <line number="63" hits="3" branch="false"/>
            <line number="64" hits="3" branch="false"/>
            <line number="65" hits="3" branch="false"/>
            <line number="66" hits="3" branch="false"/>
            <line number="67" hits="3" branch="false"/>
            <line number="68" hits="3" branch="false"/>
            <line number="69" hits="3" branch="false"/>
            <line number="70" hits="3" branch="false"/>
            <line number="71" hits="3" branch="false"/>
            <line number="72" hits="3" branch="false"/>
            <line number="73" hits="3" branch="false"/>
            <line number="74" hits="15" branch="false"/>
            <line number="76" hits="15" branch="false"/>
            <line number="77" hits="3" branch="false"/>
            <line number="78" hits="15" branch="false"/>
            <line number="80" hits="15" branch="false"/>
            <line number="81" hits="3" branch="false"/>
            <line number="82" hits="15" branch="false"/>
            <line number="84" hits="15" branch="false"/>
            <line number="85" hits="3" branch="false"/>
            <line number="86" hits="3" branch="false"/>
            <line number="87" hits="15" branch="false"/>
            <line number="88" hits="15" branch="false"/>
            <line number="89" hits="15" branch="false"/>
            <line number="94" hits="3" branch="false"/>
            <line number="95" hits="3" branch="false"/>
            <line number="96" hits="3" branch="false"/>
            <line number="97" hits="3" branch="false"/>
            <line number="98" hits="3" branch="false"/>
            <line number="99" hits="3" branch="false"/>
            <line number="100" hits="3" branch="false"/>
            <line number="101" hits="0" branch="false"/>
            <line number="102" hits="0" branch="false"/>
            <line number="103" hits="0" branch="false"/>
            <line number="104" hits="0" branch="false"/>
            <line number="105" hits="0" branch="false"/>
            <line number="106" hits="0" branch="false"/>
            <line number="107" hits="3" branch="false"/>
            <line number="108" hits="3" branch="false"/>
            <line number="109" hits="0" branch="false"/>
            <line number="110" hits="0" branch="false"/>
            <line number="111" hits="0" branch="false"/>
            <line number="112" hits="0" branch="false"/>
            <line number="113" hits="0" branch="false"/>
            <line number="114" hits="0" branch="false"/>
            <line number="115" hits="3" branch="false"/>
            <line number="116" hits="3" branch="false"/>
            <line number="117" hits="3" branch="false"/>
            <line number="118" hits="3" branch="false"/>
            <line number="119" hits="3" branch="false"/>
            <line number="120" hits="0" branch="false"/>
            <line number="121" hits="0" branch="false"/>
            <line number="122" hits="0" branch="false"/>
            <line number="123" hits="0" branch="false"/>
            <line number="124" hits="0" branch="false"/>
            <line number="125" hits="0" branch="false"/>
            <line number="126" hits="3" branch="false"/>
            <line number="127" hits="3" branch="false"/>
            <line number="128" hits="1" branch="false"/>
            <line number="129" hits="1" branch="false"/>
            <line number="130" hits="1" branch="false"/>
            <line number="131" hits="1" branch="false"/>
            <line number="132" hits="1" branch="false"/>
            <line number="133" hits="1" branch="false"/>
            <line number="134" hits="3" branch="false"/>
            <line number="135" hits="3" branch="false"/>
            <line number="137" hits="0" branch="false"/>
            <line number="138" hits="0" branch="false"/>
            <line number="139" hits="0" branch="false"/>
            <line number="140" hits="0" branch="false"/>
            <line number="141" hits="0" branch="false"/>
            <line number="142" hits="0" branch="false"/>
            <line number="143" hits="0" branch="false"/>
          </lines>
        </class>
        <class name="previewer_card_actions.R" filename="R/previewer_card_actions.R" line-rate="0" branch-rate="0" complexity="0">
          <methods>
            <method name="ui_previewer_card_actions" signature="" line-rate="0" branch-rate="0" complexity="0">
              <lines>
                <line number="2" hits="0" branch="false"/>
                <line number="3" hits="0" branch="false"/>
                <line number="4" hits="0" branch="false"/>
                <line number="5" hits="0" branch="false"/>
                <line number="6" hits="0" branch="false"/>
                <line number="7" hits="0" branch="false"/>
                <line number="8" hits="0" branch="false"/>
                <line number="9" hits="0" branch="false"/>
                <line number="10" hits="0" branch="false"/>
                <line number="11" hits="0" branch="false"/>
                <line number="12" hits="0" branch="false"/>
                <line number="13" hits="0" branch="false"/>
                <line number="14" hits="0" branch="false"/>
                <line number="15" hits="0" branch="false"/>
                <line number="16" hits="0" branch="false"/>
                <line number="17" hits="0" branch="false"/>
                <line number="18" hits="0" branch="false"/>
              </lines>
            </method>
            <method name="srv_previewer_card_actions" signature="" line-rate="0" branch-rate="0" complexity="0">
              <lines>
                <line number="22" hits="0" branch="false"/>
                <line number="23" hits="0" branch="false"/>
                <line number="26" hits="0" branch="false"/>
                <line number="27" hits="0" branch="false"/>
                <line number="28" hits="0" branch="false"/>
                <line number="30" hits="0" branch="false"/>
                <line number="31" hits="0" branch="false"/>
                <line number="32" hits="0" branch="false"/>
                <line number="33" hits="0" branch="false"/>
                <line number="34" hits="0" branch="false"/>
                <line number="35" hits="0" branch="false"/>
                <line number="36" hits="0" branch="false"/>
                <line number="37" hits="0" branch="false"/>
                <line number="38" hits="0" branch="false"/>
                <line number="39" hits="0" branch="false"/>
                <line number="40" hits="0" branch="false"/>
                <line number="42" hits="0" branch="false"/>
                <line number="43" hits="0" branch="false"/>
                <line number="44" hits="0" branch="false"/>
                <line number="45" hits="0" branch="false"/>
                <line number="46" hits="0" branch="false"/>
                <line number="47" hits="0" branch="false"/>
                <line number="48" hits="0" branch="false"/>
                <line number="50" hits="0" branch="false"/>
                <line number="51" hits="0" branch="false"/>
                <line number="52" hits="0" branch="false"/>
                <line number="54" hits="0" branch="false"/>
                <line number="55" hits="0" branch="false"/>
                <line number="56" hits="0" branch="false"/>
                <line number="57" hits="0" branch="false"/>
                <line number="58" hits="0" branch="false"/>
                <line number="59" hits="0" branch="false"/>
                <line number="60" hits="0" branch="false"/>
                <line number="61" hits="0" branch="false"/>
                <line number="62" hits="0" branch="false"/>
                <line number="63" hits="0" branch="false"/>
                <line number="64" hits="0" branch="false"/>
                <line number="65" hits="0" branch="false"/>
                <line number="66" hits="0" branch="false"/>
                <line number="67" hits="0" branch="false"/>
                <line number="68" hits="0" branch="false"/>
                <line number="69" hits="0" branch="false"/>
                <line number="70" hits="0" branch="false"/>
                <line number="71" hits="0" branch="false"/>
                <line number="72" hits="0" branch="false"/>
                <line number="73" hits="0" branch="false"/>
                <line number="74" hits="0" branch="false"/>
                <line number="75" hits="0" branch="false"/>
                <line number="76" hits="0" branch="false"/>
                <line number="77" hits="0" branch="false"/>
                <line number="78" hits="0" branch="false"/>
                <line number="79" hits="0" branch="false"/>
                <line number="80" hits="0" branch="false"/>
                <line number="81" hits="0" branch="false"/>
                <line number="82" hits="0" branch="false"/>
                <line number="83" hits="0" branch="false"/>
                <line number="84" hits="0" branch="false"/>
                <line number="85" hits="0" branch="false"/>
                <line number="86" hits="0" branch="false"/>
                <line number="88" hits="0" branch="false"/>
                <line number="90" hits="0" branch="false"/>
                <line number="91" hits="0" branch="false"/>
                <line number="92" hits="0" branch="false"/>
                <line number="93" hits="0" branch="false"/>
                <line number="94" hits="0" branch="false"/>
                <line number="95" hits="0" branch="false"/>
                <line number="98" hits="0" branch="false"/>
                <line number="99" hits="0" branch="false"/>
                <line number="100" hits="0" branch="false"/>
                <line number="101" hits="0" branch="false"/>
                <line number="102" hits="0" branch="false"/>
                <line number="103" hits="0" branch="false"/>
                <line number="104" hits="0" branch="false"/>
                <line number="105" hits="0" branch="false"/>
                <line number="106" hits="0" branch="false"/>
                <line number="107" hits="0" branch="false"/>
                <line number="108" hits="0" branch="false"/>
                <line number="109" hits="0" branch="false"/>
                <line number="110" hits="0" branch="false"/>
                <line number="111" hits="0" branch="false"/>
                <line number="112" hits="0" branch="false"/>
                <line number="113" hits="0" branch="false"/>
                <line number="114" hits="0" branch="false"/>
                <line number="115" hits="0" branch="false"/>
                <line number="116" hits="0" branch="false"/>
                <line number="117" hits="0" branch="false"/>
                <line number="118" hits="0" branch="false"/>
                <line number="119" hits="0" branch="false"/>
                <line number="120" hits="0" branch="false"/>
                <line number="121" hits="0" branch="false"/>
                <line number="122" hits="0" branch="false"/>
                <line number="123" hits="0" branch="false"/>
                <line number="124" hits="0" branch="false"/>
                <line number="125" hits="0" branch="false"/>
                <line number="126" hits="0" branch="false"/>
                <line number="127" hits="0" branch="false"/>
                <line number="128" hits="0" branch="false"/>
                <line number="129" hits="0" branch="false"/>
                <line number="130" hits="0" branch="false"/>
                <line number="131" hits="0" branch="false"/>
                <line number="133" hits="0" branch="false"/>
                <line number="134" hits="0" branch="false"/>
                <line number="135" hits="0" branch="false"/>
                <line number="138" hits="0" branch="false"/>
                <line number="139" hits="0" branch="false"/>
              </lines>
            </method>
          </methods>
          <lines>
            <line number="2" hits="0" branch="false"/>
            <line number="3" hits="0" branch="false"/>
            <line number="4" hits="0" branch="false"/>
            <line number="5" hits="0" branch="false"/>
            <line number="6" hits="0" branch="false"/>
            <line number="7" hits="0" branch="false"/>
            <line number="8" hits="0" branch="false"/>
            <line number="9" hits="0" branch="false"/>
            <line number="10" hits="0" branch="false"/>
            <line number="11" hits="0" branch="false"/>
            <line number="12" hits="0" branch="false"/>
            <line number="13" hits="0" branch="false"/>
            <line number="14" hits="0" branch="false"/>
            <line number="15" hits="0" branch="false"/>
            <line number="16" hits="0" branch="false"/>
            <line number="17" hits="0" branch="false"/>
            <line number="18" hits="0" branch="false"/>
            <line number="22" hits="0" branch="false"/>
            <line number="23" hits="0" branch="false"/>
            <line number="26" hits="0" branch="false"/>
            <line number="27" hits="0" branch="false"/>
            <line number="28" hits="0" branch="false"/>
            <line number="30" hits="0" branch="false"/>
            <line number="31" hits="0" branch="false"/>
            <line number="32" hits="0" branch="false"/>
            <line number="33" hits="0" branch="false"/>
            <line number="34" hits="0" branch="false"/>
            <line number="35" hits="0" branch="false"/>
            <line number="36" hits="0" branch="false"/>
            <line number="37" hits="0" branch="false"/>
            <line number="38" hits="0" branch="false"/>
            <line number="39" hits="0" branch="false"/>
            <line number="40" hits="0" branch="false"/>
            <line number="42" hits="0" branch="false"/>
            <line number="43" hits="0" branch="false"/>
            <line number="44" hits="0" branch="false"/>
            <line number="45" hits="0" branch="false"/>
            <line number="46" hits="0" branch="false"/>
            <line number="47" hits="0" branch="false"/>
            <line number="48" hits="0" branch="false"/>
            <line number="50" hits="0" branch="false"/>
            <line number="51" hits="0" branch="false"/>
            <line number="52" hits="0" branch="false"/>
            <line number="54" hits="0" branch="false"/>
            <line number="55" hits="0" branch="false"/>
            <line number="56" hits="0" branch="false"/>
            <line number="57" hits="0" branch="false"/>
            <line number="58" hits="0" branch="false"/>
            <line number="59" hits="0" branch="false"/>
            <line number="60" hits="0" branch="false"/>
            <line number="61" hits="0" branch="false"/>
            <line number="62" hits="0" branch="false"/>
            <line number="63" hits="0" branch="false"/>
            <line number="64" hits="0" branch="false"/>
            <line number="65" hits="0" branch="false"/>
            <line number="66" hits="0" branch="false"/>
            <line number="67" hits="0" branch="false"/>
            <line number="68" hits="0" branch="false"/>
            <line number="69" hits="0" branch="false"/>
            <line number="70" hits="0" branch="false"/>
            <line number="71" hits="0" branch="false"/>
            <line number="72" hits="0" branch="false"/>
            <line number="73" hits="0" branch="false"/>
            <line number="74" hits="0" branch="false"/>
            <line number="75" hits="0" branch="false"/>
            <line number="76" hits="0" branch="false"/>
            <line number="77" hits="0" branch="false"/>
            <line number="78" hits="0" branch="false"/>
            <line number="79" hits="0" branch="false"/>
            <line number="80" hits="0" branch="false"/>
            <line number="81" hits="0" branch="false"/>
            <line number="82" hits="0" branch="false"/>
            <line number="83" hits="0" branch="false"/>
            <line number="84" hits="0" branch="false"/>
            <line number="85" hits="0" branch="false"/>
            <line number="86" hits="0" branch="false"/>
            <line number="88" hits="0" branch="false"/>
            <line number="90" hits="0" branch="false"/>
            <line number="91" hits="0" branch="false"/>
            <line number="92" hits="0" branch="false"/>
            <line number="93" hits="0" branch="false"/>
            <line number="94" hits="0" branch="false"/>
            <line number="95" hits="0" branch="false"/>
            <line number="98" hits="0" branch="false"/>
            <line number="99" hits="0" branch="false"/>
            <line number="100" hits="0" branch="false"/>
            <line number="101" hits="0" branch="false"/>
            <line number="102" hits="0" branch="false"/>
            <line number="103" hits="0" branch="false"/>
            <line number="104" hits="0" branch="false"/>
            <line number="105" hits="0" branch="false"/>
            <line number="106" hits="0" branch="false"/>
            <line number="107" hits="0" branch="false"/>
            <line number="108" hits="0" branch="false"/>
            <line number="109" hits="0" branch="false"/>
            <line number="110" hits="0" branch="false"/>
            <line number="111" hits="0" branch="false"/>
            <line number="112" hits="0" branch="false"/>
            <line number="113" hits="0" branch="false"/>
            <line number="114" hits="0" branch="false"/>
            <line number="115" hits="0" branch="false"/>
            <line number="116" hits="0" branch="false"/>
            <line number="117" hits="0" branch="false"/>
            <line number="118" hits="0" branch="false"/>
            <line number="119" hits="0" branch="false"/>
            <line number="120" hits="0" branch="false"/>
            <line number="121" hits="0" branch="false"/>
            <line number="122" hits="0" branch="false"/>
            <line number="123" hits="0" branch="false"/>
            <line number="124" hits="0" branch="false"/>
            <line number="125" hits="0" branch="false"/>
            <line number="126" hits="0" branch="false"/>
            <line number="127" hits="0" branch="false"/>
            <line number="128" hits="0" branch="false"/>
            <line number="129" hits="0" branch="false"/>
            <line number="130" hits="0" branch="false"/>
            <line number="131" hits="0" branch="false"/>
            <line number="133" hits="0" branch="false"/>
            <line number="134" hits="0" branch="false"/>
            <line number="135" hits="0" branch="false"/>
            <line number="138" hits="0" branch="false"/>
            <line number="139" hits="0" branch="false"/>
          </lines>
        </class>
        <class name="previewer_card.R" filename="R/previewer_card.R" line-rate="0" branch-rate="0" complexity="0">
          <methods>
            <method name="previewer_card_ui" signature="" line-rate="0" branch-rate="0" complexity="0">
              <lines>
                <line number="2" hits="0" branch="false"/>
                <line number="3" hits="0" branch="false"/>
                <line number="4" hits="0" branch="false"/>
                <line number="5" hits="0" branch="false"/>
                <line number="6" hits="0" branch="false"/>
                <line number="7" hits="0" branch="false"/>
                <line number="8" hits="0" branch="false"/>
                <line number="9" hits="0" branch="false"/>
                <line number="10" hits="0" branch="false"/>
                <line number="11" hits="0" branch="false"/>
                <line number="12" hits="0" branch="false"/>
                <line number="13" hits="0" branch="false"/>
                <line number="14" hits="0" branch="false"/>
                <line number="15" hits="0" branch="false"/>
                <line number="17" hits="0" branch="false"/>
                <line number="18" hits="0" branch="false"/>
                <line number="19" hits="0" branch="false"/>
                <line number="20" hits="0" branch="false"/>
                <line number="21" hits="0" branch="false"/>
                <line number="23" hits="0" branch="false"/>
                <line number="24" hits="0" branch="false"/>
[...]
            <line number="39" hits="42" branch="false"/>
            <line number="41" hits="1" branch="false"/>
            <line number="44" hits="85" branch="false"/>
            <line number="53" hits="0" branch="false"/>
            <line number="54" hits="0" branch="false"/>
            <line number="55" hits="0" branch="false"/>
            <line number="56" hits="0" branch="false"/>
            <line number="57" hits="0" branch="false"/>
            <line number="58" hits="0" branch="false"/>
            <line number="59" hits="0" branch="false"/>
            <line number="60" hits="0" branch="false"/>
            <line number="61" hits="0" branch="false"/>
            <line number="79" hits="2" branch="false"/>
            <line number="80" hits="2" branch="false"/>
            <line number="82" hits="2" branch="false"/>
            <line number="84" hits="2" branch="false"/>
            <line number="85" hits="1" branch="false"/>
            <line number="88" hits="1" branch="false"/>
            <line number="89" hits="1" branch="false"/>
            <line number="90" hits="1" branch="false"/>
            <line number="98" hits="0" branch="false"/>
            <line number="99" hits="0" branch="false"/>
            <line number="100" hits="0" branch="false"/>
            <line number="101" hits="0" branch="false"/>
            <line number="102" hits="0" branch="false"/>
            <line number="103" hits="0" branch="false"/>
            <line number="104" hits="0" branch="false"/>
            <line number="105" hits="0" branch="false"/>
            <line number="106" hits="0" branch="false"/>
            <line number="107" hits="0" branch="false"/>
            <line number="113" hits="90" branch="false"/>
            <line number="114" hits="90" branch="false"/>
            <line number="115" hits="90" branch="false"/>
            <line number="116" hits="89" branch="false"/>
            <line number="117" hits="89" branch="false"/>
            <line number="118" hits="89" branch="false"/>
            <line number="119" hits="89" branch="false"/>
            <line number="120" hits="89" branch="false"/>
            <line number="122" hits="1" branch="false"/>
            <line number="144" hits="10" branch="false"/>
            <line number="145" hits="10" branch="false"/>
            <line number="146" hits="10" branch="false"/>
            <line number="147" hits="10" branch="false"/>
            <line number="148" hits="10" branch="false"/>
            <line number="149" hits="10" branch="false"/>
            <line number="150" hits="10" branch="false"/>
            <line number="151" hits="10" branch="false"/>
            <line number="152" hits="10" branch="false"/>
            <line number="153" hits="10" branch="false"/>
            <line number="154" hits="10" branch="false"/>
            <line number="155" hits="10" branch="false"/>
            <line number="156" hits="10" branch="false"/>
            <line number="157" hits="10" branch="false"/>
            <line number="158" hits="10" branch="false"/>
            <line number="159" hits="10" branch="false"/>
            <line number="160" hits="10" branch="false"/>
            <line number="161" hits="10" branch="false"/>
            <line number="162" hits="10" branch="false"/>
            <line number="163" hits="10" branch="false"/>
            <line number="164" hits="10" branch="false"/>
            <line number="165" hits="10" branch="false"/>
            <line number="166" hits="10" branch="false"/>
            <line number="167" hits="10" branch="false"/>
            <line number="168" hits="10" branch="false"/>
            <line number="169" hits="10" branch="false"/>
            <line number="174" hits="10" branch="false"/>
            <line number="175" hits="10" branch="false"/>
            <line number="176" hits="10" branch="false"/>
            <line number="177" hits="10" branch="false"/>
            <line number="178" hits="10" branch="false"/>
            <line number="179" hits="10" branch="false"/>
            <line number="180" hits="10" branch="false"/>
            <line number="185" hits="30" branch="false"/>
            <line number="186" hits="30" branch="false"/>
            <line number="187" hits="30" branch="false"/>
            <line number="188" hits="30" branch="false"/>
            <line number="189" hits="30" branch="false"/>
            <line number="190" hits="30" branch="false"/>
            <line number="191" hits="30" branch="false"/>
            <line number="192" hits="30" branch="false"/>
            <line number="197" hits="0" branch="false"/>
            <line number="202" hits="0" branch="false"/>
            <line number="203" hits="0" branch="false"/>
          </lines>
        </class>
        <class name="yaml_utils.R" filename="R/yaml_utils.R" line-rate="0.975308641975309" branch-rate="0" complexity="0">
          <methods>
            <method name="yaml_quoted" signature="" line-rate="1" branch-rate="0" complexity="0">
              <lines>
                <line number="19" hits="2" branch="false"/>
                <line number="20" hits="2" branch="false"/>
              </lines>
            </method>
            <method name="md_header" signature="" line-rate="1" branch-rate="0" complexity="0">
              <lines>
                <line number="41" hits="21" branch="false"/>
              </lines>
            </method>
            <method name="conv_str_logi" signature="" line-rate="0.909090909090909" branch-rate="0" complexity="0">
              <lines>
                <line number="69" hits="18" branch="false"/>
                <line number="70" hits="17" branch="false"/>
                <line number="71" hits="17" branch="false"/>
                <line number="72" hits="17" branch="false"/>
                <line number="73" hits="17" branch="false"/>
                <line number="75" hits="17" branch="false"/>
                <line number="76" hits="17" branch="false"/>
                <line number="77" hits="15" branch="false"/>
                <line number="78" hits="0" branch="false"/>
                <line number="80" hits="15" branch="false"/>
                <line number="82" hits="2" branch="false"/>
              </lines>
            </method>
            <method name="rmd_outputs" signature="" line-rate="1" branch-rate="0" complexity="0">
              <lines>
                <line number="98" hits="25" branch="false"/>
                <line number="99" hits="25" branch="false"/>
              </lines>
            </method>
            <method name="rmd_output_arguments" signature="" line-rate="1" branch-rate="0" complexity="0">
              <lines>
                <line number="115" hits="24" branch="false"/>
                <line number="116" hits="24" branch="false"/>
                <line number="118" hits="23" branch="false"/>
                <line number="119" hits="23" branch="false"/>
                <line number="120" hits="21" branch="false"/>
                <line number="122" hits="2" branch="false"/>
              </lines>
            </method>
            <method name="as_yaml_auto" signature="" line-rate="1" branch-rate="0" complexity="0">
              <lines>
                <line number="197" hits="25" branch="false"/>
                <line number="198" hits="25" branch="false"/>
                <line number="199" hits="25" branch="false"/>
                <line number="200" hits="25" branch="false"/>
                <line number="202" hits="25" branch="false"/>
                <line number="203" hits="1" branch="false"/>
                <line number="205" hits="24" branch="false"/>
                <line number="208" hits="22" branch="false"/>
                <line number="209" hits="22" branch="false"/>
                <line number="210" hits="2" branch="false"/>
                <line number="212" hits="20" branch="false"/>
                <line number="213" hits="20" branch="false"/>
                <line number="216" hits="20" branch="false"/>
                <line number="217" hits="20" branch="false"/>
                <line number="218" hits="20" branch="false"/>
                <line number="219" hits="20" branch="false"/>
                <line number="220" hits="20" branch="false"/>
                <line number="221" hits="200" branch="false"/>
                <line number="222" hits="27" branch="false"/>
                <line number="223" hits="27" branch="false"/>
                <line number="224" hits="27" branch="false"/>
                <line number="225" hits="27" branch="false"/>
                <line number="230" hits="20" branch="false"/>
                <line number="231" hits="20" branch="false"/>
                <line number="232" hits="18" branch="false"/>
                <line number="233" hits="19" branch="false"/>
                <line number="234" hits="19" branch="false"/>
                <line number="235" hits="19" branch="false"/>
                <line number="237" hits="19" branch="false"/>
                <line number="238" hits="19" branch="false"/>
                <line number="239" hits="1" branch="false"/>
                <line number="242" hits="19" branch="false"/>
                <line number="243" hits="11" branch="false"/>
                <line number="244" hits="11" branch="false"/>
                <line number="245" hits="11" branch="false"/>
                <line number="246" hits="17" branch="false"/>
                <line number="247" hits="1" branch="false"/>
                <line number="248" hits="1" branch="false"/>
                <line number="249" hits="1" branch="false"/>
                <line number="250" hits="1" branch="false"/>
                <line number="251" hits="1" branch="false"/>
                <line number="252" hits="1" branch="false"/>
                <line number="253" hits="1" branch="false"/>
                <line number="254" hits="1" branch="false"/>
                <line number="258" hits="17" branch="false"/>
                <line number="260" hits="11" branch="false"/>
                <line number="262" hits="8" branch="false"/>
                <line number="268" hits="22" branch="false"/>
                <line number="269" hits="22" branch="false"/>
                <line number="270" hits="21" branch="false"/>
                <line number="272" hits="22" branch="false"/>
              </lines>
            </method>
            <method name="print.rmd_yaml_header" signature="" line-rate="0" branch-rate="0" complexity="0">
              <lines>
                <line number="287" hits="0" branch="false"/>
              </lines>
            </method>
            <method name="get_yaml_field" signature="" line-rate="1" branch-rate="0" complexity="0">
              <lines>
                <line number="303" hits="1" branch="false"/>
                <line number="304" hits="1" branch="false"/>
                <line number="306" hits="1" branch="false"/>
                <line number="308" hits="1" branch="false"/>
                <line number="309" hits="1" branch="false"/>
                <line number="310" hits="1" branch="false"/>
                <line number="312" hits="1" branch="false"/>
              </lines>
            </method>
          </methods>
          <lines>
            <line number="19" hits="2" branch="false"/>
            <line number="20" hits="2" branch="false"/>
            <line number="41" hits="21" branch="false"/>
            <line number="69" hits="18" branch="false"/>
            <line number="70" hits="17" branch="false"/>
            <line number="71" hits="17" branch="false"/>
            <line number="72" hits="17" branch="false"/>
            <line number="73" hits="17" branch="false"/>
            <line number="75" hits="17" branch="false"/>
            <line number="76" hits="17" branch="false"/>
            <line number="77" hits="15" branch="false"/>
            <line number="78" hits="0" branch="false"/>
            <line number="80" hits="15" branch="false"/>
            <line number="82" hits="2" branch="false"/>
            <line number="98" hits="25" branch="false"/>
            <line number="99" hits="25" branch="false"/>
            <line number="115" hits="24" branch="false"/>
            <line number="116" hits="24" branch="false"/>
            <line number="118" hits="23" branch="false"/>
            <line number="119" hits="23" branch="false"/>
            <line number="120" hits="21" branch="false"/>
            <line number="122" hits="2" branch="false"/>
            <line number="197" hits="25" branch="false"/>
            <line number="198" hits="25" branch="false"/>
            <line number="199" hits="25" branch="false"/>
            <line number="200" hits="25" branch="false"/>
            <line number="202" hits="25" branch="false"/>
            <line number="203" hits="1" branch="false"/>
            <line number="205" hits="24" branch="false"/>
            <line number="208" hits="22" branch="false"/>
            <line number="209" hits="22" branch="false"/>
            <line number="210" hits="2" branch="false"/>
            <line number="212" hits="20" branch="false"/>
            <line number="213" hits="20" branch="false"/>
            <line number="216" hits="20" branch="false"/>
            <line number="217" hits="20" branch="false"/>
            <line number="218" hits="20" branch="false"/>
            <line number="219" hits="20" branch="false"/>
            <line number="220" hits="20" branch="false"/>
            <line number="221" hits="200" branch="false"/>
            <line number="222" hits="27" branch="false"/>
            <line number="223" hits="27" branch="false"/>
            <line number="224" hits="27" branch="false"/>
            <line number="225" hits="27" branch="false"/>
            <line number="230" hits="20" branch="false"/>
            <line number="231" hits="20" branch="false"/>
            <line number="232" hits="18" branch="false"/>
            <line number="233" hits="19" branch="false"/>
            <line number="234" hits="19" branch="false"/>
            <line number="235" hits="19" branch="false"/>
            <line number="237" hits="19" branch="false"/>
            <line number="238" hits="19" branch="false"/>
            <line number="239" hits="1" branch="false"/>
            <line number="242" hits="19" branch="false"/>
            <line number="243" hits="11" branch="false"/>
            <line number="244" hits="11" branch="false"/>
            <line number="245" hits="11" branch="false"/>
            <line number="246" hits="17" branch="false"/>
            <line number="247" hits="1" branch="false"/>
            <line number="248" hits="1" branch="false"/>
            <line number="249" hits="1" branch="false"/>
            <line number="250" hits="1" branch="false"/>
            <line number="251" hits="1" branch="false"/>
            <line number="252" hits="1" branch="false"/>
            <line number="253" hits="1" branch="false"/>
            <line number="254" hits="1" branch="false"/>
            <line number="258" hits="17" branch="false"/>
            <line number="260" hits="11" branch="false"/>
            <line number="262" hits="8" branch="false"/>
            <line number="268" hits="22" branch="false"/>
            <line number="269" hits="22" branch="false"/>
            <line number="270" hits="21" branch="false"/>
            <line number="272" hits="22" branch="false"/>
            <line number="287" hits="0" branch="false"/>
            <line number="303" hits="1" branch="false"/>
            <line number="304" hits="1" branch="false"/>
            <line number="306" hits="1" branch="false"/>
            <line number="308" hits="1" branch="false"/>
            <line number="309" hits="1" branch="false"/>
            <line number="310" hits="1" branch="false"/>
            <line number="312" hits="1" branch="false"/>
          </lines>
        </class>
        <class name="zzz.R" filename="R/zzz.R" line-rate="0.0344827586206897" branch-rate="0" complexity="0">
          <methods>
            <method name=".onLoad" signature="" line-rate="0" branch-rate="0" complexity="0">
              <lines>
                <line number="2" hits="0" branch="false"/>
                <line number="4" hits="0" branch="false"/>
                <line number="5" hits="0" branch="false"/>
                <line number="6" hits="0" branch="false"/>
                <line number="7" hits="0" branch="false"/>
                <line number="8" hits="0" branch="false"/>
                <line number="9" hits="0" branch="false"/>
                <line number="10" hits="0" branch="false"/>
                <line number="11" hits="0" branch="false"/>
                <line number="12" hits="0" branch="false"/>
                <line number="13" hits="0" branch="false"/>
                <line number="14" hits="0" branch="false"/>
                <line number="15" hits="0" branch="false"/>
                <line number="16" hits="0" branch="false"/>
                <line number="17" hits="0" branch="false"/>
                <line number="18" hits="0" branch="false"/>
                <line number="19" hits="0" branch="false"/>
                <line number="20" hits="0" branch="false"/>
                <line number="21" hits="0" branch="false"/>
                <line number="22" hits="0" branch="false"/>
                <line number="24" hits="0" branch="false"/>
                <line number="25" hits="0" branch="false"/>
                <line number="28" hits="0" branch="false"/>
                <line number="29" hits="0" branch="false"/>
                <line number="32" hits="0" branch="false"/>
              </lines>
            </method>
            <method name=".onAttach" signature="" line-rate="0.25" branch-rate="0" complexity="0">
              <lines>
                <line number="36" hits="2" branch="false"/>
                <line number="37" hits="0" branch="false"/>
                <line number="38" hits="0" branch="false"/>
                <line number="39" hits="0" branch="false"/>
              </lines>
            </method>
          </methods>
          <lines>
            <line number="2" hits="0" branch="false"/>
            <line number="4" hits="0" branch="false"/>
            <line number="5" hits="0" branch="false"/>
            <line number="6" hits="0" branch="false"/>
            <line number="7" hits="0" branch="false"/>
            <line number="8" hits="0" branch="false"/>
            <line number="9" hits="0" branch="false"/>
            <line number="10" hits="0" branch="false"/>
            <line number="11" hits="0" branch="false"/>
            <line number="12" hits="0" branch="false"/>
            <line number="13" hits="0" branch="false"/>
            <line number="14" hits="0" branch="false"/>
            <line number="15" hits="0" branch="false"/>
            <line number="16" hits="0" branch="false"/>
            <line number="17" hits="0" branch="false"/>
            <line number="18" hits="0" branch="false"/>
            <line number="19" hits="0" branch="false"/>
            <line number="20" hits="0" branch="false"/>
            <line number="21" hits="0" branch="false"/>
            <line number="22" hits="0" branch="false"/>
            <line number="24" hits="0" branch="false"/>
            <line number="25" hits="0" branch="false"/>
            <line number="28" hits="0" branch="false"/>
            <line number="29" hits="0" branch="false"/>
            <line number="32" hits="0" branch="false"/>
            <line number="36" hits="2" branch="false"/>
            <line number="37" hits="0" branch="false"/>
            <line number="38" hits="0" branch="false"/>
            <line number="39" hits="0" branch="false"/>
          </lines>
        </class>
      </classes>
    </package>
  </packages>
</coverage>
